ARM GAS  C:\Users\dryos\AppData\Local\Temp\ccGjkSMd.s 			page 1


   1              		.syntax unified
   2              		.cpu cortex-m4
   3              		.eabi_attribute 27, 1
   4              		.fpu fpv4-sp-d16
   5              		.eabi_attribute 20, 1
   6              		.eabi_attribute 21, 1
   7              		.eabi_attribute 23, 3
   8              		.eabi_attribute 24, 1
   9              		.eabi_attribute 25, 1
  10              		.eabi_attribute 26, 1
  11              		.eabi_attribute 30, 1
  12              		.eabi_attribute 34, 1
  13              		.eabi_attribute 18, 4
  14              		.thumb
  15              		.syntax unified
  16              		.file	"batteriControl.c"
  17              		.text
  18              	.Ltext0:
  19              		.cfi_sections	.debug_frame
  20              	.Letext0:
  21              		.file 1 "c:\\program files (x86)\\cypress\\psoc creator\\4.4\\psoc creator\\import\\gnu\\arm\\5.4.
  22              		.file 2 "c:\\program files (x86)\\cypress\\psoc creator\\4.4\\psoc creator\\import\\gnu\\arm\\5.4.
  23              		.file 3 "Generated_Source\\PSoC6\\pdl\\drivers/peripheral/device/cy_device.h"
  24              		.file 4 "Generated_Source\\PSoC6\\pdl\\drivers/peripheral/scb/cy_scb_uart.h"
  25              		.file 5 "Generated_Source\\PSoC6\\pdl\\drivers/peripheral/tcpwm/cy_tcpwm_counter.h"
  26              		.file 6 "Generated_Source\\PSoC6\\pdl\\middleware/ble/cy_ble_stack_host_main.h"
  27              		.file 7 "Generated_Source\\PSoC6\\pdl\\middleware/ble/cy_ble_gap.h"
  28              		.file 8 "Generated_Source\\PSoC6\\pdl\\cmsis/include/core_cm4.h"
  29              		.file 9 "Generated_Source\\PSoC6/UART_DEB.h"
  30              		.file 10 "Generated_Source\\PSoC6/idleTimer.h"
  31              		.section	.debug_info,"",%progbits
  32              	.Ldebug_info0:
  33 0000 3E080000 		.4byte	0x83e
  34 0004 0400     		.2byte	0x4
  35 0006 00000000 		.4byte	.Ldebug_abbrev0
  36 000a 04       		.byte	0x4
  37 000b 01       		.uleb128 0x1
  38 000c 36060000 		.4byte	.LASF175
  39 0010 0C       		.byte	0xc
  40 0011 4B000000 		.4byte	.LASF176
  41 0015 D8010000 		.4byte	.LASF177
  42 0019 00000000 		.4byte	.Ldebug_line0
  43 001d 02       		.uleb128 0x2
  44 001e 02       		.byte	0x2
  45 001f 05       		.byte	0x5
  46 0020 F4040000 		.4byte	.LASF0
  47 0024 02       		.uleb128 0x2
  48 0025 01       		.byte	0x1
  49 0026 06       		.byte	0x6
  50 0027 5D0B0000 		.4byte	.LASF1
  51 002b 03       		.uleb128 0x3
  52 002c 9E000000 		.4byte	.LASF3
  53 0030 01       		.byte	0x1
  54 0031 1D       		.byte	0x1d
  55 0032 36000000 		.4byte	0x36
  56 0036 02       		.uleb128 0x2
  57 0037 01       		.byte	0x1
ARM GAS  C:\Users\dryos\AppData\Local\Temp\ccGjkSMd.s 			page 2


  58 0038 08       		.byte	0x8
  59 0039 BA070000 		.4byte	.LASF2
  60 003d 03       		.uleb128 0x3
  61 003e 76030000 		.4byte	.LASF4
  62 0042 01       		.byte	0x1
  63 0043 29       		.byte	0x29
  64 0044 1D000000 		.4byte	0x1d
  65 0048 03       		.uleb128 0x3
  66 0049 27090000 		.4byte	.LASF5
  67 004d 01       		.byte	0x1
  68 004e 2B       		.byte	0x2b
  69 004f 53000000 		.4byte	0x53
  70 0053 02       		.uleb128 0x2
  71 0054 02       		.byte	0x2
  72 0055 07       		.byte	0x7
  73 0056 29030000 		.4byte	.LASF6
  74 005a 03       		.uleb128 0x3
  75 005b 5E090000 		.4byte	.LASF7
  76 005f 01       		.byte	0x1
  77 0060 3F       		.byte	0x3f
  78 0061 65000000 		.4byte	0x65
  79 0065 02       		.uleb128 0x2
  80 0066 04       		.byte	0x4
  81 0067 05       		.byte	0x5
  82 0068 89020000 		.4byte	.LASF8
  83 006c 03       		.uleb128 0x3
  84 006d 5B030000 		.4byte	.LASF9
  85 0071 01       		.byte	0x1
  86 0072 41       		.byte	0x41
  87 0073 77000000 		.4byte	0x77
  88 0077 02       		.uleb128 0x2
  89 0078 04       		.byte	0x4
  90 0079 07       		.byte	0x7
  91 007a 23040000 		.4byte	.LASF10
  92 007e 02       		.uleb128 0x2
  93 007f 08       		.byte	0x8
  94 0080 05       		.byte	0x5
  95 0081 89030000 		.4byte	.LASF11
  96 0085 02       		.uleb128 0x2
  97 0086 08       		.byte	0x8
  98 0087 07       		.byte	0x7
  99 0088 17010000 		.4byte	.LASF12
 100 008c 04       		.uleb128 0x4
 101 008d 04       		.byte	0x4
 102 008e 05       		.byte	0x5
 103 008f 696E7400 		.ascii	"int\000"
 104 0093 02       		.uleb128 0x2
 105 0094 04       		.byte	0x4
 106 0095 07       		.byte	0x7
 107 0096 DF030000 		.4byte	.LASF13
 108 009a 03       		.uleb128 0x3
 109 009b DD0A0000 		.4byte	.LASF14
 110 009f 02       		.byte	0x2
 111 00a0 18       		.byte	0x18
 112 00a1 2B000000 		.4byte	0x2b
 113 00a5 03       		.uleb128 0x3
 114 00a6 99010000 		.4byte	.LASF15
ARM GAS  C:\Users\dryos\AppData\Local\Temp\ccGjkSMd.s 			page 3


 115 00aa 02       		.byte	0x2
 116 00ab 20       		.byte	0x20
 117 00ac 3D000000 		.4byte	0x3d
 118 00b0 03       		.uleb128 0x3
 119 00b1 D0020000 		.4byte	.LASF16
 120 00b5 02       		.byte	0x2
 121 00b6 24       		.byte	0x24
 122 00b7 48000000 		.4byte	0x48
 123 00bb 03       		.uleb128 0x3
 124 00bc B2070000 		.4byte	.LASF17
 125 00c0 02       		.byte	0x2
 126 00c1 2C       		.byte	0x2c
 127 00c2 5A000000 		.4byte	0x5a
 128 00c6 03       		.uleb128 0x3
 129 00c7 4B0A0000 		.4byte	.LASF18
 130 00cb 02       		.byte	0x2
 131 00cc 30       		.byte	0x30
 132 00cd 6C000000 		.4byte	0x6c
 133 00d1 02       		.uleb128 0x2
 134 00d2 04       		.byte	0x4
 135 00d3 07       		.byte	0x7
 136 00d4 66050000 		.4byte	.LASF19
 137 00d8 05       		.uleb128 0x5
 138 00d9 C6000000 		.4byte	0xc6
 139 00dd 02       		.uleb128 0x2
 140 00de 08       		.byte	0x8
 141 00df 04       		.byte	0x4
 142 00e0 7A050000 		.4byte	.LASF20
 143 00e4 06       		.uleb128 0x6
 144 00e5 B8       		.byte	0xb8
 145 00e6 03       		.byte	0x3
 146 00e7 34       		.byte	0x34
 147 00e8 F5040000 		.4byte	0x4f5
 148 00ec 07       		.uleb128 0x7
 149 00ed ED000000 		.4byte	.LASF21
 150 00f1 03       		.byte	0x3
 151 00f2 37       		.byte	0x37
 152 00f3 C6000000 		.4byte	0xc6
 153 00f7 00       		.byte	0
 154 00f8 07       		.uleb128 0x7
 155 00f9 50030000 		.4byte	.LASF22
 156 00fd 03       		.byte	0x3
 157 00fe 38       		.byte	0x38
 158 00ff C6000000 		.4byte	0xc6
 159 0103 04       		.byte	0x4
 160 0104 07       		.uleb128 0x7
 161 0105 B6020000 		.4byte	.LASF23
 162 0109 03       		.byte	0x3
 163 010a 39       		.byte	0x39
 164 010b C6000000 		.4byte	0xc6
 165 010f 08       		.byte	0x8
 166 0110 07       		.uleb128 0x7
 167 0111 71070000 		.4byte	.LASF24
 168 0115 03       		.byte	0x3
 169 0116 3A       		.byte	0x3a
 170 0117 C6000000 		.4byte	0xc6
 171 011b 0C       		.byte	0xc
ARM GAS  C:\Users\dryos\AppData\Local\Temp\ccGjkSMd.s 			page 4


 172 011c 07       		.uleb128 0x7
 173 011d FE040000 		.4byte	.LASF25
 174 0121 03       		.byte	0x3
 175 0122 3B       		.byte	0x3b
 176 0123 C6000000 		.4byte	0xc6
 177 0127 10       		.byte	0x10
 178 0128 07       		.uleb128 0x7
 179 0129 7F020000 		.4byte	.LASF26
 180 012d 03       		.byte	0x3
 181 012e 3C       		.byte	0x3c
 182 012f C6000000 		.4byte	0xc6
 183 0133 14       		.byte	0x14
 184 0134 07       		.uleb128 0x7
 185 0135 08040000 		.4byte	.LASF27
 186 0139 03       		.byte	0x3
 187 013a 3D       		.byte	0x3d
 188 013b C6000000 		.4byte	0xc6
 189 013f 18       		.byte	0x18
 190 0140 07       		.uleb128 0x7
 191 0141 79000000 		.4byte	.LASF28
 192 0145 03       		.byte	0x3
 193 0146 3E       		.byte	0x3e
 194 0147 C6000000 		.4byte	0xc6
 195 014b 1C       		.byte	0x1c
 196 014c 07       		.uleb128 0x7
 197 014d 690B0000 		.4byte	.LASF29
 198 0151 03       		.byte	0x3
 199 0152 3F       		.byte	0x3f
 200 0153 C6000000 		.4byte	0xc6
 201 0157 20       		.byte	0x20
 202 0158 07       		.uleb128 0x7
 203 0159 33050000 		.4byte	.LASF30
 204 015d 03       		.byte	0x3
 205 015e 40       		.byte	0x40
 206 015f C6000000 		.4byte	0xc6
 207 0163 24       		.byte	0x24
 208 0164 07       		.uleb128 0x7
 209 0165 D60B0000 		.4byte	.LASF31
 210 0169 03       		.byte	0x3
 211 016a 43       		.byte	0x43
 212 016b 9A000000 		.4byte	0x9a
 213 016f 28       		.byte	0x28
 214 0170 07       		.uleb128 0x7
 215 0171 5C000000 		.4byte	.LASF32
 216 0175 03       		.byte	0x3
 217 0176 44       		.byte	0x44
 218 0177 9A000000 		.4byte	0x9a
 219 017b 29       		.byte	0x29
 220 017c 07       		.uleb128 0x7
 221 017d C8070000 		.4byte	.LASF33
 222 0181 03       		.byte	0x3
 223 0182 45       		.byte	0x45
 224 0183 9A000000 		.4byte	0x9a
 225 0187 2A       		.byte	0x2a
 226 0188 07       		.uleb128 0x7
 227 0189 1B060000 		.4byte	.LASF34
 228 018d 03       		.byte	0x3
ARM GAS  C:\Users\dryos\AppData\Local\Temp\ccGjkSMd.s 			page 5


 229 018e 46       		.byte	0x46
 230 018f 9A000000 		.4byte	0x9a
 231 0193 2B       		.byte	0x2b
 232 0194 07       		.uleb128 0x7
 233 0195 D8040000 		.4byte	.LASF35
 234 0199 03       		.byte	0x3
 235 019a 47       		.byte	0x47
 236 019b 9A000000 		.4byte	0x9a
 237 019f 2C       		.byte	0x2c
 238 01a0 07       		.uleb128 0x7
 239 01a1 78090000 		.4byte	.LASF36
 240 01a5 03       		.byte	0x3
 241 01a6 48       		.byte	0x48
 242 01a7 9A000000 		.4byte	0x9a
 243 01ab 2D       		.byte	0x2d
 244 01ac 07       		.uleb128 0x7
 245 01ad 30020000 		.4byte	.LASF37
 246 01b1 03       		.byte	0x3
 247 01b2 49       		.byte	0x49
 248 01b3 9A000000 		.4byte	0x9a
 249 01b7 2E       		.byte	0x2e
 250 01b8 07       		.uleb128 0x7
 251 01b9 3E050000 		.4byte	.LASF38
 252 01bd 03       		.byte	0x3
 253 01be 4A       		.byte	0x4a
 254 01bf 9A000000 		.4byte	0x9a
 255 01c3 2F       		.byte	0x2f
 256 01c4 07       		.uleb128 0x7
 257 01c5 EA050000 		.4byte	.LASF39
 258 01c9 03       		.byte	0x3
 259 01ca 4B       		.byte	0x4b
 260 01cb 9A000000 		.4byte	0x9a
 261 01cf 30       		.byte	0x30
 262 01d0 07       		.uleb128 0x7
 263 01d1 54040000 		.4byte	.LASF40
 264 01d5 03       		.byte	0x3
 265 01d6 4E       		.byte	0x4e
 266 01d7 9A000000 		.4byte	0x9a
 267 01db 31       		.byte	0x31
 268 01dc 07       		.uleb128 0x7
 269 01dd 90000000 		.4byte	.LASF41
 270 01e1 03       		.byte	0x3
 271 01e2 4F       		.byte	0x4f
 272 01e3 9A000000 		.4byte	0x9a
 273 01e7 32       		.byte	0x32
 274 01e8 07       		.uleb128 0x7
 275 01e9 5F040000 		.4byte	.LASF42
 276 01ed 03       		.byte	0x3
 277 01ee 50       		.byte	0x50
 278 01ef 9A000000 		.4byte	0x9a
 279 01f3 33       		.byte	0x33
 280 01f4 07       		.uleb128 0x7
 281 01f5 A8000000 		.4byte	.LASF43
 282 01f9 03       		.byte	0x3
 283 01fa 51       		.byte	0x51
 284 01fb 9A000000 		.4byte	0x9a
 285 01ff 34       		.byte	0x34
ARM GAS  C:\Users\dryos\AppData\Local\Temp\ccGjkSMd.s 			page 6


 286 0200 07       		.uleb128 0x7
 287 0201 1B0A0000 		.4byte	.LASF44
 288 0205 03       		.byte	0x3
 289 0206 52       		.byte	0x52
 290 0207 A5000000 		.4byte	0xa5
 291 020b 36       		.byte	0x36
 292 020c 07       		.uleb128 0x7
 293 020d 9A080000 		.4byte	.LASF45
 294 0211 03       		.byte	0x3
 295 0212 53       		.byte	0x53
 296 0213 A5000000 		.4byte	0xa5
 297 0217 38       		.byte	0x38
 298 0218 07       		.uleb128 0x7
 299 0219 9F0A0000 		.4byte	.LASF46
 300 021d 03       		.byte	0x3
 301 021e 54       		.byte	0x54
 302 021f A5000000 		.4byte	0xa5
 303 0223 3A       		.byte	0x3a
 304 0224 07       		.uleb128 0x7
 305 0225 70020000 		.4byte	.LASF47
 306 0229 03       		.byte	0x3
 307 022a 55       		.byte	0x55
 308 022b 9A000000 		.4byte	0x9a
 309 022f 3C       		.byte	0x3c
 310 0230 07       		.uleb128 0x7
 311 0231 86050000 		.4byte	.LASF48
 312 0235 03       		.byte	0x3
 313 0236 56       		.byte	0x56
 314 0237 9A000000 		.4byte	0x9a
 315 023b 3D       		.byte	0x3d
 316 023c 07       		.uleb128 0x7
 317 023d 61080000 		.4byte	.LASF49
 318 0241 03       		.byte	0x3
 319 0242 57       		.byte	0x57
 320 0243 9A000000 		.4byte	0x9a
 321 0247 3E       		.byte	0x3e
 322 0248 07       		.uleb128 0x7
 323 0249 FE000000 		.4byte	.LASF50
 324 024d 03       		.byte	0x3
 325 024e 58       		.byte	0x58
 326 024f 9A000000 		.4byte	0x9a
 327 0253 3F       		.byte	0x3f
 328 0254 07       		.uleb128 0x7
 329 0255 29060000 		.4byte	.LASF51
 330 0259 03       		.byte	0x3
 331 025a 59       		.byte	0x59
 332 025b 9A000000 		.4byte	0x9a
 333 025f 40       		.byte	0x40
 334 0260 07       		.uleb128 0x7
 335 0261 66030000 		.4byte	.LASF52
 336 0265 03       		.byte	0x3
 337 0266 5A       		.byte	0x5a
 338 0267 9A000000 		.4byte	0x9a
 339 026b 41       		.byte	0x41
 340 026c 07       		.uleb128 0x7
 341 026d DE050000 		.4byte	.LASF53
 342 0271 03       		.byte	0x3
ARM GAS  C:\Users\dryos\AppData\Local\Temp\ccGjkSMd.s 			page 7


 343 0272 5B       		.byte	0x5b
 344 0273 9A000000 		.4byte	0x9a
 345 0277 42       		.byte	0x42
 346 0278 07       		.uleb128 0x7
 347 0279 07060000 		.4byte	.LASF54
 348 027d 03       		.byte	0x3
 349 027e 5C       		.byte	0x5c
 350 027f 9A000000 		.4byte	0x9a
 351 0283 43       		.byte	0x43
 352 0284 07       		.uleb128 0x7
 353 0285 BF020000 		.4byte	.LASF55
 354 0289 03       		.byte	0x3
 355 028a 5D       		.byte	0x5d
 356 028b 9A000000 		.4byte	0x9a
 357 028f 44       		.byte	0x44
 358 0290 07       		.uleb128 0x7
 359 0291 00000000 		.4byte	.LASF56
 360 0295 03       		.byte	0x3
 361 0296 5E       		.byte	0x5e
 362 0297 C6000000 		.4byte	0xc6
 363 029b 48       		.byte	0x48
 364 029c 07       		.uleb128 0x7
 365 029d 92020000 		.4byte	.LASF57
 366 02a1 03       		.byte	0x3
 367 02a2 5F       		.byte	0x5f
 368 02a3 C6000000 		.4byte	0xc6
 369 02a7 4C       		.byte	0x4c
 370 02a8 07       		.uleb128 0x7
 371 02a9 E30B0000 		.4byte	.LASF58
 372 02ad 03       		.byte	0x3
 373 02ae 60       		.byte	0x60
 374 02af 9A000000 		.4byte	0x9a
 375 02b3 50       		.byte	0x50
 376 02b4 07       		.uleb128 0x7
 377 02b5 73010000 		.4byte	.LASF59
 378 02b9 03       		.byte	0x3
 379 02ba 61       		.byte	0x61
 380 02bb 9A000000 		.4byte	0x9a
 381 02bf 51       		.byte	0x51
 382 02c0 07       		.uleb128 0x7
 383 02c1 B40A0000 		.4byte	.LASF60
 384 02c5 03       		.byte	0x3
 385 02c6 62       		.byte	0x62
 386 02c7 9A000000 		.4byte	0x9a
 387 02cb 52       		.byte	0x52
 388 02cc 07       		.uleb128 0x7
 389 02cd 85090000 		.4byte	.LASF61
 390 02d1 03       		.byte	0x3
 391 02d2 63       		.byte	0x63
 392 02d3 9A000000 		.4byte	0x9a
 393 02d7 53       		.byte	0x53
 394 02d8 07       		.uleb128 0x7
 395 02d9 61070000 		.4byte	.LASF62
 396 02dd 03       		.byte	0x3
 397 02de 64       		.byte	0x64
 398 02df 9A000000 		.4byte	0x9a
 399 02e3 54       		.byte	0x54
ARM GAS  C:\Users\dryos\AppData\Local\Temp\ccGjkSMd.s 			page 8


 400 02e4 07       		.uleb128 0x7
 401 02e5 85010000 		.4byte	.LASF63
 402 02e9 03       		.byte	0x3
 403 02ea 65       		.byte	0x65
 404 02eb 9A000000 		.4byte	0x9a
 405 02ef 55       		.byte	0x55
 406 02f0 07       		.uleb128 0x7
 407 02f1 13090000 		.4byte	.LASF64
 408 02f5 03       		.byte	0x3
 409 02f6 66       		.byte	0x66
 410 02f7 9A000000 		.4byte	0x9a
 411 02fb 56       		.byte	0x56
 412 02fc 07       		.uleb128 0x7
 413 02fd 6B040000 		.4byte	.LASF65
 414 0301 03       		.byte	0x3
 415 0302 67       		.byte	0x67
 416 0303 9A000000 		.4byte	0x9a
 417 0307 57       		.byte	0x57
 418 0308 07       		.uleb128 0x7
 419 0309 24000000 		.4byte	.LASF66
 420 030d 03       		.byte	0x3
 421 030e 68       		.byte	0x68
 422 030f 9A000000 		.4byte	0x9a
 423 0313 58       		.byte	0x58
 424 0314 07       		.uleb128 0x7
 425 0315 D2070000 		.4byte	.LASF67
 426 0319 03       		.byte	0x3
 427 031a 69       		.byte	0x69
 428 031b 9A000000 		.4byte	0x9a
 429 031f 59       		.byte	0x59
 430 0320 07       		.uleb128 0x7
 431 0321 6F050000 		.4byte	.LASF68
 432 0325 03       		.byte	0x3
 433 0326 6E       		.byte	0x6e
 434 0327 B0000000 		.4byte	0xb0
 435 032b 5A       		.byte	0x5a
 436 032c 07       		.uleb128 0x7
 437 032d EC090000 		.4byte	.LASF69
 438 0331 03       		.byte	0x3
 439 0332 6F       		.byte	0x6f
 440 0333 B0000000 		.4byte	0xb0
 441 0337 5C       		.byte	0x5c
 442 0338 07       		.uleb128 0x7
 443 0339 6A000000 		.4byte	.LASF70
 444 033d 03       		.byte	0x3
 445 033e 70       		.byte	0x70
 446 033f 9A000000 		.4byte	0x9a
 447 0343 5E       		.byte	0x5e
 448 0344 07       		.uleb128 0x7
 449 0345 3A070000 		.4byte	.LASF71
 450 0349 03       		.byte	0x3
 451 034a 71       		.byte	0x71
 452 034b 9A000000 		.4byte	0x9a
 453 034f 5F       		.byte	0x5f
 454 0350 07       		.uleb128 0x7
 455 0351 F6050000 		.4byte	.LASF72
 456 0355 03       		.byte	0x3
ARM GAS  C:\Users\dryos\AppData\Local\Temp\ccGjkSMd.s 			page 9


 457 0356 72       		.byte	0x72
 458 0357 9A000000 		.4byte	0x9a
 459 035b 60       		.byte	0x60
 460 035c 07       		.uleb128 0x7
 461 035d 13070000 		.4byte	.LASF73
 462 0361 03       		.byte	0x3
 463 0362 73       		.byte	0x73
 464 0363 C6000000 		.4byte	0xc6
 465 0367 64       		.byte	0x64
 466 0368 07       		.uleb128 0x7
 467 0369 3D010000 		.4byte	.LASF74
 468 036d 03       		.byte	0x3
 469 036e 76       		.byte	0x76
 470 036f B0000000 		.4byte	0xb0
 471 0373 68       		.byte	0x68
 472 0374 07       		.uleb128 0x7
 473 0375 11040000 		.4byte	.LASF75
 474 0379 03       		.byte	0x3
 475 037a 77       		.byte	0x77
 476 037b B0000000 		.4byte	0xb0
 477 037f 6A       		.byte	0x6a
 478 0380 07       		.uleb128 0x7
 479 0381 7F040000 		.4byte	.LASF76
 480 0385 03       		.byte	0x3
 481 0386 78       		.byte	0x78
 482 0387 B0000000 		.4byte	0xb0
 483 038b 6C       		.byte	0x6c
 484 038c 07       		.uleb128 0x7
 485 038d A5080000 		.4byte	.LASF77
 486 0391 03       		.byte	0x3
 487 0392 79       		.byte	0x79
 488 0393 B0000000 		.4byte	0xb0
 489 0397 6E       		.byte	0x6e
 490 0398 07       		.uleb128 0x7
 491 0399 3C080000 		.4byte	.LASF78
 492 039d 03       		.byte	0x3
 493 039e 7B       		.byte	0x7b
 494 039f 9A000000 		.4byte	0x9a
 495 03a3 70       		.byte	0x70
 496 03a4 07       		.uleb128 0x7
 497 03a5 05020000 		.4byte	.LASF79
 498 03a9 03       		.byte	0x3
 499 03aa 7C       		.byte	0x7c
 500 03ab 9A000000 		.4byte	0x9a
 501 03af 71       		.byte	0x71
 502 03b0 07       		.uleb128 0x7
 503 03b1 710B0000 		.4byte	.LASF80
 504 03b5 03       		.byte	0x3
 505 03b6 7D       		.byte	0x7d
 506 03b7 9A000000 		.4byte	0x9a
 507 03bb 72       		.byte	0x72
 508 03bc 07       		.uleb128 0x7
 509 03bd C7050000 		.4byte	.LASF81
 510 03c1 03       		.byte	0x3
 511 03c2 7E       		.byte	0x7e
 512 03c3 9A000000 		.4byte	0x9a
 513 03c7 73       		.byte	0x73
ARM GAS  C:\Users\dryos\AppData\Local\Temp\ccGjkSMd.s 			page 10


 514 03c8 07       		.uleb128 0x7
 515 03c9 17030000 		.4byte	.LASF82
 516 03cd 03       		.byte	0x3
 517 03ce 80       		.byte	0x80
 518 03cf B0000000 		.4byte	0xb0
 519 03d3 74       		.byte	0x74
 520 03d4 07       		.uleb128 0x7
 521 03d5 4B090000 		.4byte	.LASF83
 522 03d9 03       		.byte	0x3
 523 03da 81       		.byte	0x81
 524 03db B0000000 		.4byte	0xb0
 525 03df 76       		.byte	0x76
 526 03e0 07       		.uleb128 0x7
 527 03e1 E0020000 		.4byte	.LASF84
 528 03e5 03       		.byte	0x3
 529 03e6 82       		.byte	0x82
 530 03e7 B0000000 		.4byte	0xb0
 531 03eb 78       		.byte	0x78
 532 03ec 07       		.uleb128 0x7
 533 03ed 07080000 		.4byte	.LASF85
 534 03f1 03       		.byte	0x3
 535 03f2 83       		.byte	0x83
 536 03f3 B0000000 		.4byte	0xb0
 537 03f7 7A       		.byte	0x7a
 538 03f8 07       		.uleb128 0x7
 539 03f9 020B0000 		.4byte	.LASF86
 540 03fd 03       		.byte	0x3
 541 03fe 86       		.byte	0x86
 542 03ff 9A000000 		.4byte	0x9a
 543 0403 7C       		.byte	0x7c
 544 0404 07       		.uleb128 0x7
 545 0405 C7040000 		.4byte	.LASF87
 546 0409 03       		.byte	0x3
 547 040a 87       		.byte	0x87
 548 040b 9A000000 		.4byte	0x9a
 549 040f 7D       		.byte	0x7d
 550 0410 07       		.uleb128 0x7
 551 0411 38000000 		.4byte	.LASF88
 552 0415 03       		.byte	0x3
 553 0416 88       		.byte	0x88
 554 0417 9A000000 		.4byte	0x9a
 555 041b 7E       		.byte	0x7e
 556 041c 07       		.uleb128 0x7
 557 041d 3C030000 		.4byte	.LASF89
 558 0421 03       		.byte	0x3
 559 0422 89       		.byte	0x89
 560 0423 9A000000 		.4byte	0x9a
 561 0427 7F       		.byte	0x7f
 562 0428 07       		.uleb128 0x7
 563 0429 B6030000 		.4byte	.LASF90
 564 042d 03       		.byte	0x3
 565 042e 8A       		.byte	0x8a
 566 042f 9A000000 		.4byte	0x9a
 567 0433 80       		.byte	0x80
 568 0434 07       		.uleb128 0x7
 569 0435 16050000 		.4byte	.LASF91
 570 0439 03       		.byte	0x3
ARM GAS  C:\Users\dryos\AppData\Local\Temp\ccGjkSMd.s 			page 11


 571 043a 8D       		.byte	0x8d
 572 043b C6000000 		.4byte	0xc6
 573 043f 84       		.byte	0x84
 574 0440 07       		.uleb128 0x7
 575 0441 B9000000 		.4byte	.LASF92
 576 0445 03       		.byte	0x3
 577 0446 8E       		.byte	0x8e
 578 0447 C6000000 		.4byte	0xc6
 579 044b 88       		.byte	0x88
 580 044c 07       		.uleb128 0x7
 581 044d 280A0000 		.4byte	.LASF93
 582 0451 03       		.byte	0x3
 583 0452 8F       		.byte	0x8f
 584 0453 C6000000 		.4byte	0xc6
 585 0457 8C       		.byte	0x8c
 586 0458 07       		.uleb128 0x7
 587 0459 CA030000 		.4byte	.LASF94
 588 045d 03       		.byte	0x3
 589 045e 90       		.byte	0x90
 590 045f C6000000 		.4byte	0xc6
 591 0463 90       		.byte	0x90
 592 0464 07       		.uleb128 0x7
 593 0465 97030000 		.4byte	.LASF95
 594 0469 03       		.byte	0x3
 595 046a 91       		.byte	0x91
 596 046b C6000000 		.4byte	0xc6
 597 046f 94       		.byte	0x94
 598 0470 07       		.uleb128 0x7
 599 0471 1A020000 		.4byte	.LASF96
 600 0475 03       		.byte	0x3
 601 0476 92       		.byte	0x92
 602 0477 C6000000 		.4byte	0xc6
 603 047b 98       		.byte	0x98
 604 047c 07       		.uleb128 0x7
 605 047d 350B0000 		.4byte	.LASF97
 606 0481 03       		.byte	0x3
 607 0482 93       		.byte	0x93
 608 0483 C6000000 		.4byte	0xc6
 609 0487 9C       		.byte	0x9c
 610 0488 07       		.uleb128 0x7
 611 0489 57010000 		.4byte	.LASF98
 612 048d 03       		.byte	0x3
 613 048e 94       		.byte	0x94
 614 048f C6000000 		.4byte	0xc6
 615 0493 A0       		.byte	0xa0
 616 0494 07       		.uleb128 0x7
 617 0495 3B020000 		.4byte	.LASF99
 618 0499 03       		.byte	0x3
 619 049a 95       		.byte	0x95
 620 049b B0000000 		.4byte	0xb0
 621 049f A4       		.byte	0xa4
 622 04a0 07       		.uleb128 0x7
 623 04a1 B2080000 		.4byte	.LASF100
 624 04a5 03       		.byte	0x3
 625 04a6 96       		.byte	0x96
 626 04a7 B0000000 		.4byte	0xb0
 627 04ab A6       		.byte	0xa6
ARM GAS  C:\Users\dryos\AppData\Local\Temp\ccGjkSMd.s 			page 12


 628 04ac 07       		.uleb128 0x7
 629 04ad 2E070000 		.4byte	.LASF101
 630 04b1 03       		.byte	0x3
 631 04b2 97       		.byte	0x97
 632 04b3 B0000000 		.4byte	0xb0
 633 04b7 A8       		.byte	0xa8
 634 04b8 07       		.uleb128 0x7
 635 04b9 2E080000 		.4byte	.LASF102
 636 04bd 03       		.byte	0x3
 637 04be 98       		.byte	0x98
 638 04bf B0000000 		.4byte	0xb0
 639 04c3 AA       		.byte	0xaa
 640 04c4 07       		.uleb128 0x7
 641 04c5 8E040000 		.4byte	.LASF103
 642 04c9 03       		.byte	0x3
 643 04ca 99       		.byte	0x99
 644 04cb B0000000 		.4byte	0xb0
 645 04cf AC       		.byte	0xac
 646 04d0 07       		.uleb128 0x7
 647 04d1 82000000 		.4byte	.LASF104
 648 04d5 03       		.byte	0x3
 649 04d6 9A       		.byte	0x9a
 650 04d7 B0000000 		.4byte	0xb0
 651 04db AE       		.byte	0xae
 652 04dc 07       		.uleb128 0x7
 653 04dd FF090000 		.4byte	.LASF105
 654 04e1 03       		.byte	0x3
 655 04e2 9D       		.byte	0x9d
 656 04e3 B0000000 		.4byte	0xb0
 657 04e7 B0       		.byte	0xb0
 658 04e8 07       		.uleb128 0x7
 659 04e9 F3070000 		.4byte	.LASF106
 660 04ed 03       		.byte	0x3
 661 04ee 9E       		.byte	0x9e
 662 04ef C6000000 		.4byte	0xc6
 663 04f3 B4       		.byte	0xb4
 664 04f4 00       		.byte	0
 665 04f5 03       		.uleb128 0x3
 666 04f6 E4040000 		.4byte	.LASF107
 667 04fa 03       		.byte	0x3
 668 04fb 9F       		.byte	0x9f
 669 04fc E4000000 		.4byte	0xe4
 670 0500 02       		.uleb128 0x2
 671 0501 01       		.byte	0x1
 672 0502 08       		.byte	0x8
 673 0503 E4080000 		.4byte	.LASF108
 674 0507 02       		.uleb128 0x2
 675 0508 04       		.byte	0x4
 676 0509 04       		.byte	0x4
 677 050a 0D070000 		.4byte	.LASF109
 678 050e 02       		.uleb128 0x2
 679 050f 08       		.byte	0x8
 680 0510 04       		.byte	0x4
 681 0511 D9020000 		.4byte	.LASF110
 682 0515 08       		.uleb128 0x8
 683 0516 04       		.byte	0x4
 684 0517 02       		.uleb128 0x2
ARM GAS  C:\Users\dryos\AppData\Local\Temp\ccGjkSMd.s 			page 13


 685 0518 01       		.byte	0x1
 686 0519 02       		.byte	0x2
 687 051a 9F0B0000 		.4byte	.LASF111
 688 051e 09       		.uleb128 0x9
 689 051f 04       		.byte	0x4
 690 0520 24050000 		.4byte	0x524
 691 0524 0A       		.uleb128 0xa
 692 0525 2F050000 		.4byte	0x52f
 693 0529 0B       		.uleb128 0xb
 694 052a C6000000 		.4byte	0xc6
 695 052e 00       		.byte	0
 696 052f 0C       		.uleb128 0xc
 697 0530 35040000 		.4byte	.LASF112
 698 0534 04       		.byte	0x4
 699 0535 D901     		.2byte	0x1d9
 700 0537 1E050000 		.4byte	0x51e
 701 053b 0D       		.uleb128 0xd
 702 053c 870B0000 		.4byte	.LASF128
 703 0540 38       		.byte	0x38
 704 0541 04       		.byte	0x4
 705 0542 7502     		.2byte	0x275
 706 0544 FF050000 		.4byte	0x5ff
 707 0548 0E       		.uleb128 0xe
 708 0549 540B0000 		.4byte	.LASF113
 709 054d 04       		.byte	0x4
 710 054e 7802     		.2byte	0x278
 711 0550 D8000000 		.4byte	0xd8
 712 0554 00       		.byte	0
 713 0555 0E       		.uleb128 0xe
 714 0556 12060000 		.4byte	.LASF114
 715 055a 04       		.byte	0x4
 716 055b 7902     		.2byte	0x279
 717 055d D8000000 		.4byte	0xd8
 718 0561 04       		.byte	0x4
 719 0562 0E       		.uleb128 0xe
 720 0563 4D010000 		.4byte	.LASF115
 721 0567 04       		.byte	0x4
 722 0568 7B02     		.2byte	0x27b
 723 056a 15050000 		.4byte	0x515
 724 056e 08       		.byte	0x8
 725 056f 0E       		.uleb128 0xe
 726 0570 0D0A0000 		.4byte	.LASF116
 727 0574 04       		.byte	0x4
 728 0575 7C02     		.2byte	0x27c
 729 0577 C6000000 		.4byte	0xc6
 730 057b 0C       		.byte	0xc
 731 057c 0E       		.uleb128 0xe
 732 057d 97090000 		.4byte	.LASF117
 733 0581 04       		.byte	0x4
 734 0582 7D02     		.2byte	0x27d
 735 0584 D8000000 		.4byte	0xd8
 736 0588 10       		.byte	0x10
 737 0589 0E       		.uleb128 0xe
 738 058a 270B0000 		.4byte	.LASF118
 739 058e 04       		.byte	0x4
 740 058f 7E02     		.2byte	0x27e
 741 0591 D8000000 		.4byte	0xd8
ARM GAS  C:\Users\dryos\AppData\Local\Temp\ccGjkSMd.s 			page 14


 742 0595 14       		.byte	0x14
 743 0596 0E       		.uleb128 0xe
 744 0597 450A0000 		.4byte	.LASF119
 745 059b 04       		.byte	0x4
 746 059c 8002     		.2byte	0x280
 747 059e 15050000 		.4byte	0x515
 748 05a2 18       		.byte	0x18
 749 05a3 0E       		.uleb128 0xe
 750 05a4 1A000000 		.4byte	.LASF120
 751 05a8 04       		.byte	0x4
 752 05a9 8102     		.2byte	0x281
 753 05ab C6000000 		.4byte	0xc6
 754 05af 1C       		.byte	0x1c
 755 05b0 0E       		.uleb128 0xe
 756 05b1 80030000 		.4byte	.LASF121
 757 05b5 04       		.byte	0x4
 758 05b6 8202     		.2byte	0x282
 759 05b8 D8000000 		.4byte	0xd8
 760 05bc 20       		.byte	0x20
 761 05bd 0E       		.uleb128 0xe
 762 05be 6D010000 		.4byte	.LASF122
 763 05c2 04       		.byte	0x4
 764 05c3 8402     		.2byte	0x284
 765 05c5 15050000 		.4byte	0x515
 766 05c9 24       		.byte	0x24
 767 05ca 0E       		.uleb128 0xe
 768 05cb AC030000 		.4byte	.LASF123
 769 05cf 04       		.byte	0x4
 770 05d0 8502     		.2byte	0x285
 771 05d2 C6000000 		.4byte	0xc6
 772 05d6 28       		.byte	0x28
 773 05d7 0E       		.uleb128 0xe
 774 05d8 50070000 		.4byte	.LASF124
 775 05dc 04       		.byte	0x4
 776 05dd 8602     		.2byte	0x286
 777 05df D8000000 		.4byte	0xd8
 778 05e3 2C       		.byte	0x2c
 779 05e4 0E       		.uleb128 0xe
 780 05e5 AD040000 		.4byte	.LASF125
 781 05e9 04       		.byte	0x4
 782 05ea 8B02     		.2byte	0x28b
 783 05ec 2F050000 		.4byte	0x52f
 784 05f0 30       		.byte	0x30
 785 05f1 0E       		.uleb128 0xe
 786 05f2 3D0A0000 		.4byte	.LASF126
 787 05f6 04       		.byte	0x4
 788 05f7 8E02     		.2byte	0x28e
 789 05f9 C6000000 		.4byte	0xc6
 790 05fd 34       		.byte	0x34
 791 05fe 00       		.byte	0
 792 05ff 0C       		.uleb128 0xc
 793 0600 540A0000 		.4byte	.LASF127
 794 0604 04       		.byte	0x4
 795 0605 9102     		.2byte	0x291
 796 0607 3B050000 		.4byte	0x53b
 797 060b 0F       		.uleb128 0xf
 798 060c 4A050000 		.4byte	.LASF129
ARM GAS  C:\Users\dryos\AppData\Local\Temp\ccGjkSMd.s 			page 15


 799 0610 4C       		.byte	0x4c
 800 0611 05       		.byte	0x5
 801 0612 2F       		.byte	0x2f
 802 0613 FC060000 		.4byte	0x6fc
 803 0617 07       		.uleb128 0x7
 804 0618 F7000000 		.4byte	.LASF130
 805 061c 05       		.byte	0x5
 806 061d 31       		.byte	0x31
 807 061e C6000000 		.4byte	0xc6
 808 0622 00       		.byte	0
 809 0623 07       		.uleb128 0x7
 810 0624 2E010000 		.4byte	.LASF131
 811 0628 05       		.byte	0x5
 812 0629 33       		.byte	0x33
 813 062a C6000000 		.4byte	0xc6
 814 062e 04       		.byte	0x4
 815 062f 07       		.uleb128 0x7
 816 0630 12000000 		.4byte	.LASF132
 817 0634 05       		.byte	0x5
 818 0635 34       		.byte	0x34
 819 0636 C6000000 		.4byte	0xc6
 820 063a 08       		.byte	0x8
 821 063b 07       		.uleb128 0x7
 822 063c D0000000 		.4byte	.LASF133
 823 0640 05       		.byte	0x5
 824 0641 35       		.byte	0x35
 825 0642 C6000000 		.4byte	0xc6
 826 0646 0C       		.byte	0xc
 827 0647 07       		.uleb128 0x7
 828 0648 50080000 		.4byte	.LASF134
 829 064c 05       		.byte	0x5
 830 064d 37       		.byte	0x37
 831 064e C6000000 		.4byte	0xc6
 832 0652 10       		.byte	0x10
 833 0653 07       		.uleb128 0x7
 834 0654 C7080000 		.4byte	.LASF135
 835 0658 05       		.byte	0x5
 836 0659 38       		.byte	0x38
 837 065a C6000000 		.4byte	0xc6
 838 065e 14       		.byte	0x14
 839 065f 07       		.uleb128 0x7
 840 0660 D0080000 		.4byte	.LASF136
 841 0664 05       		.byte	0x5
 842 0665 39       		.byte	0x39
 843 0666 C6000000 		.4byte	0xc6
 844 066a 18       		.byte	0x18
 845 066b 07       		.uleb128 0x7
 846 066c 1C080000 		.4byte	.LASF137
 847 0670 05       		.byte	0x5
 848 0671 3A       		.byte	0x3a
 849 0672 17050000 		.4byte	0x517
 850 0676 1C       		.byte	0x1c
 851 0677 07       		.uleb128 0x7
 852 0678 A5090000 		.4byte	.LASF138
 853 067c 05       		.byte	0x5
 854 067d 3C       		.byte	0x3c
 855 067e C6000000 		.4byte	0xc6
ARM GAS  C:\Users\dryos\AppData\Local\Temp\ccGjkSMd.s 			page 16


 856 0682 20       		.byte	0x20
 857 0683 07       		.uleb128 0x7
 858 0684 06030000 		.4byte	.LASF139
 859 0688 05       		.byte	0x5
 860 0689 3D       		.byte	0x3d
 861 068a C6000000 		.4byte	0xc6
 862 068e 24       		.byte	0x24
 863 068f 07       		.uleb128 0x7
 864 0690 0A010000 		.4byte	.LASF140
 865 0694 05       		.byte	0x5
 866 0695 3F       		.byte	0x3f
 867 0696 C6000000 		.4byte	0xc6
 868 069a 28       		.byte	0x28
 869 069b 07       		.uleb128 0x7
 870 069c 170B0000 		.4byte	.LASF141
 871 06a0 05       		.byte	0x5
 872 06a1 40       		.byte	0x40
 873 06a2 C6000000 		.4byte	0xc6
 874 06a6 2C       		.byte	0x2c
 875 06a7 07       		.uleb128 0x7
 876 06a8 B6090000 		.4byte	.LASF142
 877 06ac 05       		.byte	0x5
 878 06ad 42       		.byte	0x42
 879 06ae C6000000 		.4byte	0xc6
 880 06b2 30       		.byte	0x30
 881 06b3 07       		.uleb128 0x7
 882 06b4 A3070000 		.4byte	.LASF143
 883 06b8 05       		.byte	0x5
 884 06b9 43       		.byte	0x43
 885 06ba C6000000 		.4byte	0xc6
 886 06be 34       		.byte	0x34
 887 06bf 07       		.uleb128 0x7
 888 06c0 F40B0000 		.4byte	.LASF144
 889 06c4 05       		.byte	0x5
 890 06c5 45       		.byte	0x45
 891 06c6 C6000000 		.4byte	0xc6
 892 06ca 38       		.byte	0x38
 893 06cb 07       		.uleb128 0x7
 894 06cc DF000000 		.4byte	.LASF145
 895 06d0 05       		.byte	0x5
 896 06d1 46       		.byte	0x46
 897 06d2 C6000000 		.4byte	0xc6
 898 06d6 3C       		.byte	0x3c
 899 06d7 07       		.uleb128 0x7
 900 06d8 F5090000 		.4byte	.LASF146
 901 06dc 05       		.byte	0x5
 902 06dd 48       		.byte	0x48
 903 06de C6000000 		.4byte	0xc6
 904 06e2 40       		.byte	0x40
 905 06e3 07       		.uleb128 0x7
 906 06e4 07050000 		.4byte	.LASF147
 907 06e8 05       		.byte	0x5
 908 06e9 49       		.byte	0x49
 909 06ea C6000000 		.4byte	0xc6
 910 06ee 44       		.byte	0x44
 911 06ef 07       		.uleb128 0x7
 912 06f0 D9080000 		.4byte	.LASF148
ARM GAS  C:\Users\dryos\AppData\Local\Temp\ccGjkSMd.s 			page 17


 913 06f4 05       		.byte	0x5
 914 06f5 4B       		.byte	0x4b
 915 06f6 C6000000 		.4byte	0xc6
 916 06fa 48       		.byte	0x48
 917 06fb 00       		.byte	0
 918 06fc 03       		.uleb128 0x3
 919 06fd BA010000 		.4byte	.LASF149
 920 0701 05       		.byte	0x5
 921 0702 4C       		.byte	0x4c
 922 0703 0B060000 		.4byte	0x60b
 923 0707 10       		.uleb128 0x10
 924 0708 02       		.byte	0x2
 925 0709 06       		.byte	0x6
 926 070a 6401     		.2byte	0x164
 927 070c 2B070000 		.4byte	0x72b
 928 0710 0E       		.uleb128 0xe
 929 0711 4B0B0000 		.4byte	.LASF150
 930 0715 06       		.byte	0x6
 931 0716 6E01     		.2byte	0x16e
 932 0718 9A000000 		.4byte	0x9a
 933 071c 00       		.byte	0
 934 071d 0E       		.uleb128 0xe
 935 071e 2D050000 		.4byte	.LASF151
 936 0722 06       		.byte	0x6
 937 0723 7201     		.2byte	0x172
 938 0725 9A000000 		.4byte	0x9a
 939 0729 01       		.byte	0x1
 940 072a 00       		.byte	0
 941 072b 0C       		.uleb128 0xc
 942 072c A1010000 		.4byte	.LASF152
 943 0730 06       		.byte	0x6
 944 0731 7401     		.2byte	0x174
 945 0733 07070000 		.4byte	0x707
 946 0737 11       		.uleb128 0x11
 947 0738 01       		.byte	0x1
 948 0739 36000000 		.4byte	0x36
 949 073d 07       		.byte	0x7
 950 073e 7E       		.byte	0x7e
 951 073f 5C070000 		.4byte	0x75c
 952 0743 12       		.uleb128 0x12
 953 0744 C40A0000 		.4byte	.LASF153
 954 0748 00       		.byte	0
 955 0749 12       		.uleb128 0x12
 956 074a A8050000 		.4byte	.LASF154
 957 074e 01       		.byte	0x1
 958 074f 12       		.uleb128 0x12
 959 0750 E50A0000 		.4byte	.LASF155
 960 0754 02       		.byte	0x2
 961 0755 12       		.uleb128 0x12
 962 0756 50020000 		.4byte	.LASF156
 963 075a 03       		.byte	0x3
 964 075b 00       		.byte	0
 965 075c 03       		.uleb128 0x3
 966 075d A0020000 		.4byte	.LASF157
 967 0761 07       		.byte	0x7
 968 0762 83       		.byte	0x83
 969 0763 37070000 		.4byte	0x737
ARM GAS  C:\Users\dryos\AppData\Local\Temp\ccGjkSMd.s 			page 18


 970 0767 11       		.uleb128 0x11
 971 0768 01       		.byte	0x1
 972 0769 36000000 		.4byte	0x36
 973 076d 07       		.byte	0x7
 974 076e 87       		.byte	0x87
 975 076f A4070000 		.4byte	0x7a4
 976 0773 12       		.uleb128 0x12
 977 0774 6E0A0000 		.4byte	.LASF158
 978 0778 00       		.byte	0
 979 0779 12       		.uleb128 0x12
 980 077a A50B0000 		.4byte	.LASF159
 981 077e 01       		.byte	0x1
 982 077f 12       		.uleb128 0x12
 983 0780 EC030000 		.4byte	.LASF160
 984 0784 02       		.byte	0x2
 985 0785 12       		.uleb128 0x12
 986 0786 C2090000 		.4byte	.LASF161
 987 078a 03       		.byte	0x3
 988 078b 12       		.uleb128 0x12
 989 078c E9080000 		.4byte	.LASF162
 990 0790 04       		.byte	0x4
 991 0791 12       		.uleb128 0x12
 992 0792 79070000 		.4byte	.LASF163
 993 0796 05       		.byte	0x5
 994 0797 12       		.uleb128 0x12
 995 0798 6F080000 		.4byte	.LASF164
 996 079c 06       		.byte	0x6
 997 079d 12       		.uleb128 0x12
 998 079e E9060000 		.4byte	.LASF165
 999 07a2 07       		.byte	0x7
 1000 07a3 00       		.byte	0
 1001 07a4 03       		.uleb128 0x3
 1002 07a5 91050000 		.4byte	.LASF166
 1003 07a9 07       		.byte	0x7
 1004 07aa 90       		.byte	0x90
 1005 07ab 67070000 		.4byte	0x767
 1006 07af 13       		.uleb128 0x13
 1007 07b0 E6070000 		.4byte	.LASF167
 1008 07b4 08       		.byte	0x8
 1009 07b5 F907     		.2byte	0x7f9
 1010 07b7 BB070000 		.4byte	0x7bb
 1011 07bb 05       		.uleb128 0x5
 1012 07bc BB000000 		.4byte	0xbb
 1013 07c0 14       		.uleb128 0x14
 1014 07c1 24070000 		.4byte	.LASF168
 1015 07c5 03       		.byte	0x3
 1016 07c6 A7       		.byte	0xa7
 1017 07c7 CB070000 		.4byte	0x7cb
 1018 07cb 09       		.uleb128 0x9
 1019 07cc 04       		.byte	0x4
 1020 07cd D1070000 		.4byte	0x7d1
 1021 07d1 15       		.uleb128 0x15
 1022 07d2 F5040000 		.4byte	0x4f5
 1023 07d6 13       		.uleb128 0x13
 1024 07d7 68090000 		.4byte	.LASF169
 1025 07db 07       		.byte	0x7
 1026 07dc 2202     		.2byte	0x222
ARM GAS  C:\Users\dryos\AppData\Local\Temp\ccGjkSMd.s 			page 19


 1027 07de 5C070000 		.4byte	0x75c
 1028 07e2 16       		.uleb128 0x16
 1029 07e3 2B070000 		.4byte	0x72b
 1030 07e7 F2070000 		.4byte	0x7f2
 1031 07eb 17       		.uleb128 0x17
 1032 07ec D1000000 		.4byte	0xd1
 1033 07f0 00       		.byte	0
 1034 07f1 00       		.byte	0
 1035 07f2 13       		.uleb128 0x13
 1036 07f3 8D0A0000 		.4byte	.LASF170
 1037 07f7 07       		.byte	0x7
 1038 07f8 2C02     		.2byte	0x22c
 1039 07fa E2070000 		.4byte	0x7e2
 1040 07fe 16       		.uleb128 0x16
 1041 07ff A4070000 		.4byte	0x7a4
 1042 0803 0E080000 		.4byte	0x80e
 1043 0807 17       		.uleb128 0x17
 1044 0808 D1000000 		.4byte	0xd1
 1045 080c 00       		.byte	0
 1046 080d 00       		.byte	0
 1047 080e 13       		.uleb128 0x13
 1048 080f 9C040000 		.4byte	.LASF171
 1049 0813 07       		.byte	0x7
 1050 0814 2D02     		.2byte	0x22d
 1051 0816 FE070000 		.4byte	0x7fe
 1052 081a 13       		.uleb128 0x13
 1053 081b 32090000 		.4byte	.LASF172
 1054 081f 07       		.byte	0x7
 1055 0820 5202     		.2byte	0x252
 1056 0822 9A000000 		.4byte	0x9a
 1057 0826 14       		.uleb128 0x14
 1058 0827 F5020000 		.4byte	.LASF173
 1059 082b 09       		.byte	0x9
 1060 082c 87       		.byte	0x87
 1061 082d FF050000 		.4byte	0x5ff
 1062 0831 14       		.uleb128 0x14
 1063 0832 B6040000 		.4byte	.LASF174
 1064 0836 0A       		.byte	0xa
 1065 0837 1F       		.byte	0x1f
 1066 0838 3C080000 		.4byte	0x83c
 1067 083c 15       		.uleb128 0x15
 1068 083d FC060000 		.4byte	0x6fc
 1069 0841 00       		.byte	0
 1070              		.section	.debug_abbrev,"",%progbits
 1071              	.Ldebug_abbrev0:
 1072 0000 01       		.uleb128 0x1
 1073 0001 11       		.uleb128 0x11
 1074 0002 01       		.byte	0x1
 1075 0003 25       		.uleb128 0x25
 1076 0004 0E       		.uleb128 0xe
 1077 0005 13       		.uleb128 0x13
 1078 0006 0B       		.uleb128 0xb
 1079 0007 03       		.uleb128 0x3
 1080 0008 0E       		.uleb128 0xe
 1081 0009 1B       		.uleb128 0x1b
 1082 000a 0E       		.uleb128 0xe
 1083 000b 10       		.uleb128 0x10
ARM GAS  C:\Users\dryos\AppData\Local\Temp\ccGjkSMd.s 			page 20


 1084 000c 17       		.uleb128 0x17
 1085 000d 00       		.byte	0
 1086 000e 00       		.byte	0
 1087 000f 02       		.uleb128 0x2
 1088 0010 24       		.uleb128 0x24
 1089 0011 00       		.byte	0
 1090 0012 0B       		.uleb128 0xb
 1091 0013 0B       		.uleb128 0xb
 1092 0014 3E       		.uleb128 0x3e
 1093 0015 0B       		.uleb128 0xb
 1094 0016 03       		.uleb128 0x3
 1095 0017 0E       		.uleb128 0xe
 1096 0018 00       		.byte	0
 1097 0019 00       		.byte	0
 1098 001a 03       		.uleb128 0x3
 1099 001b 16       		.uleb128 0x16
 1100 001c 00       		.byte	0
 1101 001d 03       		.uleb128 0x3
 1102 001e 0E       		.uleb128 0xe
 1103 001f 3A       		.uleb128 0x3a
 1104 0020 0B       		.uleb128 0xb
 1105 0021 3B       		.uleb128 0x3b
 1106 0022 0B       		.uleb128 0xb
 1107 0023 49       		.uleb128 0x49
 1108 0024 13       		.uleb128 0x13
 1109 0025 00       		.byte	0
 1110 0026 00       		.byte	0
 1111 0027 04       		.uleb128 0x4
 1112 0028 24       		.uleb128 0x24
 1113 0029 00       		.byte	0
 1114 002a 0B       		.uleb128 0xb
 1115 002b 0B       		.uleb128 0xb
 1116 002c 3E       		.uleb128 0x3e
 1117 002d 0B       		.uleb128 0xb
 1118 002e 03       		.uleb128 0x3
 1119 002f 08       		.uleb128 0x8
 1120 0030 00       		.byte	0
 1121 0031 00       		.byte	0
 1122 0032 05       		.uleb128 0x5
 1123 0033 35       		.uleb128 0x35
 1124 0034 00       		.byte	0
 1125 0035 49       		.uleb128 0x49
 1126 0036 13       		.uleb128 0x13
 1127 0037 00       		.byte	0
 1128 0038 00       		.byte	0
 1129 0039 06       		.uleb128 0x6
 1130 003a 13       		.uleb128 0x13
 1131 003b 01       		.byte	0x1
 1132 003c 0B       		.uleb128 0xb
 1133 003d 0B       		.uleb128 0xb
 1134 003e 3A       		.uleb128 0x3a
 1135 003f 0B       		.uleb128 0xb
 1136 0040 3B       		.uleb128 0x3b
 1137 0041 0B       		.uleb128 0xb
 1138 0042 01       		.uleb128 0x1
 1139 0043 13       		.uleb128 0x13
 1140 0044 00       		.byte	0
ARM GAS  C:\Users\dryos\AppData\Local\Temp\ccGjkSMd.s 			page 21


 1141 0045 00       		.byte	0
 1142 0046 07       		.uleb128 0x7
 1143 0047 0D       		.uleb128 0xd
 1144 0048 00       		.byte	0
 1145 0049 03       		.uleb128 0x3
 1146 004a 0E       		.uleb128 0xe
 1147 004b 3A       		.uleb128 0x3a
 1148 004c 0B       		.uleb128 0xb
 1149 004d 3B       		.uleb128 0x3b
 1150 004e 0B       		.uleb128 0xb
 1151 004f 49       		.uleb128 0x49
 1152 0050 13       		.uleb128 0x13
 1153 0051 38       		.uleb128 0x38
 1154 0052 0B       		.uleb128 0xb
 1155 0053 00       		.byte	0
 1156 0054 00       		.byte	0
 1157 0055 08       		.uleb128 0x8
 1158 0056 0F       		.uleb128 0xf
 1159 0057 00       		.byte	0
 1160 0058 0B       		.uleb128 0xb
 1161 0059 0B       		.uleb128 0xb
 1162 005a 00       		.byte	0
 1163 005b 00       		.byte	0
 1164 005c 09       		.uleb128 0x9
 1165 005d 0F       		.uleb128 0xf
 1166 005e 00       		.byte	0
 1167 005f 0B       		.uleb128 0xb
 1168 0060 0B       		.uleb128 0xb
 1169 0061 49       		.uleb128 0x49
 1170 0062 13       		.uleb128 0x13
 1171 0063 00       		.byte	0
 1172 0064 00       		.byte	0
 1173 0065 0A       		.uleb128 0xa
 1174 0066 15       		.uleb128 0x15
 1175 0067 01       		.byte	0x1
 1176 0068 27       		.uleb128 0x27
 1177 0069 19       		.uleb128 0x19
 1178 006a 01       		.uleb128 0x1
 1179 006b 13       		.uleb128 0x13
 1180 006c 00       		.byte	0
 1181 006d 00       		.byte	0
 1182 006e 0B       		.uleb128 0xb
 1183 006f 05       		.uleb128 0x5
 1184 0070 00       		.byte	0
 1185 0071 49       		.uleb128 0x49
 1186 0072 13       		.uleb128 0x13
 1187 0073 00       		.byte	0
 1188 0074 00       		.byte	0
 1189 0075 0C       		.uleb128 0xc
 1190 0076 16       		.uleb128 0x16
 1191 0077 00       		.byte	0
 1192 0078 03       		.uleb128 0x3
 1193 0079 0E       		.uleb128 0xe
 1194 007a 3A       		.uleb128 0x3a
 1195 007b 0B       		.uleb128 0xb
 1196 007c 3B       		.uleb128 0x3b
 1197 007d 05       		.uleb128 0x5
ARM GAS  C:\Users\dryos\AppData\Local\Temp\ccGjkSMd.s 			page 22


 1198 007e 49       		.uleb128 0x49
 1199 007f 13       		.uleb128 0x13
 1200 0080 00       		.byte	0
 1201 0081 00       		.byte	0
 1202 0082 0D       		.uleb128 0xd
 1203 0083 13       		.uleb128 0x13
 1204 0084 01       		.byte	0x1
 1205 0085 03       		.uleb128 0x3
 1206 0086 0E       		.uleb128 0xe
 1207 0087 0B       		.uleb128 0xb
 1208 0088 0B       		.uleb128 0xb
 1209 0089 3A       		.uleb128 0x3a
 1210 008a 0B       		.uleb128 0xb
 1211 008b 3B       		.uleb128 0x3b
 1212 008c 05       		.uleb128 0x5
 1213 008d 01       		.uleb128 0x1
 1214 008e 13       		.uleb128 0x13
 1215 008f 00       		.byte	0
 1216 0090 00       		.byte	0
 1217 0091 0E       		.uleb128 0xe
 1218 0092 0D       		.uleb128 0xd
 1219 0093 00       		.byte	0
 1220 0094 03       		.uleb128 0x3
 1221 0095 0E       		.uleb128 0xe
 1222 0096 3A       		.uleb128 0x3a
 1223 0097 0B       		.uleb128 0xb
 1224 0098 3B       		.uleb128 0x3b
 1225 0099 05       		.uleb128 0x5
 1226 009a 49       		.uleb128 0x49
 1227 009b 13       		.uleb128 0x13
 1228 009c 38       		.uleb128 0x38
 1229 009d 0B       		.uleb128 0xb
 1230 009e 00       		.byte	0
 1231 009f 00       		.byte	0
 1232 00a0 0F       		.uleb128 0xf
 1233 00a1 13       		.uleb128 0x13
 1234 00a2 01       		.byte	0x1
 1235 00a3 03       		.uleb128 0x3
 1236 00a4 0E       		.uleb128 0xe
 1237 00a5 0B       		.uleb128 0xb
 1238 00a6 0B       		.uleb128 0xb
 1239 00a7 3A       		.uleb128 0x3a
 1240 00a8 0B       		.uleb128 0xb
 1241 00a9 3B       		.uleb128 0x3b
 1242 00aa 0B       		.uleb128 0xb
 1243 00ab 01       		.uleb128 0x1
 1244 00ac 13       		.uleb128 0x13
 1245 00ad 00       		.byte	0
 1246 00ae 00       		.byte	0
 1247 00af 10       		.uleb128 0x10
 1248 00b0 13       		.uleb128 0x13
 1249 00b1 01       		.byte	0x1
 1250 00b2 0B       		.uleb128 0xb
 1251 00b3 0B       		.uleb128 0xb
 1252 00b4 3A       		.uleb128 0x3a
 1253 00b5 0B       		.uleb128 0xb
 1254 00b6 3B       		.uleb128 0x3b
ARM GAS  C:\Users\dryos\AppData\Local\Temp\ccGjkSMd.s 			page 23


 1255 00b7 05       		.uleb128 0x5
 1256 00b8 01       		.uleb128 0x1
 1257 00b9 13       		.uleb128 0x13
 1258 00ba 00       		.byte	0
 1259 00bb 00       		.byte	0
 1260 00bc 11       		.uleb128 0x11
 1261 00bd 04       		.uleb128 0x4
 1262 00be 01       		.byte	0x1
 1263 00bf 0B       		.uleb128 0xb
 1264 00c0 0B       		.uleb128 0xb
 1265 00c1 49       		.uleb128 0x49
 1266 00c2 13       		.uleb128 0x13
 1267 00c3 3A       		.uleb128 0x3a
 1268 00c4 0B       		.uleb128 0xb
 1269 00c5 3B       		.uleb128 0x3b
 1270 00c6 0B       		.uleb128 0xb
 1271 00c7 01       		.uleb128 0x1
 1272 00c8 13       		.uleb128 0x13
 1273 00c9 00       		.byte	0
 1274 00ca 00       		.byte	0
 1275 00cb 12       		.uleb128 0x12
 1276 00cc 28       		.uleb128 0x28
 1277 00cd 00       		.byte	0
 1278 00ce 03       		.uleb128 0x3
 1279 00cf 0E       		.uleb128 0xe
 1280 00d0 1C       		.uleb128 0x1c
 1281 00d1 0B       		.uleb128 0xb
 1282 00d2 00       		.byte	0
 1283 00d3 00       		.byte	0
 1284 00d4 13       		.uleb128 0x13
 1285 00d5 34       		.uleb128 0x34
 1286 00d6 00       		.byte	0
 1287 00d7 03       		.uleb128 0x3
 1288 00d8 0E       		.uleb128 0xe
 1289 00d9 3A       		.uleb128 0x3a
 1290 00da 0B       		.uleb128 0xb
 1291 00db 3B       		.uleb128 0x3b
 1292 00dc 05       		.uleb128 0x5
 1293 00dd 49       		.uleb128 0x49
 1294 00de 13       		.uleb128 0x13
 1295 00df 3F       		.uleb128 0x3f
 1296 00e0 19       		.uleb128 0x19
 1297 00e1 3C       		.uleb128 0x3c
 1298 00e2 19       		.uleb128 0x19
 1299 00e3 00       		.byte	0
 1300 00e4 00       		.byte	0
 1301 00e5 14       		.uleb128 0x14
 1302 00e6 34       		.uleb128 0x34
 1303 00e7 00       		.byte	0
 1304 00e8 03       		.uleb128 0x3
 1305 00e9 0E       		.uleb128 0xe
 1306 00ea 3A       		.uleb128 0x3a
 1307 00eb 0B       		.uleb128 0xb
 1308 00ec 3B       		.uleb128 0x3b
 1309 00ed 0B       		.uleb128 0xb
 1310 00ee 49       		.uleb128 0x49
 1311 00ef 13       		.uleb128 0x13
ARM GAS  C:\Users\dryos\AppData\Local\Temp\ccGjkSMd.s 			page 24


 1312 00f0 3F       		.uleb128 0x3f
 1313 00f1 19       		.uleb128 0x19
 1314 00f2 3C       		.uleb128 0x3c
 1315 00f3 19       		.uleb128 0x19
 1316 00f4 00       		.byte	0
 1317 00f5 00       		.byte	0
 1318 00f6 15       		.uleb128 0x15
 1319 00f7 26       		.uleb128 0x26
 1320 00f8 00       		.byte	0
 1321 00f9 49       		.uleb128 0x49
 1322 00fa 13       		.uleb128 0x13
 1323 00fb 00       		.byte	0
 1324 00fc 00       		.byte	0
 1325 00fd 16       		.uleb128 0x16
 1326 00fe 01       		.uleb128 0x1
 1327 00ff 01       		.byte	0x1
 1328 0100 49       		.uleb128 0x49
 1329 0101 13       		.uleb128 0x13
 1330 0102 01       		.uleb128 0x1
 1331 0103 13       		.uleb128 0x13
 1332 0104 00       		.byte	0
 1333 0105 00       		.byte	0
 1334 0106 17       		.uleb128 0x17
 1335 0107 21       		.uleb128 0x21
 1336 0108 00       		.byte	0
 1337 0109 49       		.uleb128 0x49
 1338 010a 13       		.uleb128 0x13
 1339 010b 2F       		.uleb128 0x2f
 1340 010c 0B       		.uleb128 0xb
 1341 010d 00       		.byte	0
 1342 010e 00       		.byte	0
 1343 010f 00       		.byte	0
 1344              		.section	.debug_aranges,"",%progbits
 1345 0000 14000000 		.4byte	0x14
 1346 0004 0200     		.2byte	0x2
 1347 0006 00000000 		.4byte	.Ldebug_info0
 1348 000a 04       		.byte	0x4
 1349 000b 00       		.byte	0
 1350 000c 0000     		.2byte	0
 1351 000e 0000     		.2byte	0
 1352 0010 00000000 		.4byte	0
 1353 0014 00000000 		.4byte	0
 1354              		.section	.debug_line,"",%progbits
 1355              	.Ldebug_line0:
 1356 0000 A8020000 		.section	.debug_str,"MS",%progbits,1
 1356      0200A202 
 1356      00000201 
 1356      FB0E0D00 
 1356      01010101 
 1357              	.LASF56:
 1358 0000 70726F74 		.ascii	"protBusMasterMask\000"
 1358      4275734D 
 1358      61737465 
 1358      724D6173 
 1358      6B00
 1359              	.LASF132:
 1360 0012 72756E4D 		.ascii	"runMode\000"
ARM GAS  C:\Users\dryos\AppData\Local\Temp\ccGjkSMd.s 			page 25


 1360      6F646500 
 1361              	.LASF120:
 1362 001a 72784275 		.ascii	"rxBufSize\000"
 1362      6653697A 
 1362      6500
 1363              	.LASF66:
 1364 0024 666C6173 		.ascii	"flashCtlMainWs3Freq\000"
 1364      6843746C 
 1364      4D61696E 
 1364      57733346 
 1364      72657100 
 1365              	.LASF88:
 1366 0038 6770696F 		.ascii	"gpioPrtCfgInOffset\000"
 1366      50727443 
 1366      6667496E 
 1366      4F666673 
 1366      657400
 1367              	.LASF176:
 1368 004b 62617474 		.ascii	"batteriControl.c\000"
 1368      65726943 
 1368      6F6E7472 
 1368      6F6C2E63 
 1368      00
 1369              	.LASF32:
 1370 005c 63727970 		.ascii	"cryptoVersion\000"
 1370      746F5665 
 1370      7273696F 
 1370      6E00
 1371              	.LASF70:
 1372 006a 64774368 		.ascii	"dwChCtlPrioPos\000"
 1372      43746C50 
 1372      72696F50 
 1372      6F7300
 1373              	.LASF28:
 1374 0079 70617373 		.ascii	"passBase\000"
 1374      42617365 
 1374      00
 1375              	.LASF104:
 1376 0082 63707573 		.ascii	"cpussRam2Ctl0\000"
 1376      7352616D 
 1376      3243746C 
 1376      3000
 1377              	.LASF41:
 1378 0090 63707573 		.ascii	"cpussIpcIrqNr\000"
 1378      73497063 
 1378      4972714E 
 1378      7200
 1379              	.LASF3:
 1380 009e 5F5F7569 		.ascii	"__uint8_t\000"
 1380      6E74385F 
 1380      7400
 1381              	.LASF43:
 1382 00a8 63707573 		.ascii	"cpussFlashPaSize\000"
 1382      73466C61 
 1382      73685061 
 1382      53697A65 
 1382      00
ARM GAS  C:\Users\dryos\AppData\Local\Temp\ccGjkSMd.s 			page 26


 1383              	.LASF92:
 1384 00b9 63707573 		.ascii	"cpussCm4ClockCtlOffset\000"
 1384      73436D34 
 1384      436C6F63 
 1384      6B43746C 
 1384      4F666673 
 1385              	.LASF133:
 1386 00d0 636F756E 		.ascii	"countDirection\000"
 1386      74446972 
 1386      65637469 
 1386      6F6E00
 1387              	.LASF145:
 1388 00df 73746F70 		.ascii	"stopInputMode\000"
 1388      496E7075 
 1388      744D6F64 
 1388      6500
 1389              	.LASF21:
 1390 00ed 63707573 		.ascii	"cpussBase\000"
 1390      73426173 
 1390      6500
 1391              	.LASF130:
 1392 00f7 70657269 		.ascii	"period\000"
 1392      6F6400
 1393              	.LASF50:
 1394 00fe 70657269 		.ascii	"periClockNr\000"
 1394      436C6F63 
 1394      6B4E7200 
 1395              	.LASF140:
 1396 010a 63617074 		.ascii	"captureInput\000"
 1396      75726549 
 1396      6E707574 
 1396      00
 1397              	.LASF12:
 1398 0117 6C6F6E67 		.ascii	"long long unsigned int\000"
 1398      206C6F6E 
 1398      6720756E 
 1398      7369676E 
 1398      65642069 
 1399              	.LASF131:
 1400 012e 636C6F63 		.ascii	"clockPrescaler\000"
 1400      6B507265 
 1400      7363616C 
 1400      657200
 1401              	.LASF74:
 1402 013d 70657269 		.ascii	"periTrCmdOffset\000"
 1402      5472436D 
 1402      644F6666 
 1402      73657400 
 1403              	.LASF115:
 1404 014d 72785269 		.ascii	"rxRingBuf\000"
 1404      6E674275 
 1404      6600
 1405              	.LASF98:
 1406 0157 63707573 		.ascii	"cpussSysTickCtlOffset\000"
 1406      73537973 
 1406      5469636B 
 1406      43746C4F 
ARM GAS  C:\Users\dryos\AppData\Local\Temp\ccGjkSMd.s 			page 27


 1406      66667365 
 1407              	.LASF122:
 1408 016d 74784275 		.ascii	"txBuf\000"
 1408      6600
 1409              	.LASF59:
 1410 0173 666C6173 		.ascii	"flashPipeRequired\000"
 1410      68506970 
 1410      65526571 
 1410      75697265 
 1410      6400
 1411              	.LASF63:
 1412 0185 666C6173 		.ascii	"flashCtlMainWs0Freq\000"
 1412      6843746C 
 1412      4D61696E 
 1412      57733046 
 1412      72657100 
 1413              	.LASF15:
 1414 0199 696E7431 		.ascii	"int16_t\000"
 1414      365F7400 
 1415              	.LASF152:
 1416 01a1 63795F73 		.ascii	"cy_stc_ble_conn_handle_t\000"
 1416      74635F62 
 1416      6C655F63 
 1416      6F6E6E5F 
 1416      68616E64 
 1417              	.LASF149:
 1418 01ba 63795F73 		.ascii	"cy_stc_tcpwm_counter_config_t\000"
 1418      74635F74 
 1418      6370776D 
 1418      5F636F75 
 1418      6E746572 
 1419              	.LASF177:
 1420 01d8 463A5C47 		.ascii	"F:\\Git downloads\\PRJ4\\POPE\\POPEproject.cydsn\000"
 1420      69742064 
 1420      6F776E6C 
 1420      6F616473 
 1420      5C50524A 
 1421              	.LASF79:
 1422 0205 70657269 		.ascii	"periDivCmdTypeSelPos\000"
 1422      44697643 
 1422      6D645479 
 1422      70655365 
 1422      6C506F73 
 1423              	.LASF96:
 1424 021a 63707573 		.ascii	"cpussTrimRamCtlOffset\000"
 1424      73547269 
 1424      6D52616D 
 1424      43746C4F 
 1424      66667365 
 1425              	.LASF37:
 1426 0230 69706356 		.ascii	"ipcVersion\000"
 1426      65727369 
 1426      6F6E00
 1427              	.LASF99:
 1428 023b 63707573 		.ascii	"cpussCm0NmiCtlOffset\000"
 1428      73436D30 
 1428      4E6D6943 
ARM GAS  C:\Users\dryos\AppData\Local\Temp\ccGjkSMd.s 			page 28


 1428      746C4F66 
 1428      66736574 
 1429              	.LASF156:
 1430 0250 43595F42 		.ascii	"CY_BLE_ADV_STATE_STOP_INITIATED\000"
 1430      4C455F41 
 1430      44565F53 
 1430      54415445 
 1430      5F53544F 
 1431              	.LASF47:
 1432 0270 73727373 		.ascii	"srssNumClkpath\000"
 1432      4E756D43 
 1432      6C6B7061 
 1432      746800
 1433              	.LASF26:
 1434 027f 6873696F 		.ascii	"hsiomBase\000"
 1434      6D426173 
 1434      6500
 1435              	.LASF8:
 1436 0289 6C6F6E67 		.ascii	"long int\000"
 1436      20696E74 
 1436      00
 1437              	.LASF57:
 1438 0292 63727970 		.ascii	"cryptoMemSize\000"
 1438      746F4D65 
 1438      6D53697A 
 1438      6500
 1439              	.LASF157:
 1440 02a0 63795F65 		.ascii	"cy_en_ble_adv_state_t\000"
 1440      6E5F626C 
 1440      655F6164 
 1440      765F7374 
 1440      6174655F 
 1441              	.LASF23:
 1442 02b6 70657269 		.ascii	"periBase\000"
 1442      42617365 
 1442      00
 1443              	.LASF55:
 1444 02bf 73797350 		.ascii	"sysPmSimoPresent\000"
 1444      6D53696D 
 1444      6F507265 
 1444      73656E74 
 1444      00
 1445              	.LASF16:
 1446 02d0 75696E74 		.ascii	"uint16_t\000"
 1446      31365F74 
 1446      00
 1447              	.LASF110:
 1448 02d9 646F7562 		.ascii	"double\000"
 1448      6C6500
 1449              	.LASF84:
 1450 02e0 70657269 		.ascii	"periDiv16_5CtlOffset\000"
 1450      44697631 
 1450      365F3543 
 1450      746C4F66 
 1450      66736574 
 1451              	.LASF173:
 1452 02f5 55415254 		.ascii	"UART_DEB_context\000"
ARM GAS  C:\Users\dryos\AppData\Local\Temp\ccGjkSMd.s 			page 29


 1452      5F444542 
 1452      5F636F6E 
 1452      74657874 
 1452      00
 1453              	.LASF139:
 1454 0306 63617074 		.ascii	"captureInputMode\000"
 1454      75726549 
 1454      6E707574 
 1454      4D6F6465 
 1454      00
 1455              	.LASF82:
 1456 0317 70657269 		.ascii	"periDiv8CtlOffset\000"
 1456      44697638 
 1456      43746C4F 
 1456      66667365 
 1456      7400
 1457              	.LASF6:
 1458 0329 73686F72 		.ascii	"short unsigned int\000"
 1458      7420756E 
 1458      7369676E 
 1458      65642069 
 1458      6E7400
 1459              	.LASF89:
 1460 033c 6770696F 		.ascii	"gpioPrtCfgOutOffset\000"
 1460      50727443 
 1460      66674F75 
 1460      744F6666 
 1460      73657400 
 1461              	.LASF22:
 1462 0350 666C6173 		.ascii	"flashcBase\000"
 1462      68634261 
 1462      736500
 1463              	.LASF9:
 1464 035b 5F5F7569 		.ascii	"__uint32_t\000"
 1464      6E743332 
 1464      5F7400
 1465              	.LASF52:
 1466 0366 70617373 		.ascii	"passSarChannels\000"
 1466      53617243 
 1466      68616E6E 
 1466      656C7300 
 1467              	.LASF4:
 1468 0376 5F5F696E 		.ascii	"__int16_t\000"
 1468      7431365F 
 1468      7400
 1469              	.LASF121:
 1470 0380 72784275 		.ascii	"rxBufIdx\000"
 1470      66496478 
 1470      00
 1471              	.LASF11:
 1472 0389 6C6F6E67 		.ascii	"long long int\000"
 1472      206C6F6E 
 1472      6720696E 
 1472      7400
 1473              	.LASF95:
 1474 0397 63707573 		.ascii	"cpussCm4PwrCtlOffset\000"
 1474      73436D34 
ARM GAS  C:\Users\dryos\AppData\Local\Temp\ccGjkSMd.s 			page 30


 1474      50777243 
 1474      746C4F66 
 1474      66736574 
 1475              	.LASF123:
 1476 03ac 74784275 		.ascii	"txBufSize\000"
 1476      6653697A 
 1476      6500
 1477              	.LASF90:
 1478 03b6 6770696F 		.ascii	"gpioPrtCfgSioOffset\000"
 1478      50727443 
 1478      66675369 
 1478      6F4F6666 
 1478      73657400 
 1479              	.LASF94:
 1480 03ca 63707573 		.ascii	"cpussCm0StatusOffset\000"
 1480      73436D30 
 1480      53746174 
 1480      75734F66 
 1480      66736574 
 1481              	.LASF13:
 1482 03df 756E7369 		.ascii	"unsigned int\000"
 1482      676E6564 
 1482      20696E74 
 1482      00
 1483              	.LASF160:
 1484 03ec 43595F42 		.ascii	"CY_BLE_CONN_STATE_CONNECTED\000"
 1484      4C455F43 
 1484      4F4E4E5F 
 1484      53544154 
 1484      455F434F 
 1485              	.LASF27:
 1486 0408 6770696F 		.ascii	"gpioBase\000"
 1486      42617365 
 1486      00
 1487              	.LASF75:
 1488 0411 70657269 		.ascii	"periTrCmdGrSelMsk\000"
 1488      5472436D 
 1488      64477253 
 1488      656C4D73 
 1488      6B00
 1489              	.LASF10:
 1490 0423 6C6F6E67 		.ascii	"long unsigned int\000"
 1490      20756E73 
 1490      69676E65 
 1490      6420696E 
 1490      7400
 1491              	.LASF112:
 1492 0435 63795F63 		.ascii	"cy_cb_scb_uart_handle_events_t\000"
 1492      625F7363 
 1492      625F7561 
 1492      72745F68 
 1492      616E646C 
 1493              	.LASF40:
 1494 0454 63707573 		.ascii	"cpussIpcNr\000"
 1494      73497063 
 1494      4E7200
 1495              	.LASF42:
ARM GAS  C:\Users\dryos\AppData\Local\Temp\ccGjkSMd.s 			page 31


 1496 045f 63707573 		.ascii	"cpussDwChNr\000"
 1496      73447743 
 1496      684E7200 
 1497              	.LASF65:
 1498 046b 666C6173 		.ascii	"flashCtlMainWs2Freq\000"
 1498      6843746C 
 1498      4D61696E 
 1498      57733246 
 1498      72657100 
 1499              	.LASF76:
 1500 047f 70657269 		.ascii	"periTrGrOffset\000"
 1500      54724772 
 1500      4F666673 
 1500      657400
 1501              	.LASF103:
 1502 048e 63707573 		.ascii	"cpussRam1Ctl0\000"
 1502      7352616D 
 1502      3143746C 
 1502      3000
 1503              	.LASF171:
 1504 049c 63795F62 		.ascii	"cy_ble_connState\000"
 1504      6C655F63 
 1504      6F6E6E53 
 1504      74617465 
 1504      00
 1505              	.LASF125:
 1506 04ad 63624576 		.ascii	"cbEvents\000"
 1506      656E7473 
 1506      00
 1507              	.LASF174:
 1508 04b6 69646C65 		.ascii	"idleTimer_config\000"
 1508      54696D65 
 1508      725F636F 
 1508      6E666967 
 1508      00
 1509              	.LASF87:
 1510 04c7 6770696F 		.ascii	"gpioPrtCfgOffset\000"
 1510      50727443 
 1510      66674F66 
 1510      66736574 
 1510      00
 1511              	.LASF35:
 1512 04d8 6770696F 		.ascii	"gpioVersion\000"
 1512      56657273 
 1512      696F6E00 
 1513              	.LASF107:
 1514 04e4 63795F73 		.ascii	"cy_stc_device_t\000"
 1514      74635F64 
 1514      65766963 
 1514      655F7400 
 1515              	.LASF0:
 1516 04f4 73686F72 		.ascii	"short int\000"
 1516      7420696E 
 1516      7400
 1517              	.LASF25:
 1518 04fe 70726F74 		.ascii	"protBase\000"
 1518      42617365 
ARM GAS  C:\Users\dryos\AppData\Local\Temp\ccGjkSMd.s 			page 32


 1518      00
 1519              	.LASF147:
 1520 0507 636F756E 		.ascii	"countInputMode\000"
 1520      74496E70 
 1520      75744D6F 
 1520      646500
 1521              	.LASF91:
 1522 0516 63707573 		.ascii	"cpussCm0ClockCtlOffset\000"
 1522      73436D30 
 1522      436C6F63 
 1522      6B43746C 
 1522      4F666673 
 1523              	.LASF151:
 1524 052d 61747449 		.ascii	"attId\000"
 1524      6400
 1525              	.LASF30:
 1526 0533 63727970 		.ascii	"cryptoBase\000"
 1526      746F4261 
 1526      736500
 1527              	.LASF38:
 1528 053e 70657269 		.ascii	"periVersion\000"
 1528      56657273 
 1528      696F6E00 
 1529              	.LASF129:
 1530 054a 63795F73 		.ascii	"cy_stc_tcpwm_counter_config\000"
 1530      74635F74 
 1530      6370776D 
 1530      5F636F75 
 1530      6E746572 
 1531              	.LASF19:
 1532 0566 73697A65 		.ascii	"sizetype\000"
 1532      74797065 
 1532      00
 1533              	.LASF68:
 1534 056f 64774368 		.ascii	"dwChOffset\000"
 1534      4F666673 
 1534      657400
 1535              	.LASF20:
 1536 057a 6C6F6E67 		.ascii	"long double\000"
 1536      20646F75 
 1536      626C6500 
 1537              	.LASF48:
 1538 0586 73727373 		.ascii	"srssNumPll\000"
 1538      4E756D50 
 1538      6C6C00
 1539              	.LASF166:
 1540 0591 63795F65 		.ascii	"cy_en_ble_conn_state_t\000"
 1540      6E5F626C 
 1540      655F636F 
 1540      6E6E5F73 
 1540      74617465 
 1541              	.LASF154:
 1542 05a8 43595F42 		.ascii	"CY_BLE_ADV_STATE_ADV_INITIATED\000"
 1542      4C455F41 
 1542      44565F53 
 1542      54415445 
 1542      5F414456 
ARM GAS  C:\Users\dryos\AppData\Local\Temp\ccGjkSMd.s 			page 33


 1543              	.LASF81:
 1544 05c7 70657269 		.ascii	"periDivCmdPaTypeSelPos\000"
 1544      44697643 
 1544      6D645061 
 1544      54797065 
 1544      53656C50 
 1545              	.LASF53:
 1546 05de 65704D6F 		.ascii	"epMonitorNr\000"
 1546      6E69746F 
 1546      724E7200 
 1547              	.LASF39:
 1548 05ea 70726F74 		.ascii	"protVersion\000"
 1548      56657273 
 1548      696F6E00 
 1549              	.LASF72:
 1550 05f6 64775374 		.ascii	"dwStatusChIdxPos\000"
 1550      61747573 
 1550      43684964 
 1550      78506F73 
 1550      00
 1551              	.LASF54:
 1552 0607 75646250 		.ascii	"udbPresent\000"
 1552      72657365 
 1552      6E7400
 1553              	.LASF114:
 1554 0612 72785374 		.ascii	"rxStatus\000"
 1554      61747573 
 1554      00
 1555              	.LASF34:
 1556 061b 666C6173 		.ascii	"flashcVersion\000"
 1556      68635665 
 1556      7273696F 
 1556      6E00
 1557              	.LASF51:
 1558 0629 736D6966 		.ascii	"smifDeviceNr\000"
 1558      44657669 
 1558      63654E72 
 1558      00
 1559              	.LASF175:
 1560 0636 474E5520 		.ascii	"GNU C11 5.4.1 20160609 (release) [ARM/embedded-5-br"
 1560      43313120 
 1560      352E342E 
 1560      31203230 
 1560      31363036 
 1561 0669 616E6368 		.ascii	"anch revision 237715] -mcpu=cortex-m4 -mfloat-abi=s"
 1561      20726576 
 1561      6973696F 
 1561      6E203233 
 1561      37373135 
 1562 069c 6F667466 		.ascii	"oftfp -mfpu=fpv4-sp-d16 -mthumb -g -Og -ffunction-s"
 1562      70202D6D 
 1562      6670753D 
 1562      66707634 
 1562      2D73702D 
 1563 06cf 65637469 		.ascii	"ections -ffat-lto-objects\000"
 1563      6F6E7320 
 1563      2D666661 
ARM GAS  C:\Users\dryos\AppData\Local\Temp\ccGjkSMd.s 			page 34


 1563      742D6C74 
 1563      6F2D6F62 
 1564              	.LASF165:
 1565 06e9 43595F42 		.ascii	"CY_BLE_CONN_STATE_CLIENT_DISCOVERED\000"
 1565      4C455F43 
 1565      4F4E4E5F 
 1565      53544154 
 1565      455F434C 
 1566              	.LASF109:
 1567 070d 666C6F61 		.ascii	"float\000"
 1567      7400
 1568              	.LASF73:
 1569 0713 64775374 		.ascii	"dwStatusChIdxMsk\000"
 1569      61747573 
 1569      43684964 
 1569      784D736B 
 1569      00
 1570              	.LASF168:
 1571 0724 63795F64 		.ascii	"cy_device\000"
 1571      65766963 
 1571      6500
 1572              	.LASF101:
 1573 072e 63707573 		.ascii	"cpussRomCtl\000"
 1573      73526F6D 
 1573      43746C00 
 1574              	.LASF71:
 1575 073a 64774368 		.ascii	"dwChCtlPreemptablePos\000"
 1575      43746C50 
 1575      7265656D 
 1575      70746162 
 1575      6C65506F 
 1576              	.LASF124:
 1577 0750 74784C65 		.ascii	"txLeftToTransmit\000"
 1577      6674546F 
 1577      5472616E 
 1577      736D6974 
 1577      00
 1578              	.LASF62:
 1579 0761 666C6173 		.ascii	"flashEraseDelay\000"
 1579      68457261 
 1579      73654465 
 1579      6C617900 
 1580              	.LASF24:
 1581 0771 75646242 		.ascii	"udbBase\000"
 1581      61736500 
 1582              	.LASF163:
 1583 0779 43595F42 		.ascii	"CY_BLE_CONN_STATE_CLIENT_CHAR_DISCOVERING\000"
 1583      4C455F43 
 1583      4F4E4E5F 
 1583      53544154 
 1583      455F434C 
 1584              	.LASF143:
 1585 07a3 73746172 		.ascii	"startInputMode\000"
 1585      74496E70 
 1585      75744D6F 
 1585      646500
 1586              	.LASF17:
ARM GAS  C:\Users\dryos\AppData\Local\Temp\ccGjkSMd.s 			page 35


 1587 07b2 696E7433 		.ascii	"int32_t\000"
 1587      325F7400 
 1588              	.LASF2:
 1589 07ba 756E7369 		.ascii	"unsigned char\000"
 1589      676E6564 
 1589      20636861 
 1589      7200
 1590              	.LASF33:
 1591 07c8 64775665 		.ascii	"dwVersion\000"
 1591      7273696F 
 1591      6E00
 1592              	.LASF67:
 1593 07d2 666C6173 		.ascii	"flashCtlMainWs4Freq\000"
 1593      6843746C 
 1593      4D61696E 
 1593      57733446 
 1593      72657100 
 1594              	.LASF167:
 1595 07e6 49544D5F 		.ascii	"ITM_RxBuffer\000"
 1595      52784275 
 1595      66666572 
 1595      00
 1596              	.LASF106:
 1597 07f3 6970634C 		.ascii	"ipcLockStatusOffset\000"
 1597      6F636B53 
 1597      74617475 
 1597      734F6666 
 1597      73657400 
 1598              	.LASF85:
 1599 0807 70657269 		.ascii	"periDiv24_5CtlOffset\000"
 1599      44697632 
 1599      345F3543 
 1599      746C4F66 
 1599      66736574 
 1600              	.LASF137:
 1601 081c 656E6162 		.ascii	"enableCompareSwap\000"
 1601      6C65436F 
 1601      6D706172 
 1601      65537761 
 1601      7000
 1602              	.LASF102:
 1603 082e 63707573 		.ascii	"cpussRam0Ctl0\000"
 1603      7352616D 
 1603      3043746C 
 1603      3000
 1604              	.LASF78:
 1605 083c 70657269 		.ascii	"periDivCmdDivSelMsk\000"
 1605      44697643 
 1605      6D644469 
 1605      7653656C 
 1605      4D736B00 
 1606              	.LASF134:
 1607 0850 636F6D70 		.ascii	"compareOrCapture\000"
 1607      6172654F 
 1607      72436170 
 1607      74757265 
 1607      00
ARM GAS  C:\Users\dryos\AppData\Local\Temp\ccGjkSMd.s 			page 36


 1608              	.LASF49:
 1609 0861 73727373 		.ascii	"srssNumHfroot\000"
 1609      4E756D48 
 1609      66726F6F 
 1609      7400
 1610              	.LASF164:
 1611 086f 43595F42 		.ascii	"CY_BLE_CONN_STATE_CLIENT_DESCR_DISCOVERING\000"
 1611      4C455F43 
 1611      4F4E4E5F 
 1611      53544154 
 1611      455F434C 
 1612              	.LASF45:
 1613 089a 63707573 		.ascii	"cpussFmIrq\000"
 1613      73466D49 
 1613      727100
 1614              	.LASF77:
 1615 08a5 70657269 		.ascii	"periTrGrSize\000"
 1615      54724772 
 1615      53697A65 
 1615      00
 1616              	.LASF100:
 1617 08b2 63707573 		.ascii	"cpussCm4NmiCtlOffset\000"
 1617      73436D34 
 1617      4E6D6943 
 1617      746C4F66 
 1617      66736574 
 1618              	.LASF135:
 1619 08c7 636F6D70 		.ascii	"compare0\000"
 1619      61726530 
 1619      00
 1620              	.LASF136:
 1621 08d0 636F6D70 		.ascii	"compare1\000"
 1621      61726531 
 1621      00
 1622              	.LASF148:
 1623 08d9 636F756E 		.ascii	"countInput\000"
 1623      74496E70 
 1623      757400
 1624              	.LASF108:
 1625 08e4 63686172 		.ascii	"char\000"
 1625      00
 1626              	.LASF162:
 1627 08e9 43595F42 		.ascii	"CY_BLE_CONN_STATE_CLIENT_INCL_DISCOVERING\000"
 1627      4C455F43 
 1627      4F4E4E5F 
 1627      53544154 
 1627      455F434C 
 1628              	.LASF64:
 1629 0913 666C6173 		.ascii	"flashCtlMainWs1Freq\000"
 1629      6843746C 
 1629      4D61696E 
 1629      57733146 
 1629      72657100 
 1630              	.LASF5:
 1631 0927 5F5F7569 		.ascii	"__uint16_t\000"
 1631      6E743136 
 1631      5F7400
ARM GAS  C:\Users\dryos\AppData\Local\Temp\ccGjkSMd.s 			page 37


 1632              	.LASF172:
 1633 0932 63795F62 		.ascii	"cy_ble_pendingFlashWrite\000"
 1633      6C655F70 
 1633      656E6469 
 1633      6E67466C 
 1633      61736857 
 1634              	.LASF83:
 1635 094b 70657269 		.ascii	"periDiv16CtlOffset\000"
 1635      44697631 
 1635      3643746C 
 1635      4F666673 
 1635      657400
 1636              	.LASF7:
 1637 095e 5F5F696E 		.ascii	"__int32_t\000"
 1637      7433325F 
 1637      7400
 1638              	.LASF169:
 1639 0968 63795F62 		.ascii	"cy_ble_advState\000"
 1639      6C655F61 
 1639      64765374 
 1639      61746500 
 1640              	.LASF36:
 1641 0978 6873696F 		.ascii	"hsiomVersion\000"
 1641      6D566572 
 1641      73696F6E 
 1641      00
 1642              	.LASF61:
 1643 0985 666C6173 		.ascii	"flashProgramDelay\000"
 1643      6850726F 
 1643      6772616D 
 1643      44656C61 
 1643      7900
 1644              	.LASF117:
 1645 0997 72785269 		.ascii	"rxRingBufHead\000"
 1645      6E674275 
 1645      66486561 
 1645      6400
 1646              	.LASF138:
 1647 09a5 696E7465 		.ascii	"interruptSources\000"
 1647      72727570 
 1647      74536F75 
 1647      72636573 
 1647      00
 1648              	.LASF142:
 1649 09b6 72656C6F 		.ascii	"reloadInput\000"
 1649      6164496E 
 1649      70757400 
 1650              	.LASF161:
 1651 09c2 43595F42 		.ascii	"CY_BLE_CONN_STATE_CLIENT_SRVC_DISCOVERING\000"
 1651      4C455F43 
 1651      4F4E4E5F 
 1651      53544154 
 1651      455F434C 
 1652              	.LASF69:
 1653 09ec 64774368 		.ascii	"dwChSize\000"
 1653      53697A65 
 1653      00
ARM GAS  C:\Users\dryos\AppData\Local\Temp\ccGjkSMd.s 			page 38


 1654              	.LASF146:
 1655 09f5 73746F70 		.ascii	"stopInput\000"
 1655      496E7075 
 1655      7400
 1656              	.LASF105:
 1657 09ff 69706353 		.ascii	"ipcStructSize\000"
 1657      74727563 
 1657      7453697A 
 1657      6500
 1658              	.LASF116:
 1659 0a0d 72785269 		.ascii	"rxRingBufSize\000"
 1659      6E674275 
 1659      6653697A 
 1659      6500
 1660              	.LASF44:
 1661 0a1b 63707573 		.ascii	"cpussIpc0Irq\000"
 1661      73497063 
 1661      30497271 
 1661      00
 1662              	.LASF93:
 1663 0a28 63707573 		.ascii	"cpussCm4StatusOffset\000"
 1663      73436D34 
 1663      53746174 
 1663      75734F66 
 1663      66736574 
 1664              	.LASF126:
 1665 0a3d 696E6974 		.ascii	"initKey\000"
 1665      4B657900 
 1666              	.LASF119:
 1667 0a45 72784275 		.ascii	"rxBuf\000"
 1667      6600
 1668              	.LASF18:
 1669 0a4b 75696E74 		.ascii	"uint32_t\000"
 1669      33325F74 
 1669      00
 1670              	.LASF127:
 1671 0a54 63795F73 		.ascii	"cy_stc_scb_uart_context_t\000"
 1671      74635F73 
 1671      63625F75 
 1671      6172745F 
 1671      636F6E74 
 1672              	.LASF158:
 1673 0a6e 43595F42 		.ascii	"CY_BLE_CONN_STATE_DISCONNECTED\000"
 1673      4C455F43 
 1673      4F4E4E5F 
 1673      53544154 
 1673      455F4449 
 1674              	.LASF170:
 1675 0a8d 63795F62 		.ascii	"cy_ble_connHandle\000"
 1675      6C655F63 
 1675      6F6E6E48 
 1675      616E646C 
 1675      6500
 1676              	.LASF46:
 1677 0a9f 63707573 		.ascii	"cpussNotConnectedIrq\000"
 1677      734E6F74 
 1677      436F6E6E 
ARM GAS  C:\Users\dryos\AppData\Local\Temp\ccGjkSMd.s 			page 39


 1677      65637465 
 1677      64497271 
 1678              	.LASF60:
 1679 0ab4 666C6173 		.ascii	"flashWriteDelay\000"
 1679      68577269 
 1679      74654465 
 1679      6C617900 
 1680              	.LASF153:
 1681 0ac4 43595F42 		.ascii	"CY_BLE_ADV_STATE_STOPPED\000"
 1681      4C455F41 
 1681      44565F53 
 1681      54415445 
 1681      5F53544F 
 1682              	.LASF14:
 1683 0add 75696E74 		.ascii	"uint8_t\000"
 1683      385F7400 
 1684              	.LASF155:
 1685 0ae5 43595F42 		.ascii	"CY_BLE_ADV_STATE_ADVERTISING\000"
 1685      4C455F41 
 1685      44565F53 
 1685      54415445 
 1685      5F414456 
 1686              	.LASF86:
 1687 0b02 6770696F 		.ascii	"gpioPrtIntrCfgOffset\000"
 1687      50727449 
 1687      6E747243 
 1687      66674F66 
 1687      66736574 
 1688              	.LASF141:
 1689 0b17 72656C6F 		.ascii	"reloadInputMode\000"
 1689      6164496E 
 1689      7075744D 
 1689      6F646500 
 1690              	.LASF118:
 1691 0b27 72785269 		.ascii	"rxRingBufTail\000"
 1691      6E674275 
 1691      66546169 
 1691      6C00
 1692              	.LASF97:
 1693 0b35 63707573 		.ascii	"cpussTrimRomCtlOffset\000"
 1693      73547269 
 1693      6D526F6D 
 1693      43746C4F 
 1693      66667365 
 1694              	.LASF150:
 1695 0b4b 62644861 		.ascii	"bdHandle\000"
 1695      6E646C65 
 1695      00
 1696              	.LASF113:
 1697 0b54 74785374 		.ascii	"txStatus\000"
 1697      61747573 
 1697      00
 1698              	.LASF1:
 1699 0b5d 7369676E 		.ascii	"signed char\000"
 1699      65642063 
 1699      68617200 
 1700              	.LASF29:
ARM GAS  C:\Users\dryos\AppData\Local\Temp\ccGjkSMd.s 			page 40


 1701 0b69 69706342 		.ascii	"ipcBase\000"
 1701      61736500 
 1702              	.LASF80:
 1703 0b71 70657269 		.ascii	"periDivCmdPaDivSelPos\000"
 1703      44697643 
 1703      6D645061 
 1703      44697653 
 1703      656C506F 
 1704              	.LASF128:
 1705 0b87 63795F73 		.ascii	"cy_stc_scb_uart_context\000"
 1705      74635F73 
 1705      63625F75 
 1705      6172745F 
 1705      636F6E74 
 1706              	.LASF111:
 1707 0b9f 5F426F6F 		.ascii	"_Bool\000"
 1707      6C00
 1708              	.LASF159:
 1709 0ba5 43595F42 		.ascii	"CY_BLE_CONN_STATE_CLIENT_DISCONNECTED_DISCOVERED\000"
 1709      4C455F43 
 1709      4F4E4E5F 
 1709      53544154 
 1709      455F434C 
 1710              	.LASF31:
 1711 0bd6 63707573 		.ascii	"cpussVersion\000"
 1711      73566572 
 1711      73696F6E 
 1711      00
 1712              	.LASF58:
 1713 0be3 666C6173 		.ascii	"flashRwwRequired\000"
 1713      68527777 
 1713      52657175 
 1713      69726564 
 1713      00
 1714              	.LASF144:
 1715 0bf4 73746172 		.ascii	"startInput\000"
 1715      74496E70 
 1715      757400
 1716              		.ident	"GCC: (GNU Tools for ARM Embedded Processors) 5.4.1 20160609 (release) [ARM/embedded-5-bran
