ARM GAS  C:\Users\dryos\AppData\Local\Temp\ccymx6SP.s 			page 1


   1              		.syntax unified
   2              		.cpu cortex-m4
   3              		.eabi_attribute 27, 1
   4              		.fpu fpv4-sp-d16
   5              		.eabi_attribute 20, 1
   6              		.eabi_attribute 21, 1
   7              		.eabi_attribute 23, 3
   8              		.eabi_attribute 24, 1
   9              		.eabi_attribute 25, 1
  10              		.eabi_attribute 26, 1
  11              		.eabi_attribute 30, 1
  12              		.eabi_attribute 34, 1
  13              		.eabi_attribute 18, 4
  14              		.thumb
  15              		.syntax unified
  16              		.file	"BLE_custom_config.c"
  17              		.text
  18              	.Ltext0:
  19              		.cfi_sections	.debug_frame
  20              		.global	cy_ble_customConfig
  21              		.section	.rodata
  22              		.align	2
  23              		.type	cy_ble_customs, %object
  24              		.size	cy_ble_customs, 8
  25              	cy_ble_customs:
  26 0000 1400     		.short	20
  27 0002 1600     		.short	22
  28 0004 1700     		.short	23
  29 0006 1800     		.short	24
  30              		.data
  31              		.align	2
  32              		.type	cy_ble_customConfig, %object
  33              		.size	cy_ble_customConfig, 4
  34              	cy_ble_customConfig:
  35 0000 00000000 		.word	cy_ble_customs
  36              		.text
  37              	.Letext0:
  38              		.file 1 "c:\\program files (x86)\\cypress\\psoc creator\\4.4\\psoc creator\\import\\gnu\\arm\\5.4.
  39              		.file 2 "c:\\program files (x86)\\cypress\\psoc creator\\4.4\\psoc creator\\import\\gnu\\arm\\5.4.
  40              		.file 3 "Generated_Source\\PSoC6\\pdl\\drivers/peripheral/device/cy_device.h"
  41              		.file 4 "Generated_Source\\PSoC6\\pdl\\middleware/ble/cy_ble_stack_host_main.h"
  42              		.file 5 "Generated_Source\\PSoC6\\pdl\\middleware/ble/cy_ble_stack_gatt.h"
  43              		.file 6 "Generated_Source\\PSoC6\\pdl\\middleware/ble/cy_ble_gap.h"
  44              		.file 7 "Generated_Source\\PSoC6\\pdl\\middleware/ble/cy_ble_custom.h"
  45              		.file 8 "Generated_Source\\PSoC6\\pdl\\cmsis/include/core_cm4.h"
  46              		.file 9 "Generated_Source\\PSoC6\\BLE_custom_config.c"
  47              		.section	.debug_info,"",%progbits
  48              	.Ldebug_info0:
  49 0000 19070000 		.4byte	0x719
  50 0004 0400     		.2byte	0x4
  51 0006 00000000 		.4byte	.Ldebug_abbrev0
  52 000a 04       		.byte	0x4
  53 000b 01       		.uleb128 0x1
  54 000c 28060000 		.4byte	.LASF145
  55 0010 0C       		.byte	0xc
  56 0011 22040000 		.4byte	.LASF146
  57 0015 7A010000 		.4byte	.LASF147
ARM GAS  C:\Users\dryos\AppData\Local\Temp\ccymx6SP.s 			page 2


  58 0019 00000000 		.4byte	.Ldebug_line0
  59 001d 02       		.uleb128 0x2
  60 001e 04       		.byte	0x4
  61 001f 05       		.byte	0x5
  62 0020 696E7400 		.ascii	"int\000"
  63 0024 03       		.uleb128 0x3
  64 0025 04       		.byte	0x4
  65 0026 07       		.byte	0x7
  66 0027 8D030000 		.4byte	.LASF0
  67 002b 03       		.uleb128 0x3
  68 002c 08       		.byte	0x8
  69 002d 05       		.byte	0x5
  70 002e 60010000 		.4byte	.LASF1
  71 0032 03       		.uleb128 0x3
  72 0033 08       		.byte	0x8
  73 0034 04       		.byte	0x4
  74 0035 57080000 		.4byte	.LASF2
  75 0039 03       		.uleb128 0x3
  76 003a 01       		.byte	0x1
  77 003b 06       		.byte	0x6
  78 003c 6E010000 		.4byte	.LASF3
  79 0040 04       		.uleb128 0x4
  80 0041 86000000 		.4byte	.LASF5
  81 0045 01       		.byte	0x1
  82 0046 1D       		.byte	0x1d
  83 0047 4B000000 		.4byte	0x4b
  84 004b 03       		.uleb128 0x3
  85 004c 01       		.byte	0x1
  86 004d 08       		.byte	0x8
  87 004e 92070000 		.4byte	.LASF4
  88 0052 04       		.uleb128 0x4
  89 0053 24030000 		.4byte	.LASF6
  90 0057 01       		.byte	0x1
  91 0058 29       		.byte	0x29
  92 0059 5D000000 		.4byte	0x5d
  93 005d 03       		.uleb128 0x3
  94 005e 02       		.byte	0x2
  95 005f 05       		.byte	0x5
  96 0060 B4070000 		.4byte	.LASF7
  97 0064 04       		.uleb128 0x4
  98 0065 82080000 		.4byte	.LASF8
  99 0069 01       		.byte	0x1
 100 006a 2B       		.byte	0x2b
 101 006b 6F000000 		.4byte	0x6f
 102 006f 03       		.uleb128 0x3
 103 0070 02       		.byte	0x2
 104 0071 07       		.byte	0x7
 105 0072 F4080000 		.4byte	.LASF9
 106 0076 04       		.uleb128 0x4
 107 0077 B9080000 		.4byte	.LASF10
 108 007b 01       		.byte	0x1
 109 007c 3F       		.byte	0x3f
 110 007d 81000000 		.4byte	0x81
 111 0081 03       		.uleb128 0x3
 112 0082 04       		.byte	0x4
 113 0083 05       		.byte	0x5
 114 0084 0F020000 		.4byte	.LASF11
ARM GAS  C:\Users\dryos\AppData\Local\Temp\ccymx6SP.s 			page 3


 115 0088 04       		.uleb128 0x4
 116 0089 FA020000 		.4byte	.LASF12
 117 008d 01       		.byte	0x1
 118 008e 41       		.byte	0x41
 119 008f 93000000 		.4byte	0x93
 120 0093 03       		.uleb128 0x3
 121 0094 04       		.byte	0x4
 122 0095 07       		.byte	0x7
 123 0096 FC030000 		.4byte	.LASF13
 124 009a 03       		.uleb128 0x3
 125 009b 08       		.byte	0x8
 126 009c 07       		.byte	0x7
 127 009d E8000000 		.4byte	.LASF14
 128 00a1 03       		.uleb128 0x3
 129 00a2 04       		.byte	0x4
 130 00a3 07       		.byte	0x7
 131 00a4 52050000 		.4byte	.LASF15
 132 00a8 03       		.uleb128 0x3
 133 00a9 01       		.byte	0x1
 134 00aa 08       		.byte	0x8
 135 00ab 63080000 		.4byte	.LASF16
 136 00af 04       		.uleb128 0x4
 137 00b0 B8090000 		.4byte	.LASF17
 138 00b4 02       		.byte	0x2
 139 00b5 18       		.byte	0x18
 140 00b6 40000000 		.4byte	0x40
 141 00ba 04       		.uleb128 0x4
 142 00bb 58010000 		.4byte	.LASF18
 143 00bf 02       		.byte	0x2
 144 00c0 20       		.byte	0x20
 145 00c1 52000000 		.4byte	0x52
 146 00c5 04       		.uleb128 0x4
 147 00c6 E1030000 		.4byte	.LASF19
 148 00ca 02       		.byte	0x2
 149 00cb 24       		.byte	0x24
 150 00cc 64000000 		.4byte	0x64
 151 00d0 04       		.uleb128 0x4
 152 00d1 8A070000 		.4byte	.LASF20
 153 00d5 02       		.byte	0x2
 154 00d6 2C       		.byte	0x2c
 155 00d7 76000000 		.4byte	0x76
 156 00db 04       		.uleb128 0x4
 157 00dc 4E080000 		.4byte	.LASF21
 158 00e0 02       		.byte	0x2
 159 00e1 30       		.byte	0x30
 160 00e2 88000000 		.4byte	0x88
 161 00e6 05       		.uleb128 0x5
 162 00e7 B8       		.byte	0xb8
 163 00e8 03       		.byte	0x3
 164 00e9 34       		.byte	0x34
 165 00ea F7040000 		.4byte	0x4f7
 166 00ee 06       		.uleb128 0x6
 167 00ef CF000000 		.4byte	.LASF22
 168 00f3 03       		.byte	0x3
 169 00f4 37       		.byte	0x37
 170 00f5 DB000000 		.4byte	0xdb
 171 00f9 00       		.byte	0
ARM GAS  C:\Users\dryos\AppData\Local\Temp\ccymx6SP.s 			page 4


 172 00fa 06       		.uleb128 0x6
 173 00fb EF020000 		.4byte	.LASF23
 174 00ff 03       		.byte	0x3
 175 0100 38       		.byte	0x38
 176 0101 DB000000 		.4byte	0xdb
 177 0105 04       		.byte	0x4
 178 0106 06       		.uleb128 0x6
 179 0107 53020000 		.4byte	.LASF24
 180 010b 03       		.byte	0x3
 181 010c 39       		.byte	0x39
 182 010d DB000000 		.4byte	0xdb
 183 0111 08       		.byte	0x8
 184 0112 06       		.uleb128 0x6
 185 0113 52070000 		.4byte	.LASF25
 186 0117 03       		.byte	0x3
 187 0118 3A       		.byte	0x3a
 188 0119 DB000000 		.4byte	0xdb
 189 011d 0C       		.byte	0xc
 190 011e 06       		.uleb128 0x6
 191 011f BC010000 		.4byte	.LASF26
 192 0123 03       		.byte	0x3
 193 0124 3B       		.byte	0x3b
 194 0125 DB000000 		.4byte	0xdb
 195 0129 10       		.byte	0x10
 196 012a 06       		.uleb128 0x6
 197 012b 05020000 		.4byte	.LASF27
 198 012f 03       		.byte	0x3
 199 0130 3C       		.byte	0x3c
 200 0131 DB000000 		.4byte	0xdb
 201 0135 14       		.byte	0x14
 202 0136 06       		.uleb128 0x6
 203 0137 19040000 		.4byte	.LASF28
 204 013b 03       		.byte	0x3
 205 013c 3D       		.byte	0x3d
 206 013d DB000000 		.4byte	0xdb
 207 0141 18       		.byte	0x18
 208 0142 06       		.uleb128 0x6
 209 0143 67000000 		.4byte	.LASF29
 210 0147 03       		.byte	0x3
 211 0148 3E       		.byte	0x3e
 212 0149 DB000000 		.4byte	0xdb
 213 014d 1C       		.byte	0x1c
 214 014e 06       		.uleb128 0x6
 215 014f 220A0000 		.4byte	.LASF30
 216 0153 03       		.byte	0x3
 217 0154 3F       		.byte	0x3f
 218 0155 DB000000 		.4byte	0xdb
 219 0159 20       		.byte	0x20
 220 015a 06       		.uleb128 0x6
 221 015b 10060000 		.4byte	.LASF31
 222 015f 03       		.byte	0x3
 223 0160 40       		.byte	0x40
 224 0161 DB000000 		.4byte	0xdb
 225 0165 24       		.byte	0x24
 226 0166 06       		.uleb128 0x6
 227 0167 07050000 		.4byte	.LASF32
 228 016b 03       		.byte	0x3
ARM GAS  C:\Users\dryos\AppData\Local\Temp\ccymx6SP.s 			page 5


 229 016c 43       		.byte	0x43
 230 016d AF000000 		.4byte	0xaf
 231 0171 28       		.byte	0x28
 232 0172 06       		.uleb128 0x6
 233 0173 4D000000 		.4byte	.LASF33
 234 0177 03       		.byte	0x3
 235 0178 44       		.byte	0x44
 236 0179 AF000000 		.4byte	0xaf
 237 017d 29       		.byte	0x29
 238 017e 06       		.uleb128 0x6
 239 017f 180A0000 		.4byte	.LASF34
 240 0183 03       		.byte	0x3
 241 0184 45       		.byte	0x45
 242 0185 AF000000 		.4byte	0xaf
 243 0189 2A       		.byte	0x2a
 244 018a 06       		.uleb128 0x6
 245 018b 02060000 		.4byte	.LASF35
 246 018f 03       		.byte	0x3
 247 0190 46       		.byte	0x46
 248 0191 AF000000 		.4byte	0xaf
 249 0195 2B       		.byte	0x2b
 250 0196 06       		.uleb128 0x6
 251 0197 97040000 		.4byte	.LASF36
 252 019b 03       		.byte	0x3
 253 019c 47       		.byte	0x47
 254 019d AF000000 		.4byte	0xaf
 255 01a1 2C       		.byte	0x2c
 256 01a2 06       		.uleb128 0x6
 257 01a3 D3080000 		.4byte	.LASF37
 258 01a7 03       		.byte	0x3
 259 01a8 48       		.byte	0x48
 260 01a9 AF000000 		.4byte	0xaf
 261 01ad 2D       		.byte	0x2d
 262 01ae 06       		.uleb128 0x6
 263 01af C5010000 		.4byte	.LASF38
 264 01b3 03       		.byte	0x3
 265 01b4 49       		.byte	0x49
 266 01b5 AF000000 		.4byte	0xaf
 267 01b9 2E       		.byte	0x2e
 268 01ba 06       		.uleb128 0x6
 269 01bb 31050000 		.4byte	.LASF39
 270 01bf 03       		.byte	0x3
 271 01c0 4A       		.byte	0x4a
 272 01c1 AF000000 		.4byte	0xaf
 273 01c5 2F       		.byte	0x2f
 274 01c6 06       		.uleb128 0x6
 275 01c7 68080000 		.4byte	.LASF40
 276 01cb 03       		.byte	0x3
 277 01cc 4B       		.byte	0x4b
 278 01cd AF000000 		.4byte	0xaf
 279 01d1 30       		.byte	0x30
 280 01d2 06       		.uleb128 0x6
 281 01d3 0E040000 		.4byte	.LASF41
 282 01d7 03       		.byte	0x3
 283 01d8 4E       		.byte	0x4e
 284 01d9 AF000000 		.4byte	0xaf
 285 01dd 31       		.byte	0x31
ARM GAS  C:\Users\dryos\AppData\Local\Temp\ccymx6SP.s 			page 6


 286 01de 06       		.uleb128 0x6
 287 01df 78000000 		.4byte	.LASF42
 288 01e3 03       		.byte	0x3
 289 01e4 4F       		.byte	0x4f
 290 01e5 AF000000 		.4byte	0xaf
 291 01e9 32       		.byte	0x32
 292 01ea 06       		.uleb128 0x6
 293 01eb 81030000 		.4byte	.LASF43
 294 01ef 03       		.byte	0x3
 295 01f0 50       		.byte	0x50
 296 01f1 AF000000 		.4byte	0xaf
 297 01f5 33       		.byte	0x33
 298 01f6 06       		.uleb128 0x6
 299 01f7 66050000 		.4byte	.LASF44
 300 01fb 03       		.byte	0x3
 301 01fc 51       		.byte	0x51
 302 01fd AF000000 		.4byte	0xaf
 303 0201 34       		.byte	0x34
 304 0202 06       		.uleb128 0x6
 305 0203 1E090000 		.4byte	.LASF45
 306 0207 03       		.byte	0x3
 307 0208 52       		.byte	0x52
 308 0209 BA000000 		.4byte	0xba
 309 020d 36       		.byte	0x36
 310 020e 06       		.uleb128 0x6
 311 020f 6D020000 		.4byte	.LASF46
 312 0213 03       		.byte	0x3
 313 0214 53       		.byte	0x53
 314 0215 BA000000 		.4byte	0xba
 315 0219 38       		.byte	0x38
 316 021a 06       		.uleb128 0x6
 317 021b 6D090000 		.4byte	.LASF47
 318 021f 03       		.byte	0x3
 319 0220 54       		.byte	0x54
 320 0221 BA000000 		.4byte	0xba
 321 0225 3A       		.byte	0x3a
 322 0226 06       		.uleb128 0x6
 323 0227 090A0000 		.4byte	.LASF48
 324 022b 03       		.byte	0x3
 325 022c 55       		.byte	0x55
 326 022d AF000000 		.4byte	0xaf
 327 0231 3C       		.byte	0x3c
 328 0232 06       		.uleb128 0x6
 329 0233 94020000 		.4byte	.LASF49
 330 0237 03       		.byte	0x3
 331 0238 56       		.byte	0x56
 332 0239 AF000000 		.4byte	0xaf
 333 023d 3D       		.byte	0x3d
 334 023e 06       		.uleb128 0x6
 335 023f 30080000 		.4byte	.LASF50
 336 0243 03       		.byte	0x3
 337 0244 57       		.byte	0x57
 338 0245 AF000000 		.4byte	0xaf
 339 0249 3E       		.byte	0x3e
 340 024a 06       		.uleb128 0x6
 341 024b 5B000000 		.4byte	.LASF51
 342 024f 03       		.byte	0x3
ARM GAS  C:\Users\dryos\AppData\Local\Temp\ccymx6SP.s 			page 7


 343 0250 58       		.byte	0x58
 344 0251 AF000000 		.4byte	0xaf
 345 0255 3F       		.byte	0x3f
 346 0256 06       		.uleb128 0x6
 347 0257 1B060000 		.4byte	.LASF52
 348 025b 03       		.byte	0x3
 349 025c 59       		.byte	0x59
 350 025d AF000000 		.4byte	0xaf
 351 0261 40       		.byte	0x40
 352 0262 06       		.uleb128 0x6
 353 0263 14030000 		.4byte	.LASF53
 354 0267 03       		.byte	0x3
 355 0268 5A       		.byte	0x5a
 356 0269 AF000000 		.4byte	0xaf
 357 026d 41       		.byte	0x41
 358 026e 06       		.uleb128 0x6
 359 026f B3040000 		.4byte	.LASF54
 360 0273 03       		.byte	0x3
 361 0274 5B       		.byte	0x5b
 362 0275 AF000000 		.4byte	0xaf
 363 0279 42       		.byte	0x42
 364 027a 06       		.uleb128 0x6
 365 027b E0050000 		.4byte	.LASF55
 366 027f 03       		.byte	0x3
 367 0280 5C       		.byte	0x5c
 368 0281 AF000000 		.4byte	0xaf
 369 0285 43       		.byte	0x43
 370 0286 06       		.uleb128 0x6
 371 0287 5C020000 		.4byte	.LASF56
 372 028b 03       		.byte	0x3
 373 028c 5D       		.byte	0x5d
 374 028d AF000000 		.4byte	0xaf
 375 0291 44       		.byte	0x44
 376 0292 06       		.uleb128 0x6
 377 0293 00000000 		.4byte	.LASF57
 378 0297 03       		.byte	0x3
 379 0298 5E       		.byte	0x5e
 380 0299 DB000000 		.4byte	0xdb
 381 029d 48       		.byte	0x48
 382 029e 06       		.uleb128 0x6
 383 029f 2F020000 		.4byte	.LASF58
 384 02a3 03       		.byte	0x3
 385 02a4 5F       		.byte	0x5f
 386 02a5 DB000000 		.4byte	0xdb
 387 02a9 4C       		.byte	0x4c
 388 02aa 06       		.uleb128 0x6
 389 02ab 980A0000 		.4byte	.LASF59
 390 02af 03       		.byte	0x3
 391 02b0 60       		.byte	0x60
 392 02b1 AF000000 		.4byte	0xaf
 393 02b5 50       		.byte	0x50
 394 02b6 06       		.uleb128 0x6
 395 02b7 32010000 		.4byte	.LASF60
 396 02bb 03       		.byte	0x3
 397 02bc 61       		.byte	0x61
 398 02bd AF000000 		.4byte	0xaf
 399 02c1 51       		.byte	0x51
ARM GAS  C:\Users\dryos\AppData\Local\Temp\ccymx6SP.s 			page 8


 400 02c2 06       		.uleb128 0x6
 401 02c3 DB060000 		.4byte	.LASF61
 402 02c7 03       		.byte	0x3
 403 02c8 62       		.byte	0x62
 404 02c9 AF000000 		.4byte	0xaf
 405 02cd 52       		.byte	0x52
 406 02ce 06       		.uleb128 0x6
 407 02cf 400A0000 		.4byte	.LASF62
 408 02d3 03       		.byte	0x3
 409 02d4 63       		.byte	0x63
 410 02d5 AF000000 		.4byte	0xaf
 411 02d9 53       		.byte	0x53
 412 02da 06       		.uleb128 0x6
 413 02db 3E080000 		.4byte	.LASF63
 414 02df 03       		.byte	0x3
 415 02e0 64       		.byte	0x64
 416 02e1 AF000000 		.4byte	0xaf
 417 02e5 54       		.byte	0x54
 418 02e6 06       		.uleb128 0x6
 419 02e7 44010000 		.4byte	.LASF64
 420 02eb 03       		.byte	0x3
 421 02ec 65       		.byte	0x65
 422 02ed AF000000 		.4byte	0xaf
 423 02f1 55       		.byte	0x55
 424 02f2 06       		.uleb128 0x6
 425 02f3 E0080000 		.4byte	.LASF65
 426 02f7 03       		.byte	0x3
 427 02f8 66       		.byte	0x66
 428 02f9 AF000000 		.4byte	0xaf
 429 02fd 56       		.byte	0x56
 430 02fe 06       		.uleb128 0x6
 431 02ff EC070000 		.4byte	.LASF66
 432 0303 03       		.byte	0x3
 433 0304 67       		.byte	0x67
 434 0305 AF000000 		.4byte	0xaf
 435 0309 57       		.byte	0x57
 436 030a 06       		.uleb128 0x6
 437 030b 12000000 		.4byte	.LASF67
 438 030f 03       		.byte	0x3
 439 0310 68       		.byte	0x68
 440 0311 AF000000 		.4byte	0xaf
 441 0315 58       		.byte	0x58
 442 0316 06       		.uleb128 0x6
 443 0317 A0070000 		.4byte	.LASF68
 444 031b 03       		.byte	0x3
 445 031c 69       		.byte	0x69
 446 031d AF000000 		.4byte	0xaf
 447 0321 59       		.byte	0x59
 448 0322 06       		.uleb128 0x6
 449 0323 5B050000 		.4byte	.LASF69
 450 0327 03       		.byte	0x3
 451 0328 6E       		.byte	0x6e
 452 0329 C5000000 		.4byte	0xc5
 453 032d 5A       		.byte	0x5a
 454 032e 06       		.uleb128 0x6
 455 032f 07090000 		.4byte	.LASF70
 456 0333 03       		.byte	0x3
ARM GAS  C:\Users\dryos\AppData\Local\Temp\ccymx6SP.s 			page 9


 457 0334 6F       		.byte	0x6f
 458 0335 C5000000 		.4byte	0xc5
 459 0339 5C       		.byte	0x5c
 460 033a 06       		.uleb128 0x6
 461 033b D9000000 		.4byte	.LASF71
 462 033f 03       		.byte	0x3
 463 0340 70       		.byte	0x70
 464 0341 AF000000 		.4byte	0xaf
 465 0345 5E       		.byte	0x5e
 466 0346 06       		.uleb128 0x6
 467 0347 3C070000 		.4byte	.LASF72
 468 034b 03       		.byte	0x3
 469 034c 71       		.byte	0x71
 470 034d AF000000 		.4byte	0xaf
 471 0351 5F       		.byte	0x5f
 472 0352 06       		.uleb128 0x6
 473 0353 CF050000 		.4byte	.LASF73
 474 0357 03       		.byte	0x3
 475 0358 72       		.byte	0x72
 476 0359 AF000000 		.4byte	0xaf
 477 035d 60       		.byte	0x60
 478 035e 06       		.uleb128 0x6
 479 035f 15070000 		.4byte	.LASF74
 480 0363 03       		.byte	0x3
 481 0364 73       		.byte	0x73
 482 0365 DB000000 		.4byte	0xdb
 483 0369 64       		.byte	0x64
 484 036a 06       		.uleb128 0x6
 485 036b FF000000 		.4byte	.LASF75
 486 036f 03       		.byte	0x3
 487 0370 76       		.byte	0x76
 488 0371 C5000000 		.4byte	0xc5
 489 0375 68       		.byte	0x68
 490 0376 06       		.uleb128 0x6
 491 0377 EA030000 		.4byte	.LASF76
 492 037b 03       		.byte	0x3
 493 037c 77       		.byte	0x77
 494 037d C5000000 		.4byte	0xc5
 495 0381 6A       		.byte	0x6a
 496 0382 06       		.uleb128 0x6
 497 0383 4D040000 		.4byte	.LASF77
 498 0387 03       		.byte	0x3
 499 0388 78       		.byte	0x78
 500 0389 C5000000 		.4byte	0xc5
 501 038d 6C       		.byte	0x6c
 502 038e 06       		.uleb128 0x6
 503 038f 8A040000 		.4byte	.LASF78
 504 0393 03       		.byte	0x3
 505 0394 79       		.byte	0x79
 506 0395 C5000000 		.4byte	0xc5
 507 0399 6E       		.byte	0x6e
 508 039a 06       		.uleb128 0x6
 509 039b D8070000 		.4byte	.LASF79
 510 039f 03       		.byte	0x3
 511 03a0 7B       		.byte	0x7b
 512 03a1 AF000000 		.4byte	0xaf
 513 03a5 70       		.byte	0x70
ARM GAS  C:\Users\dryos\AppData\Local\Temp\ccymx6SP.s 			page 10


 514 03a6 06       		.uleb128 0x6
 515 03a7 A7010000 		.4byte	.LASF80
 516 03ab 03       		.byte	0x3
 517 03ac 7C       		.byte	0x7c
 518 03ad AF000000 		.4byte	0xaf
 519 03b1 71       		.byte	0x71
 520 03b2 06       		.uleb128 0x6
 521 03b3 2A0A0000 		.4byte	.LASF81
 522 03b7 03       		.byte	0x3
 523 03b8 7D       		.byte	0x7d
 524 03b9 AF000000 		.4byte	0xaf
 525 03bd 72       		.byte	0x72
 526 03be 06       		.uleb128 0x6
 527 03bf 96050000 		.4byte	.LASF82
 528 03c3 03       		.byte	0x3
 529 03c4 7E       		.byte	0x7e
 530 03c5 AF000000 		.4byte	0xaf
 531 03c9 73       		.byte	0x73
 532 03ca 06       		.uleb128 0x6
 533 03cb 9F020000 		.4byte	.LASF83
 534 03cf 03       		.byte	0x3
 535 03d0 80       		.byte	0x80
 536 03d1 C5000000 		.4byte	0xc5
 537 03d5 74       		.byte	0x74
 538 03d6 06       		.uleb128 0x6
 539 03d7 A6080000 		.4byte	.LASF84
 540 03db 03       		.byte	0x3
 541 03dc 81       		.byte	0x81
 542 03dd C5000000 		.4byte	0xc5
 543 03e1 76       		.byte	0x76
 544 03e2 06       		.uleb128 0x6
 545 03e3 7F020000 		.4byte	.LASF85
 546 03e7 03       		.byte	0x3
 547 03e8 82       		.byte	0x82
 548 03e9 C5000000 		.4byte	0xc5
 549 03ed 78       		.byte	0x78
 550 03ee 06       		.uleb128 0x6
 551 03ef 90000000 		.4byte	.LASF86
 552 03f3 03       		.byte	0x3
 553 03f4 83       		.byte	0x83
 554 03f5 C5000000 		.4byte	0xc5
 555 03f9 7A       		.byte	0x7a
 556 03fa 06       		.uleb128 0x6
 557 03fb D5090000 		.4byte	.LASF87
 558 03ff 03       		.byte	0x3
 559 0400 86       		.byte	0x86
 560 0401 AF000000 		.4byte	0xaf
 561 0405 7C       		.byte	0x7c
 562 0406 06       		.uleb128 0x6
 563 0407 2B090000 		.4byte	.LASF88
 564 040b 03       		.byte	0x3
 565 040c 87       		.byte	0x87
 566 040d AF000000 		.4byte	0xaf
 567 0411 7D       		.byte	0x7d
 568 0412 06       		.uleb128 0x6
 569 0413 26000000 		.4byte	.LASF89
 570 0417 03       		.byte	0x3
ARM GAS  C:\Users\dryos\AppData\Local\Temp\ccymx6SP.s 			page 11


 571 0418 88       		.byte	0x88
 572 0419 AF000000 		.4byte	0xaf
 573 041d 7E       		.byte	0x7e
 574 041e 06       		.uleb128 0x6
 575 041f DB020000 		.4byte	.LASF90
 576 0423 03       		.byte	0x3
 577 0424 89       		.byte	0x89
 578 0425 AF000000 		.4byte	0xaf
 579 0429 7F       		.byte	0x7f
 580 042a 06       		.uleb128 0x6
 581 042b 6D030000 		.4byte	.LASF91
 582 042f 03       		.byte	0x3
 583 0430 8A       		.byte	0x8a
 584 0431 AF000000 		.4byte	0xaf
 585 0435 80       		.byte	0x80
 586 0436 06       		.uleb128 0x6
 587 0437 EA040000 		.4byte	.LASF92
 588 043b 03       		.byte	0x3
 589 043c 8D       		.byte	0x8d
 590 043d DB000000 		.4byte	0xdb
 591 0441 84       		.byte	0x84
 592 0442 06       		.uleb128 0x6
 593 0443 18020000 		.4byte	.LASF93
 594 0447 03       		.byte	0x3
 595 0448 8E       		.byte	0x8e
 596 0449 DB000000 		.4byte	0xdb
 597 044d 88       		.byte	0x88
 598 044e 06       		.uleb128 0x6
 599 044f C0090000 		.4byte	.LASF94
 600 0453 03       		.byte	0x3
 601 0454 8F       		.byte	0x8f
 602 0455 DB000000 		.4byte	0xdb
 603 0459 8C       		.byte	0x8c
 604 045a 06       		.uleb128 0x6
 605 045b 3D050000 		.4byte	.LASF95
 606 045f 03       		.byte	0x3
 607 0460 90       		.byte	0x90
 608 0461 DB000000 		.4byte	0xdb
 609 0465 90       		.byte	0x90
 610 0466 06       		.uleb128 0x6
 611 0467 2E030000 		.4byte	.LASF96
 612 046b 03       		.byte	0x3
 613 046c 91       		.byte	0x91
 614 046d DB000000 		.4byte	0xdb
 615 0471 94       		.byte	0x94
 616 0472 06       		.uleb128 0x6
 617 0473 D4040000 		.4byte	.LASF97
 618 0477 03       		.byte	0x3
 619 0478 92       		.byte	0x92
 620 0479 DB000000 		.4byte	0xdb
 621 047d 98       		.byte	0x98
 622 047e 06       		.uleb128 0x6
 623 047f EA090000 		.4byte	.LASF98
 624 0483 03       		.byte	0x3
 625 0484 93       		.byte	0x93
 626 0485 DB000000 		.4byte	0xdb
 627 0489 9C       		.byte	0x9c
ARM GAS  C:\Users\dryos\AppData\Local\Temp\ccymx6SP.s 			page 12


 628 048a 06       		.uleb128 0x6
 629 048b 0F010000 		.4byte	.LASF99
 630 048f 03       		.byte	0x3
 631 0490 94       		.byte	0x94
 632 0491 DB000000 		.4byte	0xdb
 633 0495 A0       		.byte	0xa0
 634 0496 06       		.uleb128 0x6
 635 0497 D0010000 		.4byte	.LASF100
 636 049b 03       		.byte	0x3
 637 049c 95       		.byte	0x95
 638 049d C5000000 		.4byte	0xc5
 639 04a1 A4       		.byte	0xa4
 640 04a2 06       		.uleb128 0x6
 641 04a3 BF040000 		.4byte	.LASF101
 642 04a7 03       		.byte	0x3
 643 04a8 96       		.byte	0x96
 644 04a9 C5000000 		.4byte	0xc5
 645 04ad A6       		.byte	0xa6
 646 04ae 06       		.uleb128 0x6
 647 04af 30070000 		.4byte	.LASF102
 648 04b3 03       		.byte	0x3
 649 04b4 97       		.byte	0x97
 650 04b5 C5000000 		.4byte	0xc5
 651 04b9 A8       		.byte	0xa8
 652 04ba 06       		.uleb128 0x6
 653 04bb 74080000 		.4byte	.LASF103
 654 04bf 03       		.byte	0x3
 655 04c0 98       		.byte	0x98
 656 04c1 C5000000 		.4byte	0xc5
 657 04c5 AA       		.byte	0xaa
 658 04c6 06       		.uleb128 0x6
 659 04c7 5C040000 		.4byte	.LASF104
 660 04cb 03       		.byte	0x3
 661 04cc 99       		.byte	0x99
 662 04cd C5000000 		.4byte	0xc5
 663 04d1 AC       		.byte	0xac
 664 04d2 06       		.uleb128 0x6
 665 04d3 AD050000 		.4byte	.LASF105
 666 04d7 03       		.byte	0x3
 667 04d8 9A       		.byte	0x9a
 668 04d9 C5000000 		.4byte	0xc5
 669 04dd AE       		.byte	0xae
 670 04de 06       		.uleb128 0x6
 671 04df 10090000 		.4byte	.LASF106
 672 04e3 03       		.byte	0x3
 673 04e4 9D       		.byte	0x9d
 674 04e5 C5000000 		.4byte	0xc5
 675 04e9 B0       		.byte	0xb0
 676 04ea 06       		.uleb128 0x6
 677 04eb 39000000 		.4byte	.LASF107
 678 04ef 03       		.byte	0x3
 679 04f0 9E       		.byte	0x9e
 680 04f1 DB000000 		.4byte	0xdb
 681 04f5 B4       		.byte	0xb4
 682 04f6 00       		.byte	0
 683 04f7 04       		.uleb128 0x4
 684 04f8 A3040000 		.4byte	.LASF108
ARM GAS  C:\Users\dryos\AppData\Local\Temp\ccymx6SP.s 			page 13


 685 04fc 03       		.byte	0x3
 686 04fd 9F       		.byte	0x9f
 687 04fe E6000000 		.4byte	0xe6
 688 0502 03       		.uleb128 0x3
 689 0503 04       		.byte	0x4
 690 0504 04       		.byte	0x4
 691 0505 0F070000 		.4byte	.LASF109
 692 0509 03       		.uleb128 0x3
 693 050a 08       		.byte	0x8
 694 050b 04       		.byte	0x4
 695 050c 78020000 		.4byte	.LASF110
 696 0510 07       		.uleb128 0x7
 697 0511 02       		.byte	0x2
 698 0512 04       		.byte	0x4
 699 0513 6401     		.2byte	0x164
 700 0515 34050000 		.4byte	0x534
 701 0519 08       		.uleb128 0x8
 702 051a 000A0000 		.4byte	.LASF111
 703 051e 04       		.byte	0x4
 704 051f 6E01     		.2byte	0x16e
 705 0521 AF000000 		.4byte	0xaf
 706 0525 00       		.byte	0
 707 0526 08       		.uleb128 0x8
 708 0527 01050000 		.4byte	.LASF112
 709 052b 04       		.byte	0x4
 710 052c 7201     		.2byte	0x172
 711 052e AF000000 		.4byte	0xaf
 712 0532 01       		.byte	0x1
 713 0533 00       		.byte	0
 714 0534 09       		.uleb128 0x9
 715 0535 A5000000 		.4byte	.LASF113
 716 0539 04       		.byte	0x4
 717 053a 7401     		.2byte	0x174
 718 053c 10050000 		.4byte	0x510
 719 0540 09       		.uleb128 0x9
 720 0541 14050000 		.4byte	.LASF114
 721 0545 05       		.byte	0x5
 722 0546 7F01     		.2byte	0x17f
 723 0548 C5000000 		.4byte	0xc5
 724 054c 0A       		.uleb128 0xa
 725 054d 01       		.byte	0x1
 726 054e 4B000000 		.4byte	0x4b
 727 0552 06       		.byte	0x6
 728 0553 7E       		.byte	0x7e
 729 0554 71050000 		.4byte	0x571
 730 0558 0B       		.uleb128 0xb
 731 0559 9F090000 		.4byte	.LASF115
 732 055d 00       		.byte	0
 733 055e 0B       		.uleb128 0xb
 734 055f 77050000 		.4byte	.LASF116
 735 0563 01       		.byte	0x1
 736 0564 0B       		.uleb128 0xb
 737 0565 82090000 		.4byte	.LASF117
 738 0569 02       		.byte	0x2
 739 056a 0B       		.uleb128 0xb
 740 056b E5010000 		.4byte	.LASF118
 741 056f 03       		.byte	0x3
ARM GAS  C:\Users\dryos\AppData\Local\Temp\ccymx6SP.s 			page 14


 742 0570 00       		.byte	0
 743 0571 04       		.uleb128 0x4
 744 0572 3D020000 		.4byte	.LASF119
 745 0576 06       		.byte	0x6
 746 0577 83       		.byte	0x83
 747 0578 4C050000 		.4byte	0x54c
 748 057c 0A       		.uleb128 0xa
 749 057d 01       		.byte	0x1
 750 057e 4B000000 		.4byte	0x4b
 751 0582 06       		.byte	0x6
 752 0583 87       		.byte	0x87
 753 0584 B9050000 		.4byte	0x5b9
 754 0588 0B       		.uleb128 0xb
 755 0589 3C090000 		.4byte	.LASF120
 756 058d 00       		.byte	0
 757 058e 0B       		.uleb128 0xb
 758 058f 670A0000 		.4byte	.LASF121
 759 0593 01       		.byte	0x1
 760 0594 0B       		.uleb128 0xb
 761 0595 9A030000 		.4byte	.LASF122
 762 0599 02       		.byte	0x2
 763 059a 0B       		.uleb128 0xb
 764 059b 43030000 		.4byte	.LASF123
 765 059f 03       		.byte	0x3
 766 05a0 0B       		.uleb128 0xb
 767 05a1 B1020000 		.4byte	.LASF124
 768 05a5 04       		.byte	0x4
 769 05a6 0B       		.uleb128 0xb
 770 05a7 5A070000 		.4byte	.LASF125
 771 05ab 05       		.byte	0x5
 772 05ac 0B       		.uleb128 0xb
 773 05ad B6030000 		.4byte	.LASF126
 774 05b1 06       		.byte	0x6
 775 05b2 0B       		.uleb128 0xb
 776 05b3 EB060000 		.4byte	.LASF127
 777 05b7 07       		.byte	0x7
 778 05b8 00       		.byte	0
 779 05b9 04       		.uleb128 0x4
 780 05ba EB050000 		.4byte	.LASF128
 781 05be 06       		.byte	0x6
 782 05bf 90       		.byte	0x90
 783 05c0 7C050000 		.4byte	0x57c
 784 05c4 03       		.uleb128 0x3
 785 05c5 01       		.byte	0x1
 786 05c6 02       		.byte	0x2
 787 05c7 84070000 		.4byte	.LASF129
 788 05cb 05       		.uleb128 0x5
 789 05cc 06       		.byte	0x6
 790 05cd 07       		.byte	0x7
 791 05ce 3B       		.byte	0x3b
 792 05cf EC050000 		.4byte	0x5ec
 793 05d3 06       		.uleb128 0x6
 794 05d4 520A0000 		.4byte	.LASF130
 795 05d8 07       		.byte	0x7
 796 05d9 3E       		.byte	0x3e
 797 05da 40050000 		.4byte	0x540
 798 05de 00       		.byte	0
ARM GAS  C:\Users\dryos\AppData\Local\Temp\ccymx6SP.s 			page 15


 799 05df 06       		.uleb128 0x6
 800 05e0 A90A0000 		.4byte	.LASF131
 801 05e4 07       		.byte	0x7
 802 05e5 41       		.byte	0x41
 803 05e6 EC050000 		.4byte	0x5ec
 804 05ea 02       		.byte	0x2
 805 05eb 00       		.byte	0
 806 05ec 0C       		.uleb128 0xc
 807 05ed 40050000 		.4byte	0x540
 808 05f1 FC050000 		.4byte	0x5fc
 809 05f5 0D       		.uleb128 0xd
 810 05f6 A1000000 		.4byte	0xa1
 811 05fa 01       		.byte	0x1
 812 05fb 00       		.byte	0
 813 05fc 04       		.uleb128 0x4
 814 05fd BE070000 		.4byte	.LASF132
 815 0601 07       		.byte	0x7
 816 0602 43       		.byte	0x43
 817 0603 CB050000 		.4byte	0x5cb
 818 0607 05       		.uleb128 0x5
 819 0608 08       		.byte	0x8
 820 0609 07       		.byte	0x7
 821 060a 46       		.byte	0x46
 822 060b 28060000 		.4byte	0x628
 823 060f 06       		.uleb128 0x6
 824 0610 BE000000 		.4byte	.LASF133
 825 0614 07       		.byte	0x7
 826 0615 49       		.byte	0x49
 827 0616 40050000 		.4byte	0x540
 828 061a 00       		.byte	0
 829 061b 06       		.uleb128 0x6
 830 061c 05030000 		.4byte	.LASF134
 831 0620 07       		.byte	0x7
 832 0621 4C       		.byte	0x4c
 833 0622 28060000 		.4byte	0x628
 834 0626 02       		.byte	0x2
 835 0627 00       		.byte	0
 836 0628 0C       		.uleb128 0xc
 837 0629 FC050000 		.4byte	0x5fc
 838 062d 38060000 		.4byte	0x638
 839 0631 0D       		.uleb128 0xd
 840 0632 A1000000 		.4byte	0xa1
 841 0636 00       		.byte	0
 842 0637 00       		.byte	0
 843 0638 04       		.uleb128 0x4
 844 0639 1B080000 		.4byte	.LASF135
 845 063d 07       		.byte	0x7
 846 063e 4E       		.byte	0x4e
 847 063f 07060000 		.4byte	0x607
 848 0643 05       		.uleb128 0x5
 849 0644 04       		.byte	0x4
 850 0645 07       		.byte	0x7
 851 0646 90       		.byte	0x90
 852 0647 58060000 		.4byte	0x658
 853 064b 06       		.uleb128 0x6
 854 064c 70000000 		.4byte	.LASF136
 855 0650 07       		.byte	0x7
ARM GAS  C:\Users\dryos\AppData\Local\Temp\ccymx6SP.s 			page 16


 856 0651 94       		.byte	0x94
 857 0652 58060000 		.4byte	0x658
 858 0656 00       		.byte	0
 859 0657 00       		.byte	0
 860 0658 0E       		.uleb128 0xe
 861 0659 04       		.byte	0x4
 862 065a 5E060000 		.4byte	0x65e
 863 065e 0F       		.uleb128 0xf
 864 065f 38060000 		.4byte	0x638
 865 0663 04       		.uleb128 0x4
 866 0664 00080000 		.4byte	.LASF137
 867 0668 07       		.byte	0x7
 868 0669 9B       		.byte	0x9b
 869 066a 43060000 		.4byte	0x643
 870 066e 0C       		.uleb128 0xc
 871 066f 5E060000 		.4byte	0x65e
 872 0673 7E060000 		.4byte	0x67e
 873 0677 0D       		.uleb128 0xd
 874 0678 A1000000 		.4byte	0xa1
 875 067c 00       		.byte	0
 876 067d 00       		.byte	0
 877 067e 10       		.uleb128 0x10
 878 067f 7B040000 		.4byte	.LASF148
 879 0683 09       		.byte	0x9
 880 0684 1A       		.byte	0x1a
 881 0685 8F060000 		.4byte	0x68f
 882 0689 05       		.uleb128 0x5
 883 068a 03       		.byte	0x3
 884 068b 00000000 		.4byte	cy_ble_customs
 885 068f 0F       		.uleb128 0xf
 886 0690 6E060000 		.4byte	0x66e
 887 0694 11       		.uleb128 0x11
 888 0695 26070000 		.4byte	.LASF138
 889 0699 03       		.byte	0x3
 890 069a A7       		.byte	0xa7
 891 069b 9F060000 		.4byte	0x69f
 892 069f 0E       		.uleb128 0xe
 893 06a0 04       		.byte	0x4
 894 06a1 A5060000 		.4byte	0x6a5
 895 06a5 0F       		.uleb128 0xf
 896 06a6 F7040000 		.4byte	0x4f7
 897 06aa 12       		.uleb128 0x12
 898 06ab 25010000 		.4byte	.LASF139
 899 06af 08       		.byte	0x8
 900 06b0 F907     		.2byte	0x7f9
 901 06b2 B6060000 		.4byte	0x6b6
 902 06b6 13       		.uleb128 0x13
 903 06b7 D0000000 		.4byte	0xd0
 904 06bb 12       		.uleb128 0x12
 905 06bc C3080000 		.4byte	.LASF140
 906 06c0 06       		.byte	0x6
 907 06c1 2202     		.2byte	0x222
 908 06c3 71050000 		.4byte	0x571
 909 06c7 0C       		.uleb128 0xc
 910 06c8 34050000 		.4byte	0x534
 911 06cc D7060000 		.4byte	0x6d7
 912 06d0 0D       		.uleb128 0xd
ARM GAS  C:\Users\dryos\AppData\Local\Temp\ccymx6SP.s 			page 17


 913 06d1 A1000000 		.4byte	0xa1
 914 06d5 00       		.byte	0
 915 06d6 00       		.byte	0
 916 06d7 12       		.uleb128 0x12
 917 06d8 5B090000 		.4byte	.LASF141
 918 06dc 06       		.byte	0x6
 919 06dd 2C02     		.2byte	0x22c
 920 06df C7060000 		.4byte	0x6c7
 921 06e3 0C       		.uleb128 0xc
 922 06e4 B9050000 		.4byte	0x5b9
 923 06e8 F3060000 		.4byte	0x6f3
 924 06ec 0D       		.uleb128 0xd
 925 06ed A1000000 		.4byte	0xa1
 926 06f1 00       		.byte	0
 927 06f2 00       		.byte	0
 928 06f3 12       		.uleb128 0x12
 929 06f4 6A040000 		.4byte	.LASF142
 930 06f8 06       		.byte	0x6
 931 06f9 2D02     		.2byte	0x22d
 932 06fb E3060000 		.4byte	0x6e3
 933 06ff 12       		.uleb128 0x12
 934 0700 8D080000 		.4byte	.LASF143
 935 0704 06       		.byte	0x6
 936 0705 5202     		.2byte	0x252
 937 0707 AF000000 		.4byte	0xaf
 938 070b 14       		.uleb128 0x14
 939 070c BB050000 		.4byte	.LASF144
 940 0710 09       		.byte	0x9
 941 0711 3D       		.byte	0x3d
 942 0712 63060000 		.4byte	0x663
 943 0716 05       		.uleb128 0x5
 944 0717 03       		.byte	0x3
 945 0718 00000000 		.4byte	cy_ble_customConfig
 946 071c 00       		.byte	0
 947              		.section	.debug_abbrev,"",%progbits
 948              	.Ldebug_abbrev0:
 949 0000 01       		.uleb128 0x1
 950 0001 11       		.uleb128 0x11
 951 0002 01       		.byte	0x1
 952 0003 25       		.uleb128 0x25
 953 0004 0E       		.uleb128 0xe
 954 0005 13       		.uleb128 0x13
 955 0006 0B       		.uleb128 0xb
 956 0007 03       		.uleb128 0x3
 957 0008 0E       		.uleb128 0xe
 958 0009 1B       		.uleb128 0x1b
 959 000a 0E       		.uleb128 0xe
 960 000b 10       		.uleb128 0x10
 961 000c 17       		.uleb128 0x17
 962 000d 00       		.byte	0
 963 000e 00       		.byte	0
 964 000f 02       		.uleb128 0x2
 965 0010 24       		.uleb128 0x24
 966 0011 00       		.byte	0
 967 0012 0B       		.uleb128 0xb
 968 0013 0B       		.uleb128 0xb
 969 0014 3E       		.uleb128 0x3e
ARM GAS  C:\Users\dryos\AppData\Local\Temp\ccymx6SP.s 			page 18


 970 0015 0B       		.uleb128 0xb
 971 0016 03       		.uleb128 0x3
 972 0017 08       		.uleb128 0x8
 973 0018 00       		.byte	0
 974 0019 00       		.byte	0
 975 001a 03       		.uleb128 0x3
 976 001b 24       		.uleb128 0x24
 977 001c 00       		.byte	0
 978 001d 0B       		.uleb128 0xb
 979 001e 0B       		.uleb128 0xb
 980 001f 3E       		.uleb128 0x3e
 981 0020 0B       		.uleb128 0xb
 982 0021 03       		.uleb128 0x3
 983 0022 0E       		.uleb128 0xe
 984 0023 00       		.byte	0
 985 0024 00       		.byte	0
 986 0025 04       		.uleb128 0x4
 987 0026 16       		.uleb128 0x16
 988 0027 00       		.byte	0
 989 0028 03       		.uleb128 0x3
 990 0029 0E       		.uleb128 0xe
 991 002a 3A       		.uleb128 0x3a
 992 002b 0B       		.uleb128 0xb
 993 002c 3B       		.uleb128 0x3b
 994 002d 0B       		.uleb128 0xb
 995 002e 49       		.uleb128 0x49
 996 002f 13       		.uleb128 0x13
 997 0030 00       		.byte	0
 998 0031 00       		.byte	0
 999 0032 05       		.uleb128 0x5
 1000 0033 13       		.uleb128 0x13
 1001 0034 01       		.byte	0x1
 1002 0035 0B       		.uleb128 0xb
 1003 0036 0B       		.uleb128 0xb
 1004 0037 3A       		.uleb128 0x3a
 1005 0038 0B       		.uleb128 0xb
 1006 0039 3B       		.uleb128 0x3b
 1007 003a 0B       		.uleb128 0xb
 1008 003b 01       		.uleb128 0x1
 1009 003c 13       		.uleb128 0x13
 1010 003d 00       		.byte	0
 1011 003e 00       		.byte	0
 1012 003f 06       		.uleb128 0x6
 1013 0040 0D       		.uleb128 0xd
 1014 0041 00       		.byte	0
 1015 0042 03       		.uleb128 0x3
 1016 0043 0E       		.uleb128 0xe
 1017 0044 3A       		.uleb128 0x3a
 1018 0045 0B       		.uleb128 0xb
 1019 0046 3B       		.uleb128 0x3b
 1020 0047 0B       		.uleb128 0xb
 1021 0048 49       		.uleb128 0x49
 1022 0049 13       		.uleb128 0x13
 1023 004a 38       		.uleb128 0x38
 1024 004b 0B       		.uleb128 0xb
 1025 004c 00       		.byte	0
 1026 004d 00       		.byte	0
ARM GAS  C:\Users\dryos\AppData\Local\Temp\ccymx6SP.s 			page 19


 1027 004e 07       		.uleb128 0x7
 1028 004f 13       		.uleb128 0x13
 1029 0050 01       		.byte	0x1
 1030 0051 0B       		.uleb128 0xb
 1031 0052 0B       		.uleb128 0xb
 1032 0053 3A       		.uleb128 0x3a
 1033 0054 0B       		.uleb128 0xb
 1034 0055 3B       		.uleb128 0x3b
 1035 0056 05       		.uleb128 0x5
 1036 0057 01       		.uleb128 0x1
 1037 0058 13       		.uleb128 0x13
 1038 0059 00       		.byte	0
 1039 005a 00       		.byte	0
 1040 005b 08       		.uleb128 0x8
 1041 005c 0D       		.uleb128 0xd
 1042 005d 00       		.byte	0
 1043 005e 03       		.uleb128 0x3
 1044 005f 0E       		.uleb128 0xe
 1045 0060 3A       		.uleb128 0x3a
 1046 0061 0B       		.uleb128 0xb
 1047 0062 3B       		.uleb128 0x3b
 1048 0063 05       		.uleb128 0x5
 1049 0064 49       		.uleb128 0x49
 1050 0065 13       		.uleb128 0x13
 1051 0066 38       		.uleb128 0x38
 1052 0067 0B       		.uleb128 0xb
 1053 0068 00       		.byte	0
 1054 0069 00       		.byte	0
 1055 006a 09       		.uleb128 0x9
 1056 006b 16       		.uleb128 0x16
 1057 006c 00       		.byte	0
 1058 006d 03       		.uleb128 0x3
 1059 006e 0E       		.uleb128 0xe
 1060 006f 3A       		.uleb128 0x3a
 1061 0070 0B       		.uleb128 0xb
 1062 0071 3B       		.uleb128 0x3b
 1063 0072 05       		.uleb128 0x5
 1064 0073 49       		.uleb128 0x49
 1065 0074 13       		.uleb128 0x13
 1066 0075 00       		.byte	0
 1067 0076 00       		.byte	0
 1068 0077 0A       		.uleb128 0xa
 1069 0078 04       		.uleb128 0x4
 1070 0079 01       		.byte	0x1
 1071 007a 0B       		.uleb128 0xb
 1072 007b 0B       		.uleb128 0xb
 1073 007c 49       		.uleb128 0x49
 1074 007d 13       		.uleb128 0x13
 1075 007e 3A       		.uleb128 0x3a
 1076 007f 0B       		.uleb128 0xb
 1077 0080 3B       		.uleb128 0x3b
 1078 0081 0B       		.uleb128 0xb
 1079 0082 01       		.uleb128 0x1
 1080 0083 13       		.uleb128 0x13
 1081 0084 00       		.byte	0
 1082 0085 00       		.byte	0
 1083 0086 0B       		.uleb128 0xb
ARM GAS  C:\Users\dryos\AppData\Local\Temp\ccymx6SP.s 			page 20


 1084 0087 28       		.uleb128 0x28
 1085 0088 00       		.byte	0
 1086 0089 03       		.uleb128 0x3
 1087 008a 0E       		.uleb128 0xe
 1088 008b 1C       		.uleb128 0x1c
 1089 008c 0B       		.uleb128 0xb
 1090 008d 00       		.byte	0
 1091 008e 00       		.byte	0
 1092 008f 0C       		.uleb128 0xc
 1093 0090 01       		.uleb128 0x1
 1094 0091 01       		.byte	0x1
 1095 0092 49       		.uleb128 0x49
 1096 0093 13       		.uleb128 0x13
 1097 0094 01       		.uleb128 0x1
 1098 0095 13       		.uleb128 0x13
 1099 0096 00       		.byte	0
 1100 0097 00       		.byte	0
 1101 0098 0D       		.uleb128 0xd
 1102 0099 21       		.uleb128 0x21
 1103 009a 00       		.byte	0
 1104 009b 49       		.uleb128 0x49
 1105 009c 13       		.uleb128 0x13
 1106 009d 2F       		.uleb128 0x2f
 1107 009e 0B       		.uleb128 0xb
 1108 009f 00       		.byte	0
 1109 00a0 00       		.byte	0
 1110 00a1 0E       		.uleb128 0xe
 1111 00a2 0F       		.uleb128 0xf
 1112 00a3 00       		.byte	0
 1113 00a4 0B       		.uleb128 0xb
 1114 00a5 0B       		.uleb128 0xb
 1115 00a6 49       		.uleb128 0x49
 1116 00a7 13       		.uleb128 0x13
 1117 00a8 00       		.byte	0
 1118 00a9 00       		.byte	0
 1119 00aa 0F       		.uleb128 0xf
 1120 00ab 26       		.uleb128 0x26
 1121 00ac 00       		.byte	0
 1122 00ad 49       		.uleb128 0x49
 1123 00ae 13       		.uleb128 0x13
 1124 00af 00       		.byte	0
 1125 00b0 00       		.byte	0
 1126 00b1 10       		.uleb128 0x10
 1127 00b2 34       		.uleb128 0x34
 1128 00b3 00       		.byte	0
 1129 00b4 03       		.uleb128 0x3
 1130 00b5 0E       		.uleb128 0xe
 1131 00b6 3A       		.uleb128 0x3a
 1132 00b7 0B       		.uleb128 0xb
 1133 00b8 3B       		.uleb128 0x3b
 1134 00b9 0B       		.uleb128 0xb
 1135 00ba 49       		.uleb128 0x49
 1136 00bb 13       		.uleb128 0x13
 1137 00bc 02       		.uleb128 0x2
 1138 00bd 18       		.uleb128 0x18
 1139 00be 00       		.byte	0
 1140 00bf 00       		.byte	0
ARM GAS  C:\Users\dryos\AppData\Local\Temp\ccymx6SP.s 			page 21


 1141 00c0 11       		.uleb128 0x11
 1142 00c1 34       		.uleb128 0x34
 1143 00c2 00       		.byte	0
 1144 00c3 03       		.uleb128 0x3
 1145 00c4 0E       		.uleb128 0xe
 1146 00c5 3A       		.uleb128 0x3a
 1147 00c6 0B       		.uleb128 0xb
 1148 00c7 3B       		.uleb128 0x3b
 1149 00c8 0B       		.uleb128 0xb
 1150 00c9 49       		.uleb128 0x49
 1151 00ca 13       		.uleb128 0x13
 1152 00cb 3F       		.uleb128 0x3f
 1153 00cc 19       		.uleb128 0x19
 1154 00cd 3C       		.uleb128 0x3c
 1155 00ce 19       		.uleb128 0x19
 1156 00cf 00       		.byte	0
 1157 00d0 00       		.byte	0
 1158 00d1 12       		.uleb128 0x12
 1159 00d2 34       		.uleb128 0x34
 1160 00d3 00       		.byte	0
 1161 00d4 03       		.uleb128 0x3
 1162 00d5 0E       		.uleb128 0xe
 1163 00d6 3A       		.uleb128 0x3a
 1164 00d7 0B       		.uleb128 0xb
 1165 00d8 3B       		.uleb128 0x3b
 1166 00d9 05       		.uleb128 0x5
 1167 00da 49       		.uleb128 0x49
 1168 00db 13       		.uleb128 0x13
 1169 00dc 3F       		.uleb128 0x3f
 1170 00dd 19       		.uleb128 0x19
 1171 00de 3C       		.uleb128 0x3c
 1172 00df 19       		.uleb128 0x19
 1173 00e0 00       		.byte	0
 1174 00e1 00       		.byte	0
 1175 00e2 13       		.uleb128 0x13
 1176 00e3 35       		.uleb128 0x35
 1177 00e4 00       		.byte	0
 1178 00e5 49       		.uleb128 0x49
 1179 00e6 13       		.uleb128 0x13
 1180 00e7 00       		.byte	0
 1181 00e8 00       		.byte	0
 1182 00e9 14       		.uleb128 0x14
 1183 00ea 34       		.uleb128 0x34
 1184 00eb 00       		.byte	0
 1185 00ec 03       		.uleb128 0x3
 1186 00ed 0E       		.uleb128 0xe
 1187 00ee 3A       		.uleb128 0x3a
 1188 00ef 0B       		.uleb128 0xb
 1189 00f0 3B       		.uleb128 0x3b
 1190 00f1 0B       		.uleb128 0xb
 1191 00f2 49       		.uleb128 0x49
 1192 00f3 13       		.uleb128 0x13
 1193 00f4 3F       		.uleb128 0x3f
 1194 00f5 19       		.uleb128 0x19
 1195 00f6 02       		.uleb128 0x2
 1196 00f7 18       		.uleb128 0x18
 1197 00f8 00       		.byte	0
ARM GAS  C:\Users\dryos\AppData\Local\Temp\ccymx6SP.s 			page 22


 1198 00f9 00       		.byte	0
 1199 00fa 00       		.byte	0
 1200              		.section	.debug_aranges,"",%progbits
 1201 0000 14000000 		.4byte	0x14
 1202 0004 0200     		.2byte	0x2
 1203 0006 00000000 		.4byte	.Ldebug_info0
 1204 000a 04       		.byte	0x4
 1205 000b 00       		.byte	0
 1206 000c 0000     		.2byte	0
 1207 000e 0000     		.2byte	0
 1208 0010 00000000 		.4byte	0
 1209 0014 00000000 		.4byte	0
 1210              		.section	.debug_line,"",%progbits
 1211              	.Ldebug_line0:
 1212 0000 3F020000 		.section	.debug_str,"MS",%progbits,1
 1212      02003902 
 1212      00000201 
 1212      FB0E0D00 
 1212      01010101 
 1213              	.LASF57:
 1214 0000 70726F74 		.ascii	"protBusMasterMask\000"
 1214      4275734D 
 1214      61737465 
 1214      724D6173 
 1214      6B00
 1215              	.LASF67:
 1216 0012 666C6173 		.ascii	"flashCtlMainWs3Freq\000"
 1216      6843746C 
 1216      4D61696E 
 1216      57733346 
 1216      72657100 
 1217              	.LASF89:
 1218 0026 6770696F 		.ascii	"gpioPrtCfgInOffset\000"
 1218      50727443 
 1218      6667496E 
 1218      4F666673 
 1218      657400
 1219              	.LASF107:
 1220 0039 6970634C 		.ascii	"ipcLockStatusOffset\000"
 1220      6F636B53 
 1220      74617475 
 1220      734F6666 
 1220      73657400 
 1221              	.LASF33:
 1222 004d 63727970 		.ascii	"cryptoVersion\000"
 1222      746F5665 
 1222      7273696F 
 1222      6E00
 1223              	.LASF51:
 1224 005b 70657269 		.ascii	"periClockNr\000"
 1224      436C6F63 
 1224      6B4E7200 
 1225              	.LASF29:
 1226 0067 70617373 		.ascii	"passBase\000"
 1226      42617365 
 1226      00
 1227              	.LASF136:
ARM GAS  C:\Users\dryos\AppData\Local\Temp\ccymx6SP.s 			page 23


 1228 0070 63757374 		.ascii	"customs\000"
 1228      6F6D7300 
 1229              	.LASF42:
 1230 0078 63707573 		.ascii	"cpussIpcIrqNr\000"
 1230      73497063 
 1230      4972714E 
 1230      7200
 1231              	.LASF5:
 1232 0086 5F5F7569 		.ascii	"__uint8_t\000"
 1232      6E74385F 
 1232      7400
 1233              	.LASF86:
 1234 0090 70657269 		.ascii	"periDiv24_5CtlOffset\000"
 1234      44697632 
 1234      345F3543 
 1234      746C4F66 
 1234      66736574 
 1235              	.LASF113:
 1236 00a5 63795F73 		.ascii	"cy_stc_ble_conn_handle_t\000"
 1236      74635F62 
 1236      6C655F63 
 1236      6F6E6E5F 
 1236      68616E64 
 1237              	.LASF133:
 1238 00be 63757374 		.ascii	"customServHandle\000"
 1238      6F6D5365 
 1238      72764861 
 1238      6E646C65 
 1238      00
 1239              	.LASF22:
 1240 00cf 63707573 		.ascii	"cpussBase\000"
 1240      73426173 
 1240      6500
 1241              	.LASF71:
 1242 00d9 64774368 		.ascii	"dwChCtlPrioPos\000"
 1242      43746C50 
 1242      72696F50 
 1242      6F7300
 1243              	.LASF14:
 1244 00e8 6C6F6E67 		.ascii	"long long unsigned int\000"
 1244      206C6F6E 
 1244      6720756E 
 1244      7369676E 
 1244      65642069 
 1245              	.LASF75:
 1246 00ff 70657269 		.ascii	"periTrCmdOffset\000"
 1246      5472436D 
 1246      644F6666 
 1246      73657400 
 1247              	.LASF99:
 1248 010f 63707573 		.ascii	"cpussSysTickCtlOffset\000"
 1248      73537973 
 1248      5469636B 
 1248      43746C4F 
 1248      66667365 
 1249              	.LASF139:
 1250 0125 49544D5F 		.ascii	"ITM_RxBuffer\000"
ARM GAS  C:\Users\dryos\AppData\Local\Temp\ccymx6SP.s 			page 24


 1250      52784275 
 1250      66666572 
 1250      00
 1251              	.LASF60:
 1252 0132 666C6173 		.ascii	"flashPipeRequired\000"
 1252      68506970 
 1252      65526571 
 1252      75697265 
 1252      6400
 1253              	.LASF64:
 1254 0144 666C6173 		.ascii	"flashCtlMainWs0Freq\000"
 1254      6843746C 
 1254      4D61696E 
 1254      57733046 
 1254      72657100 
 1255              	.LASF18:
 1256 0158 696E7431 		.ascii	"int16_t\000"
 1256      365F7400 
 1257              	.LASF1:
 1258 0160 6C6F6E67 		.ascii	"long long int\000"
 1258      206C6F6E 
 1258      6720696E 
 1258      7400
 1259              	.LASF3:
 1260 016e 7369676E 		.ascii	"signed char\000"
 1260      65642063 
 1260      68617200 
 1261              	.LASF147:
 1262 017a 463A5C47 		.ascii	"F:\\Git downloads\\PRJ4\\POPE\\POPEproject.cydsn\000"
 1262      69742064 
 1262      6F776E6C 
 1262      6F616473 
 1262      5C50524A 
 1263              	.LASF80:
 1264 01a7 70657269 		.ascii	"periDivCmdTypeSelPos\000"
 1264      44697643 
 1264      6D645479 
 1264      70655365 
 1264      6C506F73 
 1265              	.LASF26:
 1266 01bc 70726F74 		.ascii	"protBase\000"
 1266      42617365 
 1266      00
 1267              	.LASF38:
 1268 01c5 69706356 		.ascii	"ipcVersion\000"
 1268      65727369 
 1268      6F6E00
 1269              	.LASF100:
 1270 01d0 63707573 		.ascii	"cpussCm0NmiCtlOffset\000"
 1270      73436D30 
 1270      4E6D6943 
 1270      746C4F66 
 1270      66736574 
 1271              	.LASF118:
 1272 01e5 43595F42 		.ascii	"CY_BLE_ADV_STATE_STOP_INITIATED\000"
 1272      4C455F41 
 1272      44565F53 
ARM GAS  C:\Users\dryos\AppData\Local\Temp\ccymx6SP.s 			page 25


 1272      54415445 
 1272      5F53544F 
 1273              	.LASF27:
 1274 0205 6873696F 		.ascii	"hsiomBase\000"
 1274      6D426173 
 1274      6500
 1275              	.LASF11:
 1276 020f 6C6F6E67 		.ascii	"long int\000"
 1276      20696E74 
 1276      00
 1277              	.LASF93:
 1278 0218 63707573 		.ascii	"cpussCm4ClockCtlOffset\000"
 1278      73436D34 
 1278      436C6F63 
 1278      6B43746C 
 1278      4F666673 
 1279              	.LASF58:
 1280 022f 63727970 		.ascii	"cryptoMemSize\000"
 1280      746F4D65 
 1280      6D53697A 
 1280      6500
 1281              	.LASF119:
 1282 023d 63795F65 		.ascii	"cy_en_ble_adv_state_t\000"
 1282      6E5F626C 
 1282      655F6164 
 1282      765F7374 
 1282      6174655F 
 1283              	.LASF24:
 1284 0253 70657269 		.ascii	"periBase\000"
 1284      42617365 
 1284      00
 1285              	.LASF56:
 1286 025c 73797350 		.ascii	"sysPmSimoPresent\000"
 1286      6D53696D 
 1286      6F507265 
 1286      73656E74 
 1286      00
 1287              	.LASF46:
 1288 026d 63707573 		.ascii	"cpussFmIrq\000"
 1288      73466D49 
 1288      727100
 1289              	.LASF110:
 1290 0278 646F7562 		.ascii	"double\000"
 1290      6C6500
 1291              	.LASF85:
 1292 027f 70657269 		.ascii	"periDiv16_5CtlOffset\000"
 1292      44697631 
 1292      365F3543 
 1292      746C4F66 
 1292      66736574 
 1293              	.LASF49:
 1294 0294 73727373 		.ascii	"srssNumPll\000"
 1294      4E756D50 
 1294      6C6C00
 1295              	.LASF83:
 1296 029f 70657269 		.ascii	"periDiv8CtlOffset\000"
 1296      44697638 
ARM GAS  C:\Users\dryos\AppData\Local\Temp\ccymx6SP.s 			page 26


 1296      43746C4F 
 1296      66667365 
 1296      7400
 1297              	.LASF124:
 1298 02b1 43595F42 		.ascii	"CY_BLE_CONN_STATE_CLIENT_INCL_DISCOVERING\000"
 1298      4C455F43 
 1298      4F4E4E5F 
 1298      53544154 
 1298      455F434C 
 1299              	.LASF90:
 1300 02db 6770696F 		.ascii	"gpioPrtCfgOutOffset\000"
 1300      50727443 
 1300      66674F75 
 1300      744F6666 
 1300      73657400 
 1301              	.LASF23:
 1302 02ef 666C6173 		.ascii	"flashcBase\000"
 1302      68634261 
 1302      736500
 1303              	.LASF12:
 1304 02fa 5F5F7569 		.ascii	"__uint32_t\000"
 1304      6E743332 
 1304      5F7400
 1305              	.LASF134:
 1306 0305 63757374 		.ascii	"customServInfo\000"
 1306      6F6D5365 
 1306      7276496E 
 1306      666F00
 1307              	.LASF53:
 1308 0314 70617373 		.ascii	"passSarChannels\000"
 1308      53617243 
 1308      68616E6E 
 1308      656C7300 
 1309              	.LASF6:
 1310 0324 5F5F696E 		.ascii	"__int16_t\000"
 1310      7431365F 
 1310      7400
 1311              	.LASF96:
 1312 032e 63707573 		.ascii	"cpussCm4PwrCtlOffset\000"
 1312      73436D34 
 1312      50777243 
 1312      746C4F66 
 1312      66736574 
 1313              	.LASF123:
 1314 0343 43595F42 		.ascii	"CY_BLE_CONN_STATE_CLIENT_SRVC_DISCOVERING\000"
 1314      4C455F43 
 1314      4F4E4E5F 
 1314      53544154 
 1314      455F434C 
 1315              	.LASF91:
 1316 036d 6770696F 		.ascii	"gpioPrtCfgSioOffset\000"
 1316      50727443 
 1316      66675369 
 1316      6F4F6666 
 1316      73657400 
 1317              	.LASF43:
 1318 0381 63707573 		.ascii	"cpussDwChNr\000"
ARM GAS  C:\Users\dryos\AppData\Local\Temp\ccymx6SP.s 			page 27


 1318      73447743 
 1318      684E7200 
 1319              	.LASF0:
 1320 038d 756E7369 		.ascii	"unsigned int\000"
 1320      676E6564 
 1320      20696E74 
 1320      00
 1321              	.LASF122:
 1322 039a 43595F42 		.ascii	"CY_BLE_CONN_STATE_CONNECTED\000"
 1322      4C455F43 
 1322      4F4E4E5F 
 1322      53544154 
 1322      455F434F 
 1323              	.LASF126:
 1324 03b6 43595F42 		.ascii	"CY_BLE_CONN_STATE_CLIENT_DESCR_DISCOVERING\000"
 1324      4C455F43 
 1324      4F4E4E5F 
 1324      53544154 
 1324      455F434C 
 1325              	.LASF19:
 1326 03e1 75696E74 		.ascii	"uint16_t\000"
 1326      31365F74 
 1326      00
 1327              	.LASF76:
 1328 03ea 70657269 		.ascii	"periTrCmdGrSelMsk\000"
 1328      5472436D 
 1328      64477253 
 1328      656C4D73 
 1328      6B00
 1329              	.LASF13:
 1330 03fc 6C6F6E67 		.ascii	"long unsigned int\000"
 1330      20756E73 
 1330      69676E65 
 1330      6420696E 
 1330      7400
 1331              	.LASF41:
 1332 040e 63707573 		.ascii	"cpussIpcNr\000"
 1332      73497063 
 1332      4E7200
 1333              	.LASF28:
 1334 0419 6770696F 		.ascii	"gpioBase\000"
 1334      42617365 
 1334      00
 1335              	.LASF146:
 1336 0422 47656E65 		.ascii	"Generated_Source\\PSoC6\\BLE_custom_config.c\000"
 1336      72617465 
 1336      645F536F 
 1336      75726365 
 1336      5C50536F 
 1337              	.LASF77:
 1338 044d 70657269 		.ascii	"periTrGrOffset\000"
 1338      54724772 
 1338      4F666673 
 1338      657400
 1339              	.LASF104:
 1340 045c 63707573 		.ascii	"cpussRam1Ctl0\000"
 1340      7352616D 
ARM GAS  C:\Users\dryos\AppData\Local\Temp\ccymx6SP.s 			page 28


 1340      3143746C 
 1340      3000
 1341              	.LASF142:
 1342 046a 63795F62 		.ascii	"cy_ble_connState\000"
 1342      6C655F63 
 1342      6F6E6E53 
 1342      74617465 
 1342      00
 1343              	.LASF148:
 1344 047b 63795F62 		.ascii	"cy_ble_customs\000"
 1344      6C655F63 
 1344      7573746F 
 1344      6D7300
 1345              	.LASF78:
 1346 048a 70657269 		.ascii	"periTrGrSize\000"
 1346      54724772 
 1346      53697A65 
 1346      00
 1347              	.LASF36:
 1348 0497 6770696F 		.ascii	"gpioVersion\000"
 1348      56657273 
 1348      696F6E00 
 1349              	.LASF108:
 1350 04a3 63795F73 		.ascii	"cy_stc_device_t\000"
 1350      74635F64 
 1350      65766963 
 1350      655F7400 
 1351              	.LASF54:
 1352 04b3 65704D6F 		.ascii	"epMonitorNr\000"
 1352      6E69746F 
 1352      724E7200 
 1353              	.LASF101:
 1354 04bf 63707573 		.ascii	"cpussCm4NmiCtlOffset\000"
 1354      73436D34 
 1354      4E6D6943 
 1354      746C4F66 
 1354      66736574 
 1355              	.LASF97:
 1356 04d4 63707573 		.ascii	"cpussTrimRamCtlOffset\000"
 1356      73547269 
 1356      6D52616D 
 1356      43746C4F 
 1356      66667365 
 1357              	.LASF92:
 1358 04ea 63707573 		.ascii	"cpussCm0ClockCtlOffset\000"
 1358      73436D30 
 1358      436C6F63 
 1358      6B43746C 
 1358      4F666673 
 1359              	.LASF112:
 1360 0501 61747449 		.ascii	"attId\000"
 1360      6400
 1361              	.LASF32:
 1362 0507 63707573 		.ascii	"cpussVersion\000"
 1362      73566572 
 1362      73696F6E 
 1362      00
ARM GAS  C:\Users\dryos\AppData\Local\Temp\ccymx6SP.s 			page 29


 1363              	.LASF114:
 1364 0514 63795F62 		.ascii	"cy_ble_gatt_db_attr_handle_t\000"
 1364      6C655F67 
 1364      6174745F 
 1364      64625F61 
 1364      7474725F 
 1365              	.LASF39:
 1366 0531 70657269 		.ascii	"periVersion\000"
 1366      56657273 
 1366      696F6E00 
 1367              	.LASF95:
 1368 053d 63707573 		.ascii	"cpussCm0StatusOffset\000"
 1368      73436D30 
 1368      53746174 
 1368      75734F66 
 1368      66736574 
 1369              	.LASF15:
 1370 0552 73697A65 		.ascii	"sizetype\000"
 1370      74797065 
 1370      00
 1371              	.LASF69:
 1372 055b 64774368 		.ascii	"dwChOffset\000"
 1372      4F666673 
 1372      657400
 1373              	.LASF44:
 1374 0566 63707573 		.ascii	"cpussFlashPaSize\000"
 1374      73466C61 
 1374      73685061 
 1374      53697A65 
 1374      00
 1375              	.LASF116:
 1376 0577 43595F42 		.ascii	"CY_BLE_ADV_STATE_ADV_INITIATED\000"
 1376      4C455F41 
 1376      44565F53 
 1376      54415445 
 1376      5F414456 
 1377              	.LASF82:
 1378 0596 70657269 		.ascii	"periDivCmdPaTypeSelPos\000"
 1378      44697643 
 1378      6D645061 
 1378      54797065 
 1378      53656C50 
 1379              	.LASF105:
 1380 05ad 63707573 		.ascii	"cpussRam2Ctl0\000"
 1380      7352616D 
 1380      3243746C 
 1380      3000
 1381              	.LASF144:
 1382 05bb 63795F62 		.ascii	"cy_ble_customConfig\000"
 1382      6C655F63 
 1382      7573746F 
 1382      6D436F6E 
 1382      66696700 
 1383              	.LASF73:
 1384 05cf 64775374 		.ascii	"dwStatusChIdxPos\000"
 1384      61747573 
 1384      43684964 
ARM GAS  C:\Users\dryos\AppData\Local\Temp\ccymx6SP.s 			page 30


 1384      78506F73 
 1384      00
 1385              	.LASF55:
 1386 05e0 75646250 		.ascii	"udbPresent\000"
 1386      72657365 
 1386      6E7400
 1387              	.LASF128:
 1388 05eb 63795F65 		.ascii	"cy_en_ble_conn_state_t\000"
 1388      6E5F626C 
 1388      655F636F 
 1388      6E6E5F73 
 1388      74617465 
 1389              	.LASF35:
 1390 0602 666C6173 		.ascii	"flashcVersion\000"
 1390      68635665 
 1390      7273696F 
 1390      6E00
 1391              	.LASF31:
 1392 0610 63727970 		.ascii	"cryptoBase\000"
 1392      746F4261 
 1392      736500
 1393              	.LASF52:
 1394 061b 736D6966 		.ascii	"smifDeviceNr\000"
 1394      44657669 
 1394      63654E72 
 1394      00
 1395              	.LASF145:
 1396 0628 474E5520 		.ascii	"GNU C11 5.4.1 20160609 (release) [ARM/embedded-5-br"
 1396      43313120 
 1396      352E342E 
 1396      31203230 
 1396      31363036 
 1397 065b 616E6368 		.ascii	"anch revision 237715] -mcpu=cortex-m4 -mfloat-abi=s"
 1397      20726576 
 1397      6973696F 
 1397      6E203233 
 1397      37373135 
 1398 068e 6F667466 		.ascii	"oftfp -mfpu=fpv4-sp-d16 -mthumb -g -Og -ffunction-s"
 1398      70202D6D 
 1398      6670753D 
 1398      66707634 
 1398      2D73702D 
 1399 06c1 65637469 		.ascii	"ections -ffat-lto-objects\000"
 1399      6F6E7320 
 1399      2D666661 
 1399      742D6C74 
 1399      6F2D6F62 
 1400              	.LASF61:
 1401 06db 666C6173 		.ascii	"flashWriteDelay\000"
 1401      68577269 
 1401      74654465 
 1401      6C617900 
 1402              	.LASF127:
 1403 06eb 43595F42 		.ascii	"CY_BLE_CONN_STATE_CLIENT_DISCOVERED\000"
 1403      4C455F43 
 1403      4F4E4E5F 
 1403      53544154 
ARM GAS  C:\Users\dryos\AppData\Local\Temp\ccymx6SP.s 			page 31


 1403      455F434C 
 1404              	.LASF109:
 1405 070f 666C6F61 		.ascii	"float\000"
 1405      7400
 1406              	.LASF74:
 1407 0715 64775374 		.ascii	"dwStatusChIdxMsk\000"
 1407      61747573 
 1407      43684964 
 1407      784D736B 
 1407      00
 1408              	.LASF138:
 1409 0726 63795F64 		.ascii	"cy_device\000"
 1409      65766963 
 1409      6500
 1410              	.LASF102:
 1411 0730 63707573 		.ascii	"cpussRomCtl\000"
 1411      73526F6D 
 1411      43746C00 
 1412              	.LASF72:
 1413 073c 64774368 		.ascii	"dwChCtlPreemptablePos\000"
 1413      43746C50 
 1413      7265656D 
 1413      70746162 
 1413      6C65506F 
 1414              	.LASF25:
 1415 0752 75646242 		.ascii	"udbBase\000"
 1415      61736500 
 1416              	.LASF125:
 1417 075a 43595F42 		.ascii	"CY_BLE_CONN_STATE_CLIENT_CHAR_DISCOVERING\000"
 1417      4C455F43 
 1417      4F4E4E5F 
 1417      53544154 
 1417      455F434C 
 1418              	.LASF129:
 1419 0784 5F426F6F 		.ascii	"_Bool\000"
 1419      6C00
 1420              	.LASF20:
 1421 078a 696E7433 		.ascii	"int32_t\000"
 1421      325F7400 
 1422              	.LASF4:
 1423 0792 756E7369 		.ascii	"unsigned char\000"
 1423      676E6564 
 1423      20636861 
 1423      7200
 1424              	.LASF68:
 1425 07a0 666C6173 		.ascii	"flashCtlMainWs4Freq\000"
 1425      6843746C 
 1425      4D61696E 
 1425      57733446 
 1425      72657100 
 1426              	.LASF7:
 1427 07b4 73686F72 		.ascii	"short int\000"
 1427      7420696E 
 1427      7400
 1428              	.LASF132:
 1429 07be 63795F73 		.ascii	"cy_stc_ble_customs_info_t\000"
 1429      74635F62 
ARM GAS  C:\Users\dryos\AppData\Local\Temp\ccymx6SP.s 			page 32


 1429      6C655F63 
 1429      7573746F 
 1429      6D735F69 
 1430              	.LASF79:
 1431 07d8 70657269 		.ascii	"periDivCmdDivSelMsk\000"
 1431      44697643 
 1431      6D644469 
 1431      7653656C 
 1431      4D736B00 
 1432              	.LASF66:
 1433 07ec 666C6173 		.ascii	"flashCtlMainWs2Freq\000"
 1433      6843746C 
 1433      4D61696E 
 1433      57733246 
 1433      72657100 
 1434              	.LASF137:
 1435 0800 63795F73 		.ascii	"cy_stc_ble_custom_config_t\000"
 1435      74635F62 
 1435      6C655F63 
 1435      7573746F 
 1435      6D5F636F 
 1436              	.LASF135:
 1437 081b 63795F73 		.ascii	"cy_stc_ble_customs_t\000"
 1437      74635F62 
 1437      6C655F63 
 1437      7573746F 
 1437      6D735F74 
 1438              	.LASF50:
 1439 0830 73727373 		.ascii	"srssNumHfroot\000"
 1439      4E756D48 
 1439      66726F6F 
 1439      7400
 1440              	.LASF63:
 1441 083e 666C6173 		.ascii	"flashEraseDelay\000"
 1441      68457261 
 1441      73654465 
 1441      6C617900 
 1442              	.LASF21:
 1443 084e 75696E74 		.ascii	"uint32_t\000"
 1443      33325F74 
 1443      00
 1444              	.LASF2:
 1445 0857 6C6F6E67 		.ascii	"long double\000"
 1445      20646F75 
 1445      626C6500 
 1446              	.LASF16:
 1447 0863 63686172 		.ascii	"char\000"
 1447      00
 1448              	.LASF40:
 1449 0868 70726F74 		.ascii	"protVersion\000"
 1449      56657273 
 1449      696F6E00 
 1450              	.LASF103:
 1451 0874 63707573 		.ascii	"cpussRam0Ctl0\000"
 1451      7352616D 
 1451      3043746C 
 1451      3000
ARM GAS  C:\Users\dryos\AppData\Local\Temp\ccymx6SP.s 			page 33


 1452              	.LASF8:
 1453 0882 5F5F7569 		.ascii	"__uint16_t\000"
 1453      6E743136 
 1453      5F7400
 1454              	.LASF143:
 1455 088d 63795F62 		.ascii	"cy_ble_pendingFlashWrite\000"
 1455      6C655F70 
 1455      656E6469 
 1455      6E67466C 
 1455      61736857 
 1456              	.LASF84:
 1457 08a6 70657269 		.ascii	"periDiv16CtlOffset\000"
 1457      44697631 
 1457      3643746C 
 1457      4F666673 
 1457      657400
 1458              	.LASF10:
 1459 08b9 5F5F696E 		.ascii	"__int32_t\000"
 1459      7433325F 
 1459      7400
 1460              	.LASF140:
 1461 08c3 63795F62 		.ascii	"cy_ble_advState\000"
 1461      6C655F61 
 1461      64765374 
 1461      61746500 
 1462              	.LASF37:
 1463 08d3 6873696F 		.ascii	"hsiomVersion\000"
 1463      6D566572 
 1463      73696F6E 
 1463      00
 1464              	.LASF65:
 1465 08e0 666C6173 		.ascii	"flashCtlMainWs1Freq\000"
 1465      6843746C 
 1465      4D61696E 
 1465      57733146 
 1465      72657100 
 1466              	.LASF9:
 1467 08f4 73686F72 		.ascii	"short unsigned int\000"
 1467      7420756E 
 1467      7369676E 
 1467      65642069 
 1467      6E7400
 1468              	.LASF70:
 1469 0907 64774368 		.ascii	"dwChSize\000"
 1469      53697A65 
 1469      00
 1470              	.LASF106:
 1471 0910 69706353 		.ascii	"ipcStructSize\000"
 1471      74727563 
 1471      7453697A 
 1471      6500
 1472              	.LASF45:
 1473 091e 63707573 		.ascii	"cpussIpc0Irq\000"
 1473      73497063 
 1473      30497271 
 1473      00
 1474              	.LASF88:
ARM GAS  C:\Users\dryos\AppData\Local\Temp\ccymx6SP.s 			page 34


 1475 092b 6770696F 		.ascii	"gpioPrtCfgOffset\000"
 1475      50727443 
 1475      66674F66 
 1475      66736574 
 1475      00
 1476              	.LASF120:
 1477 093c 43595F42 		.ascii	"CY_BLE_CONN_STATE_DISCONNECTED\000"
 1477      4C455F43 
 1477      4F4E4E5F 
 1477      53544154 
 1477      455F4449 
 1478              	.LASF141:
 1479 095b 63795F62 		.ascii	"cy_ble_connHandle\000"
 1479      6C655F63 
 1479      6F6E6E48 
 1479      616E646C 
 1479      6500
 1480              	.LASF47:
 1481 096d 63707573 		.ascii	"cpussNotConnectedIrq\000"
 1481      734E6F74 
 1481      436F6E6E 
 1481      65637465 
 1481      64497271 
 1482              	.LASF117:
 1483 0982 43595F42 		.ascii	"CY_BLE_ADV_STATE_ADVERTISING\000"
 1483      4C455F41 
 1483      44565F53 
 1483      54415445 
 1483      5F414456 
 1484              	.LASF115:
 1485 099f 43595F42 		.ascii	"CY_BLE_ADV_STATE_STOPPED\000"
 1485      4C455F41 
 1485      44565F53 
 1485      54415445 
 1485      5F53544F 
 1486              	.LASF17:
 1487 09b8 75696E74 		.ascii	"uint8_t\000"
 1487      385F7400 
 1488              	.LASF94:
 1489 09c0 63707573 		.ascii	"cpussCm4StatusOffset\000"
 1489      73436D34 
 1489      53746174 
 1489      75734F66 
 1489      66736574 
 1490              	.LASF87:
 1491 09d5 6770696F 		.ascii	"gpioPrtIntrCfgOffset\000"
 1491      50727449 
 1491      6E747243 
 1491      66674F66 
 1491      66736574 
 1492              	.LASF98:
 1493 09ea 63707573 		.ascii	"cpussTrimRomCtlOffset\000"
 1493      73547269 
 1493      6D526F6D 
 1493      43746C4F 
 1493      66667365 
 1494              	.LASF111:
ARM GAS  C:\Users\dryos\AppData\Local\Temp\ccymx6SP.s 			page 35


 1495 0a00 62644861 		.ascii	"bdHandle\000"
 1495      6E646C65 
 1495      00
 1496              	.LASF48:
 1497 0a09 73727373 		.ascii	"srssNumClkpath\000"
 1497      4E756D43 
 1497      6C6B7061 
 1497      746800
 1498              	.LASF34:
 1499 0a18 64775665 		.ascii	"dwVersion\000"
 1499      7273696F 
 1499      6E00
 1500              	.LASF30:
 1501 0a22 69706342 		.ascii	"ipcBase\000"
 1501      61736500 
 1502              	.LASF81:
 1503 0a2a 70657269 		.ascii	"periDivCmdPaDivSelPos\000"
 1503      44697643 
 1503      6D645061 
 1503      44697653 
 1503      656C506F 
 1504              	.LASF62:
 1505 0a40 666C6173 		.ascii	"flashProgramDelay\000"
 1505      6850726F 
 1505      6772616D 
 1505      44656C61 
 1505      7900
 1506              	.LASF130:
 1507 0a52 63757374 		.ascii	"customServCharHandle\000"
 1507      6F6D5365 
 1507      72764368 
 1507      61724861 
 1507      6E646C65 
 1508              	.LASF121:
 1509 0a67 43595F42 		.ascii	"CY_BLE_CONN_STATE_CLIENT_DISCONNECTED_DISCOVERED\000"
 1509      4C455F43 
 1509      4F4E4E5F 
 1509      53544154 
 1509      455F434C 
 1510              	.LASF59:
 1511 0a98 666C6173 		.ascii	"flashRwwRequired\000"
 1511      68527777 
 1511      52657175 
 1511      69726564 
 1511      00
 1512              	.LASF131:
 1513 0aa9 63757374 		.ascii	"customServCharDesc\000"
 1513      6F6D5365 
 1513      72764368 
 1513      61724465 
 1513      736300
 1514              		.ident	"GCC: (GNU Tools for ARM Embedded Processors) 5.4.1 20160609 (release) [ARM/embedded-5-bran
