ARM GAS  C:\Users\dryos\AppData\Local\Temp\cc5DM2IF.s 			page 1


   1              		.syntax unified
   2              		.cpu cortex-m4
   3              		.eabi_attribute 27, 1
   4              		.fpu fpv4-sp-d16
   5              		.eabi_attribute 20, 1
   6              		.eabi_attribute 21, 1
   7              		.eabi_attribute 23, 3
   8              		.eabi_attribute 24, 1
   9              		.eabi_attribute 25, 1
  10              		.eabi_attribute 26, 1
  11              		.eabi_attribute 30, 1
  12              		.eabi_attribute 34, 1
  13              		.eabi_attribute 18, 4
  14              		.thumb
  15              		.syntax unified
  16              		.file	"POPE-app.c"
  17              		.text
  18              	.Ltext0:
  19              		.cfi_sections	.debug_frame
  20              		.section	.text.lowPowerImplementation,"ax",%progbits
  21              		.align	2
  22              		.global	lowPowerImplementation
  23              		.thumb
  24              		.thumb_func
  25              		.type	lowPowerImplementation, %function
  26              	lowPowerImplementation:
  27              	.LFB492:
  28              		.file 1 "POPE-app.c"
   1:POPE-app.c    **** /* ========================================
   2:POPE-app.c    ****  *
   3:POPE-app.c    ****  * Copyright YOUR COMPANY, THE YEAR
   4:POPE-app.c    ****  * All Rights Reserved
   5:POPE-app.c    ****  * UNPUBLISHED, LICENSED SOFTWARE.
   6:POPE-app.c    ****  *
   7:POPE-app.c    ****  * CONFIDENTIAL AND PROPRIETARY INFORMATION
   8:POPE-app.c    ****  * WHICH IS THE PROPERTY OF your company.
   9:POPE-app.c    ****  *
  10:POPE-app.c    ****  * ========================================
  11:POPE-app.c    **** */
  12:POPE-app.c    **** #include "POPE-app.h"
  13:POPE-app.c    **** 
  14:POPE-app.c    **** void lowPowerImplementation()
  15:POPE-app.c    **** {
  29              		.loc 1 15 0
  30              		.cfi_startproc
  31              		@ args = 0, pretend = 0, frame = 0
  32              		@ frame_needed = 0, uses_anonymous_args = 0
  33              		@ link register save eliminated.
  34 0000 7047     		bx	lr
  35              		.cfi_endproc
  36              	.LFE492:
  37              		.size	lowPowerImplementation, .-lowPowerImplementation
  38 0002 00BF     		.section	.text.getPower,"ax",%progbits
  39              		.align	2
  40              		.global	getPower
  41              		.thumb
  42              		.thumb_func
ARM GAS  C:\Users\dryos\AppData\Local\Temp\cc5DM2IF.s 			page 2


  43              		.type	getPower, %function
  44              	getPower:
  45              	.LFB493:
  16:POPE-app.c    ****     
  17:POPE-app.c    **** }
  18:POPE-app.c    **** 
  19:POPE-app.c    **** uint16_t getPower()
  20:POPE-app.c    **** {
  46              		.loc 1 20 0
  47              		.cfi_startproc
  48              		@ args = 0, pretend = 0, frame = 0
  49              		@ frame_needed = 0, uses_anonymous_args = 0
  50              		@ link register save eliminated.
  51              	.LVL0:
  21:POPE-app.c    ****     uint16_t power = 0;
  22:POPE-app.c    ****     uint8_t crankLength = 175;  //mm
  23:POPE-app.c    ****     //evt. flere variabler...
  24:POPE-app.c    ****     
  25:POPE-app.c    ****     //getVaegt();
  26:POPE-app.c    ****     //getCadence;
  27:POPE-app.c    ****     
  28:POPE-app.c    ****     //udregn power
  29:POPE-app.c    ****     return power;
  30:POPE-app.c    **** }
  52              		.loc 1 30 0
  53 0000 0020     		movs	r0, #0
  54 0002 7047     		bx	lr
  55              		.cfi_endproc
  56              	.LFE493:
  57              		.size	getPower, .-getPower
  58              		.section	.text.testKadence,"ax",%progbits
  59              		.align	2
  60              		.global	testKadence
  61              		.thumb
  62              		.thumb_func
  63              		.type	testKadence, %function
  64              	testKadence:
  65              	.LFB494:
  31:POPE-app.c    **** 
  32:POPE-app.c    **** bool testKadence()
  33:POPE-app.c    **** {
  66              		.loc 1 33 0
  67              		.cfi_startproc
  68              		@ args = 0, pretend = 0, frame = 0
  69              		@ frame_needed = 0, uses_anonymous_args = 0
  70              		@ link register save eliminated.
  71              	.LVL1:
  34:POPE-app.c    ****     bool highCadence = true;
  35:POPE-app.c    ****     //test kadencen
  36:POPE-app.c    ****         //return false hvis under 200mHz
  37:POPE-app.c    ****     return highCadence;
  38:POPE-app.c    **** }
  72              		.loc 1 38 0
  73 0000 0120     		movs	r0, #1
  74 0002 7047     		bx	lr
  75              		.cfi_endproc
  76              	.LFE494:
ARM GAS  C:\Users\dryos\AppData\Local\Temp\cc5DM2IF.s 			page 3


  77              		.size	testKadence, .-testKadence
  78              		.section	.text.startIdleCountdown,"ax",%progbits
  79              		.align	2
  80              		.global	startIdleCountdown
  81              		.thumb
  82              		.thumb_func
  83              		.type	startIdleCountdown, %function
  84              	startIdleCountdown:
  85              	.LFB495:
  39:POPE-app.c    **** 
  40:POPE-app.c    **** void startIdleCountdown()
  41:POPE-app.c    **** {
  86              		.loc 1 41 0
  87              		.cfi_startproc
  88              		@ args = 0, pretend = 0, frame = 0
  89              		@ frame_needed = 0, uses_anonymous_args = 0
  90              		@ link register save eliminated.
  91 0000 7047     		bx	lr
  92              		.cfi_endproc
  93              	.LFE495:
  94              		.size	startIdleCountdown, .-startIdleCountdown
  95 0002 00BF     		.section	.text.resetIdleCountdown,"ax",%progbits
  96              		.align	2
  97              		.global	resetIdleCountdown
  98              		.thumb
  99              		.thumb_func
 100              		.type	resetIdleCountdown, %function
 101              	resetIdleCountdown:
 102              	.LFB496:
  42:POPE-app.c    ****     
  43:POPE-app.c    **** }
  44:POPE-app.c    **** 
  45:POPE-app.c    **** void resetIdleCountdown()
  46:POPE-app.c    **** {
 103              		.loc 1 46 0
 104              		.cfi_startproc
 105              		@ args = 0, pretend = 0, frame = 0
 106              		@ frame_needed = 0, uses_anonymous_args = 0
 107              		@ link register save eliminated.
 108 0000 7047     		bx	lr
 109              		.cfi_endproc
 110              	.LFE496:
 111              		.size	resetIdleCountdown, .-resetIdleCountdown
 112 0002 00BF     		.section	.text.calibratePOPE,"ax",%progbits
 113              		.align	2
 114              		.global	calibratePOPE
 115              		.thumb
 116              		.thumb_func
 117              		.type	calibratePOPE, %function
 118              	calibratePOPE:
 119              	.LFB497:
  47:POPE-app.c    ****     
  48:POPE-app.c    **** }
  49:POPE-app.c    **** 
  50:POPE-app.c    **** bool calibratePOPE()
  51:POPE-app.c    **** {
 120              		.loc 1 51 0
ARM GAS  C:\Users\dryos\AppData\Local\Temp\cc5DM2IF.s 			page 4


 121              		.cfi_startproc
 122              		@ args = 0, pretend = 0, frame = 0
 123              		@ frame_needed = 0, uses_anonymous_args = 0
 124              		@ link register save eliminated.
 125              	.LVL2:
  52:POPE-app.c    ****     bool calibrationDone = false;
  53:POPE-app.c    ****     //udfør kalibrering
  54:POPE-app.c    ****         //return false hvis fejl?
  55:POPE-app.c    ****     return calibrationDone;
  56:POPE-app.c    **** }
 126              		.loc 1 56 0
 127 0000 0020     		movs	r0, #0
 128 0002 7047     		bx	lr
 129              		.cfi_endproc
 130              	.LFE497:
 131              		.size	calibratePOPE, .-calibratePOPE
 132              		.text
 133              	.Letext0:
 134              		.file 2 "c:\\program files (x86)\\cypress\\psoc creator\\4.4\\psoc creator\\import\\gnu\\arm\\5.4.
 135              		.file 3 "c:\\program files (x86)\\cypress\\psoc creator\\4.4\\psoc creator\\import\\gnu\\arm\\5.4.
 136              		.file 4 "Generated_Source\\PSoC6\\pdl\\drivers/peripheral/device/cy_device.h"
 137              		.file 5 "Generated_Source\\PSoC6\\pdl\\drivers/peripheral/scb/cy_scb_uart.h"
 138              		.file 6 "Generated_Source\\PSoC6\\pdl\\middleware/ble/cy_ble_stack_host_main.h"
 139              		.file 7 "Generated_Source\\PSoC6\\pdl\\middleware/ble/cy_ble_gap.h"
 140              		.file 8 "Generated_Source\\PSoC6\\pdl\\cmsis/include/core_cm4.h"
 141              		.file 9 "Generated_Source\\PSoC6/UART_DEB.h"
 142              		.section	.debug_info,"",%progbits
 143              	.Ldebug_info0:
 144 0000 EC070000 		.4byte	0x7ec
 145 0004 0400     		.2byte	0x4
 146 0006 00000000 		.4byte	.Ldebug_abbrev0
 147 000a 04       		.byte	0x4
 148 000b 01       		.uleb128 0x1
 149 000c C8050000 		.4byte	.LASF162
 150 0010 0C       		.byte	0xc
 151 0011 73040000 		.4byte	.LASF163
 152 0015 B3070000 		.4byte	.LASF164
 153 0019 00000000 		.4byte	.Ldebug_ranges0+0
 154 001d 00000000 		.4byte	0
 155 0021 00000000 		.4byte	.Ldebug_line0
 156 0025 02       		.uleb128 0x2
 157 0026 02       		.byte	0x2
 158 0027 05       		.byte	0x5
 159 0028 87070000 		.4byte	.LASF0
 160 002c 02       		.uleb128 0x2
 161 002d 01       		.byte	0x1
 162 002e 06       		.byte	0x6
 163 002f 88010000 		.4byte	.LASF1
 164 0033 03       		.uleb128 0x3
 165 0034 9B000000 		.4byte	.LASF3
 166 0038 02       		.byte	0x2
 167 0039 1D       		.byte	0x1d
 168 003a 3E000000 		.4byte	0x3e
 169 003e 02       		.uleb128 0x2
 170 003f 01       		.byte	0x1
 171 0040 08       		.byte	0x8
 172 0041 43070000 		.4byte	.LASF2
ARM GAS  C:\Users\dryos\AppData\Local\Temp\cc5DM2IF.s 			page 5


 173 0045 03       		.uleb128 0x3
 174 0046 FA020000 		.4byte	.LASF4
 175 004a 02       		.byte	0x2
 176 004b 29       		.byte	0x29
 177 004c 25000000 		.4byte	0x25
 178 0050 03       		.uleb128 0x3
 179 0051 B0080000 		.4byte	.LASF5
 180 0055 02       		.byte	0x2
 181 0056 2B       		.byte	0x2b
 182 0057 5B000000 		.4byte	0x5b
 183 005b 02       		.uleb128 0x2
 184 005c 02       		.byte	0x2
 185 005d 07       		.byte	0x7
 186 005e AD020000 		.4byte	.LASF6
 187 0062 03       		.uleb128 0x3
 188 0063 E7080000 		.4byte	.LASF7
 189 0067 02       		.byte	0x2
 190 0068 3F       		.byte	0x3f
 191 0069 6D000000 		.4byte	0x6d
 192 006d 02       		.uleb128 0x2
 193 006e 04       		.byte	0x4
 194 006f 05       		.byte	0x5
 195 0070 0E020000 		.4byte	.LASF8
 196 0074 03       		.uleb128 0x3
 197 0075 DF020000 		.4byte	.LASF9
 198 0079 02       		.byte	0x2
 199 007a 41       		.byte	0x41
 200 007b 7F000000 		.4byte	0x7f
 201 007f 02       		.uleb128 0x2
 202 0080 04       		.byte	0x4
 203 0081 07       		.byte	0x7
 204 0082 BA030000 		.4byte	.LASF10
 205 0086 02       		.uleb128 0x2
 206 0087 08       		.byte	0x8
 207 0088 05       		.byte	0x5
 208 0089 0D030000 		.4byte	.LASF11
 209 008d 02       		.uleb128 0x2
 210 008e 08       		.byte	0x8
 211 008f 07       		.byte	0x7
 212 0090 F4000000 		.4byte	.LASF12
 213 0094 04       		.uleb128 0x4
 214 0095 04       		.byte	0x4
 215 0096 05       		.byte	0x5
 216 0097 696E7400 		.ascii	"int\000"
 217 009b 02       		.uleb128 0x2
 218 009c 04       		.byte	0x4
 219 009d 07       		.byte	0x7
 220 009e 76030000 		.4byte	.LASF13
 221 00a2 03       		.uleb128 0x3
 222 00a3 530A0000 		.4byte	.LASF14
 223 00a7 03       		.byte	0x3
 224 00a8 18       		.byte	0x18
 225 00a9 33000000 		.4byte	0x33
 226 00ad 03       		.uleb128 0x3
 227 00ae 67010000 		.4byte	.LASF15
 228 00b2 03       		.byte	0x3
 229 00b3 20       		.byte	0x20
ARM GAS  C:\Users\dryos\AppData\Local\Temp\cc5DM2IF.s 			page 6


 230 00b4 45000000 		.4byte	0x45
 231 00b8 03       		.uleb128 0x3
 232 00b9 55020000 		.4byte	.LASF16
 233 00bd 03       		.byte	0x3
 234 00be 24       		.byte	0x24
 235 00bf 50000000 		.4byte	0x50
 236 00c3 03       		.uleb128 0x3
 237 00c4 3B070000 		.4byte	.LASF17
 238 00c8 03       		.byte	0x3
 239 00c9 2C       		.byte	0x2c
 240 00ca 62000000 		.4byte	0x62
 241 00ce 03       		.uleb128 0x3
 242 00cf B3090000 		.4byte	.LASF18
 243 00d3 03       		.byte	0x3
 244 00d4 30       		.byte	0x30
 245 00d5 74000000 		.4byte	0x74
 246 00d9 02       		.uleb128 0x2
 247 00da 04       		.byte	0x4
 248 00db 07       		.byte	0x7
 249 00dc 04050000 		.4byte	.LASF19
 250 00e0 05       		.uleb128 0x5
 251 00e1 CE000000 		.4byte	0xce
 252 00e5 02       		.uleb128 0x2
 253 00e6 08       		.byte	0x8
 254 00e7 04       		.byte	0x4
 255 00e8 61080000 		.4byte	.LASF20
 256 00ec 06       		.uleb128 0x6
 257 00ed B8       		.byte	0xb8
 258 00ee 04       		.byte	0x4
 259 00ef 34       		.byte	0x34
 260 00f0 FD040000 		.4byte	0x4fd
 261 00f4 07       		.uleb128 0x7
 262 00f5 DB000000 		.4byte	.LASF21
 263 00f9 04       		.byte	0x4
 264 00fa 37       		.byte	0x37
 265 00fb CE000000 		.4byte	0xce
 266 00ff 00       		.byte	0
 267 0100 07       		.uleb128 0x7
 268 0101 D4020000 		.4byte	.LASF22
 269 0105 04       		.byte	0x4
 270 0106 38       		.byte	0x38
 271 0107 CE000000 		.4byte	0xce
 272 010b 04       		.byte	0x4
 273 010c 07       		.uleb128 0x7
 274 010d 3B020000 		.4byte	.LASF23
 275 0111 04       		.byte	0x4
 276 0112 39       		.byte	0x39
 277 0113 CE000000 		.4byte	0xce
 278 0117 08       		.byte	0x8
 279 0118 07       		.uleb128 0x7
 280 0119 03070000 		.4byte	.LASF24
 281 011d 04       		.byte	0x4
 282 011e 3A       		.byte	0x3a
 283 011f CE000000 		.4byte	0xce
 284 0123 0C       		.byte	0xc
 285 0124 07       		.uleb128 0x7
 286 0125 A5040000 		.4byte	.LASF25
ARM GAS  C:\Users\dryos\AppData\Local\Temp\cc5DM2IF.s 			page 7


 287 0129 04       		.byte	0x4
 288 012a 3B       		.byte	0x3b
 289 012b CE000000 		.4byte	0xce
 290 012f 10       		.byte	0x10
 291 0130 07       		.uleb128 0x7
 292 0131 F8010000 		.4byte	.LASF26
 293 0135 04       		.byte	0x4
 294 0136 3C       		.byte	0x3c
 295 0137 CE000000 		.4byte	0xce
 296 013b 14       		.byte	0x14
 297 013c 07       		.uleb128 0x7
 298 013d 9F030000 		.4byte	.LASF27
 299 0141 04       		.byte	0x4
 300 0142 3D       		.byte	0x3d
 301 0143 CE000000 		.4byte	0xce
 302 0147 18       		.byte	0x18
 303 0148 07       		.uleb128 0x7
 304 0149 71000000 		.4byte	.LASF28
 305 014d 04       		.byte	0x4
 306 014e 3E       		.byte	0x3e
 307 014f CE000000 		.4byte	0xce
 308 0153 1C       		.byte	0x1c
 309 0154 07       		.uleb128 0x7
 310 0155 CD0A0000 		.4byte	.LASF29
 311 0159 04       		.byte	0x4
 312 015a 3F       		.byte	0x3f
 313 015b CE000000 		.4byte	0xce
 314 015f 20       		.byte	0x20
 315 0160 07       		.uleb128 0x7
 316 0161 E1040000 		.4byte	.LASF30
 317 0165 04       		.byte	0x4
 318 0166 40       		.byte	0x40
 319 0167 CE000000 		.4byte	0xce
 320 016b 24       		.byte	0x24
 321 016c 07       		.uleb128 0x7
 322 016d 340B0000 		.4byte	.LASF31
 323 0171 04       		.byte	0x4
 324 0172 43       		.byte	0x43
 325 0173 A2000000 		.4byte	0xa2
 326 0177 28       		.byte	0x28
 327 0178 07       		.uleb128 0x7
 328 0179 57000000 		.4byte	.LASF32
 329 017d 04       		.byte	0x4
 330 017e 44       		.byte	0x44
 331 017f A2000000 		.4byte	0xa2
 332 0183 29       		.byte	0x29
 333 0184 07       		.uleb128 0x7
 334 0185 C30A0000 		.4byte	.LASF33
 335 0189 04       		.byte	0x4
 336 018a 45       		.byte	0x45
 337 018b A2000000 		.4byte	0xa2
 338 018f 2A       		.byte	0x2a
 339 0190 07       		.uleb128 0x7
 340 0191 AD050000 		.4byte	.LASF34
 341 0195 04       		.byte	0x4
 342 0196 46       		.byte	0x46
 343 0197 A2000000 		.4byte	0xa2
ARM GAS  C:\Users\dryos\AppData\Local\Temp\cc5DM2IF.s 			page 8


 344 019b 2B       		.byte	0x2b
 345 019c 07       		.uleb128 0x7
 346 019d 67040000 		.4byte	.LASF35
 347 01a1 04       		.byte	0x4
 348 01a2 47       		.byte	0x47
 349 01a3 A2000000 		.4byte	0xa2
 350 01a7 2C       		.byte	0x2c
 351 01a8 07       		.uleb128 0x7
 352 01a9 01090000 		.4byte	.LASF36
 353 01ad 04       		.byte	0x4
 354 01ae 48       		.byte	0x48
 355 01af A2000000 		.4byte	0xa2
 356 01b3 2D       		.byte	0x2d
 357 01b4 07       		.uleb128 0x7
 358 01b5 A9010000 		.4byte	.LASF37
 359 01b9 04       		.byte	0x4
 360 01ba 49       		.byte	0x49
 361 01bb A2000000 		.4byte	0xa2
 362 01bf 2E       		.byte	0x2e
 363 01c0 07       		.uleb128 0x7
 364 01c1 F8040000 		.4byte	.LASF38
 365 01c5 04       		.byte	0x4
 366 01c6 4A       		.byte	0x4a
 367 01c7 A2000000 		.4byte	0xa2
 368 01cb 2F       		.byte	0x2f
 369 01cc 07       		.uleb128 0x7
 370 01cd 7C050000 		.4byte	.LASF39
 371 01d1 04       		.byte	0x4
 372 01d2 4B       		.byte	0x4b
 373 01d3 A2000000 		.4byte	0xa2
 374 01d7 30       		.byte	0x30
 375 01d8 07       		.uleb128 0x7
 376 01d9 EB030000 		.4byte	.LASF40
 377 01dd 04       		.byte	0x4
 378 01de 4E       		.byte	0x4e
 379 01df A2000000 		.4byte	0xa2
 380 01e3 31       		.byte	0x31
 381 01e4 07       		.uleb128 0x7
 382 01e5 CD000000 		.4byte	.LASF41
 383 01e9 04       		.byte	0x4
 384 01ea 4F       		.byte	0x4f
 385 01eb A2000000 		.4byte	0xa2
 386 01ef 32       		.byte	0x32
 387 01f0 07       		.uleb128 0x7
 388 01f1 F6030000 		.4byte	.LASF42
 389 01f5 04       		.byte	0x4
 390 01f6 50       		.byte	0x50
 391 01f7 A2000000 		.4byte	0xa2
 392 01fb 33       		.byte	0x33
 393 01fc 07       		.uleb128 0x7
 394 01fd A5000000 		.4byte	.LASF43
 395 0201 04       		.byte	0x4
 396 0202 51       		.byte	0x51
 397 0203 A2000000 		.4byte	0xa2
 398 0207 34       		.byte	0x34
 399 0208 07       		.uleb128 0x7
 400 0209 83090000 		.4byte	.LASF44
ARM GAS  C:\Users\dryos\AppData\Local\Temp\cc5DM2IF.s 			page 9


 401 020d 04       		.byte	0x4
 402 020e 52       		.byte	0x52
 403 020f AD000000 		.4byte	0xad
 404 0213 36       		.byte	0x36
 405 0214 07       		.uleb128 0x7
 406 0215 28080000 		.4byte	.LASF45
 407 0219 04       		.byte	0x4
 408 021a 53       		.byte	0x53
 409 021b AD000000 		.4byte	0xad
 410 021f 38       		.byte	0x38
 411 0220 07       		.uleb128 0x7
 412 0221 070A0000 		.4byte	.LASF46
 413 0225 04       		.byte	0x4
 414 0226 54       		.byte	0x54
 415 0227 AD000000 		.4byte	0xad
 416 022b 3A       		.byte	0x3a
 417 022c 07       		.uleb128 0x7
 418 022d E9010000 		.4byte	.LASF47
 419 0231 04       		.byte	0x4
 420 0232 55       		.byte	0x55
 421 0233 A2000000 		.4byte	0xa2
 422 0237 3C       		.byte	0x3c
 423 0238 07       		.uleb128 0x7
 424 0239 18050000 		.4byte	.LASF48
 425 023d 04       		.byte	0x4
 426 023e 56       		.byte	0x56
 427 023f A2000000 		.4byte	0xa2
 428 0243 3D       		.byte	0x3d
 429 0244 07       		.uleb128 0x7
 430 0245 EF070000 		.4byte	.LASF49
 431 0249 04       		.byte	0x4
 432 024a 57       		.byte	0x57
 433 024b A2000000 		.4byte	0xa2
 434 024f 3E       		.byte	0x3e
 435 0250 07       		.uleb128 0x7
 436 0251 65000000 		.4byte	.LASF50
 437 0255 04       		.byte	0x4
 438 0256 58       		.byte	0x58
 439 0257 A2000000 		.4byte	0xa2
 440 025b 3F       		.byte	0x3f
 441 025c 07       		.uleb128 0x7
 442 025d BB050000 		.4byte	.LASF51
 443 0261 04       		.byte	0x4
 444 0262 59       		.byte	0x59
 445 0263 A2000000 		.4byte	0xa2
 446 0267 40       		.byte	0x40
 447 0268 07       		.uleb128 0x7
 448 0269 EA020000 		.4byte	.LASF52
 449 026d 04       		.byte	0x4
 450 026e 5A       		.byte	0x5a
 451 026f A2000000 		.4byte	0xa2
 452 0273 41       		.byte	0x41
 453 0274 07       		.uleb128 0x7
 454 0275 70050000 		.4byte	.LASF53
 455 0279 04       		.byte	0x4
 456 027a 5B       		.byte	0x5b
 457 027b A2000000 		.4byte	0xa2
ARM GAS  C:\Users\dryos\AppData\Local\Temp\cc5DM2IF.s 			page 10


 458 027f 42       		.byte	0x42
 459 0280 07       		.uleb128 0x7
 460 0281 99050000 		.4byte	.LASF54
 461 0285 04       		.byte	0x4
 462 0286 5C       		.byte	0x5c
 463 0287 A2000000 		.4byte	0xa2
 464 028b 43       		.byte	0x43
 465 028c 07       		.uleb128 0x7
 466 028d 44020000 		.4byte	.LASF55
 467 0291 04       		.byte	0x4
 468 0292 5D       		.byte	0x5d
 469 0293 A2000000 		.4byte	0xa2
 470 0297 44       		.byte	0x44
 471 0298 07       		.uleb128 0x7
 472 0299 00000000 		.4byte	.LASF56
 473 029d 04       		.byte	0x4
 474 029e 5E       		.byte	0x5e
 475 029f CE000000 		.4byte	0xce
 476 02a3 48       		.byte	0x48
 477 02a4 07       		.uleb128 0x7
 478 02a5 17020000 		.4byte	.LASF57
 479 02a9 04       		.byte	0x4
 480 02aa 5F       		.byte	0x5f
 481 02ab CE000000 		.4byte	0xce
 482 02af 4C       		.byte	0x4c
 483 02b0 07       		.uleb128 0x7
 484 02b1 410B0000 		.4byte	.LASF58
 485 02b5 04       		.byte	0x4
 486 02b6 60       		.byte	0x60
 487 02b7 A2000000 		.4byte	0xa2
 488 02bb 50       		.byte	0x50
 489 02bc 07       		.uleb128 0x7
 490 02bd 41010000 		.4byte	.LASF59
 491 02c1 04       		.byte	0x4
 492 02c2 61       		.byte	0x61
 493 02c3 A2000000 		.4byte	0xa2
 494 02c7 51       		.byte	0x51
 495 02c8 07       		.uleb128 0x7
 496 02c9 1C0A0000 		.4byte	.LASF60
 497 02cd 04       		.byte	0x4
 498 02ce 62       		.byte	0x62
 499 02cf A2000000 		.4byte	0xa2
 500 02d3 52       		.byte	0x52
 501 02d4 07       		.uleb128 0x7
 502 02d5 0E090000 		.4byte	.LASF61
 503 02d9 04       		.byte	0x4
 504 02da 63       		.byte	0x63
 505 02db A2000000 		.4byte	0xa2
 506 02df 53       		.byte	0x53
 507 02e0 07       		.uleb128 0x7
 508 02e1 F3060000 		.4byte	.LASF62
 509 02e5 04       		.byte	0x4
 510 02e6 64       		.byte	0x64
 511 02e7 A2000000 		.4byte	0xa2
 512 02eb 54       		.byte	0x54
 513 02ec 07       		.uleb128 0x7
 514 02ed 53010000 		.4byte	.LASF63
ARM GAS  C:\Users\dryos\AppData\Local\Temp\cc5DM2IF.s 			page 11


 515 02f1 04       		.byte	0x4
 516 02f2 65       		.byte	0x65
 517 02f3 A2000000 		.4byte	0xa2
 518 02f7 55       		.byte	0x55
 519 02f8 07       		.uleb128 0x7
 520 02f9 9C080000 		.4byte	.LASF64
 521 02fd 04       		.byte	0x4
 522 02fe 66       		.byte	0x66
 523 02ff A2000000 		.4byte	0xa2
 524 0303 56       		.byte	0x56
 525 0304 07       		.uleb128 0x7
 526 0305 02040000 		.4byte	.LASF65
 527 0309 04       		.byte	0x4
 528 030a 67       		.byte	0x67
 529 030b A2000000 		.4byte	0xa2
 530 030f 57       		.byte	0x57
 531 0310 07       		.uleb128 0x7
 532 0311 1C000000 		.4byte	.LASF66
 533 0315 04       		.byte	0x4
 534 0316 68       		.byte	0x68
 535 0317 A2000000 		.4byte	0xa2
 536 031b 58       		.byte	0x58
 537 031c 07       		.uleb128 0x7
 538 031d 51070000 		.4byte	.LASF67
 539 0321 04       		.byte	0x4
 540 0322 69       		.byte	0x69
 541 0323 A2000000 		.4byte	0xa2
 542 0327 59       		.byte	0x59
 543 0328 07       		.uleb128 0x7
 544 0329 0D050000 		.4byte	.LASF68
 545 032d 04       		.byte	0x4
 546 032e 6E       		.byte	0x6e
 547 032f B8000000 		.4byte	0xb8
 548 0333 5A       		.byte	0x5a
 549 0334 07       		.uleb128 0x7
 550 0335 6C090000 		.4byte	.LASF69
 551 0339 04       		.byte	0x4
 552 033a 6F       		.byte	0x6f
 553 033b B8000000 		.4byte	0xb8
 554 033f 5C       		.byte	0x5c
 555 0340 07       		.uleb128 0x7
 556 0341 E5000000 		.4byte	.LASF70
 557 0345 04       		.byte	0x4
 558 0346 70       		.byte	0x70
 559 0347 A2000000 		.4byte	0xa2
 560 034b 5E       		.byte	0x5e
 561 034c 07       		.uleb128 0x7
 562 034d CC060000 		.4byte	.LASF71
 563 0351 04       		.byte	0x4
 564 0352 71       		.byte	0x71
 565 0353 A2000000 		.4byte	0xa2
 566 0357 5F       		.byte	0x5f
 567 0358 07       		.uleb128 0x7
 568 0359 88050000 		.4byte	.LASF72
 569 035d 04       		.byte	0x4
 570 035e 72       		.byte	0x72
 571 035f A2000000 		.4byte	0xa2
ARM GAS  C:\Users\dryos\AppData\Local\Temp\cc5DM2IF.s 			page 12


 572 0363 60       		.byte	0x60
 573 0364 07       		.uleb128 0x7
 574 0365 A5060000 		.4byte	.LASF73
 575 0369 04       		.byte	0x4
 576 036a 73       		.byte	0x73
 577 036b CE000000 		.4byte	0xce
 578 036f 64       		.byte	0x64
 579 0370 07       		.uleb128 0x7
 580 0371 0B010000 		.4byte	.LASF74
 581 0375 04       		.byte	0x4
 582 0376 76       		.byte	0x76
 583 0377 B8000000 		.4byte	0xb8
 584 037b 68       		.byte	0x68
 585 037c 07       		.uleb128 0x7
 586 037d A8030000 		.4byte	.LASF75
 587 0381 04       		.byte	0x4
 588 0382 77       		.byte	0x77
 589 0383 B8000000 		.4byte	0xb8
 590 0387 6A       		.byte	0x6a
 591 0388 07       		.uleb128 0x7
 592 0389 16040000 		.4byte	.LASF76
 593 038d 04       		.byte	0x4
 594 038e 78       		.byte	0x78
 595 038f B8000000 		.4byte	0xb8
 596 0393 6C       		.byte	0x6c
 597 0394 07       		.uleb128 0x7
 598 0395 3F080000 		.4byte	.LASF77
 599 0399 04       		.byte	0x4
 600 039a 79       		.byte	0x79
 601 039b B8000000 		.4byte	0xb8
 602 039f 6E       		.byte	0x6e
 603 03a0 07       		.uleb128 0x7
 604 03a1 9F070000 		.4byte	.LASF78
 605 03a5 04       		.byte	0x4
 606 03a6 7B       		.byte	0x7b
 607 03a7 A2000000 		.4byte	0xa2
 608 03ab 70       		.byte	0x70
 609 03ac 07       		.uleb128 0x7
 610 03ad 94010000 		.4byte	.LASF79
 611 03b1 04       		.byte	0x4
 612 03b2 7C       		.byte	0x7c
 613 03b3 A2000000 		.4byte	0xa2
 614 03b7 71       		.byte	0x71
 615 03b8 07       		.uleb128 0x7
 616 03b9 D50A0000 		.4byte	.LASF80
 617 03bd 04       		.byte	0x4
 618 03be 7D       		.byte	0x7d
 619 03bf A2000000 		.4byte	0xa2
 620 03c3 72       		.byte	0x72
 621 03c4 07       		.uleb128 0x7
 622 03c5 59050000 		.4byte	.LASF81
 623 03c9 04       		.byte	0x4
 624 03ca 7E       		.byte	0x7e
 625 03cb A2000000 		.4byte	0xa2
 626 03cf 73       		.byte	0x73
 627 03d0 07       		.uleb128 0x7
 628 03d1 9B020000 		.4byte	.LASF82
ARM GAS  C:\Users\dryos\AppData\Local\Temp\cc5DM2IF.s 			page 13


 629 03d5 04       		.byte	0x4
 630 03d6 80       		.byte	0x80
 631 03d7 B8000000 		.4byte	0xb8
 632 03db 74       		.byte	0x74
 633 03dc 07       		.uleb128 0x7
 634 03dd D4080000 		.4byte	.LASF83
 635 03e1 04       		.byte	0x4
 636 03e2 81       		.byte	0x81
 637 03e3 B8000000 		.4byte	0xb8
 638 03e7 76       		.byte	0x76
 639 03e8 07       		.uleb128 0x7
 640 03e9 65020000 		.4byte	.LASF84
 641 03ed 04       		.byte	0x4
 642 03ee 82       		.byte	0x82
 643 03ef B8000000 		.4byte	0xb8
 644 03f3 78       		.byte	0x78
 645 03f4 07       		.uleb128 0x7
 646 03f5 72070000 		.4byte	.LASF85
 647 03f9 04       		.byte	0x4
 648 03fa 83       		.byte	0x83
 649 03fb B8000000 		.4byte	0xb8
 650 03ff 7A       		.byte	0x7a
 651 0400 07       		.uleb128 0x7
 652 0401 780A0000 		.4byte	.LASF86
 653 0405 04       		.byte	0x4
 654 0406 86       		.byte	0x86
 655 0407 A2000000 		.4byte	0xa2
 656 040b 7C       		.byte	0x7c
 657 040c 07       		.uleb128 0x7
 658 040d 56040000 		.4byte	.LASF87
 659 0411 04       		.byte	0x4
 660 0412 87       		.byte	0x87
 661 0413 A2000000 		.4byte	0xa2
 662 0417 7D       		.byte	0x7d
 663 0418 07       		.uleb128 0x7
 664 0419 30000000 		.4byte	.LASF88
 665 041d 04       		.byte	0x4
 666 041e 88       		.byte	0x88
 667 041f A2000000 		.4byte	0xa2
 668 0423 7E       		.byte	0x7e
 669 0424 07       		.uleb128 0x7
 670 0425 C0020000 		.4byte	.LASF89
 671 0429 04       		.byte	0x4
 672 042a 89       		.byte	0x89
 673 042b A2000000 		.4byte	0xa2
 674 042f 7F       		.byte	0x7f
 675 0430 07       		.uleb128 0x7
 676 0431 3A030000 		.4byte	.LASF90
 677 0435 04       		.byte	0x4
 678 0436 8A       		.byte	0x8a
 679 0437 A2000000 		.4byte	0xa2
 680 043b 80       		.byte	0x80
 681 043c 07       		.uleb128 0x7
 682 043d C4040000 		.4byte	.LASF91
 683 0441 04       		.byte	0x4
 684 0442 8D       		.byte	0x8d
 685 0443 CE000000 		.4byte	0xce
ARM GAS  C:\Users\dryos\AppData\Local\Temp\cc5DM2IF.s 			page 14


 686 0447 84       		.byte	0x84
 687 0448 07       		.uleb128 0x7
 688 0449 B6000000 		.4byte	.LASF92
 689 044d 04       		.byte	0x4
 690 044e 8E       		.byte	0x8e
 691 044f CE000000 		.4byte	0xce
 692 0453 88       		.byte	0x88
 693 0454 07       		.uleb128 0x7
 694 0455 90090000 		.4byte	.LASF93
 695 0459 04       		.byte	0x4
 696 045a 8F       		.byte	0x8f
 697 045b CE000000 		.4byte	0xce
 698 045f 8C       		.byte	0x8c
 699 0460 07       		.uleb128 0x7
 700 0461 4E030000 		.4byte	.LASF94
 701 0465 04       		.byte	0x4
 702 0466 90       		.byte	0x90
 703 0467 CE000000 		.4byte	0xce
 704 046b 90       		.byte	0x90
 705 046c 07       		.uleb128 0x7
 706 046d 1B030000 		.4byte	.LASF95
 707 0471 04       		.byte	0x4
 708 0472 91       		.byte	0x91
 709 0473 CE000000 		.4byte	0xce
 710 0477 94       		.byte	0x94
 711 0478 07       		.uleb128 0x7
 712 0479 AE040000 		.4byte	.LASF96
 713 047d 04       		.byte	0x4
 714 047e 92       		.byte	0x92
 715 047f CE000000 		.4byte	0xce
 716 0483 98       		.byte	0x98
 717 0484 07       		.uleb128 0x7
 718 0485 9B0A0000 		.4byte	.LASF97
 719 0489 04       		.byte	0x4
 720 048a 93       		.byte	0x93
 721 048b CE000000 		.4byte	0xce
 722 048f 9C       		.byte	0x9c
 723 0490 07       		.uleb128 0x7
 724 0491 25010000 		.4byte	.LASF98
 725 0495 04       		.byte	0x4
 726 0496 94       		.byte	0x94
 727 0497 CE000000 		.4byte	0xce
 728 049b A0       		.byte	0xa0
 729 049c 07       		.uleb128 0x7
 730 049d B4010000 		.4byte	.LASF99
 731 04a1 04       		.byte	0x4
 732 04a2 95       		.byte	0x95
 733 04a3 B8000000 		.4byte	0xb8
 734 04a7 A4       		.byte	0xa4
 735 04a8 07       		.uleb128 0x7
 736 04a9 4C080000 		.4byte	.LASF100
 737 04ad 04       		.byte	0x4
 738 04ae 96       		.byte	0x96
 739 04af B8000000 		.4byte	0xb8
 740 04b3 A6       		.byte	0xa6
 741 04b4 07       		.uleb128 0x7
 742 04b5 C0060000 		.4byte	.LASF101
ARM GAS  C:\Users\dryos\AppData\Local\Temp\cc5DM2IF.s 			page 15


 743 04b9 04       		.byte	0x4
 744 04ba 97       		.byte	0x97
 745 04bb B8000000 		.4byte	0xb8
 746 04bf A8       		.byte	0xa8
 747 04c0 07       		.uleb128 0x7
 748 04c1 91070000 		.4byte	.LASF102
 749 04c5 04       		.byte	0x4
 750 04c6 98       		.byte	0x98
 751 04c7 B8000000 		.4byte	0xb8
 752 04cb AA       		.byte	0xaa
 753 04cc 07       		.uleb128 0x7
 754 04cd 25040000 		.4byte	.LASF103
 755 04d1 04       		.byte	0x4
 756 04d2 99       		.byte	0x99
 757 04d3 B8000000 		.4byte	0xb8
 758 04d7 AC       		.byte	0xac
 759 04d8 07       		.uleb128 0x7
 760 04d9 7A000000 		.4byte	.LASF104
 761 04dd 04       		.byte	0x4
 762 04de 9A       		.byte	0x9a
 763 04df B8000000 		.4byte	0xb8
 764 04e3 AE       		.byte	0xae
 765 04e4 07       		.uleb128 0x7
 766 04e5 75090000 		.4byte	.LASF105
 767 04e9 04       		.byte	0x4
 768 04ea 9D       		.byte	0x9d
 769 04eb B8000000 		.4byte	0xb8
 770 04ef B0       		.byte	0xb0
 771 04f0 07       		.uleb128 0x7
 772 04f1 43000000 		.4byte	.LASF106
 773 04f5 04       		.byte	0x4
 774 04f6 9E       		.byte	0x9e
 775 04f7 CE000000 		.4byte	0xce
 776 04fb B4       		.byte	0xb4
 777 04fc 00       		.byte	0
 778 04fd 03       		.uleb128 0x3
 779 04fe 7E040000 		.4byte	.LASF107
 780 0502 04       		.byte	0x4
 781 0503 9F       		.byte	0x9f
 782 0504 EC000000 		.4byte	0xec
 783 0508 02       		.uleb128 0x2
 784 0509 01       		.byte	0x1
 785 050a 08       		.byte	0x8
 786 050b 6D080000 		.4byte	.LASF108
 787 050f 02       		.uleb128 0x2
 788 0510 04       		.byte	0x4
 789 0511 04       		.byte	0x4
 790 0512 9F060000 		.4byte	.LASF109
 791 0516 02       		.uleb128 0x2
 792 0517 08       		.byte	0x8
 793 0518 04       		.byte	0x4
 794 0519 5E020000 		.4byte	.LASF110
 795 051d 08       		.uleb128 0x8
 796 051e 04       		.byte	0x4
 797 051f 02       		.uleb128 0x2
 798 0520 01       		.byte	0x1
 799 0521 02       		.byte	0x2
ARM GAS  C:\Users\dryos\AppData\Local\Temp\cc5DM2IF.s 			page 16


 800 0522 35070000 		.4byte	.LASF111
 801 0526 09       		.uleb128 0x9
 802 0527 04       		.byte	0x4
 803 0528 2C050000 		.4byte	0x52c
 804 052c 0A       		.uleb128 0xa
 805 052d 37050000 		.4byte	0x537
 806 0531 0B       		.uleb128 0xb
 807 0532 CE000000 		.4byte	0xce
 808 0536 00       		.byte	0
 809 0537 0C       		.uleb128 0xc
 810 0538 CC030000 		.4byte	.LASF112
 811 053c 05       		.byte	0x5
 812 053d D901     		.2byte	0x1d9
 813 053f 26050000 		.4byte	0x526
 814 0543 0D       		.uleb128 0xd
 815 0544 EB0A0000 		.4byte	.LASF165
 816 0548 38       		.byte	0x38
 817 0549 05       		.byte	0x5
 818 054a 7502     		.2byte	0x275
 819 054c 07060000 		.4byte	0x607
 820 0550 0E       		.uleb128 0xe
 821 0551 BA0A0000 		.4byte	.LASF113
 822 0555 05       		.byte	0x5
 823 0556 7802     		.2byte	0x278
 824 0558 E0000000 		.4byte	0xe0
 825 055c 00       		.byte	0
 826 055d 0E       		.uleb128 0xe
 827 055e A4050000 		.4byte	.LASF114
 828 0562 05       		.byte	0x5
 829 0563 7902     		.2byte	0x279
 830 0565 E0000000 		.4byte	0xe0
 831 0569 04       		.byte	0x4
 832 056a 0E       		.uleb128 0xe
 833 056b 1B010000 		.4byte	.LASF115
 834 056f 05       		.byte	0x5
 835 0570 7B02     		.2byte	0x27b
 836 0572 1D050000 		.4byte	0x51d
 837 0576 08       		.byte	0x8
 838 0577 0E       		.uleb128 0xe
 839 0578 34090000 		.4byte	.LASF116
 840 057c 05       		.byte	0x5
 841 057d 7C02     		.2byte	0x27c
 842 057f CE000000 		.4byte	0xce
 843 0583 0C       		.byte	0xc
 844 0584 0E       		.uleb128 0xe
 845 0585 26090000 		.4byte	.LASF117
 846 0589 05       		.byte	0x5
 847 058a 7D02     		.2byte	0x27d
 848 058c E0000000 		.4byte	0xe0
 849 0590 10       		.byte	0x10
 850 0591 0E       		.uleb128 0xe
 851 0592 8D0A0000 		.4byte	.LASF118
 852 0596 05       		.byte	0x5
 853 0597 7E02     		.2byte	0x27e
 854 0599 E0000000 		.4byte	0xe0
 855 059d 14       		.byte	0x14
 856 059e 0E       		.uleb128 0xe
ARM GAS  C:\Users\dryos\AppData\Local\Temp\cc5DM2IF.s 			page 17


 857 059f AD090000 		.4byte	.LASF119
 858 05a3 05       		.byte	0x5
 859 05a4 8002     		.2byte	0x280
 860 05a6 1D050000 		.4byte	0x51d
 861 05aa 18       		.byte	0x18
 862 05ab 0E       		.uleb128 0xe
 863 05ac 12000000 		.4byte	.LASF120
 864 05b0 05       		.byte	0x5
 865 05b1 8102     		.2byte	0x281
 866 05b3 CE000000 		.4byte	0xce
 867 05b7 1C       		.byte	0x1c
 868 05b8 0E       		.uleb128 0xe
 869 05b9 04030000 		.4byte	.LASF121
 870 05bd 05       		.byte	0x5
 871 05be 8202     		.2byte	0x282
 872 05c0 E0000000 		.4byte	0xe0
 873 05c4 20       		.byte	0x20
 874 05c5 0E       		.uleb128 0xe
 875 05c6 3B010000 		.4byte	.LASF122
 876 05ca 05       		.byte	0x5
 877 05cb 8402     		.2byte	0x284
 878 05cd 1D050000 		.4byte	0x51d
 879 05d1 24       		.byte	0x24
 880 05d2 0E       		.uleb128 0xe
 881 05d3 30030000 		.4byte	.LASF123
 882 05d7 05       		.byte	0x5
 883 05d8 8502     		.2byte	0x285
 884 05da CE000000 		.4byte	0xce
 885 05de 28       		.byte	0x28
 886 05df 0E       		.uleb128 0xe
 887 05e0 E2060000 		.4byte	.LASF124
 888 05e4 05       		.byte	0x5
 889 05e5 8602     		.2byte	0x286
 890 05e7 E0000000 		.4byte	0xe0
 891 05eb 2C       		.byte	0x2c
 892 05ec 0E       		.uleb128 0xe
 893 05ed 44040000 		.4byte	.LASF125
 894 05f1 05       		.byte	0x5
 895 05f2 8B02     		.2byte	0x28b
 896 05f4 37050000 		.4byte	0x537
 897 05f8 30       		.byte	0x30
 898 05f9 0E       		.uleb128 0xe
 899 05fa A5090000 		.4byte	.LASF126
 900 05fe 05       		.byte	0x5
 901 05ff 8E02     		.2byte	0x28e
 902 0601 CE000000 		.4byte	0xce
 903 0605 34       		.byte	0x34
 904 0606 00       		.byte	0
 905 0607 0C       		.uleb128 0xc
 906 0608 BC090000 		.4byte	.LASF127
 907 060c 05       		.byte	0x5
 908 060d 9102     		.2byte	0x291
 909 060f 43050000 		.4byte	0x543
 910 0613 0F       		.uleb128 0xf
 911 0614 02       		.byte	0x2
 912 0615 06       		.byte	0x6
 913 0616 6401     		.2byte	0x164
ARM GAS  C:\Users\dryos\AppData\Local\Temp\cc5DM2IF.s 			page 18


 914 0618 37060000 		.4byte	0x637
 915 061c 0E       		.uleb128 0xe
 916 061d B10A0000 		.4byte	.LASF128
 917 0621 06       		.byte	0x6
 918 0622 6E01     		.2byte	0x16e
 919 0624 A2000000 		.4byte	0xa2
 920 0628 00       		.byte	0
 921 0629 0E       		.uleb128 0xe
 922 062a DB040000 		.4byte	.LASF129
 923 062e 06       		.byte	0x6
 924 062f 7201     		.2byte	0x172
 925 0631 A2000000 		.4byte	0xa2
 926 0635 01       		.byte	0x1
 927 0636 00       		.byte	0
 928 0637 0C       		.uleb128 0xc
 929 0638 6F010000 		.4byte	.LASF130
 930 063c 06       		.byte	0x6
 931 063d 7401     		.2byte	0x174
 932 063f 13060000 		.4byte	0x613
 933 0643 10       		.uleb128 0x10
 934 0644 01       		.byte	0x1
 935 0645 3E000000 		.4byte	0x3e
 936 0649 07       		.byte	0x7
 937 064a 7E       		.byte	0x7e
 938 064b 68060000 		.4byte	0x668
 939 064f 11       		.uleb128 0x11
 940 0650 2C0A0000 		.4byte	.LASF131
 941 0654 00       		.byte	0
 942 0655 11       		.uleb128 0x11
 943 0656 3A050000 		.4byte	.LASF132
 944 065a 01       		.byte	0x1
 945 065b 11       		.uleb128 0x11
 946 065c 5B0A0000 		.4byte	.LASF133
 947 0660 02       		.byte	0x2
 948 0661 11       		.uleb128 0x11
 949 0662 C9010000 		.4byte	.LASF134
 950 0666 03       		.byte	0x3
 951 0667 00       		.byte	0
 952 0668 03       		.uleb128 0x3
 953 0669 25020000 		.4byte	.LASF135
 954 066d 07       		.byte	0x7
 955 066e 83       		.byte	0x83
 956 066f 43060000 		.4byte	0x643
 957 0673 10       		.uleb128 0x10
 958 0674 01       		.byte	0x1
 959 0675 3E000000 		.4byte	0x3e
 960 0679 07       		.byte	0x7
 961 067a 87       		.byte	0x87
 962 067b B0060000 		.4byte	0x6b0
 963 067f 11       		.uleb128 0x11
 964 0680 D6090000 		.4byte	.LASF136
 965 0684 00       		.byte	0
 966 0685 11       		.uleb128 0x11
 967 0686 030B0000 		.4byte	.LASF137
 968 068a 01       		.byte	0x1
 969 068b 11       		.uleb128 0x11
 970 068c 83030000 		.4byte	.LASF138
ARM GAS  C:\Users\dryos\AppData\Local\Temp\cc5DM2IF.s 			page 19


 971 0690 02       		.byte	0x2
 972 0691 11       		.uleb128 0x11
 973 0692 42090000 		.4byte	.LASF139
 974 0696 03       		.byte	0x3
 975 0697 11       		.uleb128 0x11
 976 0698 72080000 		.4byte	.LASF140
 977 069c 04       		.byte	0x4
 978 069d 11       		.uleb128 0x11
 979 069e 0B070000 		.4byte	.LASF141
 980 06a2 05       		.byte	0x5
 981 06a3 11       		.uleb128 0x11
 982 06a4 FD070000 		.4byte	.LASF142
 983 06a8 06       		.byte	0x6
 984 06a9 11       		.uleb128 0x11
 985 06aa 7B060000 		.4byte	.LASF143
 986 06ae 07       		.byte	0x7
 987 06af 00       		.byte	0
 988 06b0 03       		.uleb128 0x3
 989 06b1 23050000 		.4byte	.LASF144
 990 06b5 07       		.byte	0x7
 991 06b6 90       		.byte	0x90
 992 06b7 73060000 		.4byte	0x673
 993 06bb 12       		.uleb128 0x12
 994 06bc 8E040000 		.4byte	.LASF150
 995 06c0 01       		.byte	0x1
 996 06c1 0E       		.byte	0xe
 997 06c2 00000000 		.4byte	.LFB492
 998 06c6 02000000 		.4byte	.LFE492-.LFB492
 999 06ca 01       		.uleb128 0x1
 1000 06cb 9C       		.byte	0x9c
 1001 06cc 13       		.uleb128 0x13
 1002 06cd 4D040000 		.4byte	.LASF147
 1003 06d1 01       		.byte	0x1
 1004 06d2 13       		.byte	0x13
 1005 06d3 B8000000 		.4byte	0xb8
 1006 06d7 00000000 		.4byte	.LFB493
 1007 06db 04000000 		.4byte	.LFE493-.LFB493
 1008 06df 01       		.uleb128 0x1
 1009 06e0 9C       		.byte	0x9c
 1010 06e1 FF060000 		.4byte	0x6ff
 1011 06e5 14       		.uleb128 0x14
 1012 06e6 20090000 		.4byte	.LASF145
 1013 06ea 01       		.byte	0x1
 1014 06eb 15       		.byte	0x15
 1015 06ec B8000000 		.4byte	0xb8
 1016 06f0 00       		.byte	0
 1017 06f1 15       		.uleb128 0x15
 1018 06f2 EC040000 		.4byte	.LASF146
 1019 06f6 01       		.byte	0x1
 1020 06f7 16       		.byte	0x16
 1021 06f8 A2000000 		.4byte	0xa2
 1022 06fc AF7F     		.sleb128 -81
 1023 06fe 00       		.byte	0
 1024 06ff 13       		.uleb128 0x13
 1025 0700 02020000 		.4byte	.LASF148
 1026 0704 01       		.byte	0x1
 1027 0705 20       		.byte	0x20
ARM GAS  C:\Users\dryos\AppData\Local\Temp\cc5DM2IF.s 			page 20


 1028 0706 1F050000 		.4byte	0x51f
 1029 070a 00000000 		.4byte	.LFB494
 1030 070e 04000000 		.4byte	.LFE494-.LFB494
 1031 0712 01       		.uleb128 0x1
 1032 0713 9C       		.byte	0x9c
 1033 0714 25070000 		.4byte	0x725
 1034 0718 14       		.uleb128 0x14
 1035 0719 33080000 		.4byte	.LASF149
 1036 071d 01       		.byte	0x1
 1037 071e 22       		.byte	0x22
 1038 071f 1F050000 		.4byte	0x51f
 1039 0723 01       		.byte	0x1
 1040 0724 00       		.byte	0
 1041 0725 12       		.uleb128 0x12
 1042 0726 63030000 		.4byte	.LASF151
 1043 072a 01       		.byte	0x1
 1044 072b 28       		.byte	0x28
 1045 072c 00000000 		.4byte	.LFB495
 1046 0730 02000000 		.4byte	.LFE495-.LFB495
 1047 0734 01       		.uleb128 0x1
 1048 0735 9C       		.byte	0x9c
 1049 0736 12       		.uleb128 0x12
 1050 0737 88000000 		.4byte	.LASF152
 1051 073b 01       		.byte	0x1
 1052 073c 2D       		.byte	0x2d
 1053 073d 00000000 		.4byte	.LFB496
 1054 0741 02000000 		.4byte	.LFE496-.LFB496
 1055 0745 01       		.uleb128 0x1
 1056 0746 9C       		.byte	0x9c
 1057 0747 13       		.uleb128 0x13
 1058 0748 450A0000 		.4byte	.LASF153
 1059 074c 01       		.byte	0x1
 1060 074d 32       		.byte	0x32
 1061 074e 1F050000 		.4byte	0x51f
 1062 0752 00000000 		.4byte	.LFB497
 1063 0756 04000000 		.4byte	.LFE497-.LFB497
 1064 075a 01       		.uleb128 0x1
 1065 075b 9C       		.byte	0x9c
 1066 075c 6D070000 		.4byte	0x76d
 1067 0760 14       		.uleb128 0x14
 1068 0761 8B020000 		.4byte	.LASF154
 1069 0765 01       		.byte	0x1
 1070 0766 34       		.byte	0x34
 1071 0767 1F050000 		.4byte	0x51f
 1072 076b 00       		.byte	0
 1073 076c 00       		.byte	0
 1074 076d 16       		.uleb128 0x16
 1075 076e 65070000 		.4byte	.LASF155
 1076 0772 08       		.byte	0x8
 1077 0773 F907     		.2byte	0x7f9
 1078 0775 79070000 		.4byte	0x779
 1079 0779 05       		.uleb128 0x5
 1080 077a C3000000 		.4byte	0xc3
 1081 077e 17       		.uleb128 0x17
 1082 077f B6060000 		.4byte	.LASF156
 1083 0783 04       		.byte	0x4
 1084 0784 A7       		.byte	0xa7
ARM GAS  C:\Users\dryos\AppData\Local\Temp\cc5DM2IF.s 			page 21


 1085 0785 89070000 		.4byte	0x789
 1086 0789 09       		.uleb128 0x9
 1087 078a 04       		.byte	0x4
 1088 078b 8F070000 		.4byte	0x78f
 1089 078f 18       		.uleb128 0x18
 1090 0790 FD040000 		.4byte	0x4fd
 1091 0794 16       		.uleb128 0x16
 1092 0795 F1080000 		.4byte	.LASF157
 1093 0799 07       		.byte	0x7
 1094 079a 2202     		.2byte	0x222
 1095 079c 68060000 		.4byte	0x668
 1096 07a0 19       		.uleb128 0x19
 1097 07a1 37060000 		.4byte	0x637
 1098 07a5 B0070000 		.4byte	0x7b0
 1099 07a9 1A       		.uleb128 0x1a
 1100 07aa D9000000 		.4byte	0xd9
 1101 07ae 00       		.byte	0
 1102 07af 00       		.byte	0
 1103 07b0 16       		.uleb128 0x16
 1104 07b1 F5090000 		.4byte	.LASF158
 1105 07b5 07       		.byte	0x7
 1106 07b6 2C02     		.2byte	0x22c
 1107 07b8 A0070000 		.4byte	0x7a0
 1108 07bc 19       		.uleb128 0x19
 1109 07bd B0060000 		.4byte	0x6b0
 1110 07c1 CC070000 		.4byte	0x7cc
 1111 07c5 1A       		.uleb128 0x1a
 1112 07c6 D9000000 		.4byte	0xd9
 1113 07ca 00       		.byte	0
 1114 07cb 00       		.byte	0
 1115 07cc 16       		.uleb128 0x16
 1116 07cd 33040000 		.4byte	.LASF159
 1117 07d1 07       		.byte	0x7
 1118 07d2 2D02     		.2byte	0x22d
 1119 07d4 BC070000 		.4byte	0x7bc
 1120 07d8 16       		.uleb128 0x16
 1121 07d9 BB080000 		.4byte	.LASF160
 1122 07dd 07       		.byte	0x7
 1123 07de 5202     		.2byte	0x252
 1124 07e0 A2000000 		.4byte	0xa2
 1125 07e4 17       		.uleb128 0x17
 1126 07e5 7A020000 		.4byte	.LASF161
 1127 07e9 09       		.byte	0x9
 1128 07ea 87       		.byte	0x87
 1129 07eb 07060000 		.4byte	0x607
 1130 07ef 00       		.byte	0
 1131              		.section	.debug_abbrev,"",%progbits
 1132              	.Ldebug_abbrev0:
 1133 0000 01       		.uleb128 0x1
 1134 0001 11       		.uleb128 0x11
 1135 0002 01       		.byte	0x1
 1136 0003 25       		.uleb128 0x25
 1137 0004 0E       		.uleb128 0xe
 1138 0005 13       		.uleb128 0x13
 1139 0006 0B       		.uleb128 0xb
 1140 0007 03       		.uleb128 0x3
 1141 0008 0E       		.uleb128 0xe
ARM GAS  C:\Users\dryos\AppData\Local\Temp\cc5DM2IF.s 			page 22


 1142 0009 1B       		.uleb128 0x1b
 1143 000a 0E       		.uleb128 0xe
 1144 000b 55       		.uleb128 0x55
 1145 000c 17       		.uleb128 0x17
 1146 000d 11       		.uleb128 0x11
 1147 000e 01       		.uleb128 0x1
 1148 000f 10       		.uleb128 0x10
 1149 0010 17       		.uleb128 0x17
 1150 0011 00       		.byte	0
 1151 0012 00       		.byte	0
 1152 0013 02       		.uleb128 0x2
 1153 0014 24       		.uleb128 0x24
 1154 0015 00       		.byte	0
 1155 0016 0B       		.uleb128 0xb
 1156 0017 0B       		.uleb128 0xb
 1157 0018 3E       		.uleb128 0x3e
 1158 0019 0B       		.uleb128 0xb
 1159 001a 03       		.uleb128 0x3
 1160 001b 0E       		.uleb128 0xe
 1161 001c 00       		.byte	0
 1162 001d 00       		.byte	0
 1163 001e 03       		.uleb128 0x3
 1164 001f 16       		.uleb128 0x16
 1165 0020 00       		.byte	0
 1166 0021 03       		.uleb128 0x3
 1167 0022 0E       		.uleb128 0xe
 1168 0023 3A       		.uleb128 0x3a
 1169 0024 0B       		.uleb128 0xb
 1170 0025 3B       		.uleb128 0x3b
 1171 0026 0B       		.uleb128 0xb
 1172 0027 49       		.uleb128 0x49
 1173 0028 13       		.uleb128 0x13
 1174 0029 00       		.byte	0
 1175 002a 00       		.byte	0
 1176 002b 04       		.uleb128 0x4
 1177 002c 24       		.uleb128 0x24
 1178 002d 00       		.byte	0
 1179 002e 0B       		.uleb128 0xb
 1180 002f 0B       		.uleb128 0xb
 1181 0030 3E       		.uleb128 0x3e
 1182 0031 0B       		.uleb128 0xb
 1183 0032 03       		.uleb128 0x3
 1184 0033 08       		.uleb128 0x8
 1185 0034 00       		.byte	0
 1186 0035 00       		.byte	0
 1187 0036 05       		.uleb128 0x5
 1188 0037 35       		.uleb128 0x35
 1189 0038 00       		.byte	0
 1190 0039 49       		.uleb128 0x49
 1191 003a 13       		.uleb128 0x13
 1192 003b 00       		.byte	0
 1193 003c 00       		.byte	0
 1194 003d 06       		.uleb128 0x6
 1195 003e 13       		.uleb128 0x13
 1196 003f 01       		.byte	0x1
 1197 0040 0B       		.uleb128 0xb
 1198 0041 0B       		.uleb128 0xb
ARM GAS  C:\Users\dryos\AppData\Local\Temp\cc5DM2IF.s 			page 23


 1199 0042 3A       		.uleb128 0x3a
 1200 0043 0B       		.uleb128 0xb
 1201 0044 3B       		.uleb128 0x3b
 1202 0045 0B       		.uleb128 0xb
 1203 0046 01       		.uleb128 0x1
 1204 0047 13       		.uleb128 0x13
 1205 0048 00       		.byte	0
 1206 0049 00       		.byte	0
 1207 004a 07       		.uleb128 0x7
 1208 004b 0D       		.uleb128 0xd
 1209 004c 00       		.byte	0
 1210 004d 03       		.uleb128 0x3
 1211 004e 0E       		.uleb128 0xe
 1212 004f 3A       		.uleb128 0x3a
 1213 0050 0B       		.uleb128 0xb
 1214 0051 3B       		.uleb128 0x3b
 1215 0052 0B       		.uleb128 0xb
 1216 0053 49       		.uleb128 0x49
 1217 0054 13       		.uleb128 0x13
 1218 0055 38       		.uleb128 0x38
 1219 0056 0B       		.uleb128 0xb
 1220 0057 00       		.byte	0
 1221 0058 00       		.byte	0
 1222 0059 08       		.uleb128 0x8
 1223 005a 0F       		.uleb128 0xf
 1224 005b 00       		.byte	0
 1225 005c 0B       		.uleb128 0xb
 1226 005d 0B       		.uleb128 0xb
 1227 005e 00       		.byte	0
 1228 005f 00       		.byte	0
 1229 0060 09       		.uleb128 0x9
 1230 0061 0F       		.uleb128 0xf
 1231 0062 00       		.byte	0
 1232 0063 0B       		.uleb128 0xb
 1233 0064 0B       		.uleb128 0xb
 1234 0065 49       		.uleb128 0x49
 1235 0066 13       		.uleb128 0x13
 1236 0067 00       		.byte	0
 1237 0068 00       		.byte	0
 1238 0069 0A       		.uleb128 0xa
 1239 006a 15       		.uleb128 0x15
 1240 006b 01       		.byte	0x1
 1241 006c 27       		.uleb128 0x27
 1242 006d 19       		.uleb128 0x19
 1243 006e 01       		.uleb128 0x1
 1244 006f 13       		.uleb128 0x13
 1245 0070 00       		.byte	0
 1246 0071 00       		.byte	0
 1247 0072 0B       		.uleb128 0xb
 1248 0073 05       		.uleb128 0x5
 1249 0074 00       		.byte	0
 1250 0075 49       		.uleb128 0x49
 1251 0076 13       		.uleb128 0x13
 1252 0077 00       		.byte	0
 1253 0078 00       		.byte	0
 1254 0079 0C       		.uleb128 0xc
 1255 007a 16       		.uleb128 0x16
ARM GAS  C:\Users\dryos\AppData\Local\Temp\cc5DM2IF.s 			page 24


 1256 007b 00       		.byte	0
 1257 007c 03       		.uleb128 0x3
 1258 007d 0E       		.uleb128 0xe
 1259 007e 3A       		.uleb128 0x3a
 1260 007f 0B       		.uleb128 0xb
 1261 0080 3B       		.uleb128 0x3b
 1262 0081 05       		.uleb128 0x5
 1263 0082 49       		.uleb128 0x49
 1264 0083 13       		.uleb128 0x13
 1265 0084 00       		.byte	0
 1266 0085 00       		.byte	0
 1267 0086 0D       		.uleb128 0xd
 1268 0087 13       		.uleb128 0x13
 1269 0088 01       		.byte	0x1
 1270 0089 03       		.uleb128 0x3
 1271 008a 0E       		.uleb128 0xe
 1272 008b 0B       		.uleb128 0xb
 1273 008c 0B       		.uleb128 0xb
 1274 008d 3A       		.uleb128 0x3a
 1275 008e 0B       		.uleb128 0xb
 1276 008f 3B       		.uleb128 0x3b
 1277 0090 05       		.uleb128 0x5
 1278 0091 01       		.uleb128 0x1
 1279 0092 13       		.uleb128 0x13
 1280 0093 00       		.byte	0
 1281 0094 00       		.byte	0
 1282 0095 0E       		.uleb128 0xe
 1283 0096 0D       		.uleb128 0xd
 1284 0097 00       		.byte	0
 1285 0098 03       		.uleb128 0x3
 1286 0099 0E       		.uleb128 0xe
 1287 009a 3A       		.uleb128 0x3a
 1288 009b 0B       		.uleb128 0xb
 1289 009c 3B       		.uleb128 0x3b
 1290 009d 05       		.uleb128 0x5
 1291 009e 49       		.uleb128 0x49
 1292 009f 13       		.uleb128 0x13
 1293 00a0 38       		.uleb128 0x38
 1294 00a1 0B       		.uleb128 0xb
 1295 00a2 00       		.byte	0
 1296 00a3 00       		.byte	0
 1297 00a4 0F       		.uleb128 0xf
 1298 00a5 13       		.uleb128 0x13
 1299 00a6 01       		.byte	0x1
 1300 00a7 0B       		.uleb128 0xb
 1301 00a8 0B       		.uleb128 0xb
 1302 00a9 3A       		.uleb128 0x3a
 1303 00aa 0B       		.uleb128 0xb
 1304 00ab 3B       		.uleb128 0x3b
 1305 00ac 05       		.uleb128 0x5
 1306 00ad 01       		.uleb128 0x1
 1307 00ae 13       		.uleb128 0x13
 1308 00af 00       		.byte	0
 1309 00b0 00       		.byte	0
 1310 00b1 10       		.uleb128 0x10
 1311 00b2 04       		.uleb128 0x4
 1312 00b3 01       		.byte	0x1
ARM GAS  C:\Users\dryos\AppData\Local\Temp\cc5DM2IF.s 			page 25


 1313 00b4 0B       		.uleb128 0xb
 1314 00b5 0B       		.uleb128 0xb
 1315 00b6 49       		.uleb128 0x49
 1316 00b7 13       		.uleb128 0x13
 1317 00b8 3A       		.uleb128 0x3a
 1318 00b9 0B       		.uleb128 0xb
 1319 00ba 3B       		.uleb128 0x3b
 1320 00bb 0B       		.uleb128 0xb
 1321 00bc 01       		.uleb128 0x1
 1322 00bd 13       		.uleb128 0x13
 1323 00be 00       		.byte	0
 1324 00bf 00       		.byte	0
 1325 00c0 11       		.uleb128 0x11
 1326 00c1 28       		.uleb128 0x28
 1327 00c2 00       		.byte	0
 1328 00c3 03       		.uleb128 0x3
 1329 00c4 0E       		.uleb128 0xe
 1330 00c5 1C       		.uleb128 0x1c
 1331 00c6 0B       		.uleb128 0xb
 1332 00c7 00       		.byte	0
 1333 00c8 00       		.byte	0
 1334 00c9 12       		.uleb128 0x12
 1335 00ca 2E       		.uleb128 0x2e
 1336 00cb 00       		.byte	0
 1337 00cc 3F       		.uleb128 0x3f
 1338 00cd 19       		.uleb128 0x19
 1339 00ce 03       		.uleb128 0x3
 1340 00cf 0E       		.uleb128 0xe
 1341 00d0 3A       		.uleb128 0x3a
 1342 00d1 0B       		.uleb128 0xb
 1343 00d2 3B       		.uleb128 0x3b
 1344 00d3 0B       		.uleb128 0xb
 1345 00d4 11       		.uleb128 0x11
 1346 00d5 01       		.uleb128 0x1
 1347 00d6 12       		.uleb128 0x12
 1348 00d7 06       		.uleb128 0x6
 1349 00d8 40       		.uleb128 0x40
 1350 00d9 18       		.uleb128 0x18
 1351 00da 9742     		.uleb128 0x2117
 1352 00dc 19       		.uleb128 0x19
 1353 00dd 00       		.byte	0
 1354 00de 00       		.byte	0
 1355 00df 13       		.uleb128 0x13
 1356 00e0 2E       		.uleb128 0x2e
 1357 00e1 01       		.byte	0x1
 1358 00e2 3F       		.uleb128 0x3f
 1359 00e3 19       		.uleb128 0x19
 1360 00e4 03       		.uleb128 0x3
 1361 00e5 0E       		.uleb128 0xe
 1362 00e6 3A       		.uleb128 0x3a
 1363 00e7 0B       		.uleb128 0xb
 1364 00e8 3B       		.uleb128 0x3b
 1365 00e9 0B       		.uleb128 0xb
 1366 00ea 49       		.uleb128 0x49
 1367 00eb 13       		.uleb128 0x13
 1368 00ec 11       		.uleb128 0x11
 1369 00ed 01       		.uleb128 0x1
ARM GAS  C:\Users\dryos\AppData\Local\Temp\cc5DM2IF.s 			page 26


 1370 00ee 12       		.uleb128 0x12
 1371 00ef 06       		.uleb128 0x6
 1372 00f0 40       		.uleb128 0x40
 1373 00f1 18       		.uleb128 0x18
 1374 00f2 9742     		.uleb128 0x2117
 1375 00f4 19       		.uleb128 0x19
 1376 00f5 01       		.uleb128 0x1
 1377 00f6 13       		.uleb128 0x13
 1378 00f7 00       		.byte	0
 1379 00f8 00       		.byte	0
 1380 00f9 14       		.uleb128 0x14
 1381 00fa 34       		.uleb128 0x34
 1382 00fb 00       		.byte	0
 1383 00fc 03       		.uleb128 0x3
 1384 00fd 0E       		.uleb128 0xe
 1385 00fe 3A       		.uleb128 0x3a
 1386 00ff 0B       		.uleb128 0xb
 1387 0100 3B       		.uleb128 0x3b
 1388 0101 0B       		.uleb128 0xb
 1389 0102 49       		.uleb128 0x49
 1390 0103 13       		.uleb128 0x13
 1391 0104 1C       		.uleb128 0x1c
 1392 0105 0B       		.uleb128 0xb
 1393 0106 00       		.byte	0
 1394 0107 00       		.byte	0
 1395 0108 15       		.uleb128 0x15
 1396 0109 34       		.uleb128 0x34
 1397 010a 00       		.byte	0
 1398 010b 03       		.uleb128 0x3
 1399 010c 0E       		.uleb128 0xe
 1400 010d 3A       		.uleb128 0x3a
 1401 010e 0B       		.uleb128 0xb
 1402 010f 3B       		.uleb128 0x3b
 1403 0110 0B       		.uleb128 0xb
 1404 0111 49       		.uleb128 0x49
 1405 0112 13       		.uleb128 0x13
 1406 0113 1C       		.uleb128 0x1c
 1407 0114 0D       		.uleb128 0xd
 1408 0115 00       		.byte	0
 1409 0116 00       		.byte	0
 1410 0117 16       		.uleb128 0x16
 1411 0118 34       		.uleb128 0x34
 1412 0119 00       		.byte	0
 1413 011a 03       		.uleb128 0x3
 1414 011b 0E       		.uleb128 0xe
 1415 011c 3A       		.uleb128 0x3a
 1416 011d 0B       		.uleb128 0xb
 1417 011e 3B       		.uleb128 0x3b
 1418 011f 05       		.uleb128 0x5
 1419 0120 49       		.uleb128 0x49
 1420 0121 13       		.uleb128 0x13
 1421 0122 3F       		.uleb128 0x3f
 1422 0123 19       		.uleb128 0x19
 1423 0124 3C       		.uleb128 0x3c
 1424 0125 19       		.uleb128 0x19
 1425 0126 00       		.byte	0
 1426 0127 00       		.byte	0
ARM GAS  C:\Users\dryos\AppData\Local\Temp\cc5DM2IF.s 			page 27


 1427 0128 17       		.uleb128 0x17
 1428 0129 34       		.uleb128 0x34
 1429 012a 00       		.byte	0
 1430 012b 03       		.uleb128 0x3
 1431 012c 0E       		.uleb128 0xe
 1432 012d 3A       		.uleb128 0x3a
 1433 012e 0B       		.uleb128 0xb
 1434 012f 3B       		.uleb128 0x3b
 1435 0130 0B       		.uleb128 0xb
 1436 0131 49       		.uleb128 0x49
 1437 0132 13       		.uleb128 0x13
 1438 0133 3F       		.uleb128 0x3f
 1439 0134 19       		.uleb128 0x19
 1440 0135 3C       		.uleb128 0x3c
 1441 0136 19       		.uleb128 0x19
 1442 0137 00       		.byte	0
 1443 0138 00       		.byte	0
 1444 0139 18       		.uleb128 0x18
 1445 013a 26       		.uleb128 0x26
 1446 013b 00       		.byte	0
 1447 013c 49       		.uleb128 0x49
 1448 013d 13       		.uleb128 0x13
 1449 013e 00       		.byte	0
 1450 013f 00       		.byte	0
 1451 0140 19       		.uleb128 0x19
 1452 0141 01       		.uleb128 0x1
 1453 0142 01       		.byte	0x1
 1454 0143 49       		.uleb128 0x49
 1455 0144 13       		.uleb128 0x13
 1456 0145 01       		.uleb128 0x1
 1457 0146 13       		.uleb128 0x13
 1458 0147 00       		.byte	0
 1459 0148 00       		.byte	0
 1460 0149 1A       		.uleb128 0x1a
 1461 014a 21       		.uleb128 0x21
 1462 014b 00       		.byte	0
 1463 014c 49       		.uleb128 0x49
 1464 014d 13       		.uleb128 0x13
 1465 014e 2F       		.uleb128 0x2f
 1466 014f 0B       		.uleb128 0xb
 1467 0150 00       		.byte	0
 1468 0151 00       		.byte	0
 1469 0152 00       		.byte	0
 1470              		.section	.debug_aranges,"",%progbits
 1471 0000 44000000 		.4byte	0x44
 1472 0004 0200     		.2byte	0x2
 1473 0006 00000000 		.4byte	.Ldebug_info0
 1474 000a 04       		.byte	0x4
 1475 000b 00       		.byte	0
 1476 000c 0000     		.2byte	0
 1477 000e 0000     		.2byte	0
 1478 0010 00000000 		.4byte	.LFB492
 1479 0014 02000000 		.4byte	.LFE492-.LFB492
 1480 0018 00000000 		.4byte	.LFB493
 1481 001c 04000000 		.4byte	.LFE493-.LFB493
 1482 0020 00000000 		.4byte	.LFB494
 1483 0024 04000000 		.4byte	.LFE494-.LFB494
ARM GAS  C:\Users\dryos\AppData\Local\Temp\cc5DM2IF.s 			page 28


 1484 0028 00000000 		.4byte	.LFB495
 1485 002c 02000000 		.4byte	.LFE495-.LFB495
 1486 0030 00000000 		.4byte	.LFB496
 1487 0034 02000000 		.4byte	.LFE496-.LFB496
 1488 0038 00000000 		.4byte	.LFB497
 1489 003c 04000000 		.4byte	.LFE497-.LFB497
 1490 0040 00000000 		.4byte	0
 1491 0044 00000000 		.4byte	0
 1492              		.section	.debug_ranges,"",%progbits
 1493              	.Ldebug_ranges0:
 1494 0000 00000000 		.4byte	.LFB492
 1495 0004 02000000 		.4byte	.LFE492
 1496 0008 00000000 		.4byte	.LFB493
 1497 000c 04000000 		.4byte	.LFE493
 1498 0010 00000000 		.4byte	.LFB494
 1499 0014 04000000 		.4byte	.LFE494
 1500 0018 00000000 		.4byte	.LFB495
 1501 001c 02000000 		.4byte	.LFE495
 1502 0020 00000000 		.4byte	.LFB496
 1503 0024 02000000 		.4byte	.LFE496
 1504 0028 00000000 		.4byte	.LFB497
 1505 002c 04000000 		.4byte	.LFE497
 1506 0030 00000000 		.4byte	0
 1507 0034 00000000 		.4byte	0
 1508              		.section	.debug_line,"",%progbits
 1509              	.Ldebug_line0:
 1510 0000 BC020000 		.section	.debug_str,"MS",%progbits,1
 1510      02005702 
 1510      00000201 
 1510      FB0E0D00 
 1510      01010101 
 1511              	.LASF56:
 1512 0000 70726F74 		.ascii	"protBusMasterMask\000"
 1512      4275734D 
 1512      61737465 
 1512      724D6173 
 1512      6B00
 1513              	.LASF120:
 1514 0012 72784275 		.ascii	"rxBufSize\000"
 1514      6653697A 
 1514      6500
 1515              	.LASF66:
 1516 001c 666C6173 		.ascii	"flashCtlMainWs3Freq\000"
 1516      6843746C 
 1516      4D61696E 
 1516      57733346 
 1516      72657100 
 1517              	.LASF88:
 1518 0030 6770696F 		.ascii	"gpioPrtCfgInOffset\000"
 1518      50727443 
 1518      6667496E 
 1518      4F666673 
 1518      657400
 1519              	.LASF106:
 1520 0043 6970634C 		.ascii	"ipcLockStatusOffset\000"
 1520      6F636B53 
 1520      74617475 
ARM GAS  C:\Users\dryos\AppData\Local\Temp\cc5DM2IF.s 			page 29


 1520      734F6666 
 1520      73657400 
 1521              	.LASF32:
 1522 0057 63727970 		.ascii	"cryptoVersion\000"
 1522      746F5665 
 1522      7273696F 
 1522      6E00
 1523              	.LASF50:
 1524 0065 70657269 		.ascii	"periClockNr\000"
 1524      436C6F63 
 1524      6B4E7200 
 1525              	.LASF28:
 1526 0071 70617373 		.ascii	"passBase\000"
 1526      42617365 
 1526      00
 1527              	.LASF104:
 1528 007a 63707573 		.ascii	"cpussRam2Ctl0\000"
 1528      7352616D 
 1528      3243746C 
 1528      3000
 1529              	.LASF152:
 1530 0088 72657365 		.ascii	"resetIdleCountdown\000"
 1530      7449646C 
 1530      65436F75 
 1530      6E74646F 
 1530      776E00
 1531              	.LASF3:
 1532 009b 5F5F7569 		.ascii	"__uint8_t\000"
 1532      6E74385F 
 1532      7400
 1533              	.LASF43:
 1534 00a5 63707573 		.ascii	"cpussFlashPaSize\000"
 1534      73466C61 
 1534      73685061 
 1534      53697A65 
 1534      00
 1535              	.LASF92:
 1536 00b6 63707573 		.ascii	"cpussCm4ClockCtlOffset\000"
 1536      73436D34 
 1536      436C6F63 
 1536      6B43746C 
 1536      4F666673 
 1537              	.LASF41:
 1538 00cd 63707573 		.ascii	"cpussIpcIrqNr\000"
 1538      73497063 
 1538      4972714E 
 1538      7200
 1539              	.LASF21:
 1540 00db 63707573 		.ascii	"cpussBase\000"
 1540      73426173 
 1540      6500
 1541              	.LASF70:
 1542 00e5 64774368 		.ascii	"dwChCtlPrioPos\000"
 1542      43746C50 
 1542      72696F50 
 1542      6F7300
 1543              	.LASF12:
ARM GAS  C:\Users\dryos\AppData\Local\Temp\cc5DM2IF.s 			page 30


 1544 00f4 6C6F6E67 		.ascii	"long long unsigned int\000"
 1544      206C6F6E 
 1544      6720756E 
 1544      7369676E 
 1544      65642069 
 1545              	.LASF74:
 1546 010b 70657269 		.ascii	"periTrCmdOffset\000"
 1546      5472436D 
 1546      644F6666 
 1546      73657400 
 1547              	.LASF115:
 1548 011b 72785269 		.ascii	"rxRingBuf\000"
 1548      6E674275 
 1548      6600
 1549              	.LASF98:
 1550 0125 63707573 		.ascii	"cpussSysTickCtlOffset\000"
 1550      73537973 
 1550      5469636B 
 1550      43746C4F 
 1550      66667365 
 1551              	.LASF122:
 1552 013b 74784275 		.ascii	"txBuf\000"
 1552      6600
 1553              	.LASF59:
 1554 0141 666C6173 		.ascii	"flashPipeRequired\000"
 1554      68506970 
 1554      65526571 
 1554      75697265 
 1554      6400
 1555              	.LASF63:
 1556 0153 666C6173 		.ascii	"flashCtlMainWs0Freq\000"
 1556      6843746C 
 1556      4D61696E 
 1556      57733046 
 1556      72657100 
 1557              	.LASF15:
 1558 0167 696E7431 		.ascii	"int16_t\000"
 1558      365F7400 
 1559              	.LASF130:
 1560 016f 63795F73 		.ascii	"cy_stc_ble_conn_handle_t\000"
 1560      74635F62 
 1560      6C655F63 
 1560      6F6E6E5F 
 1560      68616E64 
 1561              	.LASF1:
 1562 0188 7369676E 		.ascii	"signed char\000"
 1562      65642063 
 1562      68617200 
 1563              	.LASF79:
 1564 0194 70657269 		.ascii	"periDivCmdTypeSelPos\000"
 1564      44697643 
 1564      6D645479 
 1564      70655365 
 1564      6C506F73 
 1565              	.LASF37:
 1566 01a9 69706356 		.ascii	"ipcVersion\000"
 1566      65727369 
ARM GAS  C:\Users\dryos\AppData\Local\Temp\cc5DM2IF.s 			page 31


 1566      6F6E00
 1567              	.LASF99:
 1568 01b4 63707573 		.ascii	"cpussCm0NmiCtlOffset\000"
 1568      73436D30 
 1568      4E6D6943 
 1568      746C4F66 
 1568      66736574 
 1569              	.LASF134:
 1570 01c9 43595F42 		.ascii	"CY_BLE_ADV_STATE_STOP_INITIATED\000"
 1570      4C455F41 
 1570      44565F53 
 1570      54415445 
 1570      5F53544F 
 1571              	.LASF47:
 1572 01e9 73727373 		.ascii	"srssNumClkpath\000"
 1572      4E756D43 
 1572      6C6B7061 
 1572      746800
 1573              	.LASF26:
 1574 01f8 6873696F 		.ascii	"hsiomBase\000"
 1574      6D426173 
 1574      6500
 1575              	.LASF148:
 1576 0202 74657374 		.ascii	"testKadence\000"
 1576      4B616465 
 1576      6E636500 
 1577              	.LASF8:
 1578 020e 6C6F6E67 		.ascii	"long int\000"
 1578      20696E74 
 1578      00
 1579              	.LASF57:
 1580 0217 63727970 		.ascii	"cryptoMemSize\000"
 1580      746F4D65 
 1580      6D53697A 
 1580      6500
 1581              	.LASF135:
 1582 0225 63795F65 		.ascii	"cy_en_ble_adv_state_t\000"
 1582      6E5F626C 
 1582      655F6164 
 1582      765F7374 
 1582      6174655F 
 1583              	.LASF23:
 1584 023b 70657269 		.ascii	"periBase\000"
 1584      42617365 
 1584      00
 1585              	.LASF55:
 1586 0244 73797350 		.ascii	"sysPmSimoPresent\000"
 1586      6D53696D 
 1586      6F507265 
 1586      73656E74 
 1586      00
 1587              	.LASF16:
 1588 0255 75696E74 		.ascii	"uint16_t\000"
 1588      31365F74 
 1588      00
 1589              	.LASF110:
 1590 025e 646F7562 		.ascii	"double\000"
ARM GAS  C:\Users\dryos\AppData\Local\Temp\cc5DM2IF.s 			page 32


 1590      6C6500
 1591              	.LASF84:
 1592 0265 70657269 		.ascii	"periDiv16_5CtlOffset\000"
 1592      44697631 
 1592      365F3543 
 1592      746C4F66 
 1592      66736574 
 1593              	.LASF161:
 1594 027a 55415254 		.ascii	"UART_DEB_context\000"
 1594      5F444542 
 1594      5F636F6E 
 1594      74657874 
 1594      00
 1595              	.LASF154:
 1596 028b 63616C69 		.ascii	"calibrationDone\000"
 1596      62726174 
 1596      696F6E44 
 1596      6F6E6500 
 1597              	.LASF82:
 1598 029b 70657269 		.ascii	"periDiv8CtlOffset\000"
 1598      44697638 
 1598      43746C4F 
 1598      66667365 
 1598      7400
 1599              	.LASF6:
 1600 02ad 73686F72 		.ascii	"short unsigned int\000"
 1600      7420756E 
 1600      7369676E 
 1600      65642069 
 1600      6E7400
 1601              	.LASF89:
 1602 02c0 6770696F 		.ascii	"gpioPrtCfgOutOffset\000"
 1602      50727443 
 1602      66674F75 
 1602      744F6666 
 1602      73657400 
 1603              	.LASF22:
 1604 02d4 666C6173 		.ascii	"flashcBase\000"
 1604      68634261 
 1604      736500
 1605              	.LASF9:
 1606 02df 5F5F7569 		.ascii	"__uint32_t\000"
 1606      6E743332 
 1606      5F7400
 1607              	.LASF52:
 1608 02ea 70617373 		.ascii	"passSarChannels\000"
 1608      53617243 
 1608      68616E6E 
 1608      656C7300 
 1609              	.LASF4:
 1610 02fa 5F5F696E 		.ascii	"__int16_t\000"
 1610      7431365F 
 1610      7400
 1611              	.LASF121:
 1612 0304 72784275 		.ascii	"rxBufIdx\000"
 1612      66496478 
 1612      00
ARM GAS  C:\Users\dryos\AppData\Local\Temp\cc5DM2IF.s 			page 33


 1613              	.LASF11:
 1614 030d 6C6F6E67 		.ascii	"long long int\000"
 1614      206C6F6E 
 1614      6720696E 
 1614      7400
 1615              	.LASF95:
 1616 031b 63707573 		.ascii	"cpussCm4PwrCtlOffset\000"
 1616      73436D34 
 1616      50777243 
 1616      746C4F66 
 1616      66736574 
 1617              	.LASF123:
 1618 0330 74784275 		.ascii	"txBufSize\000"
 1618      6653697A 
 1618      6500
 1619              	.LASF90:
 1620 033a 6770696F 		.ascii	"gpioPrtCfgSioOffset\000"
 1620      50727443 
 1620      66675369 
 1620      6F4F6666 
 1620      73657400 
 1621              	.LASF94:
 1622 034e 63707573 		.ascii	"cpussCm0StatusOffset\000"
 1622      73436D30 
 1622      53746174 
 1622      75734F66 
 1622      66736574 
 1623              	.LASF151:
 1624 0363 73746172 		.ascii	"startIdleCountdown\000"
 1624      7449646C 
 1624      65436F75 
 1624      6E74646F 
 1624      776E00
 1625              	.LASF13:
 1626 0376 756E7369 		.ascii	"unsigned int\000"
 1626      676E6564 
 1626      20696E74 
 1626      00
 1627              	.LASF138:
 1628 0383 43595F42 		.ascii	"CY_BLE_CONN_STATE_CONNECTED\000"
 1628      4C455F43 
 1628      4F4E4E5F 
 1628      53544154 
 1628      455F434F 
 1629              	.LASF27:
 1630 039f 6770696F 		.ascii	"gpioBase\000"
 1630      42617365 
 1630      00
 1631              	.LASF75:
 1632 03a8 70657269 		.ascii	"periTrCmdGrSelMsk\000"
 1632      5472436D 
 1632      64477253 
 1632      656C4D73 
 1632      6B00
 1633              	.LASF10:
 1634 03ba 6C6F6E67 		.ascii	"long unsigned int\000"
 1634      20756E73 
ARM GAS  C:\Users\dryos\AppData\Local\Temp\cc5DM2IF.s 			page 34


 1634      69676E65 
 1634      6420696E 
 1634      7400
 1635              	.LASF112:
 1636 03cc 63795F63 		.ascii	"cy_cb_scb_uart_handle_events_t\000"
 1636      625F7363 
 1636      625F7561 
 1636      72745F68 
 1636      616E646C 
 1637              	.LASF40:
 1638 03eb 63707573 		.ascii	"cpussIpcNr\000"
 1638      73497063 
 1638      4E7200
 1639              	.LASF42:
 1640 03f6 63707573 		.ascii	"cpussDwChNr\000"
 1640      73447743 
 1640      684E7200 
 1641              	.LASF65:
 1642 0402 666C6173 		.ascii	"flashCtlMainWs2Freq\000"
 1642      6843746C 
 1642      4D61696E 
 1642      57733246 
 1642      72657100 
 1643              	.LASF76:
 1644 0416 70657269 		.ascii	"periTrGrOffset\000"
 1644      54724772 
 1644      4F666673 
 1644      657400
 1645              	.LASF103:
 1646 0425 63707573 		.ascii	"cpussRam1Ctl0\000"
 1646      7352616D 
 1646      3143746C 
 1646      3000
 1647              	.LASF159:
 1648 0433 63795F62 		.ascii	"cy_ble_connState\000"
 1648      6C655F63 
 1648      6F6E6E53 
 1648      74617465 
 1648      00
 1649              	.LASF125:
 1650 0444 63624576 		.ascii	"cbEvents\000"
 1650      656E7473 
 1650      00
 1651              	.LASF147:
 1652 044d 67657450 		.ascii	"getPower\000"
 1652      6F776572 
 1652      00
 1653              	.LASF87:
 1654 0456 6770696F 		.ascii	"gpioPrtCfgOffset\000"
 1654      50727443 
 1654      66674F66 
 1654      66736574 
 1654      00
 1655              	.LASF35:
 1656 0467 6770696F 		.ascii	"gpioVersion\000"
 1656      56657273 
 1656      696F6E00 
ARM GAS  C:\Users\dryos\AppData\Local\Temp\cc5DM2IF.s 			page 35


 1657              	.LASF163:
 1658 0473 504F5045 		.ascii	"POPE-app.c\000"
 1658      2D617070 
 1658      2E6300
 1659              	.LASF107:
 1660 047e 63795F73 		.ascii	"cy_stc_device_t\000"
 1660      74635F64 
 1660      65766963 
 1660      655F7400 
 1661              	.LASF150:
 1662 048e 6C6F7750 		.ascii	"lowPowerImplementation\000"
 1662      6F776572 
 1662      496D706C 
 1662      656D656E 
 1662      74617469 
 1663              	.LASF25:
 1664 04a5 70726F74 		.ascii	"protBase\000"
 1664      42617365 
 1664      00
 1665              	.LASF96:
 1666 04ae 63707573 		.ascii	"cpussTrimRamCtlOffset\000"
 1666      73547269 
 1666      6D52616D 
 1666      43746C4F 
 1666      66667365 
 1667              	.LASF91:
 1668 04c4 63707573 		.ascii	"cpussCm0ClockCtlOffset\000"
 1668      73436D30 
 1668      436C6F63 
 1668      6B43746C 
 1668      4F666673 
 1669              	.LASF129:
 1670 04db 61747449 		.ascii	"attId\000"
 1670      6400
 1671              	.LASF30:
 1672 04e1 63727970 		.ascii	"cryptoBase\000"
 1672      746F4261 
 1672      736500
 1673              	.LASF146:
 1674 04ec 6372616E 		.ascii	"crankLength\000"
 1674      6B4C656E 
 1674      67746800 
 1675              	.LASF38:
 1676 04f8 70657269 		.ascii	"periVersion\000"
 1676      56657273 
 1676      696F6E00 
 1677              	.LASF19:
 1678 0504 73697A65 		.ascii	"sizetype\000"
 1678      74797065 
 1678      00
 1679              	.LASF68:
 1680 050d 64774368 		.ascii	"dwChOffset\000"
 1680      4F666673 
 1680      657400
 1681              	.LASF48:
 1682 0518 73727373 		.ascii	"srssNumPll\000"
 1682      4E756D50 
ARM GAS  C:\Users\dryos\AppData\Local\Temp\cc5DM2IF.s 			page 36


 1682      6C6C00
 1683              	.LASF144:
 1684 0523 63795F65 		.ascii	"cy_en_ble_conn_state_t\000"
 1684      6E5F626C 
 1684      655F636F 
 1684      6E6E5F73 
 1684      74617465 
 1685              	.LASF132:
 1686 053a 43595F42 		.ascii	"CY_BLE_ADV_STATE_ADV_INITIATED\000"
 1686      4C455F41 
 1686      44565F53 
 1686      54415445 
 1686      5F414456 
 1687              	.LASF81:
 1688 0559 70657269 		.ascii	"periDivCmdPaTypeSelPos\000"
 1688      44697643 
 1688      6D645061 
 1688      54797065 
 1688      53656C50 
 1689              	.LASF53:
 1690 0570 65704D6F 		.ascii	"epMonitorNr\000"
 1690      6E69746F 
 1690      724E7200 
 1691              	.LASF39:
 1692 057c 70726F74 		.ascii	"protVersion\000"
 1692      56657273 
 1692      696F6E00 
 1693              	.LASF72:
 1694 0588 64775374 		.ascii	"dwStatusChIdxPos\000"
 1694      61747573 
 1694      43684964 
 1694      78506F73 
 1694      00
 1695              	.LASF54:
 1696 0599 75646250 		.ascii	"udbPresent\000"
 1696      72657365 
 1696      6E7400
 1697              	.LASF114:
 1698 05a4 72785374 		.ascii	"rxStatus\000"
 1698      61747573 
 1698      00
 1699              	.LASF34:
 1700 05ad 666C6173 		.ascii	"flashcVersion\000"
 1700      68635665 
 1700      7273696F 
 1700      6E00
 1701              	.LASF51:
 1702 05bb 736D6966 		.ascii	"smifDeviceNr\000"
 1702      44657669 
 1702      63654E72 
 1702      00
 1703              	.LASF162:
 1704 05c8 474E5520 		.ascii	"GNU C11 5.4.1 20160609 (release) [ARM/embedded-5-br"
 1704      43313120 
 1704      352E342E 
 1704      31203230 
 1704      31363036 
ARM GAS  C:\Users\dryos\AppData\Local\Temp\cc5DM2IF.s 			page 37


 1705 05fb 616E6368 		.ascii	"anch revision 237715] -mcpu=cortex-m4 -mfloat-abi=s"
 1705      20726576 
 1705      6973696F 
 1705      6E203233 
 1705      37373135 
 1706 062e 6F667466 		.ascii	"oftfp -mfpu=fpv4-sp-d16 -mthumb -g -Og -ffunction-s"
 1706      70202D6D 
 1706      6670753D 
 1706      66707634 
 1706      2D73702D 
 1707 0661 65637469 		.ascii	"ections -ffat-lto-objects\000"
 1707      6F6E7320 
 1707      2D666661 
 1707      742D6C74 
 1707      6F2D6F62 
 1708              	.LASF143:
 1709 067b 43595F42 		.ascii	"CY_BLE_CONN_STATE_CLIENT_DISCOVERED\000"
 1709      4C455F43 
 1709      4F4E4E5F 
 1709      53544154 
 1709      455F434C 
 1710              	.LASF109:
 1711 069f 666C6F61 		.ascii	"float\000"
 1711      7400
 1712              	.LASF73:
 1713 06a5 64775374 		.ascii	"dwStatusChIdxMsk\000"
 1713      61747573 
 1713      43684964 
 1713      784D736B 
 1713      00
 1714              	.LASF156:
 1715 06b6 63795F64 		.ascii	"cy_device\000"
 1715      65766963 
 1715      6500
 1716              	.LASF101:
 1717 06c0 63707573 		.ascii	"cpussRomCtl\000"
 1717      73526F6D 
 1717      43746C00 
 1718              	.LASF71:
 1719 06cc 64774368 		.ascii	"dwChCtlPreemptablePos\000"
 1719      43746C50 
 1719      7265656D 
 1719      70746162 
 1719      6C65506F 
 1720              	.LASF124:
 1721 06e2 74784C65 		.ascii	"txLeftToTransmit\000"
 1721      6674546F 
 1721      5472616E 
 1721      736D6974 
 1721      00
 1722              	.LASF62:
 1723 06f3 666C6173 		.ascii	"flashEraseDelay\000"
 1723      68457261 
 1723      73654465 
 1723      6C617900 
 1724              	.LASF24:
 1725 0703 75646242 		.ascii	"udbBase\000"
ARM GAS  C:\Users\dryos\AppData\Local\Temp\cc5DM2IF.s 			page 38


 1725      61736500 
 1726              	.LASF141:
 1727 070b 43595F42 		.ascii	"CY_BLE_CONN_STATE_CLIENT_CHAR_DISCOVERING\000"
 1727      4C455F43 
 1727      4F4E4E5F 
 1727      53544154 
 1727      455F434C 
 1728              	.LASF111:
 1729 0735 5F426F6F 		.ascii	"_Bool\000"
 1729      6C00
 1730              	.LASF17:
 1731 073b 696E7433 		.ascii	"int32_t\000"
 1731      325F7400 
 1732              	.LASF2:
 1733 0743 756E7369 		.ascii	"unsigned char\000"
 1733      676E6564 
 1733      20636861 
 1733      7200
 1734              	.LASF67:
 1735 0751 666C6173 		.ascii	"flashCtlMainWs4Freq\000"
 1735      6843746C 
 1735      4D61696E 
 1735      57733446 
 1735      72657100 
 1736              	.LASF155:
 1737 0765 49544D5F 		.ascii	"ITM_RxBuffer\000"
 1737      52784275 
 1737      66666572 
 1737      00
 1738              	.LASF85:
 1739 0772 70657269 		.ascii	"periDiv24_5CtlOffset\000"
 1739      44697632 
 1739      345F3543 
 1739      746C4F66 
 1739      66736574 
 1740              	.LASF0:
 1741 0787 73686F72 		.ascii	"short int\000"
 1741      7420696E 
 1741      7400
 1742              	.LASF102:
 1743 0791 63707573 		.ascii	"cpussRam0Ctl0\000"
 1743      7352616D 
 1743      3043746C 
 1743      3000
 1744              	.LASF78:
 1745 079f 70657269 		.ascii	"periDivCmdDivSelMsk\000"
 1745      44697643 
 1745      6D644469 
 1745      7653656C 
 1745      4D736B00 
 1746              	.LASF164:
 1747 07b3 433A5C55 		.ascii	"C:\\Users\\dryos\\Documents\\GitHub\\PRJ4\\POPE\\PO"
 1747      73657273 
 1747      5C647279 
 1747      6F735C44 
 1747      6F63756D 
 1748 07df 50457072 		.ascii	"PEproject.cydsn\000"
ARM GAS  C:\Users\dryos\AppData\Local\Temp\cc5DM2IF.s 			page 39


 1748      6F6A6563 
 1748      742E6379 
 1748      64736E00 
 1749              	.LASF49:
 1750 07ef 73727373 		.ascii	"srssNumHfroot\000"
 1750      4E756D48 
 1750      66726F6F 
 1750      7400
 1751              	.LASF142:
 1752 07fd 43595F42 		.ascii	"CY_BLE_CONN_STATE_CLIENT_DESCR_DISCOVERING\000"
 1752      4C455F43 
 1752      4F4E4E5F 
 1752      53544154 
 1752      455F434C 
 1753              	.LASF45:
 1754 0828 63707573 		.ascii	"cpussFmIrq\000"
 1754      73466D49 
 1754      727100
 1755              	.LASF149:
 1756 0833 68696768 		.ascii	"highCadence\000"
 1756      43616465 
 1756      6E636500 
 1757              	.LASF77:
 1758 083f 70657269 		.ascii	"periTrGrSize\000"
 1758      54724772 
 1758      53697A65 
 1758      00
 1759              	.LASF100:
 1760 084c 63707573 		.ascii	"cpussCm4NmiCtlOffset\000"
 1760      73436D34 
 1760      4E6D6943 
 1760      746C4F66 
 1760      66736574 
 1761              	.LASF20:
 1762 0861 6C6F6E67 		.ascii	"long double\000"
 1762      20646F75 
 1762      626C6500 
 1763              	.LASF108:
 1764 086d 63686172 		.ascii	"char\000"
 1764      00
 1765              	.LASF140:
 1766 0872 43595F42 		.ascii	"CY_BLE_CONN_STATE_CLIENT_INCL_DISCOVERING\000"
 1766      4C455F43 
 1766      4F4E4E5F 
 1766      53544154 
 1766      455F434C 
 1767              	.LASF64:
 1768 089c 666C6173 		.ascii	"flashCtlMainWs1Freq\000"
 1768      6843746C 
 1768      4D61696E 
 1768      57733146 
 1768      72657100 
 1769              	.LASF5:
 1770 08b0 5F5F7569 		.ascii	"__uint16_t\000"
 1770      6E743136 
 1770      5F7400
 1771              	.LASF160:
ARM GAS  C:\Users\dryos\AppData\Local\Temp\cc5DM2IF.s 			page 40


 1772 08bb 63795F62 		.ascii	"cy_ble_pendingFlashWrite\000"
 1772      6C655F70 
 1772      656E6469 
 1772      6E67466C 
 1772      61736857 
 1773              	.LASF83:
 1774 08d4 70657269 		.ascii	"periDiv16CtlOffset\000"
 1774      44697631 
 1774      3643746C 
 1774      4F666673 
 1774      657400
 1775              	.LASF7:
 1776 08e7 5F5F696E 		.ascii	"__int32_t\000"
 1776      7433325F 
 1776      7400
 1777              	.LASF157:
 1778 08f1 63795F62 		.ascii	"cy_ble_advState\000"
 1778      6C655F61 
 1778      64765374 
 1778      61746500 
 1779              	.LASF36:
 1780 0901 6873696F 		.ascii	"hsiomVersion\000"
 1780      6D566572 
 1780      73696F6E 
 1780      00
 1781              	.LASF61:
 1782 090e 666C6173 		.ascii	"flashProgramDelay\000"
 1782      6850726F 
 1782      6772616D 
 1782      44656C61 
 1782      7900
 1783              	.LASF145:
 1784 0920 706F7765 		.ascii	"power\000"
 1784      7200
 1785              	.LASF117:
 1786 0926 72785269 		.ascii	"rxRingBufHead\000"
 1786      6E674275 
 1786      66486561 
 1786      6400
 1787              	.LASF116:
 1788 0934 72785269 		.ascii	"rxRingBufSize\000"
 1788      6E674275 
 1788      6653697A 
 1788      6500
 1789              	.LASF139:
 1790 0942 43595F42 		.ascii	"CY_BLE_CONN_STATE_CLIENT_SRVC_DISCOVERING\000"
 1790      4C455F43 
 1790      4F4E4E5F 
 1790      53544154 
 1790      455F434C 
 1791              	.LASF69:
 1792 096c 64774368 		.ascii	"dwChSize\000"
 1792      53697A65 
 1792      00
 1793              	.LASF105:
 1794 0975 69706353 		.ascii	"ipcStructSize\000"
 1794      74727563 
ARM GAS  C:\Users\dryos\AppData\Local\Temp\cc5DM2IF.s 			page 41


 1794      7453697A 
 1794      6500
 1795              	.LASF44:
 1796 0983 63707573 		.ascii	"cpussIpc0Irq\000"
 1796      73497063 
 1796      30497271 
 1796      00
 1797              	.LASF93:
 1798 0990 63707573 		.ascii	"cpussCm4StatusOffset\000"
 1798      73436D34 
 1798      53746174 
 1798      75734F66 
 1798      66736574 
 1799              	.LASF126:
 1800 09a5 696E6974 		.ascii	"initKey\000"
 1800      4B657900 
 1801              	.LASF119:
 1802 09ad 72784275 		.ascii	"rxBuf\000"
 1802      6600
 1803              	.LASF18:
 1804 09b3 75696E74 		.ascii	"uint32_t\000"
 1804      33325F74 
 1804      00
 1805              	.LASF127:
 1806 09bc 63795F73 		.ascii	"cy_stc_scb_uart_context_t\000"
 1806      74635F73 
 1806      63625F75 
 1806      6172745F 
 1806      636F6E74 
 1807              	.LASF136:
 1808 09d6 43595F42 		.ascii	"CY_BLE_CONN_STATE_DISCONNECTED\000"
 1808      4C455F43 
 1808      4F4E4E5F 
 1808      53544154 
 1808      455F4449 
 1809              	.LASF158:
 1810 09f5 63795F62 		.ascii	"cy_ble_connHandle\000"
 1810      6C655F63 
 1810      6F6E6E48 
 1810      616E646C 
 1810      6500
 1811              	.LASF46:
 1812 0a07 63707573 		.ascii	"cpussNotConnectedIrq\000"
 1812      734E6F74 
 1812      436F6E6E 
 1812      65637465 
 1812      64497271 
 1813              	.LASF60:
 1814 0a1c 666C6173 		.ascii	"flashWriteDelay\000"
 1814      68577269 
 1814      74654465 
 1814      6C617900 
 1815              	.LASF131:
 1816 0a2c 43595F42 		.ascii	"CY_BLE_ADV_STATE_STOPPED\000"
 1816      4C455F41 
 1816      44565F53 
 1816      54415445 
ARM GAS  C:\Users\dryos\AppData\Local\Temp\cc5DM2IF.s 			page 42


 1816      5F53544F 
 1817              	.LASF153:
 1818 0a45 63616C69 		.ascii	"calibratePOPE\000"
 1818      62726174 
 1818      65504F50 
 1818      4500
 1819              	.LASF14:
 1820 0a53 75696E74 		.ascii	"uint8_t\000"
 1820      385F7400 
 1821              	.LASF133:
 1822 0a5b 43595F42 		.ascii	"CY_BLE_ADV_STATE_ADVERTISING\000"
 1822      4C455F41 
 1822      44565F53 
 1822      54415445 
 1822      5F414456 
 1823              	.LASF86:
 1824 0a78 6770696F 		.ascii	"gpioPrtIntrCfgOffset\000"
 1824      50727449 
 1824      6E747243 
 1824      66674F66 
 1824      66736574 
 1825              	.LASF118:
 1826 0a8d 72785269 		.ascii	"rxRingBufTail\000"
 1826      6E674275 
 1826      66546169 
 1826      6C00
 1827              	.LASF97:
 1828 0a9b 63707573 		.ascii	"cpussTrimRomCtlOffset\000"
 1828      73547269 
 1828      6D526F6D 
 1828      43746C4F 
 1828      66667365 
 1829              	.LASF128:
 1830 0ab1 62644861 		.ascii	"bdHandle\000"
 1830      6E646C65 
 1830      00
 1831              	.LASF113:
 1832 0aba 74785374 		.ascii	"txStatus\000"
 1832      61747573 
 1832      00
 1833              	.LASF33:
 1834 0ac3 64775665 		.ascii	"dwVersion\000"
 1834      7273696F 
 1834      6E00
 1835              	.LASF29:
 1836 0acd 69706342 		.ascii	"ipcBase\000"
 1836      61736500 
 1837              	.LASF80:
 1838 0ad5 70657269 		.ascii	"periDivCmdPaDivSelPos\000"
 1838      44697643 
 1838      6D645061 
 1838      44697653 
 1838      656C506F 
 1839              	.LASF165:
 1840 0aeb 63795F73 		.ascii	"cy_stc_scb_uart_context\000"
 1840      74635F73 
 1840      63625F75 
ARM GAS  C:\Users\dryos\AppData\Local\Temp\cc5DM2IF.s 			page 43


 1840      6172745F 
 1840      636F6E74 
 1841              	.LASF137:
 1842 0b03 43595F42 		.ascii	"CY_BLE_CONN_STATE_CLIENT_DISCONNECTED_DISCOVERED\000"
 1842      4C455F43 
 1842      4F4E4E5F 
 1842      53544154 
 1842      455F434C 
 1843              	.LASF31:
 1844 0b34 63707573 		.ascii	"cpussVersion\000"
 1844      73566572 
 1844      73696F6E 
 1844      00
 1845              	.LASF58:
 1846 0b41 666C6173 		.ascii	"flashRwwRequired\000"
 1846      68527777 
 1846      52657175 
 1846      69726564 
 1846      00
 1847              		.ident	"GCC: (GNU Tools for ARM Embedded Processors) 5.4.1 20160609 (release) [ARM/embedded-5-bran
