ARM GAS  C:\Users\User\AppData\Local\Temp\ccvb2YpS.s 			page 1


   1              		.syntax unified
   2              		.cpu cortex-m4
   3              		.eabi_attribute 27, 1
   4              		.fpu fpv4-sp-d16
   5              		.eabi_attribute 20, 1
   6              		.eabi_attribute 21, 1
   7              		.eabi_attribute 23, 3
   8              		.eabi_attribute 24, 1
   9              		.eabi_attribute 25, 1
  10              		.eabi_attribute 26, 1
  11              		.eabi_attribute 30, 1
  12              		.eabi_attribute 34, 1
  13              		.eabi_attribute 18, 4
  14              		.thumb
  15              		.syntax unified
  16              		.file	"trykControl.c"
  17              		.text
  18              	.Ltext0:
  19              		.cfi_sections	.debug_frame
  20              	.Letext0:
  21              		.file 1 "c:\\program files (x86)\\cypress\\psoc creator\\4.4\\psoc creator\\import\\gnu\\arm\\5.4.
  22              		.file 2 "c:\\program files (x86)\\cypress\\psoc creator\\4.4\\psoc creator\\import\\gnu\\arm\\5.4.
  23              		.file 3 "Generated_Source\\PSoC6\\pdl\\drivers/peripheral/device/cy_device.h"
  24              		.file 4 "Generated_Source\\PSoC6\\pdl\\drivers/peripheral/scb/cy_scb_uart.h"
  25              		.file 5 "Generated_Source\\PSoC6\\pdl\\middleware/ble/cy_ble_stack_host_main.h"
  26              		.file 6 "Generated_Source\\PSoC6\\pdl\\middleware/ble/cy_ble_gap.h"
  27              		.file 7 "Generated_Source\\PSoC6\\pdl\\cmsis/include/core_cm4.h"
  28              		.file 8 "Generated_Source\\PSoC6/UART_DEB.h"
  29              		.section	.debug_info,"",%progbits
  30              	.Ldebug_info0:
  31 0000 32070000 		.4byte	0x732
  32 0004 0400     		.2byte	0x4
  33 0006 00000000 		.4byte	.Ldebug_abbrev0
  34 000a 04       		.byte	0x4
  35 000b 01       		.uleb128 0x1
  36 000c 98050000 		.4byte	.LASF152
  37 0010 0C       		.byte	0xc
  38 0011 A1030000 		.4byte	.LASF153
  39 0015 2E010000 		.4byte	.LASF154
  40 0019 00000000 		.4byte	.Ldebug_line0
  41 001d 02       		.uleb128 0x2
  42 001e 02       		.byte	0x2
  43 001f 05       		.byte	0x5
  44 0020 57070000 		.4byte	.LASF0
  45 0024 02       		.uleb128 0x2
  46 0025 01       		.byte	0x1
  47 0026 06       		.byte	0x6
  48 0027 B0010000 		.4byte	.LASF1
  49 002b 03       		.uleb128 0x3
  50 002c 96000000 		.4byte	.LASF3
  51 0030 01       		.byte	0x1
  52 0031 1D       		.byte	0x1d
  53 0032 36000000 		.4byte	0x36
  54 0036 02       		.uleb128 0x2
  55 0037 01       		.byte	0x1
  56 0038 08       		.byte	0x8
  57 0039 13070000 		.4byte	.LASF2
ARM GAS  C:\Users\User\AppData\Local\Temp\ccvb2YpS.s 			page 2


  58 003d 03       		.uleb128 0x3
  59 003e 06030000 		.4byte	.LASF4
  60 0042 01       		.byte	0x1
  61 0043 29       		.byte	0x29
  62 0044 1D000000 		.4byte	0x1d
  63 0048 03       		.uleb128 0x3
  64 0049 38080000 		.4byte	.LASF5
  65 004d 01       		.byte	0x1
  66 004e 2B       		.byte	0x2b
  67 004f 53000000 		.4byte	0x53
  68 0053 02       		.uleb128 0x2
  69 0054 02       		.byte	0x2
  70 0055 07       		.byte	0x7
  71 0056 B9020000 		.4byte	.LASF6
  72 005a 03       		.uleb128 0x3
  73 005b 6F080000 		.4byte	.LASF7
  74 005f 01       		.byte	0x1
  75 0060 3F       		.byte	0x3f
  76 0061 65000000 		.4byte	0x65
  77 0065 02       		.uleb128 0x2
  78 0066 04       		.byte	0x4
  79 0067 05       		.byte	0x5
  80 0068 2A020000 		.4byte	.LASF8
  81 006c 03       		.uleb128 0x3
  82 006d EB020000 		.4byte	.LASF9
  83 0071 01       		.byte	0x1
  84 0072 41       		.byte	0x41
  85 0073 77000000 		.4byte	0x77
  86 0077 02       		.uleb128 0x2
  87 0078 04       		.byte	0x4
  88 0079 07       		.byte	0x7
  89 007a C1030000 		.4byte	.LASF10
  90 007e 02       		.uleb128 0x2
  91 007f 08       		.byte	0x8
  92 0080 05       		.byte	0x5
  93 0081 19030000 		.4byte	.LASF11
  94 0085 02       		.uleb128 0x2
  95 0086 08       		.byte	0x8
  96 0087 07       		.byte	0x7
  97 0088 E1000000 		.4byte	.LASF12
  98 008c 04       		.uleb128 0x4
  99 008d 04       		.byte	0x4
 100 008e 05       		.byte	0x5
 101 008f 696E7400 		.ascii	"int\000"
 102 0093 02       		.uleb128 0x2
 103 0094 04       		.byte	0x4
 104 0095 07       		.byte	0x7
 105 0096 6F030000 		.4byte	.LASF13
 106 009a 03       		.uleb128 0x3
 107 009b C7090000 		.4byte	.LASF14
 108 009f 02       		.byte	0x2
 109 00a0 18       		.byte	0x18
 110 00a1 2B000000 		.4byte	0x2b
 111 00a5 03       		.uleb128 0x3
 112 00a6 8F010000 		.4byte	.LASF15
 113 00aa 02       		.byte	0x2
 114 00ab 20       		.byte	0x20
ARM GAS  C:\Users\User\AppData\Local\Temp\ccvb2YpS.s 			page 3


 115 00ac 3D000000 		.4byte	0x3d
 116 00b0 03       		.uleb128 0x3
 117 00b1 71020000 		.4byte	.LASF16
 118 00b5 02       		.byte	0x2
 119 00b6 24       		.byte	0x24
 120 00b7 48000000 		.4byte	0x48
 121 00bb 03       		.uleb128 0x3
 122 00bc 0B070000 		.4byte	.LASF17
 123 00c0 02       		.byte	0x2
 124 00c1 2C       		.byte	0x2c
 125 00c2 5A000000 		.4byte	0x5a
 126 00c6 03       		.uleb128 0x3
 127 00c7 35090000 		.4byte	.LASF18
 128 00cb 02       		.byte	0x2
 129 00cc 30       		.byte	0x30
 130 00cd 6C000000 		.4byte	0x6c
 131 00d1 02       		.uleb128 0x2
 132 00d2 04       		.byte	0x4
 133 00d3 07       		.byte	0x7
 134 00d4 D4040000 		.4byte	.LASF19
 135 00d8 05       		.uleb128 0x5
 136 00d9 C6000000 		.4byte	0xc6
 137 00dd 02       		.uleb128 0x2
 138 00de 08       		.byte	0x8
 139 00df 04       		.byte	0x4
 140 00e0 E9070000 		.4byte	.LASF20
 141 00e4 06       		.uleb128 0x6
 142 00e5 B8       		.byte	0xb8
 143 00e6 03       		.byte	0x3
 144 00e7 34       		.byte	0x34
 145 00e8 F5040000 		.4byte	0x4f5
 146 00ec 07       		.uleb128 0x7
 147 00ed C8000000 		.4byte	.LASF21
 148 00f1 03       		.byte	0x3
 149 00f2 37       		.byte	0x37
 150 00f3 C6000000 		.4byte	0xc6
 151 00f7 00       		.byte	0
 152 00f8 07       		.uleb128 0x7
 153 00f9 E0020000 		.4byte	.LASF22
 154 00fd 03       		.byte	0x3
 155 00fe 38       		.byte	0x38
 156 00ff C6000000 		.4byte	0xc6
 157 0103 04       		.byte	0x4
 158 0104 07       		.uleb128 0x7
 159 0105 57020000 		.4byte	.LASF23
 160 0109 03       		.byte	0x3
 161 010a 39       		.byte	0x39
 162 010b C6000000 		.4byte	0xc6
 163 010f 08       		.byte	0x8
 164 0110 07       		.uleb128 0x7
 165 0111 D3060000 		.4byte	.LASF24
 166 0115 03       		.byte	0x3
 167 0116 3A       		.byte	0x3a
 168 0117 C6000000 		.4byte	0xc6
 169 011b 0C       		.byte	0xc
 170 011c 07       		.uleb128 0x7
 171 011d 81040000 		.4byte	.LASF25
ARM GAS  C:\Users\User\AppData\Local\Temp\ccvb2YpS.s 			page 4


 172 0121 03       		.byte	0x3
 173 0122 3B       		.byte	0x3b
 174 0123 C6000000 		.4byte	0xc6
 175 0127 10       		.byte	0x10
 176 0128 07       		.uleb128 0x7
 177 0129 20020000 		.4byte	.LASF26
 178 012d 03       		.byte	0x3
 179 012e 3C       		.byte	0x3c
 180 012f C6000000 		.4byte	0xc6
 181 0133 14       		.byte	0x14
 182 0134 07       		.uleb128 0x7
 183 0135 98030000 		.4byte	.LASF27
 184 0139 03       		.byte	0x3
 185 013a 3D       		.byte	0x3d
 186 013b C6000000 		.4byte	0xc6
 187 013f 18       		.byte	0x18
 188 0140 07       		.uleb128 0x7
 189 0141 71000000 		.4byte	.LASF28
 190 0145 03       		.byte	0x3
 191 0146 3E       		.byte	0x3e
 192 0147 C6000000 		.4byte	0xc6
 193 014b 1C       		.byte	0x1c
 194 014c 07       		.uleb128 0x7
 195 014d 410A0000 		.4byte	.LASF29
 196 0151 03       		.byte	0x3
 197 0152 3F       		.byte	0x3f
 198 0153 C6000000 		.4byte	0xc6
 199 0157 20       		.byte	0x20
 200 0158 07       		.uleb128 0x7
 201 0159 BD040000 		.4byte	.LASF30
 202 015d 03       		.byte	0x3
 203 015e 40       		.byte	0x40
 204 015f C6000000 		.4byte	0xc6
 205 0163 24       		.byte	0x24
 206 0164 07       		.uleb128 0x7
 207 0165 A80A0000 		.4byte	.LASF31
 208 0169 03       		.byte	0x3
 209 016a 43       		.byte	0x43
 210 016b 9A000000 		.4byte	0x9a
 211 016f 28       		.byte	0x28
 212 0170 07       		.uleb128 0x7
 213 0171 57000000 		.4byte	.LASF32
 214 0175 03       		.byte	0x3
 215 0176 44       		.byte	0x44
 216 0177 9A000000 		.4byte	0x9a
 217 017b 29       		.byte	0x29
 218 017c 07       		.uleb128 0x7
 219 017d 370A0000 		.4byte	.LASF33
 220 0181 03       		.byte	0x3
 221 0182 45       		.byte	0x45
 222 0183 9A000000 		.4byte	0x9a
 223 0187 2A       		.byte	0x2a
 224 0188 07       		.uleb128 0x7
 225 0189 7D050000 		.4byte	.LASF34
 226 018d 03       		.byte	0x3
 227 018e 46       		.byte	0x46
 228 018f 9A000000 		.4byte	0x9a
ARM GAS  C:\Users\User\AppData\Local\Temp\ccvb2YpS.s 			page 5


 229 0193 2B       		.byte	0x2b
 230 0194 07       		.uleb128 0x7
 231 0195 65040000 		.4byte	.LASF35
 232 0199 03       		.byte	0x3
 233 019a 47       		.byte	0x47
 234 019b 9A000000 		.4byte	0x9a
 235 019f 2C       		.byte	0x2c
 236 01a0 07       		.uleb128 0x7
 237 01a1 89080000 		.4byte	.LASF36
 238 01a5 03       		.byte	0x3
 239 01a6 48       		.byte	0x48
 240 01a7 9A000000 		.4byte	0x9a
 241 01ab 2D       		.byte	0x2d
 242 01ac 07       		.uleb128 0x7
 243 01ad D1010000 		.4byte	.LASF37
 244 01b1 03       		.byte	0x3
 245 01b2 49       		.byte	0x49
 246 01b3 9A000000 		.4byte	0x9a
 247 01b7 2E       		.byte	0x2e
 248 01b8 07       		.uleb128 0x7
 249 01b9 C8040000 		.4byte	.LASF38
 250 01bd 03       		.byte	0x3
 251 01be 4A       		.byte	0x4a
 252 01bf 9A000000 		.4byte	0x9a
 253 01c3 2F       		.byte	0x2f
 254 01c4 07       		.uleb128 0x7
 255 01c5 4C050000 		.4byte	.LASF39
 256 01c9 03       		.byte	0x3
 257 01ca 4B       		.byte	0x4b
 258 01cb 9A000000 		.4byte	0x9a
 259 01cf 30       		.byte	0x30
 260 01d0 07       		.uleb128 0x7
 261 01d1 F2030000 		.4byte	.LASF40
 262 01d5 03       		.byte	0x3
 263 01d6 4E       		.byte	0x4e
 264 01d7 9A000000 		.4byte	0x9a
 265 01db 31       		.byte	0x31
 266 01dc 07       		.uleb128 0x7
 267 01dd 88000000 		.4byte	.LASF41
 268 01e1 03       		.byte	0x3
 269 01e2 4F       		.byte	0x4f
 270 01e3 9A000000 		.4byte	0x9a
 271 01e7 32       		.byte	0x32
 272 01e8 07       		.uleb128 0x7
 273 01e9 FD030000 		.4byte	.LASF42
 274 01ed 03       		.byte	0x3
 275 01ee 50       		.byte	0x50
 276 01ef 9A000000 		.4byte	0x9a
 277 01f3 33       		.byte	0x33
 278 01f4 07       		.uleb128 0x7
 279 01f5 A0000000 		.4byte	.LASF43
 280 01f9 03       		.byte	0x3
 281 01fa 51       		.byte	0x51
 282 01fb 9A000000 		.4byte	0x9a
 283 01ff 34       		.byte	0x34
 284 0200 07       		.uleb128 0x7
 285 0201 05090000 		.4byte	.LASF44
ARM GAS  C:\Users\User\AppData\Local\Temp\ccvb2YpS.s 			page 6


 286 0205 03       		.byte	0x3
 287 0206 52       		.byte	0x52
 288 0207 A5000000 		.4byte	0xa5
 289 020b 36       		.byte	0x36
 290 020c 07       		.uleb128 0x7
 291 020d BC070000 		.4byte	.LASF45
 292 0211 03       		.byte	0x3
 293 0212 53       		.byte	0x53
 294 0213 A5000000 		.4byte	0xa5
 295 0217 38       		.byte	0x38
 296 0218 07       		.uleb128 0x7
 297 0219 89090000 		.4byte	.LASF46
 298 021d 03       		.byte	0x3
 299 021e 54       		.byte	0x54
 300 021f A5000000 		.4byte	0xa5
 301 0223 3A       		.byte	0x3a
 302 0224 07       		.uleb128 0x7
 303 0225 11020000 		.4byte	.LASF47
 304 0229 03       		.byte	0x3
 305 022a 55       		.byte	0x55
 306 022b 9A000000 		.4byte	0x9a
 307 022f 3C       		.byte	0x3c
 308 0230 07       		.uleb128 0x7
 309 0231 E8040000 		.4byte	.LASF48
 310 0235 03       		.byte	0x3
 311 0236 56       		.byte	0x56
 312 0237 9A000000 		.4byte	0x9a
 313 023b 3D       		.byte	0x3d
 314 023c 07       		.uleb128 0x7
 315 023d 83070000 		.4byte	.LASF49
 316 0241 03       		.byte	0x3
 317 0242 57       		.byte	0x57
 318 0243 9A000000 		.4byte	0x9a
 319 0247 3E       		.byte	0x3e
 320 0248 07       		.uleb128 0x7
 321 0249 65000000 		.4byte	.LASF50
 322 024d 03       		.byte	0x3
 323 024e 58       		.byte	0x58
 324 024f 9A000000 		.4byte	0x9a
 325 0253 3F       		.byte	0x3f
 326 0254 07       		.uleb128 0x7
 327 0255 8B050000 		.4byte	.LASF51
 328 0259 03       		.byte	0x3
 329 025a 59       		.byte	0x59
 330 025b 9A000000 		.4byte	0x9a
 331 025f 40       		.byte	0x40
 332 0260 07       		.uleb128 0x7
 333 0261 F6020000 		.4byte	.LASF52
 334 0265 03       		.byte	0x3
 335 0266 5A       		.byte	0x5a
 336 0267 9A000000 		.4byte	0x9a
 337 026b 41       		.byte	0x41
 338 026c 07       		.uleb128 0x7
 339 026d 40050000 		.4byte	.LASF53
 340 0271 03       		.byte	0x3
 341 0272 5B       		.byte	0x5b
 342 0273 9A000000 		.4byte	0x9a
ARM GAS  C:\Users\User\AppData\Local\Temp\ccvb2YpS.s 			page 7


 343 0277 42       		.byte	0x42
 344 0278 07       		.uleb128 0x7
 345 0279 69050000 		.4byte	.LASF54
 346 027d 03       		.byte	0x3
 347 027e 5C       		.byte	0x5c
 348 027f 9A000000 		.4byte	0x9a
 349 0283 43       		.byte	0x43
 350 0284 07       		.uleb128 0x7
 351 0285 60020000 		.4byte	.LASF55
 352 0289 03       		.byte	0x3
 353 028a 5D       		.byte	0x5d
 354 028b 9A000000 		.4byte	0x9a
 355 028f 44       		.byte	0x44
 356 0290 07       		.uleb128 0x7
 357 0291 00000000 		.4byte	.LASF56
 358 0295 03       		.byte	0x3
 359 0296 5E       		.byte	0x5e
 360 0297 C6000000 		.4byte	0xc6
 361 029b 48       		.byte	0x48
 362 029c 07       		.uleb128 0x7
 363 029d 33020000 		.4byte	.LASF57
 364 02a1 03       		.byte	0x3
 365 02a2 5F       		.byte	0x5f
 366 02a3 C6000000 		.4byte	0xc6
 367 02a7 4C       		.byte	0x4c
 368 02a8 07       		.uleb128 0x7
 369 02a9 B50A0000 		.4byte	.LASF58
 370 02ad 03       		.byte	0x3
 371 02ae 60       		.byte	0x60
 372 02af 9A000000 		.4byte	0x9a
 373 02b3 50       		.byte	0x50
 374 02b4 07       		.uleb128 0x7
 375 02b5 69010000 		.4byte	.LASF59
 376 02b9 03       		.byte	0x3
 377 02ba 61       		.byte	0x61
 378 02bb 9A000000 		.4byte	0x9a
 379 02bf 51       		.byte	0x51
 380 02c0 07       		.uleb128 0x7
 381 02c1 9E090000 		.4byte	.LASF60
 382 02c5 03       		.byte	0x3
 383 02c6 62       		.byte	0x62
 384 02c7 9A000000 		.4byte	0x9a
 385 02cb 52       		.byte	0x52
 386 02cc 07       		.uleb128 0x7
 387 02cd 96080000 		.4byte	.LASF61
 388 02d1 03       		.byte	0x3
 389 02d2 63       		.byte	0x63
 390 02d3 9A000000 		.4byte	0x9a
 391 02d7 53       		.byte	0x53
 392 02d8 07       		.uleb128 0x7
 393 02d9 C3060000 		.4byte	.LASF62
 394 02dd 03       		.byte	0x3
 395 02de 64       		.byte	0x64
 396 02df 9A000000 		.4byte	0x9a
 397 02e3 54       		.byte	0x54
 398 02e4 07       		.uleb128 0x7
 399 02e5 7B010000 		.4byte	.LASF63
ARM GAS  C:\Users\User\AppData\Local\Temp\ccvb2YpS.s 			page 8


 400 02e9 03       		.byte	0x3
 401 02ea 65       		.byte	0x65
 402 02eb 9A000000 		.4byte	0x9a
 403 02ef 55       		.byte	0x55
 404 02f0 07       		.uleb128 0x7
 405 02f1 24080000 		.4byte	.LASF64
 406 02f5 03       		.byte	0x3
 407 02f6 66       		.byte	0x66
 408 02f7 9A000000 		.4byte	0x9a
 409 02fb 56       		.byte	0x56
 410 02fc 07       		.uleb128 0x7
 411 02fd 09040000 		.4byte	.LASF65
 412 0301 03       		.byte	0x3
 413 0302 67       		.byte	0x67
 414 0303 9A000000 		.4byte	0x9a
 415 0307 57       		.byte	0x57
 416 0308 07       		.uleb128 0x7
 417 0309 1C000000 		.4byte	.LASF66
 418 030d 03       		.byte	0x3
 419 030e 68       		.byte	0x68
 420 030f 9A000000 		.4byte	0x9a
 421 0313 58       		.byte	0x58
 422 0314 07       		.uleb128 0x7
 423 0315 21070000 		.4byte	.LASF67
 424 0319 03       		.byte	0x3
 425 031a 69       		.byte	0x69
 426 031b 9A000000 		.4byte	0x9a
 427 031f 59       		.byte	0x59
 428 0320 07       		.uleb128 0x7
 429 0321 DD040000 		.4byte	.LASF68
 430 0325 03       		.byte	0x3
 431 0326 6E       		.byte	0x6e
 432 0327 B0000000 		.4byte	0xb0
 433 032b 5A       		.byte	0x5a
 434 032c 07       		.uleb128 0x7
 435 032d EE080000 		.4byte	.LASF69
 436 0331 03       		.byte	0x3
 437 0332 6F       		.byte	0x6f
 438 0333 B0000000 		.4byte	0xb0
 439 0337 5C       		.byte	0x5c
 440 0338 07       		.uleb128 0x7
 441 0339 D2000000 		.4byte	.LASF70
 442 033d 03       		.byte	0x3
 443 033e 70       		.byte	0x70
 444 033f 9A000000 		.4byte	0x9a
 445 0343 5E       		.byte	0x5e
 446 0344 07       		.uleb128 0x7
 447 0345 9C060000 		.4byte	.LASF71
 448 0349 03       		.byte	0x3
 449 034a 71       		.byte	0x71
 450 034b 9A000000 		.4byte	0x9a
 451 034f 5F       		.byte	0x5f
 452 0350 07       		.uleb128 0x7
 453 0351 58050000 		.4byte	.LASF72
 454 0355 03       		.byte	0x3
 455 0356 72       		.byte	0x72
 456 0357 9A000000 		.4byte	0x9a
ARM GAS  C:\Users\User\AppData\Local\Temp\ccvb2YpS.s 			page 9


 457 035b 60       		.byte	0x60
 458 035c 07       		.uleb128 0x7
 459 035d 75060000 		.4byte	.LASF73
 460 0361 03       		.byte	0x3
 461 0362 73       		.byte	0x73
 462 0363 C6000000 		.4byte	0xc6
 463 0367 64       		.byte	0x64
 464 0368 07       		.uleb128 0x7
 465 0369 F8000000 		.4byte	.LASF74
 466 036d 03       		.byte	0x3
 467 036e 76       		.byte	0x76
 468 036f B0000000 		.4byte	0xb0
 469 0373 68       		.byte	0x68
 470 0374 07       		.uleb128 0x7
 471 0375 AF030000 		.4byte	.LASF75
 472 0379 03       		.byte	0x3
 473 037a 77       		.byte	0x77
 474 037b B0000000 		.4byte	0xb0
 475 037f 6A       		.byte	0x6a
 476 0380 07       		.uleb128 0x7
 477 0381 1D040000 		.4byte	.LASF76
 478 0385 03       		.byte	0x3
 479 0386 78       		.byte	0x78
 480 0387 B0000000 		.4byte	0xb0
 481 038b 6C       		.byte	0x6c
 482 038c 07       		.uleb128 0x7
 483 038d C7070000 		.4byte	.LASF77
 484 0391 03       		.byte	0x3
 485 0392 79       		.byte	0x79
 486 0393 B0000000 		.4byte	0xb0
 487 0397 6E       		.byte	0x6e
 488 0398 07       		.uleb128 0x7
 489 0399 6F070000 		.4byte	.LASF78
 490 039d 03       		.byte	0x3
 491 039e 7B       		.byte	0x7b
 492 039f 9A000000 		.4byte	0x9a
 493 03a3 70       		.byte	0x70
 494 03a4 07       		.uleb128 0x7
 495 03a5 BC010000 		.4byte	.LASF79
 496 03a9 03       		.byte	0x3
 497 03aa 7C       		.byte	0x7c
 498 03ab 9A000000 		.4byte	0x9a
 499 03af 71       		.byte	0x71
 500 03b0 07       		.uleb128 0x7
 501 03b1 490A0000 		.4byte	.LASF80
 502 03b5 03       		.byte	0x3
 503 03b6 7D       		.byte	0x7d
 504 03b7 9A000000 		.4byte	0x9a
 505 03bb 72       		.byte	0x72
 506 03bc 07       		.uleb128 0x7
 507 03bd 29050000 		.4byte	.LASF81
 508 03c1 03       		.byte	0x3
 509 03c2 7E       		.byte	0x7e
 510 03c3 9A000000 		.4byte	0x9a
 511 03c7 73       		.byte	0x73
 512 03c8 07       		.uleb128 0x7
 513 03c9 A7020000 		.4byte	.LASF82
ARM GAS  C:\Users\User\AppData\Local\Temp\ccvb2YpS.s 			page 10


 514 03cd 03       		.byte	0x3
 515 03ce 80       		.byte	0x80
 516 03cf B0000000 		.4byte	0xb0
 517 03d3 74       		.byte	0x74
 518 03d4 07       		.uleb128 0x7
 519 03d5 5C080000 		.4byte	.LASF83
 520 03d9 03       		.byte	0x3
 521 03da 81       		.byte	0x81
 522 03db B0000000 		.4byte	0xb0
 523 03df 76       		.byte	0x76
 524 03e0 07       		.uleb128 0x7
 525 03e1 81020000 		.4byte	.LASF84
 526 03e5 03       		.byte	0x3
 527 03e6 82       		.byte	0x82
 528 03e7 B0000000 		.4byte	0xb0
 529 03eb 78       		.byte	0x78
 530 03ec 07       		.uleb128 0x7
 531 03ed 42070000 		.4byte	.LASF85
 532 03f1 03       		.byte	0x3
 533 03f2 83       		.byte	0x83
 534 03f3 B0000000 		.4byte	0xb0
 535 03f7 7A       		.byte	0x7a
 536 03f8 07       		.uleb128 0x7
 537 03f9 EC090000 		.4byte	.LASF86
 538 03fd 03       		.byte	0x3
 539 03fe 86       		.byte	0x86
 540 03ff 9A000000 		.4byte	0x9a
 541 0403 7C       		.byte	0x7c
 542 0404 07       		.uleb128 0x7
 543 0405 54040000 		.4byte	.LASF87
 544 0409 03       		.byte	0x3
 545 040a 87       		.byte	0x87
 546 040b 9A000000 		.4byte	0x9a
 547 040f 7D       		.byte	0x7d
 548 0410 07       		.uleb128 0x7
 549 0411 30000000 		.4byte	.LASF88
 550 0415 03       		.byte	0x3
 551 0416 88       		.byte	0x88
 552 0417 9A000000 		.4byte	0x9a
 553 041b 7E       		.byte	0x7e
 554 041c 07       		.uleb128 0x7
 555 041d CC020000 		.4byte	.LASF89
 556 0421 03       		.byte	0x3
 557 0422 89       		.byte	0x89
 558 0423 9A000000 		.4byte	0x9a
 559 0427 7F       		.byte	0x7f
 560 0428 07       		.uleb128 0x7
 561 0429 46030000 		.4byte	.LASF90
 562 042d 03       		.byte	0x3
 563 042e 8A       		.byte	0x8a
 564 042f 9A000000 		.4byte	0x9a
 565 0433 80       		.byte	0x80
 566 0434 07       		.uleb128 0x7
 567 0435 A0040000 		.4byte	.LASF91
 568 0439 03       		.byte	0x3
 569 043a 8D       		.byte	0x8d
 570 043b C6000000 		.4byte	0xc6
ARM GAS  C:\Users\User\AppData\Local\Temp\ccvb2YpS.s 			page 11


 571 043f 84       		.byte	0x84
 572 0440 07       		.uleb128 0x7
 573 0441 B1000000 		.4byte	.LASF92
 574 0445 03       		.byte	0x3
 575 0446 8E       		.byte	0x8e
 576 0447 C6000000 		.4byte	0xc6
 577 044b 88       		.byte	0x88
 578 044c 07       		.uleb128 0x7
 579 044d 12090000 		.4byte	.LASF93
 580 0451 03       		.byte	0x3
 581 0452 8F       		.byte	0x8f
 582 0453 C6000000 		.4byte	0xc6
 583 0457 8C       		.byte	0x8c
 584 0458 07       		.uleb128 0x7
 585 0459 5A030000 		.4byte	.LASF94
 586 045d 03       		.byte	0x3
 587 045e 90       		.byte	0x90
 588 045f C6000000 		.4byte	0xc6
 589 0463 90       		.byte	0x90
 590 0464 07       		.uleb128 0x7
 591 0465 27030000 		.4byte	.LASF95
 592 0469 03       		.byte	0x3
 593 046a 91       		.byte	0x91
 594 046b C6000000 		.4byte	0xc6
 595 046f 94       		.byte	0x94
 596 0470 07       		.uleb128 0x7
 597 0471 8A040000 		.4byte	.LASF96
 598 0475 03       		.byte	0x3
 599 0476 92       		.byte	0x92
 600 0477 C6000000 		.4byte	0xc6
 601 047b 98       		.byte	0x98
 602 047c 07       		.uleb128 0x7
 603 047d 0F0A0000 		.4byte	.LASF97
 604 0481 03       		.byte	0x3
 605 0482 93       		.byte	0x93
 606 0483 C6000000 		.4byte	0xc6
 607 0487 9C       		.byte	0x9c
 608 0488 07       		.uleb128 0x7
 609 0489 12010000 		.4byte	.LASF98
 610 048d 03       		.byte	0x3
 611 048e 94       		.byte	0x94
 612 048f C6000000 		.4byte	0xc6
 613 0493 A0       		.byte	0xa0
 614 0494 07       		.uleb128 0x7
 615 0495 DC010000 		.4byte	.LASF99
 616 0499 03       		.byte	0x3
 617 049a 95       		.byte	0x95
 618 049b B0000000 		.4byte	0xb0
 619 049f A4       		.byte	0xa4
 620 04a0 07       		.uleb128 0x7
 621 04a1 D4070000 		.4byte	.LASF100
 622 04a5 03       		.byte	0x3
 623 04a6 96       		.byte	0x96
 624 04a7 B0000000 		.4byte	0xb0
 625 04ab A6       		.byte	0xa6
 626 04ac 07       		.uleb128 0x7
 627 04ad 90060000 		.4byte	.LASF101
ARM GAS  C:\Users\User\AppData\Local\Temp\ccvb2YpS.s 			page 12


 628 04b1 03       		.byte	0x3
 629 04b2 97       		.byte	0x97
 630 04b3 B0000000 		.4byte	0xb0
 631 04b7 A8       		.byte	0xa8
 632 04b8 07       		.uleb128 0x7
 633 04b9 61070000 		.4byte	.LASF102
 634 04bd 03       		.byte	0x3
 635 04be 98       		.byte	0x98
 636 04bf B0000000 		.4byte	0xb0
 637 04c3 AA       		.byte	0xaa
 638 04c4 07       		.uleb128 0x7
 639 04c5 2C040000 		.4byte	.LASF103
 640 04c9 03       		.byte	0x3
 641 04ca 99       		.byte	0x99
 642 04cb B0000000 		.4byte	0xb0
 643 04cf AC       		.byte	0xac
 644 04d0 07       		.uleb128 0x7
 645 04d1 7A000000 		.4byte	.LASF104
 646 04d5 03       		.byte	0x3
 647 04d6 9A       		.byte	0x9a
 648 04d7 B0000000 		.4byte	0xb0
 649 04db AE       		.byte	0xae
 650 04dc 07       		.uleb128 0x7
 651 04dd F7080000 		.4byte	.LASF105
 652 04e1 03       		.byte	0x3
 653 04e2 9D       		.byte	0x9d
 654 04e3 B0000000 		.4byte	0xb0
 655 04e7 B0       		.byte	0xb0
 656 04e8 07       		.uleb128 0x7
 657 04e9 43000000 		.4byte	.LASF106
 658 04ed 03       		.byte	0x3
 659 04ee 9E       		.byte	0x9e
 660 04ef C6000000 		.4byte	0xc6
 661 04f3 B4       		.byte	0xb4
 662 04f4 00       		.byte	0
 663 04f5 03       		.uleb128 0x3
 664 04f6 71040000 		.4byte	.LASF107
 665 04fa 03       		.byte	0x3
 666 04fb 9F       		.byte	0x9f
 667 04fc E4000000 		.4byte	0xe4
 668 0500 02       		.uleb128 0x2
 669 0501 01       		.byte	0x1
 670 0502 08       		.byte	0x8
 671 0503 F5070000 		.4byte	.LASF108
 672 0507 02       		.uleb128 0x2
 673 0508 04       		.byte	0x4
 674 0509 04       		.byte	0x4
 675 050a 6F060000 		.4byte	.LASF109
 676 050e 02       		.uleb128 0x2
 677 050f 08       		.byte	0x8
 678 0510 04       		.byte	0x4
 679 0511 7A020000 		.4byte	.LASF110
 680 0515 08       		.uleb128 0x8
 681 0516 04       		.byte	0x4
 682 0517 02       		.uleb128 0x2
 683 0518 01       		.byte	0x1
 684 0519 02       		.byte	0x2
ARM GAS  C:\Users\User\AppData\Local\Temp\ccvb2YpS.s 			page 13


 685 051a 05070000 		.4byte	.LASF111
 686 051e 09       		.uleb128 0x9
 687 051f 04       		.byte	0x4
 688 0520 24050000 		.4byte	0x524
 689 0524 0A       		.uleb128 0xa
 690 0525 2F050000 		.4byte	0x52f
 691 0529 0B       		.uleb128 0xb
 692 052a C6000000 		.4byte	0xc6
 693 052e 00       		.byte	0
 694 052f 0C       		.uleb128 0xc
 695 0530 D3030000 		.4byte	.LASF112
 696 0534 04       		.byte	0x4
 697 0535 D901     		.2byte	0x1d9
 698 0537 1E050000 		.4byte	0x51e
 699 053b 0D       		.uleb128 0xd
 700 053c 5F0A0000 		.4byte	.LASF155
 701 0540 38       		.byte	0x38
 702 0541 04       		.byte	0x4
 703 0542 7502     		.2byte	0x275
 704 0544 FF050000 		.4byte	0x5ff
 705 0548 0E       		.uleb128 0xe
 706 0549 2E0A0000 		.4byte	.LASF113
 707 054d 04       		.byte	0x4
 708 054e 7802     		.2byte	0x278
 709 0550 D8000000 		.4byte	0xd8
 710 0554 00       		.byte	0
 711 0555 0E       		.uleb128 0xe
 712 0556 74050000 		.4byte	.LASF114
 713 055a 04       		.byte	0x4
 714 055b 7902     		.2byte	0x279
 715 055d D8000000 		.4byte	0xd8
 716 0561 04       		.byte	0x4
 717 0562 0E       		.uleb128 0xe
 718 0563 08010000 		.4byte	.LASF115
 719 0567 04       		.byte	0x4
 720 0568 7B02     		.2byte	0x27b
 721 056a 15050000 		.4byte	0x515
 722 056e 08       		.byte	0x8
 723 056f 0E       		.uleb128 0xe
 724 0570 B6080000 		.4byte	.LASF116
 725 0574 04       		.byte	0x4
 726 0575 7C02     		.2byte	0x27c
 727 0577 C6000000 		.4byte	0xc6
 728 057b 0C       		.byte	0xc
 729 057c 0E       		.uleb128 0xe
 730 057d A8080000 		.4byte	.LASF117
 731 0581 04       		.byte	0x4
 732 0582 7D02     		.2byte	0x27d
 733 0584 D8000000 		.4byte	0xd8
 734 0588 10       		.byte	0x10
 735 0589 0E       		.uleb128 0xe
 736 058a 010A0000 		.4byte	.LASF118
 737 058e 04       		.byte	0x4
 738 058f 7E02     		.2byte	0x27e
 739 0591 D8000000 		.4byte	0xd8
 740 0595 14       		.byte	0x14
 741 0596 0E       		.uleb128 0xe
ARM GAS  C:\Users\User\AppData\Local\Temp\ccvb2YpS.s 			page 14


 742 0597 2F090000 		.4byte	.LASF119
 743 059b 04       		.byte	0x4
 744 059c 8002     		.2byte	0x280
 745 059e 15050000 		.4byte	0x515
 746 05a2 18       		.byte	0x18
 747 05a3 0E       		.uleb128 0xe
 748 05a4 12000000 		.4byte	.LASF120
 749 05a8 04       		.byte	0x4
 750 05a9 8102     		.2byte	0x281
 751 05ab C6000000 		.4byte	0xc6
 752 05af 1C       		.byte	0x1c
 753 05b0 0E       		.uleb128 0xe
 754 05b1 10030000 		.4byte	.LASF121
 755 05b5 04       		.byte	0x4
 756 05b6 8202     		.2byte	0x282
 757 05b8 D8000000 		.4byte	0xd8
 758 05bc 20       		.byte	0x20
 759 05bd 0E       		.uleb128 0xe
 760 05be 28010000 		.4byte	.LASF122
 761 05c2 04       		.byte	0x4
 762 05c3 8402     		.2byte	0x284
 763 05c5 15050000 		.4byte	0x515
 764 05c9 24       		.byte	0x24
 765 05ca 0E       		.uleb128 0xe
 766 05cb 3C030000 		.4byte	.LASF123
 767 05cf 04       		.byte	0x4
 768 05d0 8502     		.2byte	0x285
 769 05d2 C6000000 		.4byte	0xc6
 770 05d6 28       		.byte	0x28
 771 05d7 0E       		.uleb128 0xe
 772 05d8 B2060000 		.4byte	.LASF124
 773 05dc 04       		.byte	0x4
 774 05dd 8602     		.2byte	0x286
 775 05df D8000000 		.4byte	0xd8
 776 05e3 2C       		.byte	0x2c
 777 05e4 0E       		.uleb128 0xe
 778 05e5 4B040000 		.4byte	.LASF125
 779 05e9 04       		.byte	0x4
 780 05ea 8B02     		.2byte	0x28b
 781 05ec 2F050000 		.4byte	0x52f
 782 05f0 30       		.byte	0x30
 783 05f1 0E       		.uleb128 0xe
 784 05f2 27090000 		.4byte	.LASF126
 785 05f6 04       		.byte	0x4
 786 05f7 8E02     		.2byte	0x28e
 787 05f9 C6000000 		.4byte	0xc6
 788 05fd 34       		.byte	0x34
 789 05fe 00       		.byte	0
 790 05ff 0C       		.uleb128 0xc
 791 0600 3E090000 		.4byte	.LASF127
 792 0604 04       		.byte	0x4
 793 0605 9102     		.2byte	0x291
 794 0607 3B050000 		.4byte	0x53b
 795 060b 0F       		.uleb128 0xf
 796 060c 02       		.byte	0x2
 797 060d 05       		.byte	0x5
 798 060e 6401     		.2byte	0x164
ARM GAS  C:\Users\User\AppData\Local\Temp\ccvb2YpS.s 			page 15


 799 0610 2F060000 		.4byte	0x62f
 800 0614 0E       		.uleb128 0xe
 801 0615 250A0000 		.4byte	.LASF128
 802 0619 05       		.byte	0x5
 803 061a 6E01     		.2byte	0x16e
 804 061c 9A000000 		.4byte	0x9a
 805 0620 00       		.byte	0
 806 0621 0E       		.uleb128 0xe
 807 0622 B7040000 		.4byte	.LASF129
 808 0626 05       		.byte	0x5
 809 0627 7201     		.2byte	0x172
 810 0629 9A000000 		.4byte	0x9a
 811 062d 01       		.byte	0x1
 812 062e 00       		.byte	0
 813 062f 0C       		.uleb128 0xc
 814 0630 97010000 		.4byte	.LASF130
 815 0634 05       		.byte	0x5
 816 0635 7401     		.2byte	0x174
 817 0637 0B060000 		.4byte	0x60b
 818 063b 10       		.uleb128 0x10
 819 063c 01       		.byte	0x1
 820 063d 36000000 		.4byte	0x36
 821 0641 06       		.byte	0x6
 822 0642 7E       		.byte	0x7e
 823 0643 60060000 		.4byte	0x660
 824 0647 11       		.uleb128 0x11
 825 0648 AE090000 		.4byte	.LASF131
 826 064c 00       		.byte	0
 827 064d 11       		.uleb128 0x11
 828 064e 0A050000 		.4byte	.LASF132
 829 0652 01       		.byte	0x1
 830 0653 11       		.uleb128 0x11
 831 0654 CF090000 		.4byte	.LASF133
 832 0658 02       		.byte	0x2
 833 0659 11       		.uleb128 0x11
 834 065a F1010000 		.4byte	.LASF134
 835 065e 03       		.byte	0x3
 836 065f 00       		.byte	0
 837 0660 03       		.uleb128 0x3
 838 0661 41020000 		.4byte	.LASF135
 839 0665 06       		.byte	0x6
 840 0666 83       		.byte	0x83
 841 0667 3B060000 		.4byte	0x63b
 842 066b 10       		.uleb128 0x10
 843 066c 01       		.byte	0x1
 844 066d 36000000 		.4byte	0x36
 845 0671 06       		.byte	0x6
 846 0672 87       		.byte	0x87
 847 0673 A8060000 		.4byte	0x6a8
 848 0677 11       		.uleb128 0x11
 849 0678 58090000 		.4byte	.LASF136
 850 067c 00       		.byte	0
 851 067d 11       		.uleb128 0x11
 852 067e 770A0000 		.4byte	.LASF137
 853 0682 01       		.byte	0x1
 854 0683 11       		.uleb128 0x11
 855 0684 7C030000 		.4byte	.LASF138
ARM GAS  C:\Users\User\AppData\Local\Temp\ccvb2YpS.s 			page 16


 856 0688 02       		.byte	0x2
 857 0689 11       		.uleb128 0x11
 858 068a C4080000 		.4byte	.LASF139
 859 068e 03       		.byte	0x3
 860 068f 11       		.uleb128 0x11
 861 0690 FA070000 		.4byte	.LASF140
 862 0694 04       		.byte	0x4
 863 0695 11       		.uleb128 0x11
 864 0696 DB060000 		.4byte	.LASF141
 865 069a 05       		.byte	0x5
 866 069b 11       		.uleb128 0x11
 867 069c 91070000 		.4byte	.LASF142
 868 06a0 06       		.byte	0x6
 869 06a1 11       		.uleb128 0x11
 870 06a2 4B060000 		.4byte	.LASF143
 871 06a6 07       		.byte	0x7
 872 06a7 00       		.byte	0
 873 06a8 03       		.uleb128 0x3
 874 06a9 F3040000 		.4byte	.LASF144
 875 06ad 06       		.byte	0x6
 876 06ae 90       		.byte	0x90
 877 06af 6B060000 		.4byte	0x66b
 878 06b3 12       		.uleb128 0x12
 879 06b4 35070000 		.4byte	.LASF145
 880 06b8 07       		.byte	0x7
 881 06b9 F907     		.2byte	0x7f9
 882 06bb BF060000 		.4byte	0x6bf
 883 06bf 05       		.uleb128 0x5
 884 06c0 BB000000 		.4byte	0xbb
 885 06c4 13       		.uleb128 0x13
 886 06c5 86060000 		.4byte	.LASF146
 887 06c9 03       		.byte	0x3
 888 06ca A7       		.byte	0xa7
 889 06cb CF060000 		.4byte	0x6cf
 890 06cf 09       		.uleb128 0x9
 891 06d0 04       		.byte	0x4
 892 06d1 D5060000 		.4byte	0x6d5
 893 06d5 14       		.uleb128 0x14
 894 06d6 F5040000 		.4byte	0x4f5
 895 06da 12       		.uleb128 0x12
 896 06db 79080000 		.4byte	.LASF147
 897 06df 06       		.byte	0x6
 898 06e0 2202     		.2byte	0x222
 899 06e2 60060000 		.4byte	0x660
 900 06e6 15       		.uleb128 0x15
 901 06e7 2F060000 		.4byte	0x62f
 902 06eb F6060000 		.4byte	0x6f6
 903 06ef 16       		.uleb128 0x16
 904 06f0 D1000000 		.4byte	0xd1
 905 06f4 00       		.byte	0
 906 06f5 00       		.byte	0
 907 06f6 12       		.uleb128 0x12
 908 06f7 77090000 		.4byte	.LASF148
 909 06fb 06       		.byte	0x6
 910 06fc 2C02     		.2byte	0x22c
 911 06fe E6060000 		.4byte	0x6e6
 912 0702 15       		.uleb128 0x15
ARM GAS  C:\Users\User\AppData\Local\Temp\ccvb2YpS.s 			page 17


 913 0703 A8060000 		.4byte	0x6a8
 914 0707 12070000 		.4byte	0x712
 915 070b 16       		.uleb128 0x16
 916 070c D1000000 		.4byte	0xd1
 917 0710 00       		.byte	0
 918 0711 00       		.byte	0
 919 0712 12       		.uleb128 0x12
 920 0713 3A040000 		.4byte	.LASF149
 921 0717 06       		.byte	0x6
 922 0718 2D02     		.2byte	0x22d
 923 071a 02070000 		.4byte	0x702
 924 071e 12       		.uleb128 0x12
 925 071f 43080000 		.4byte	.LASF150
 926 0723 06       		.byte	0x6
 927 0724 5202     		.2byte	0x252
 928 0726 9A000000 		.4byte	0x9a
 929 072a 13       		.uleb128 0x13
 930 072b 96020000 		.4byte	.LASF151
 931 072f 08       		.byte	0x8
 932 0730 87       		.byte	0x87
 933 0731 FF050000 		.4byte	0x5ff
 934 0735 00       		.byte	0
 935              		.section	.debug_abbrev,"",%progbits
 936              	.Ldebug_abbrev0:
 937 0000 01       		.uleb128 0x1
 938 0001 11       		.uleb128 0x11
 939 0002 01       		.byte	0x1
 940 0003 25       		.uleb128 0x25
 941 0004 0E       		.uleb128 0xe
 942 0005 13       		.uleb128 0x13
 943 0006 0B       		.uleb128 0xb
 944 0007 03       		.uleb128 0x3
 945 0008 0E       		.uleb128 0xe
 946 0009 1B       		.uleb128 0x1b
 947 000a 0E       		.uleb128 0xe
 948 000b 10       		.uleb128 0x10
 949 000c 17       		.uleb128 0x17
 950 000d 00       		.byte	0
 951 000e 00       		.byte	0
 952 000f 02       		.uleb128 0x2
 953 0010 24       		.uleb128 0x24
 954 0011 00       		.byte	0
 955 0012 0B       		.uleb128 0xb
 956 0013 0B       		.uleb128 0xb
 957 0014 3E       		.uleb128 0x3e
 958 0015 0B       		.uleb128 0xb
 959 0016 03       		.uleb128 0x3
 960 0017 0E       		.uleb128 0xe
 961 0018 00       		.byte	0
 962 0019 00       		.byte	0
 963 001a 03       		.uleb128 0x3
 964 001b 16       		.uleb128 0x16
 965 001c 00       		.byte	0
 966 001d 03       		.uleb128 0x3
 967 001e 0E       		.uleb128 0xe
 968 001f 3A       		.uleb128 0x3a
 969 0020 0B       		.uleb128 0xb
ARM GAS  C:\Users\User\AppData\Local\Temp\ccvb2YpS.s 			page 18


 970 0021 3B       		.uleb128 0x3b
 971 0022 0B       		.uleb128 0xb
 972 0023 49       		.uleb128 0x49
 973 0024 13       		.uleb128 0x13
 974 0025 00       		.byte	0
 975 0026 00       		.byte	0
 976 0027 04       		.uleb128 0x4
 977 0028 24       		.uleb128 0x24
 978 0029 00       		.byte	0
 979 002a 0B       		.uleb128 0xb
 980 002b 0B       		.uleb128 0xb
 981 002c 3E       		.uleb128 0x3e
 982 002d 0B       		.uleb128 0xb
 983 002e 03       		.uleb128 0x3
 984 002f 08       		.uleb128 0x8
 985 0030 00       		.byte	0
 986 0031 00       		.byte	0
 987 0032 05       		.uleb128 0x5
 988 0033 35       		.uleb128 0x35
 989 0034 00       		.byte	0
 990 0035 49       		.uleb128 0x49
 991 0036 13       		.uleb128 0x13
 992 0037 00       		.byte	0
 993 0038 00       		.byte	0
 994 0039 06       		.uleb128 0x6
 995 003a 13       		.uleb128 0x13
 996 003b 01       		.byte	0x1
 997 003c 0B       		.uleb128 0xb
 998 003d 0B       		.uleb128 0xb
 999 003e 3A       		.uleb128 0x3a
 1000 003f 0B       		.uleb128 0xb
 1001 0040 3B       		.uleb128 0x3b
 1002 0041 0B       		.uleb128 0xb
 1003 0042 01       		.uleb128 0x1
 1004 0043 13       		.uleb128 0x13
 1005 0044 00       		.byte	0
 1006 0045 00       		.byte	0
 1007 0046 07       		.uleb128 0x7
 1008 0047 0D       		.uleb128 0xd
 1009 0048 00       		.byte	0
 1010 0049 03       		.uleb128 0x3
 1011 004a 0E       		.uleb128 0xe
 1012 004b 3A       		.uleb128 0x3a
 1013 004c 0B       		.uleb128 0xb
 1014 004d 3B       		.uleb128 0x3b
 1015 004e 0B       		.uleb128 0xb
 1016 004f 49       		.uleb128 0x49
 1017 0050 13       		.uleb128 0x13
 1018 0051 38       		.uleb128 0x38
 1019 0052 0B       		.uleb128 0xb
 1020 0053 00       		.byte	0
 1021 0054 00       		.byte	0
 1022 0055 08       		.uleb128 0x8
 1023 0056 0F       		.uleb128 0xf
 1024 0057 00       		.byte	0
 1025 0058 0B       		.uleb128 0xb
 1026 0059 0B       		.uleb128 0xb
ARM GAS  C:\Users\User\AppData\Local\Temp\ccvb2YpS.s 			page 19


 1027 005a 00       		.byte	0
 1028 005b 00       		.byte	0
 1029 005c 09       		.uleb128 0x9
 1030 005d 0F       		.uleb128 0xf
 1031 005e 00       		.byte	0
 1032 005f 0B       		.uleb128 0xb
 1033 0060 0B       		.uleb128 0xb
 1034 0061 49       		.uleb128 0x49
 1035 0062 13       		.uleb128 0x13
 1036 0063 00       		.byte	0
 1037 0064 00       		.byte	0
 1038 0065 0A       		.uleb128 0xa
 1039 0066 15       		.uleb128 0x15
 1040 0067 01       		.byte	0x1
 1041 0068 27       		.uleb128 0x27
 1042 0069 19       		.uleb128 0x19
 1043 006a 01       		.uleb128 0x1
 1044 006b 13       		.uleb128 0x13
 1045 006c 00       		.byte	0
 1046 006d 00       		.byte	0
 1047 006e 0B       		.uleb128 0xb
 1048 006f 05       		.uleb128 0x5
 1049 0070 00       		.byte	0
 1050 0071 49       		.uleb128 0x49
 1051 0072 13       		.uleb128 0x13
 1052 0073 00       		.byte	0
 1053 0074 00       		.byte	0
 1054 0075 0C       		.uleb128 0xc
 1055 0076 16       		.uleb128 0x16
 1056 0077 00       		.byte	0
 1057 0078 03       		.uleb128 0x3
 1058 0079 0E       		.uleb128 0xe
 1059 007a 3A       		.uleb128 0x3a
 1060 007b 0B       		.uleb128 0xb
 1061 007c 3B       		.uleb128 0x3b
 1062 007d 05       		.uleb128 0x5
 1063 007e 49       		.uleb128 0x49
 1064 007f 13       		.uleb128 0x13
 1065 0080 00       		.byte	0
 1066 0081 00       		.byte	0
 1067 0082 0D       		.uleb128 0xd
 1068 0083 13       		.uleb128 0x13
 1069 0084 01       		.byte	0x1
 1070 0085 03       		.uleb128 0x3
 1071 0086 0E       		.uleb128 0xe
 1072 0087 0B       		.uleb128 0xb
 1073 0088 0B       		.uleb128 0xb
 1074 0089 3A       		.uleb128 0x3a
 1075 008a 0B       		.uleb128 0xb
 1076 008b 3B       		.uleb128 0x3b
 1077 008c 05       		.uleb128 0x5
 1078 008d 01       		.uleb128 0x1
 1079 008e 13       		.uleb128 0x13
 1080 008f 00       		.byte	0
 1081 0090 00       		.byte	0
 1082 0091 0E       		.uleb128 0xe
 1083 0092 0D       		.uleb128 0xd
ARM GAS  C:\Users\User\AppData\Local\Temp\ccvb2YpS.s 			page 20


 1084 0093 00       		.byte	0
 1085 0094 03       		.uleb128 0x3
 1086 0095 0E       		.uleb128 0xe
 1087 0096 3A       		.uleb128 0x3a
 1088 0097 0B       		.uleb128 0xb
 1089 0098 3B       		.uleb128 0x3b
 1090 0099 05       		.uleb128 0x5
 1091 009a 49       		.uleb128 0x49
 1092 009b 13       		.uleb128 0x13
 1093 009c 38       		.uleb128 0x38
 1094 009d 0B       		.uleb128 0xb
 1095 009e 00       		.byte	0
 1096 009f 00       		.byte	0
 1097 00a0 0F       		.uleb128 0xf
 1098 00a1 13       		.uleb128 0x13
 1099 00a2 01       		.byte	0x1
 1100 00a3 0B       		.uleb128 0xb
 1101 00a4 0B       		.uleb128 0xb
 1102 00a5 3A       		.uleb128 0x3a
 1103 00a6 0B       		.uleb128 0xb
 1104 00a7 3B       		.uleb128 0x3b
 1105 00a8 05       		.uleb128 0x5
 1106 00a9 01       		.uleb128 0x1
 1107 00aa 13       		.uleb128 0x13
 1108 00ab 00       		.byte	0
 1109 00ac 00       		.byte	0
 1110 00ad 10       		.uleb128 0x10
 1111 00ae 04       		.uleb128 0x4
 1112 00af 01       		.byte	0x1
 1113 00b0 0B       		.uleb128 0xb
 1114 00b1 0B       		.uleb128 0xb
 1115 00b2 49       		.uleb128 0x49
 1116 00b3 13       		.uleb128 0x13
 1117 00b4 3A       		.uleb128 0x3a
 1118 00b5 0B       		.uleb128 0xb
 1119 00b6 3B       		.uleb128 0x3b
 1120 00b7 0B       		.uleb128 0xb
 1121 00b8 01       		.uleb128 0x1
 1122 00b9 13       		.uleb128 0x13
 1123 00ba 00       		.byte	0
 1124 00bb 00       		.byte	0
 1125 00bc 11       		.uleb128 0x11
 1126 00bd 28       		.uleb128 0x28
 1127 00be 00       		.byte	0
 1128 00bf 03       		.uleb128 0x3
 1129 00c0 0E       		.uleb128 0xe
 1130 00c1 1C       		.uleb128 0x1c
 1131 00c2 0B       		.uleb128 0xb
 1132 00c3 00       		.byte	0
 1133 00c4 00       		.byte	0
 1134 00c5 12       		.uleb128 0x12
 1135 00c6 34       		.uleb128 0x34
 1136 00c7 00       		.byte	0
 1137 00c8 03       		.uleb128 0x3
 1138 00c9 0E       		.uleb128 0xe
 1139 00ca 3A       		.uleb128 0x3a
 1140 00cb 0B       		.uleb128 0xb
ARM GAS  C:\Users\User\AppData\Local\Temp\ccvb2YpS.s 			page 21


 1141 00cc 3B       		.uleb128 0x3b
 1142 00cd 05       		.uleb128 0x5
 1143 00ce 49       		.uleb128 0x49
 1144 00cf 13       		.uleb128 0x13
 1145 00d0 3F       		.uleb128 0x3f
 1146 00d1 19       		.uleb128 0x19
 1147 00d2 3C       		.uleb128 0x3c
 1148 00d3 19       		.uleb128 0x19
 1149 00d4 00       		.byte	0
 1150 00d5 00       		.byte	0
 1151 00d6 13       		.uleb128 0x13
 1152 00d7 34       		.uleb128 0x34
 1153 00d8 00       		.byte	0
 1154 00d9 03       		.uleb128 0x3
 1155 00da 0E       		.uleb128 0xe
 1156 00db 3A       		.uleb128 0x3a
 1157 00dc 0B       		.uleb128 0xb
 1158 00dd 3B       		.uleb128 0x3b
 1159 00de 0B       		.uleb128 0xb
 1160 00df 49       		.uleb128 0x49
 1161 00e0 13       		.uleb128 0x13
 1162 00e1 3F       		.uleb128 0x3f
 1163 00e2 19       		.uleb128 0x19
 1164 00e3 3C       		.uleb128 0x3c
 1165 00e4 19       		.uleb128 0x19
 1166 00e5 00       		.byte	0
 1167 00e6 00       		.byte	0
 1168 00e7 14       		.uleb128 0x14
 1169 00e8 26       		.uleb128 0x26
 1170 00e9 00       		.byte	0
 1171 00ea 49       		.uleb128 0x49
 1172 00eb 13       		.uleb128 0x13
 1173 00ec 00       		.byte	0
 1174 00ed 00       		.byte	0
 1175 00ee 15       		.uleb128 0x15
 1176 00ef 01       		.uleb128 0x1
 1177 00f0 01       		.byte	0x1
 1178 00f1 49       		.uleb128 0x49
 1179 00f2 13       		.uleb128 0x13
 1180 00f3 01       		.uleb128 0x1
 1181 00f4 13       		.uleb128 0x13
 1182 00f5 00       		.byte	0
 1183 00f6 00       		.byte	0
 1184 00f7 16       		.uleb128 0x16
 1185 00f8 21       		.uleb128 0x21
 1186 00f9 00       		.byte	0
 1187 00fa 49       		.uleb128 0x49
 1188 00fb 13       		.uleb128 0x13
 1189 00fc 2F       		.uleb128 0x2f
 1190 00fd 0B       		.uleb128 0xb
 1191 00fe 00       		.byte	0
 1192 00ff 00       		.byte	0
 1193 0100 00       		.byte	0
 1194              		.section	.debug_aranges,"",%progbits
 1195 0000 14000000 		.4byte	0x14
 1196 0004 0200     		.2byte	0x2
 1197 0006 00000000 		.4byte	.Ldebug_info0
ARM GAS  C:\Users\User\AppData\Local\Temp\ccvb2YpS.s 			page 22


 1198 000a 04       		.byte	0x4
 1199 000b 00       		.byte	0
 1200 000c 0000     		.2byte	0
 1201 000e 0000     		.2byte	0
 1202 0010 00000000 		.4byte	0
 1203 0014 00000000 		.4byte	0
 1204              		.section	.debug_line,"",%progbits
 1205              	.Ldebug_line0:
 1206 0000 4F020000 		.section	.debug_str,"MS",%progbits,1
 1206      02004902 
 1206      00000201 
 1206      FB0E0D00 
 1206      01010101 
 1207              	.LASF56:
 1208 0000 70726F74 		.ascii	"protBusMasterMask\000"
 1208      4275734D 
 1208      61737465 
 1208      724D6173 
 1208      6B00
 1209              	.LASF120:
 1210 0012 72784275 		.ascii	"rxBufSize\000"
 1210      6653697A 
 1210      6500
 1211              	.LASF66:
 1212 001c 666C6173 		.ascii	"flashCtlMainWs3Freq\000"
 1212      6843746C 
 1212      4D61696E 
 1212      57733346 
 1212      72657100 
 1213              	.LASF88:
 1214 0030 6770696F 		.ascii	"gpioPrtCfgInOffset\000"
 1214      50727443 
 1214      6667496E 
 1214      4F666673 
 1214      657400
 1215              	.LASF106:
 1216 0043 6970634C 		.ascii	"ipcLockStatusOffset\000"
 1216      6F636B53 
 1216      74617475 
 1216      734F6666 
 1216      73657400 
 1217              	.LASF32:
 1218 0057 63727970 		.ascii	"cryptoVersion\000"
 1218      746F5665 
 1218      7273696F 
 1218      6E00
 1219              	.LASF50:
 1220 0065 70657269 		.ascii	"periClockNr\000"
 1220      436C6F63 
 1220      6B4E7200 
 1221              	.LASF28:
 1222 0071 70617373 		.ascii	"passBase\000"
 1222      42617365 
 1222      00
 1223              	.LASF104:
 1224 007a 63707573 		.ascii	"cpussRam2Ctl0\000"
 1224      7352616D 
ARM GAS  C:\Users\User\AppData\Local\Temp\ccvb2YpS.s 			page 23


 1224      3243746C 
 1224      3000
 1225              	.LASF41:
 1226 0088 63707573 		.ascii	"cpussIpcIrqNr\000"
 1226      73497063 
 1226      4972714E 
 1226      7200
 1227              	.LASF3:
 1228 0096 5F5F7569 		.ascii	"__uint8_t\000"
 1228      6E74385F 
 1228      7400
 1229              	.LASF43:
 1230 00a0 63707573 		.ascii	"cpussFlashPaSize\000"
 1230      73466C61 
 1230      73685061 
 1230      53697A65 
 1230      00
 1231              	.LASF92:
 1232 00b1 63707573 		.ascii	"cpussCm4ClockCtlOffset\000"
 1232      73436D34 
 1232      436C6F63 
 1232      6B43746C 
 1232      4F666673 
 1233              	.LASF21:
 1234 00c8 63707573 		.ascii	"cpussBase\000"
 1234      73426173 
 1234      6500
 1235              	.LASF70:
 1236 00d2 64774368 		.ascii	"dwChCtlPrioPos\000"
 1236      43746C50 
 1236      72696F50 
 1236      6F7300
 1237              	.LASF12:
 1238 00e1 6C6F6E67 		.ascii	"long long unsigned int\000"
 1238      206C6F6E 
 1238      6720756E 
 1238      7369676E 
 1238      65642069 
 1239              	.LASF74:
 1240 00f8 70657269 		.ascii	"periTrCmdOffset\000"
 1240      5472436D 
 1240      644F6666 
 1240      73657400 
 1241              	.LASF115:
 1242 0108 72785269 		.ascii	"rxRingBuf\000"
 1242      6E674275 
 1242      6600
 1243              	.LASF98:
 1244 0112 63707573 		.ascii	"cpussSysTickCtlOffset\000"
 1244      73537973 
 1244      5469636B 
 1244      43746C4F 
 1244      66667365 
 1245              	.LASF122:
 1246 0128 74784275 		.ascii	"txBuf\000"
 1246      6600
 1247              	.LASF154:
ARM GAS  C:\Users\User\AppData\Local\Temp\ccvb2YpS.s 			page 24


 1248 012e 433A5C55 		.ascii	"C:\\Users\\User\\Documents\\GitHub\\PRJ4\\POPE\\POP"
 1248      73657273 
 1248      5C557365 
 1248      725C446F 
 1248      63756D65 
 1249 015a 4570726F 		.ascii	"Eproject.cydsn\000"
 1249      6A656374 
 1249      2E637964 
 1249      736E00
 1250              	.LASF59:
 1251 0169 666C6173 		.ascii	"flashPipeRequired\000"
 1251      68506970 
 1251      65526571 
 1251      75697265 
 1251      6400
 1252              	.LASF63:
 1253 017b 666C6173 		.ascii	"flashCtlMainWs0Freq\000"
 1253      6843746C 
 1253      4D61696E 
 1253      57733046 
 1253      72657100 
 1254              	.LASF15:
 1255 018f 696E7431 		.ascii	"int16_t\000"
 1255      365F7400 
 1256              	.LASF130:
 1257 0197 63795F73 		.ascii	"cy_stc_ble_conn_handle_t\000"
 1257      74635F62 
 1257      6C655F63 
 1257      6F6E6E5F 
 1257      68616E64 
 1258              	.LASF1:
 1259 01b0 7369676E 		.ascii	"signed char\000"
 1259      65642063 
 1259      68617200 
 1260              	.LASF79:
 1261 01bc 70657269 		.ascii	"periDivCmdTypeSelPos\000"
 1261      44697643 
 1261      6D645479 
 1261      70655365 
 1261      6C506F73 
 1262              	.LASF37:
 1263 01d1 69706356 		.ascii	"ipcVersion\000"
 1263      65727369 
 1263      6F6E00
 1264              	.LASF99:
 1265 01dc 63707573 		.ascii	"cpussCm0NmiCtlOffset\000"
 1265      73436D30 
 1265      4E6D6943 
 1265      746C4F66 
 1265      66736574 
 1266              	.LASF134:
 1267 01f1 43595F42 		.ascii	"CY_BLE_ADV_STATE_STOP_INITIATED\000"
 1267      4C455F41 
 1267      44565F53 
 1267      54415445 
 1267      5F53544F 
 1268              	.LASF47:
ARM GAS  C:\Users\User\AppData\Local\Temp\ccvb2YpS.s 			page 25


 1269 0211 73727373 		.ascii	"srssNumClkpath\000"
 1269      4E756D43 
 1269      6C6B7061 
 1269      746800
 1270              	.LASF26:
 1271 0220 6873696F 		.ascii	"hsiomBase\000"
 1271      6D426173 
 1271      6500
 1272              	.LASF8:
 1273 022a 6C6F6E67 		.ascii	"long int\000"
 1273      20696E74 
 1273      00
 1274              	.LASF57:
 1275 0233 63727970 		.ascii	"cryptoMemSize\000"
 1275      746F4D65 
 1275      6D53697A 
 1275      6500
 1276              	.LASF135:
 1277 0241 63795F65 		.ascii	"cy_en_ble_adv_state_t\000"
 1277      6E5F626C 
 1277      655F6164 
 1277      765F7374 
 1277      6174655F 
 1278              	.LASF23:
 1279 0257 70657269 		.ascii	"periBase\000"
 1279      42617365 
 1279      00
 1280              	.LASF55:
 1281 0260 73797350 		.ascii	"sysPmSimoPresent\000"
 1281      6D53696D 
 1281      6F507265 
 1281      73656E74 
 1281      00
 1282              	.LASF16:
 1283 0271 75696E74 		.ascii	"uint16_t\000"
 1283      31365F74 
 1283      00
 1284              	.LASF110:
 1285 027a 646F7562 		.ascii	"double\000"
 1285      6C6500
 1286              	.LASF84:
 1287 0281 70657269 		.ascii	"periDiv16_5CtlOffset\000"
 1287      44697631 
 1287      365F3543 
 1287      746C4F66 
 1287      66736574 
 1288              	.LASF151:
 1289 0296 55415254 		.ascii	"UART_DEB_context\000"
 1289      5F444542 
 1289      5F636F6E 
 1289      74657874 
 1289      00
 1290              	.LASF82:
 1291 02a7 70657269 		.ascii	"periDiv8CtlOffset\000"
 1291      44697638 
 1291      43746C4F 
 1291      66667365 
ARM GAS  C:\Users\User\AppData\Local\Temp\ccvb2YpS.s 			page 26


 1291      7400
 1292              	.LASF6:
 1293 02b9 73686F72 		.ascii	"short unsigned int\000"
 1293      7420756E 
 1293      7369676E 
 1293      65642069 
 1293      6E7400
 1294              	.LASF89:
 1295 02cc 6770696F 		.ascii	"gpioPrtCfgOutOffset\000"
 1295      50727443 
 1295      66674F75 
 1295      744F6666 
 1295      73657400 
 1296              	.LASF22:
 1297 02e0 666C6173 		.ascii	"flashcBase\000"
 1297      68634261 
 1297      736500
 1298              	.LASF9:
 1299 02eb 5F5F7569 		.ascii	"__uint32_t\000"
 1299      6E743332 
 1299      5F7400
 1300              	.LASF52:
 1301 02f6 70617373 		.ascii	"passSarChannels\000"
 1301      53617243 
 1301      68616E6E 
 1301      656C7300 
 1302              	.LASF4:
 1303 0306 5F5F696E 		.ascii	"__int16_t\000"
 1303      7431365F 
 1303      7400
 1304              	.LASF121:
 1305 0310 72784275 		.ascii	"rxBufIdx\000"
 1305      66496478 
 1305      00
 1306              	.LASF11:
 1307 0319 6C6F6E67 		.ascii	"long long int\000"
 1307      206C6F6E 
 1307      6720696E 
 1307      7400
 1308              	.LASF95:
 1309 0327 63707573 		.ascii	"cpussCm4PwrCtlOffset\000"
 1309      73436D34 
 1309      50777243 
 1309      746C4F66 
 1309      66736574 
 1310              	.LASF123:
 1311 033c 74784275 		.ascii	"txBufSize\000"
 1311      6653697A 
 1311      6500
 1312              	.LASF90:
 1313 0346 6770696F 		.ascii	"gpioPrtCfgSioOffset\000"
 1313      50727443 
 1313      66675369 
 1313      6F4F6666 
 1313      73657400 
 1314              	.LASF94:
 1315 035a 63707573 		.ascii	"cpussCm0StatusOffset\000"
ARM GAS  C:\Users\User\AppData\Local\Temp\ccvb2YpS.s 			page 27


 1315      73436D30 
 1315      53746174 
 1315      75734F66 
 1315      66736574 
 1316              	.LASF13:
 1317 036f 756E7369 		.ascii	"unsigned int\000"
 1317      676E6564 
 1317      20696E74 
 1317      00
 1318              	.LASF138:
 1319 037c 43595F42 		.ascii	"CY_BLE_CONN_STATE_CONNECTED\000"
 1319      4C455F43 
 1319      4F4E4E5F 
 1319      53544154 
 1319      455F434F 
 1320              	.LASF27:
 1321 0398 6770696F 		.ascii	"gpioBase\000"
 1321      42617365 
 1321      00
 1322              	.LASF153:
 1323 03a1 7472796B 		.ascii	"trykControl.c\000"
 1323      436F6E74 
 1323      726F6C2E 
 1323      6300
 1324              	.LASF75:
 1325 03af 70657269 		.ascii	"periTrCmdGrSelMsk\000"
 1325      5472436D 
 1325      64477253 
 1325      656C4D73 
 1325      6B00
 1326              	.LASF10:
 1327 03c1 6C6F6E67 		.ascii	"long unsigned int\000"
 1327      20756E73 
 1327      69676E65 
 1327      6420696E 
 1327      7400
 1328              	.LASF112:
 1329 03d3 63795F63 		.ascii	"cy_cb_scb_uart_handle_events_t\000"
 1329      625F7363 
 1329      625F7561 
 1329      72745F68 
 1329      616E646C 
 1330              	.LASF40:
 1331 03f2 63707573 		.ascii	"cpussIpcNr\000"
 1331      73497063 
 1331      4E7200
 1332              	.LASF42:
 1333 03fd 63707573 		.ascii	"cpussDwChNr\000"
 1333      73447743 
 1333      684E7200 
 1334              	.LASF65:
 1335 0409 666C6173 		.ascii	"flashCtlMainWs2Freq\000"
 1335      6843746C 
 1335      4D61696E 
 1335      57733246 
 1335      72657100 
 1336              	.LASF76:
ARM GAS  C:\Users\User\AppData\Local\Temp\ccvb2YpS.s 			page 28


 1337 041d 70657269 		.ascii	"periTrGrOffset\000"
 1337      54724772 
 1337      4F666673 
 1337      657400
 1338              	.LASF103:
 1339 042c 63707573 		.ascii	"cpussRam1Ctl0\000"
 1339      7352616D 
 1339      3143746C 
 1339      3000
 1340              	.LASF149:
 1341 043a 63795F62 		.ascii	"cy_ble_connState\000"
 1341      6C655F63 
 1341      6F6E6E53 
 1341      74617465 
 1341      00
 1342              	.LASF125:
 1343 044b 63624576 		.ascii	"cbEvents\000"
 1343      656E7473 
 1343      00
 1344              	.LASF87:
 1345 0454 6770696F 		.ascii	"gpioPrtCfgOffset\000"
 1345      50727443 
 1345      66674F66 
 1345      66736574 
 1345      00
 1346              	.LASF35:
 1347 0465 6770696F 		.ascii	"gpioVersion\000"
 1347      56657273 
 1347      696F6E00 
 1348              	.LASF107:
 1349 0471 63795F73 		.ascii	"cy_stc_device_t\000"
 1349      74635F64 
 1349      65766963 
 1349      655F7400 
 1350              	.LASF25:
 1351 0481 70726F74 		.ascii	"protBase\000"
 1351      42617365 
 1351      00
 1352              	.LASF96:
 1353 048a 63707573 		.ascii	"cpussTrimRamCtlOffset\000"
 1353      73547269 
 1353      6D52616D 
 1353      43746C4F 
 1353      66667365 
 1354              	.LASF91:
 1355 04a0 63707573 		.ascii	"cpussCm0ClockCtlOffset\000"
 1355      73436D30 
 1355      436C6F63 
 1355      6B43746C 
 1355      4F666673 
 1356              	.LASF129:
 1357 04b7 61747449 		.ascii	"attId\000"
 1357      6400
 1358              	.LASF30:
 1359 04bd 63727970 		.ascii	"cryptoBase\000"
 1359      746F4261 
 1359      736500
ARM GAS  C:\Users\User\AppData\Local\Temp\ccvb2YpS.s 			page 29


 1360              	.LASF38:
 1361 04c8 70657269 		.ascii	"periVersion\000"
 1361      56657273 
 1361      696F6E00 
 1362              	.LASF19:
 1363 04d4 73697A65 		.ascii	"sizetype\000"
 1363      74797065 
 1363      00
 1364              	.LASF68:
 1365 04dd 64774368 		.ascii	"dwChOffset\000"
 1365      4F666673 
 1365      657400
 1366              	.LASF48:
 1367 04e8 73727373 		.ascii	"srssNumPll\000"
 1367      4E756D50 
 1367      6C6C00
 1368              	.LASF144:
 1369 04f3 63795F65 		.ascii	"cy_en_ble_conn_state_t\000"
 1369      6E5F626C 
 1369      655F636F 
 1369      6E6E5F73 
 1369      74617465 
 1370              	.LASF132:
 1371 050a 43595F42 		.ascii	"CY_BLE_ADV_STATE_ADV_INITIATED\000"
 1371      4C455F41 
 1371      44565F53 
 1371      54415445 
 1371      5F414456 
 1372              	.LASF81:
 1373 0529 70657269 		.ascii	"periDivCmdPaTypeSelPos\000"
 1373      44697643 
 1373      6D645061 
 1373      54797065 
 1373      53656C50 
 1374              	.LASF53:
 1375 0540 65704D6F 		.ascii	"epMonitorNr\000"
 1375      6E69746F 
 1375      724E7200 
 1376              	.LASF39:
 1377 054c 70726F74 		.ascii	"protVersion\000"
 1377      56657273 
 1377      696F6E00 
 1378              	.LASF72:
 1379 0558 64775374 		.ascii	"dwStatusChIdxPos\000"
 1379      61747573 
 1379      43684964 
 1379      78506F73 
 1379      00
 1380              	.LASF54:
 1381 0569 75646250 		.ascii	"udbPresent\000"
 1381      72657365 
 1381      6E7400
 1382              	.LASF114:
 1383 0574 72785374 		.ascii	"rxStatus\000"
 1383      61747573 
 1383      00
 1384              	.LASF34:
ARM GAS  C:\Users\User\AppData\Local\Temp\ccvb2YpS.s 			page 30


 1385 057d 666C6173 		.ascii	"flashcVersion\000"
 1385      68635665 
 1385      7273696F 
 1385      6E00
 1386              	.LASF51:
 1387 058b 736D6966 		.ascii	"smifDeviceNr\000"
 1387      44657669 
 1387      63654E72 
 1387      00
 1388              	.LASF152:
 1389 0598 474E5520 		.ascii	"GNU C11 5.4.1 20160609 (release) [ARM/embedded-5-br"
 1389      43313120 
 1389      352E342E 
 1389      31203230 
 1389      31363036 
 1390 05cb 616E6368 		.ascii	"anch revision 237715] -mcpu=cortex-m4 -mfloat-abi=s"
 1390      20726576 
 1390      6973696F 
 1390      6E203233 
 1390      37373135 
 1391 05fe 6F667466 		.ascii	"oftfp -mfpu=fpv4-sp-d16 -mthumb -g -Og -ffunction-s"
 1391      70202D6D 
 1391      6670753D 
 1391      66707634 
 1391      2D73702D 
 1392 0631 65637469 		.ascii	"ections -ffat-lto-objects\000"
 1392      6F6E7320 
 1392      2D666661 
 1392      742D6C74 
 1392      6F2D6F62 
 1393              	.LASF143:
 1394 064b 43595F42 		.ascii	"CY_BLE_CONN_STATE_CLIENT_DISCOVERED\000"
 1394      4C455F43 
 1394      4F4E4E5F 
 1394      53544154 
 1394      455F434C 
 1395              	.LASF109:
 1396 066f 666C6F61 		.ascii	"float\000"
 1396      7400
 1397              	.LASF73:
 1398 0675 64775374 		.ascii	"dwStatusChIdxMsk\000"
 1398      61747573 
 1398      43684964 
 1398      784D736B 
 1398      00
 1399              	.LASF146:
 1400 0686 63795F64 		.ascii	"cy_device\000"
 1400      65766963 
 1400      6500
 1401              	.LASF101:
 1402 0690 63707573 		.ascii	"cpussRomCtl\000"
 1402      73526F6D 
 1402      43746C00 
 1403              	.LASF71:
 1404 069c 64774368 		.ascii	"dwChCtlPreemptablePos\000"
 1404      43746C50 
 1404      7265656D 
ARM GAS  C:\Users\User\AppData\Local\Temp\ccvb2YpS.s 			page 31


 1404      70746162 
 1404      6C65506F 
 1405              	.LASF124:
 1406 06b2 74784C65 		.ascii	"txLeftToTransmit\000"
 1406      6674546F 
 1406      5472616E 
 1406      736D6974 
 1406      00
 1407              	.LASF62:
 1408 06c3 666C6173 		.ascii	"flashEraseDelay\000"
 1408      68457261 
 1408      73654465 
 1408      6C617900 
 1409              	.LASF24:
 1410 06d3 75646242 		.ascii	"udbBase\000"
 1410      61736500 
 1411              	.LASF141:
 1412 06db 43595F42 		.ascii	"CY_BLE_CONN_STATE_CLIENT_CHAR_DISCOVERING\000"
 1412      4C455F43 
 1412      4F4E4E5F 
 1412      53544154 
 1412      455F434C 
 1413              	.LASF111:
 1414 0705 5F426F6F 		.ascii	"_Bool\000"
 1414      6C00
 1415              	.LASF17:
 1416 070b 696E7433 		.ascii	"int32_t\000"
 1416      325F7400 
 1417              	.LASF2:
 1418 0713 756E7369 		.ascii	"unsigned char\000"
 1418      676E6564 
 1418      20636861 
 1418      7200
 1419              	.LASF67:
 1420 0721 666C6173 		.ascii	"flashCtlMainWs4Freq\000"
 1420      6843746C 
 1420      4D61696E 
 1420      57733446 
 1420      72657100 
 1421              	.LASF145:
 1422 0735 49544D5F 		.ascii	"ITM_RxBuffer\000"
 1422      52784275 
 1422      66666572 
 1422      00
 1423              	.LASF85:
 1424 0742 70657269 		.ascii	"periDiv24_5CtlOffset\000"
 1424      44697632 
 1424      345F3543 
 1424      746C4F66 
 1424      66736574 
 1425              	.LASF0:
 1426 0757 73686F72 		.ascii	"short int\000"
 1426      7420696E 
 1426      7400
 1427              	.LASF102:
 1428 0761 63707573 		.ascii	"cpussRam0Ctl0\000"
 1428      7352616D 
ARM GAS  C:\Users\User\AppData\Local\Temp\ccvb2YpS.s 			page 32


 1428      3043746C 
 1428      3000
 1429              	.LASF78:
 1430 076f 70657269 		.ascii	"periDivCmdDivSelMsk\000"
 1430      44697643 
 1430      6D644469 
 1430      7653656C 
 1430      4D736B00 
 1431              	.LASF49:
 1432 0783 73727373 		.ascii	"srssNumHfroot\000"
 1432      4E756D48 
 1432      66726F6F 
 1432      7400
 1433              	.LASF142:
 1434 0791 43595F42 		.ascii	"CY_BLE_CONN_STATE_CLIENT_DESCR_DISCOVERING\000"
 1434      4C455F43 
 1434      4F4E4E5F 
 1434      53544154 
 1434      455F434C 
 1435              	.LASF45:
 1436 07bc 63707573 		.ascii	"cpussFmIrq\000"
 1436      73466D49 
 1436      727100
 1437              	.LASF77:
 1438 07c7 70657269 		.ascii	"periTrGrSize\000"
 1438      54724772 
 1438      53697A65 
 1438      00
 1439              	.LASF100:
 1440 07d4 63707573 		.ascii	"cpussCm4NmiCtlOffset\000"
 1440      73436D34 
 1440      4E6D6943 
 1440      746C4F66 
 1440      66736574 
 1441              	.LASF20:
 1442 07e9 6C6F6E67 		.ascii	"long double\000"
 1442      20646F75 
 1442      626C6500 
 1443              	.LASF108:
 1444 07f5 63686172 		.ascii	"char\000"
 1444      00
 1445              	.LASF140:
 1446 07fa 43595F42 		.ascii	"CY_BLE_CONN_STATE_CLIENT_INCL_DISCOVERING\000"
 1446      4C455F43 
 1446      4F4E4E5F 
 1446      53544154 
 1446      455F434C 
 1447              	.LASF64:
 1448 0824 666C6173 		.ascii	"flashCtlMainWs1Freq\000"
 1448      6843746C 
 1448      4D61696E 
 1448      57733146 
 1448      72657100 
 1449              	.LASF5:
 1450 0838 5F5F7569 		.ascii	"__uint16_t\000"
 1450      6E743136 
 1450      5F7400
ARM GAS  C:\Users\User\AppData\Local\Temp\ccvb2YpS.s 			page 33


 1451              	.LASF150:
 1452 0843 63795F62 		.ascii	"cy_ble_pendingFlashWrite\000"
 1452      6C655F70 
 1452      656E6469 
 1452      6E67466C 
 1452      61736857 
 1453              	.LASF83:
 1454 085c 70657269 		.ascii	"periDiv16CtlOffset\000"
 1454      44697631 
 1454      3643746C 
 1454      4F666673 
 1454      657400
 1455              	.LASF7:
 1456 086f 5F5F696E 		.ascii	"__int32_t\000"
 1456      7433325F 
 1456      7400
 1457              	.LASF147:
 1458 0879 63795F62 		.ascii	"cy_ble_advState\000"
 1458      6C655F61 
 1458      64765374 
 1458      61746500 
 1459              	.LASF36:
 1460 0889 6873696F 		.ascii	"hsiomVersion\000"
 1460      6D566572 
 1460      73696F6E 
 1460      00
 1461              	.LASF61:
 1462 0896 666C6173 		.ascii	"flashProgramDelay\000"
 1462      6850726F 
 1462      6772616D 
 1462      44656C61 
 1462      7900
 1463              	.LASF117:
 1464 08a8 72785269 		.ascii	"rxRingBufHead\000"
 1464      6E674275 
 1464      66486561 
 1464      6400
 1465              	.LASF116:
 1466 08b6 72785269 		.ascii	"rxRingBufSize\000"
 1466      6E674275 
 1466      6653697A 
 1466      6500
 1467              	.LASF139:
 1468 08c4 43595F42 		.ascii	"CY_BLE_CONN_STATE_CLIENT_SRVC_DISCOVERING\000"
 1468      4C455F43 
 1468      4F4E4E5F 
 1468      53544154 
 1468      455F434C 
 1469              	.LASF69:
 1470 08ee 64774368 		.ascii	"dwChSize\000"
 1470      53697A65 
 1470      00
 1471              	.LASF105:
 1472 08f7 69706353 		.ascii	"ipcStructSize\000"
 1472      74727563 
 1472      7453697A 
 1472      6500
ARM GAS  C:\Users\User\AppData\Local\Temp\ccvb2YpS.s 			page 34


 1473              	.LASF44:
 1474 0905 63707573 		.ascii	"cpussIpc0Irq\000"
 1474      73497063 
 1474      30497271 
 1474      00
 1475              	.LASF93:
 1476 0912 63707573 		.ascii	"cpussCm4StatusOffset\000"
 1476      73436D34 
 1476      53746174 
 1476      75734F66 
 1476      66736574 
 1477              	.LASF126:
 1478 0927 696E6974 		.ascii	"initKey\000"
 1478      4B657900 
 1479              	.LASF119:
 1480 092f 72784275 		.ascii	"rxBuf\000"
 1480      6600
 1481              	.LASF18:
 1482 0935 75696E74 		.ascii	"uint32_t\000"
 1482      33325F74 
 1482      00
 1483              	.LASF127:
 1484 093e 63795F73 		.ascii	"cy_stc_scb_uart_context_t\000"
 1484      74635F73 
 1484      63625F75 
 1484      6172745F 
 1484      636F6E74 
 1485              	.LASF136:
 1486 0958 43595F42 		.ascii	"CY_BLE_CONN_STATE_DISCONNECTED\000"
 1486      4C455F43 
 1486      4F4E4E5F 
 1486      53544154 
 1486      455F4449 
 1487              	.LASF148:
 1488 0977 63795F62 		.ascii	"cy_ble_connHandle\000"
 1488      6C655F63 
 1488      6F6E6E48 
 1488      616E646C 
 1488      6500
 1489              	.LASF46:
 1490 0989 63707573 		.ascii	"cpussNotConnectedIrq\000"
 1490      734E6F74 
 1490      436F6E6E 
 1490      65637465 
 1490      64497271 
 1491              	.LASF60:
 1492 099e 666C6173 		.ascii	"flashWriteDelay\000"
 1492      68577269 
 1492      74654465 
 1492      6C617900 
 1493              	.LASF131:
 1494 09ae 43595F42 		.ascii	"CY_BLE_ADV_STATE_STOPPED\000"
 1494      4C455F41 
 1494      44565F53 
 1494      54415445 
 1494      5F53544F 
 1495              	.LASF14:
ARM GAS  C:\Users\User\AppData\Local\Temp\ccvb2YpS.s 			page 35


 1496 09c7 75696E74 		.ascii	"uint8_t\000"
 1496      385F7400 
 1497              	.LASF133:
 1498 09cf 43595F42 		.ascii	"CY_BLE_ADV_STATE_ADVERTISING\000"
 1498      4C455F41 
 1498      44565F53 
 1498      54415445 
 1498      5F414456 
 1499              	.LASF86:
 1500 09ec 6770696F 		.ascii	"gpioPrtIntrCfgOffset\000"
 1500      50727449 
 1500      6E747243 
 1500      66674F66 
 1500      66736574 
 1501              	.LASF118:
 1502 0a01 72785269 		.ascii	"rxRingBufTail\000"
 1502      6E674275 
 1502      66546169 
 1502      6C00
 1503              	.LASF97:
 1504 0a0f 63707573 		.ascii	"cpussTrimRomCtlOffset\000"
 1504      73547269 
 1504      6D526F6D 
 1504      43746C4F 
 1504      66667365 
 1505              	.LASF128:
 1506 0a25 62644861 		.ascii	"bdHandle\000"
 1506      6E646C65 
 1506      00
 1507              	.LASF113:
 1508 0a2e 74785374 		.ascii	"txStatus\000"
 1508      61747573 
 1508      00
 1509              	.LASF33:
 1510 0a37 64775665 		.ascii	"dwVersion\000"
 1510      7273696F 
 1510      6E00
 1511              	.LASF29:
 1512 0a41 69706342 		.ascii	"ipcBase\000"
 1512      61736500 
 1513              	.LASF80:
 1514 0a49 70657269 		.ascii	"periDivCmdPaDivSelPos\000"
 1514      44697643 
 1514      6D645061 
 1514      44697653 
 1514      656C506F 
 1515              	.LASF155:
 1516 0a5f 63795F73 		.ascii	"cy_stc_scb_uart_context\000"
 1516      74635F73 
 1516      63625F75 
 1516      6172745F 
 1516      636F6E74 
 1517              	.LASF137:
 1518 0a77 43595F42 		.ascii	"CY_BLE_CONN_STATE_CLIENT_DISCONNECTED_DISCOVERED\000"
 1518      4C455F43 
 1518      4F4E4E5F 
 1518      53544154 
ARM GAS  C:\Users\User\AppData\Local\Temp\ccvb2YpS.s 			page 36


 1518      455F434C 
 1519              	.LASF31:
 1520 0aa8 63707573 		.ascii	"cpussVersion\000"
 1520      73566572 
 1520      73696F6E 
 1520      00
 1521              	.LASF58:
 1522 0ab5 666C6173 		.ascii	"flashRwwRequired\000"
 1522      68527777 
 1522      52657175 
 1522      69726564 
 1522      00
 1523              		.ident	"GCC: (GNU Tools for ARM Embedded Processors) 5.4.1 20160609 (release) [ARM/embedded-5-bran
