ARM GAS  C:\Users\cring\AppData\Local\Temp\ccQniakY.s 			page 1


   1              		.syntax unified
   2              		.cpu cortex-m3
   3              		.fpu softvfp
   4              		.eabi_attribute 20, 1
   5              		.eabi_attribute 21, 1
   6              		.eabi_attribute 23, 3
   7              		.eabi_attribute 24, 1
   8              		.eabi_attribute 25, 1
   9              		.eabi_attribute 26, 1
  10              		.eabi_attribute 30, 6
  11              		.eabi_attribute 34, 1
  12              		.eabi_attribute 18, 4
  13              		.thumb
  14              		.syntax unified
  15              		.file	"ADCserial.c"
  16              		.text
  17              	.Ltext0:
  18              		.cfi_sections	.debug_frame
  19              		.comm	DataRX,1,1
  20              		.global	gain_
  21              		.data
  22              		.align	2
  23              		.type	gain_, %object
  24              		.size	gain_, 4
  25              	gain_:
  26 0000 19000000 		.word	25
  27              		.global	counter
  28              		.bss
  29              		.align	2
  30              		.type	counter, %object
  31              		.size	counter, 4
  32              	counter:
  33 0000 00000000 		.space	4
  34              		.global	Datain
  35              		.align	2
  36              		.type	Datain, %object
  37              		.size	Datain, 96
  38              	Datain:
  39 0004 00000000 		.space	96
  39      00000000 
  39      00000000 
  39      00000000 
  39      00000000 
  40              		.global	Dataindex
  41              		.align	2
  42              		.type	Dataindex, %object
  43              		.size	Dataindex, 4
  44              	Dataindex:
  45 0064 00000000 		.space	4
  46              		.section	.text.inv_pin,"ax",%progbits
  47              		.align	2
  48              		.global	inv_pin
  49              		.thumb
  50              		.thumb_func
  51              		.type	inv_pin, %function
  52              	inv_pin:
  53              	.LFB64:
ARM GAS  C:\Users\cring\AppData\Local\Temp\ccQniakY.s 			page 2


  54              		.file 1 "ADCserial.c"
   1:ADCserial.c   **** /* ========================================
   2:ADCserial.c   ****  *
   3:ADCserial.c   ****  * Copyright YOUR COMPANY, THE YEAR
   4:ADCserial.c   ****  * All Rights Reserved
   5:ADCserial.c   ****  * UNPUBLISHED, LICENSED SOFTWARE.
   6:ADCserial.c   ****  *
   7:ADCserial.c   ****  * CONFIDENTIAL AND PROPRIETARY INFORMATION
   8:ADCserial.c   ****  * WHICH IS THE PROPERTY OF your company.
   9:ADCserial.c   ****  *
  10:ADCserial.c   ****  * ========================================
  11:ADCserial.c   **** */
  12:ADCserial.c   **** 
  13:ADCserial.c   **** /* [] END OF FILE */
  14:ADCserial.c   **** #include "ADCserial.h"
  15:ADCserial.c   **** #include "stdio.h"
  16:ADCserial.c   **** 
  17:ADCserial.c   **** #define SIZE 24
  18:ADCserial.c   **** 
  19:ADCserial.c   **** typedef enum
  20:ADCserial.c   **** {
  21:ADCserial.c   ****     Sending_DATA,
  22:ADCserial.c   ****     Done,
  23:ADCserial.c   **** }state;
  24:ADCserial.c   **** 
  25:ADCserial.c   **** state DataRX;
  26:ADCserial.c   **** 
  27:ADCserial.c   **** int gain_ = 25;
  28:ADCserial.c   **** int counter = 0;
  29:ADCserial.c   **** 
  30:ADCserial.c   **** signed int Datain[SIZE] = {0};
  31:ADCserial.c   **** int Dataindex = 0;
  32:ADCserial.c   **** 
  33:ADCserial.c   **** void inv_pin()
  34:ADCserial.c   **** {
  55              		.loc 1 34 0
  56              		.cfi_startproc
  57              		@ args = 0, pretend = 0, frame = 0
  58              		@ frame_needed = 1, uses_anonymous_args = 0
  59 0000 80B5     		push	{r7, lr}
  60              		.cfi_def_cfa_offset 8
  61              		.cfi_offset 7, -8
  62              		.cfi_offset 14, -4
  63 0002 00AF     		add	r7, sp, #0
  64              		.cfi_def_cfa_register 7
  35:ADCserial.c   ****     if (Pin_SCK_Read())
  65              		.loc 1 35 0
  66 0004 FFF7FEFF 		bl	Pin_SCK_Read
  67 0008 0346     		mov	r3, r0
  68 000a 002B     		cmp	r3, #0
  69 000c 03D0     		beq	.L2
  36:ADCserial.c   ****     {
  37:ADCserial.c   ****         Pin_SCK_Write(0);
  70              		.loc 1 37 0
  71 000e 0020     		movs	r0, #0
  72 0010 FFF7FEFF 		bl	Pin_SCK_Write
  38:ADCserial.c   ****     }else{
ARM GAS  C:\Users\cring\AppData\Local\Temp\ccQniakY.s 			page 3


  39:ADCserial.c   ****         Pin_SCK_Write(1);
  40:ADCserial.c   ****     }
  41:ADCserial.c   **** }
  73              		.loc 1 41 0
  74 0014 02E0     		b	.L4
  75              	.L2:
  39:ADCserial.c   ****     }
  76              		.loc 1 39 0
  77 0016 0120     		movs	r0, #1
  78 0018 FFF7FEFF 		bl	Pin_SCK_Write
  79              	.L4:
  80              		.loc 1 41 0
  81 001c 00BF     		nop
  82 001e 80BD     		pop	{r7, pc}
  83              		.cfi_endproc
  84              	.LFE64:
  85              		.size	inv_pin, .-inv_pin
  86              		.section	.text.isr_timer_handler,"ax",%progbits
  87              		.align	2
  88              		.global	isr_timer_handler
  89              		.thumb
  90              		.thumb_func
  91              		.type	isr_timer_handler, %function
  92              	isr_timer_handler:
  93              	.LFB65:
  42:ADCserial.c   **** 
  43:ADCserial.c   **** CY_ISR(isr_timer_handler)
  44:ADCserial.c   **** {
  94              		.loc 1 44 0
  95              		.cfi_startproc
  96              		@ args = 0, pretend = 0, frame = 0
  97              		@ frame_needed = 1, uses_anonymous_args = 0
  98 0000 98B5     		push	{r3, r4, r7, lr}
  99              		.cfi_def_cfa_offset 16
 100              		.cfi_offset 3, -16
 101              		.cfi_offset 4, -12
 102              		.cfi_offset 7, -8
 103              		.cfi_offset 14, -4
 104 0002 00AF     		add	r7, sp, #0
 105              		.cfi_def_cfa_register 7
  45:ADCserial.c   ****     Timer_1_Stop();
 106              		.loc 1 45 0
 107 0004 FFF7FEFF 		bl	Timer_1_Stop
  46:ADCserial.c   ****     
  47:ADCserial.c   ****     if (counter == (gain_*2))
 108              		.loc 1 47 0
 109 0008 194B     		ldr	r3, .L9
 110 000a 1B68     		ldr	r3, [r3]
 111 000c 5A00     		lsls	r2, r3, #1
 112 000e 194B     		ldr	r3, .L9+4
 113 0010 1B68     		ldr	r3, [r3]
 114 0012 9A42     		cmp	r2, r3
 115 0014 0BD1     		bne	.L6
  48:ADCserial.c   ****     {
  49:ADCserial.c   ****         Timer_1_Stop();
 116              		.loc 1 49 0
 117 0016 FFF7FEFF 		bl	Timer_1_Stop
ARM GAS  C:\Users\cring\AppData\Local\Temp\ccQniakY.s 			page 4


  50:ADCserial.c   ****         Pin_DIN_Write(1);
 118              		.loc 1 50 0
 119 001a 0120     		movs	r0, #1
 120 001c FFF7FEFF 		bl	Pin_DIN_Write
  51:ADCserial.c   ****         DataRX = Done;
 121              		.loc 1 51 0
 122 0020 154B     		ldr	r3, .L9+8
 123 0022 0122     		movs	r2, #1
 124 0024 1A70     		strb	r2, [r3]
  52:ADCserial.c   ****         Pin_SCK_Write(0);
 125              		.loc 1 52 0
 126 0026 0020     		movs	r0, #0
 127 0028 FFF7FEFF 		bl	Pin_SCK_Write
  53:ADCserial.c   ****         return;
 128              		.loc 1 53 0
 129 002c 1FE0     		b	.L5
 130              	.L6:
  54:ADCserial.c   ****     }
  55:ADCserial.c   **** 
  56:ADCserial.c   ****     
  57:ADCserial.c   ****     inv_pin();
 131              		.loc 1 57 0
 132 002e FFF7FEFF 		bl	inv_pin
  58:ADCserial.c   ****     if ((!Pin_SCK_Read()) && (counter < (SIZE*2)))
 133              		.loc 1 58 0
 134 0032 FFF7FEFF 		bl	Pin_SCK_Read
 135 0036 0346     		mov	r3, r0
 136 0038 002B     		cmp	r3, #0
 137 003a 11D1     		bne	.L8
 138              		.loc 1 58 0 is_stmt 0 discriminator 1
 139 003c 0D4B     		ldr	r3, .L9+4
 140 003e 1B68     		ldr	r3, [r3]
 141 0040 2F2B     		cmp	r3, #47
 142 0042 0DDC     		bgt	.L8
  59:ADCserial.c   ****     {
  60:ADCserial.c   ****         Datain[Dataindex] = Pin_DIN_Read();
 143              		.loc 1 60 0 is_stmt 1
 144 0044 0D4B     		ldr	r3, .L9+12
 145 0046 1C68     		ldr	r4, [r3]
 146 0048 FFF7FEFF 		bl	Pin_DIN_Read
 147 004c 0346     		mov	r3, r0
 148 004e 1A46     		mov	r2, r3
 149 0050 0B4B     		ldr	r3, .L9+16
 150 0052 43F82420 		str	r2, [r3, r4, lsl #2]
  61:ADCserial.c   ****         Dataindex++;
 151              		.loc 1 61 0
 152 0056 094B     		ldr	r3, .L9+12
 153 0058 1B68     		ldr	r3, [r3]
 154 005a 0133     		adds	r3, r3, #1
 155 005c 074A     		ldr	r2, .L9+12
 156 005e 1360     		str	r3, [r2]
 157              	.L8:
  62:ADCserial.c   ****     }
  63:ADCserial.c   ****     
  64:ADCserial.c   ****     
  65:ADCserial.c   ****     counter++;
 158              		.loc 1 65 0
ARM GAS  C:\Users\cring\AppData\Local\Temp\ccQniakY.s 			page 5


 159 0060 044B     		ldr	r3, .L9+4
 160 0062 1B68     		ldr	r3, [r3]
 161 0064 0133     		adds	r3, r3, #1
 162 0066 034A     		ldr	r2, .L9+4
 163 0068 1360     		str	r3, [r2]
  66:ADCserial.c   ****     Timer_1_Start();
 164              		.loc 1 66 0
 165 006a FFF7FEFF 		bl	Timer_1_Start
 166              	.L5:
  67:ADCserial.c   **** }
 167              		.loc 1 67 0
 168 006e 98BD     		pop	{r3, r4, r7, pc}
 169              	.L10:
 170              		.align	2
 171              	.L9:
 172 0070 00000000 		.word	gain_
 173 0074 00000000 		.word	counter
 174 0078 00000000 		.word	DataRX
 175 007c 00000000 		.word	Dataindex
 176 0080 00000000 		.word	Datain
 177              		.cfi_endproc
 178              	.LFE65:
 179              		.size	isr_timer_handler, .-isr_timer_handler
 180              		.section	.text.send,"ax",%progbits
 181              		.align	2
 182              		.global	send
 183              		.thumb
 184              		.thumb_func
 185              		.type	send, %function
 186              	send:
 187              	.LFB66:
  68:ADCserial.c   **** 
  69:ADCserial.c   **** int* send(int gain, uint period_ns)
  70:ADCserial.c   **** {
 188              		.loc 1 70 0
 189              		.cfi_startproc
 190              		@ args = 0, pretend = 0, frame = 8
 191              		@ frame_needed = 1, uses_anonymous_args = 0
 192 0000 80B5     		push	{r7, lr}
 193              		.cfi_def_cfa_offset 8
 194              		.cfi_offset 7, -8
 195              		.cfi_offset 14, -4
 196 0002 82B0     		sub	sp, sp, #8
 197              		.cfi_def_cfa_offset 16
 198 0004 00AF     		add	r7, sp, #0
 199              		.cfi_def_cfa_register 7
 200 0006 7860     		str	r0, [r7, #4]
 201 0008 3960     		str	r1, [r7]
  71:ADCserial.c   ****     Timer_1_WritePeriod((int)(period_ns/1000)*12);
 202              		.loc 1 71 0
 203 000a 3B68     		ldr	r3, [r7]
 204 000c 214A     		ldr	r2, .L19
 205 000e A2FB0323 		umull	r2, r3, r2, r3
 206 0012 9B09     		lsrs	r3, r3, #6
 207 0014 DBB2     		uxtb	r3, r3
 208 0016 1A46     		mov	r2, r3
 209 0018 5200     		lsls	r2, r2, #1
ARM GAS  C:\Users\cring\AppData\Local\Temp\ccQniakY.s 			page 6


 210 001a 1344     		add	r3, r3, r2
 211 001c 9B00     		lsls	r3, r3, #2
 212 001e DBB2     		uxtb	r3, r3
 213 0020 1846     		mov	r0, r3
 214 0022 FFF7FEFF 		bl	Timer_1_WritePeriod
  72:ADCserial.c   ****     if (gain == 128)
 215              		.loc 1 72 0
 216 0026 7B68     		ldr	r3, [r7, #4]
 217 0028 802B     		cmp	r3, #128
 218 002a 03D1     		bne	.L12
  73:ADCserial.c   ****     {
  74:ADCserial.c   ****         gain_ = 25*2;
 219              		.loc 1 74 0
 220 002c 1A4B     		ldr	r3, .L19+4
 221 002e 3222     		movs	r2, #50
 222 0030 1A60     		str	r2, [r3]
 223 0032 0CE0     		b	.L18
 224              	.L12:
  75:ADCserial.c   ****         
  76:ADCserial.c   ****     }else if( gain == 64)
 225              		.loc 1 76 0
 226 0034 7B68     		ldr	r3, [r7, #4]
 227 0036 402B     		cmp	r3, #64
 228 0038 03D1     		bne	.L14
  77:ADCserial.c   ****     {
  78:ADCserial.c   ****         gain_ = 27*2;
 229              		.loc 1 78 0
 230 003a 174B     		ldr	r3, .L19+4
 231 003c 3622     		movs	r2, #54
 232 003e 1A60     		str	r2, [r3]
 233 0040 05E0     		b	.L18
 234              	.L14:
  79:ADCserial.c   ****     }else if( gain == 32)
 235              		.loc 1 79 0
 236 0042 7B68     		ldr	r3, [r7, #4]
 237 0044 202B     		cmp	r3, #32
 238 0046 02D1     		bne	.L18
  80:ADCserial.c   ****     {
  81:ADCserial.c   ****         gain_ = 26*2;
 239              		.loc 1 81 0
 240 0048 134B     		ldr	r3, .L19+4
 241 004a 3422     		movs	r2, #52
 242 004c 1A60     		str	r2, [r3]
 243              	.L18:
  82:ADCserial.c   ****     }
  83:ADCserial.c   ****     
  84:ADCserial.c   ****     while(Pin_DIN_Read());
 244              		.loc 1 84 0
 245 004e 00BF     		nop
 246              	.L15:
 247              		.loc 1 84 0 is_stmt 0 discriminator 1
 248 0050 FFF7FEFF 		bl	Pin_DIN_Read
 249 0054 0346     		mov	r3, r0
 250 0056 002B     		cmp	r3, #0
 251 0058 FAD1     		bne	.L15
  85:ADCserial.c   ****     DataRX = Sending_DATA;
 252              		.loc 1 85 0 is_stmt 1
ARM GAS  C:\Users\cring\AppData\Local\Temp\ccQniakY.s 			page 7


 253 005a 104B     		ldr	r3, .L19+8
 254 005c 0022     		movs	r2, #0
 255 005e 1A70     		strb	r2, [r3]
  86:ADCserial.c   ****     
  87:ADCserial.c   ****     Dataindex = 0;
 256              		.loc 1 87 0
 257 0060 0F4B     		ldr	r3, .L19+12
 258 0062 0022     		movs	r2, #0
 259 0064 1A60     		str	r2, [r3]
  88:ADCserial.c   ****     counter = 0;
 260              		.loc 1 88 0
 261 0066 0F4B     		ldr	r3, .L19+16
 262 0068 0022     		movs	r2, #0
 263 006a 1A60     		str	r2, [r3]
  89:ADCserial.c   ****     Pin_SCK_Write(0);
 264              		.loc 1 89 0
 265 006c 0020     		movs	r0, #0
 266 006e FFF7FEFF 		bl	Pin_SCK_Write
  90:ADCserial.c   ****     Timer_1_ClearFIFO();
 267              		.loc 1 90 0
 268 0072 FFF7FEFF 		bl	Timer_1_ClearFIFO
  91:ADCserial.c   ****     Timer_1_Start();
 269              		.loc 1 91 0
 270 0076 FFF7FEFF 		bl	Timer_1_Start
  92:ADCserial.c   ****     while(DataRX == Sending_DATA);
 271              		.loc 1 92 0
 272 007a 00BF     		nop
 273              	.L16:
 274              		.loc 1 92 0 is_stmt 0 discriminator 1
 275 007c 074B     		ldr	r3, .L19+8
 276 007e 1B78     		ldrb	r3, [r3]	@ zero_extendqisi2
 277 0080 002B     		cmp	r3, #0
 278 0082 FBD0     		beq	.L16
  93:ADCserial.c   ****     Pin_SCK_Write(0);
 279              		.loc 1 93 0 is_stmt 1
 280 0084 0020     		movs	r0, #0
 281 0086 FFF7FEFF 		bl	Pin_SCK_Write
  94:ADCserial.c   ****     
  95:ADCserial.c   ****     
  96:ADCserial.c   ****     return Datain;
 282              		.loc 1 96 0
 283 008a 074B     		ldr	r3, .L19+20
  97:ADCserial.c   **** }
 284              		.loc 1 97 0
 285 008c 1846     		mov	r0, r3
 286 008e 0837     		adds	r7, r7, #8
 287              		.cfi_def_cfa_offset 8
 288 0090 BD46     		mov	sp, r7
 289              		.cfi_def_cfa_register 13
 290              		@ sp needed
 291 0092 80BD     		pop	{r7, pc}
 292              	.L20:
 293              		.align	2
 294              	.L19:
 295 0094 D34D6210 		.word	274877907
 296 0098 00000000 		.word	gain_
 297 009c 00000000 		.word	DataRX
ARM GAS  C:\Users\cring\AppData\Local\Temp\ccQniakY.s 			page 8


 298 00a0 00000000 		.word	Dataindex
 299 00a4 00000000 		.word	counter
 300 00a8 00000000 		.word	Datain
 301              		.cfi_endproc
 302              	.LFE66:
 303              		.size	send, .-send
 304              		.section	.text.ADC_init,"ax",%progbits
 305              		.align	2
 306              		.global	ADC_init
 307              		.thumb
 308              		.thumb_func
 309              		.type	ADC_init, %function
 310              	ADC_init:
 311              	.LFB67:
  98:ADCserial.c   **** 
  99:ADCserial.c   **** void ADC_init()
 100:ADCserial.c   **** {
 312              		.loc 1 100 0
 313              		.cfi_startproc
 314              		@ args = 0, pretend = 0, frame = 0
 315              		@ frame_needed = 1, uses_anonymous_args = 0
 316 0000 80B5     		push	{r7, lr}
 317              		.cfi_def_cfa_offset 8
 318              		.cfi_offset 7, -8
 319              		.cfi_offset 14, -4
 320 0002 00AF     		add	r7, sp, #0
 321              		.cfi_def_cfa_register 7
 101:ADCserial.c   ****     Timer_1_Init();
 322              		.loc 1 101 0
 323 0004 FFF7FEFF 		bl	Timer_1_Init
 102:ADCserial.c   ****     isr_timer_StartEx(isr_timer_handler);
 324              		.loc 1 102 0
 325 0008 0648     		ldr	r0, .L22
 326 000a FFF7FEFF 		bl	isr_timer_StartEx
 103:ADCserial.c   ****     Pin_SCK_Write(0);
 327              		.loc 1 103 0
 328 000e 0020     		movs	r0, #0
 329 0010 FFF7FEFF 		bl	Pin_SCK_Write
 104:ADCserial.c   ****     
 105:ADCserial.c   ****     send(128, 1000);
 330              		.loc 1 105 0
 331 0014 4FF47A71 		mov	r1, #1000
 332 0018 8020     		movs	r0, #128
 333 001a FFF7FEFF 		bl	send
 106:ADCserial.c   **** }
 334              		.loc 1 106 0
 335 001e 00BF     		nop
 336 0020 80BD     		pop	{r7, pc}
 337              	.L23:
 338 0022 00BF     		.align	2
 339              	.L22:
 340 0024 00000000 		.word	isr_timer_handler
 341              		.cfi_endproc
 342              	.LFE67:
 343              		.size	ADC_init, .-ADC_init
 344              		.section	.text.ADC_read,"ax",%progbits
 345              		.align	2
ARM GAS  C:\Users\cring\AppData\Local\Temp\ccQniakY.s 			page 9


 346              		.global	ADC_read
 347              		.thumb
 348              		.thumb_func
 349              		.type	ADC_read, %function
 350              	ADC_read:
 351              	.LFB68:
 107:ADCserial.c   **** 
 108:ADCserial.c   **** signed int ADC_read()
 109:ADCserial.c   **** {
 352              		.loc 1 109 0
 353              		.cfi_startproc
 354              		@ args = 0, pretend = 0, frame = 16
 355              		@ frame_needed = 1, uses_anonymous_args = 0
 356 0000 80B5     		push	{r7, lr}
 357              		.cfi_def_cfa_offset 8
 358              		.cfi_offset 7, -8
 359              		.cfi_offset 14, -4
 360 0002 84B0     		sub	sp, sp, #16
 361              		.cfi_def_cfa_offset 24
 362 0004 00AF     		add	r7, sp, #0
 363              		.cfi_def_cfa_register 7
 110:ADCserial.c   ****     int* Data = send(128, 1000);
 364              		.loc 1 110 0
 365 0006 4FF47A71 		mov	r1, #1000
 366 000a 8020     		movs	r0, #128
 367 000c FFF7FEFF 		bl	send
 368 0010 7860     		str	r0, [r7, #4]
 111:ADCserial.c   ****     int x = 0;
 369              		.loc 1 111 0
 370 0012 0023     		movs	r3, #0
 371 0014 FB60     		str	r3, [r7, #12]
 372              	.LBB2:
 112:ADCserial.c   ****     for(unsigned int i = 1; i <= SIZE; i++)
 373              		.loc 1 112 0
 374 0016 0123     		movs	r3, #1
 375 0018 BB60     		str	r3, [r7, #8]
 376 001a 12E0     		b	.L25
 377              	.L26:
 113:ADCserial.c   ****     {
 114:ADCserial.c   ****         x += Data[SIZE - i]<< (i-1);
 378              		.loc 1 114 0 discriminator 3
 379 001c BA68     		ldr	r2, [r7, #8]
 380 001e 1346     		mov	r3, r2
 381 0020 9B07     		lsls	r3, r3, #30
 382 0022 9B1A     		subs	r3, r3, r2
 383 0024 9B00     		lsls	r3, r3, #2
 384 0026 6033     		adds	r3, r3, #96
 385 0028 7A68     		ldr	r2, [r7, #4]
 386 002a 1344     		add	r3, r3, r2
 387 002c 1A68     		ldr	r2, [r3]
 388 002e BB68     		ldr	r3, [r7, #8]
 389 0030 013B     		subs	r3, r3, #1
 390 0032 02FA03F3 		lsl	r3, r2, r3
 391 0036 FA68     		ldr	r2, [r7, #12]
 392 0038 1344     		add	r3, r3, r2
 393 003a FB60     		str	r3, [r7, #12]
 112:ADCserial.c   ****     for(unsigned int i = 1; i <= SIZE; i++)
ARM GAS  C:\Users\cring\AppData\Local\Temp\ccQniakY.s 			page 10


 394              		.loc 1 112 0 discriminator 3
 395 003c BB68     		ldr	r3, [r7, #8]
 396 003e 0133     		adds	r3, r3, #1
 397 0040 BB60     		str	r3, [r7, #8]
 398              	.L25:
 112:ADCserial.c   ****     for(unsigned int i = 1; i <= SIZE; i++)
 399              		.loc 1 112 0 is_stmt 0 discriminator 1
 400 0042 BB68     		ldr	r3, [r7, #8]
 401 0044 182B     		cmp	r3, #24
 402 0046 E9D9     		bls	.L26
 403              	.LBE2:
 115:ADCserial.c   ****     }
 116:ADCserial.c   ****     
 117:ADCserial.c   ****     if (Datain[0])
 404              		.loc 1 117 0 is_stmt 1
 405 0048 064B     		ldr	r3, .L29
 406 004a 1B68     		ldr	r3, [r3]
 407 004c 002B     		cmp	r3, #0
 408 004e 03D0     		beq	.L27
 118:ADCserial.c   ****     {
 119:ADCserial.c   ****         x |= 0xFF<<24;
 409              		.loc 1 119 0
 410 0050 FB68     		ldr	r3, [r7, #12]
 411 0052 43F07F43 		orr	r3, r3, #-16777216
 412 0056 FB60     		str	r3, [r7, #12]
 413              	.L27:
 120:ADCserial.c   ****     }
 121:ADCserial.c   ****     
 122:ADCserial.c   ****     return x;
 414              		.loc 1 122 0
 415 0058 FB68     		ldr	r3, [r7, #12]
 123:ADCserial.c   **** }
 416              		.loc 1 123 0
 417 005a 1846     		mov	r0, r3
 418 005c 1037     		adds	r7, r7, #16
 419              		.cfi_def_cfa_offset 8
 420 005e BD46     		mov	sp, r7
 421              		.cfi_def_cfa_register 13
 422              		@ sp needed
 423 0060 80BD     		pop	{r7, pc}
 424              	.L30:
 425 0062 00BF     		.align	2
 426              	.L29:
 427 0064 00000000 		.word	Datain
 428              		.cfi_endproc
 429              	.LFE68:
 430              		.size	ADC_read, .-ADC_read
 431              		.text
 432              	.Letext0:
 433              		.file 2 "c:\\program files (x86)\\cypress\\psoc creator\\4.4\\psoc creator\\import\\gnu\\arm\\5.4.
 434              		.file 3 "c:\\program files (x86)\\cypress\\psoc creator\\4.4\\psoc creator\\import\\gnu\\arm\\5.4.
 435              		.file 4 "c:\\program files (x86)\\cypress\\psoc creator\\4.4\\psoc creator\\import\\gnu\\arm\\5.4.
 436              		.file 5 "Generated_Source\\PSoC5/core_cm3.h"
 437              		.section	.debug_info,"",%progbits
 438              	.Ldebug_info0:
 439 0000 FF010000 		.4byte	0x1ff
 440 0004 0400     		.2byte	0x4
ARM GAS  C:\Users\cring\AppData\Local\Temp\ccQniakY.s 			page 11


 441 0006 00000000 		.4byte	.Ldebug_abbrev0
 442 000a 04       		.byte	0x4
 443 000b 01       		.uleb128 0x1
 444 000c 48000000 		.4byte	.LASF31
 445 0010 0C       		.byte	0xc
 446 0011 B5010000 		.4byte	.LASF32
 447 0015 07000000 		.4byte	.LASF33
 448 0019 00000000 		.4byte	.Ldebug_ranges0+0
 449 001d 00000000 		.4byte	0
 450 0021 00000000 		.4byte	.Ldebug_line0
 451 0025 02       		.uleb128 0x2
 452 0026 01       		.byte	0x1
 453 0027 06       		.byte	0x6
 454 0028 1A020000 		.4byte	.LASF0
 455 002c 02       		.uleb128 0x2
 456 002d 01       		.byte	0x1
 457 002e 08       		.byte	0x8
 458 002f 06010000 		.4byte	.LASF1
 459 0033 02       		.uleb128 0x2
 460 0034 02       		.byte	0x2
 461 0035 05       		.byte	0x5
 462 0036 EB010000 		.4byte	.LASF2
 463 003a 02       		.uleb128 0x2
 464 003b 02       		.byte	0x2
 465 003c 07       		.byte	0x7
 466 003d 26010000 		.4byte	.LASF3
 467 0041 03       		.uleb128 0x3
 468 0042 DC000000 		.4byte	.LASF9
 469 0046 02       		.byte	0x2
 470 0047 3F       		.byte	0x3f
 471 0048 4C000000 		.4byte	0x4c
 472 004c 02       		.uleb128 0x2
 473 004d 04       		.byte	0x4
 474 004e 05       		.byte	0x5
 475 004f F5010000 		.4byte	.LASF4
 476 0053 02       		.uleb128 0x2
 477 0054 04       		.byte	0x4
 478 0055 07       		.byte	0x7
 479 0056 14010000 		.4byte	.LASF5
 480 005a 02       		.uleb128 0x2
 481 005b 08       		.byte	0x8
 482 005c 05       		.byte	0x5
 483 005d D2010000 		.4byte	.LASF6
 484 0061 02       		.uleb128 0x2
 485 0062 08       		.byte	0x8
 486 0063 07       		.byte	0x7
 487 0064 91010000 		.4byte	.LASF7
 488 0068 04       		.uleb128 0x4
 489 0069 04       		.byte	0x4
 490 006a 05       		.byte	0x5
 491 006b 696E7400 		.ascii	"int\000"
 492 006f 02       		.uleb128 0x2
 493 0070 04       		.byte	0x4
 494 0071 07       		.byte	0x7
 495 0072 7F010000 		.4byte	.LASF8
 496 0076 03       		.uleb128 0x3
 497 0077 C1010000 		.4byte	.LASF10
ARM GAS  C:\Users\cring\AppData\Local\Temp\ccQniakY.s 			page 12


 498 007b 03       		.byte	0x3
 499 007c 2C       		.byte	0x2c
 500 007d 41000000 		.4byte	0x41
 501 0081 02       		.uleb128 0x2
 502 0082 04       		.byte	0x4
 503 0083 04       		.byte	0x4
 504 0084 F8000000 		.4byte	.LASF11
 505 0088 02       		.uleb128 0x2
 506 0089 08       		.byte	0x8
 507 008a 04       		.byte	0x4
 508 008b 26020000 		.4byte	.LASF12
 509 008f 02       		.uleb128 0x2
 510 0090 01       		.byte	0x1
 511 0091 08       		.byte	0x8
 512 0092 E0010000 		.4byte	.LASF13
 513 0096 02       		.uleb128 0x2
 514 0097 08       		.byte	0x8
 515 0098 04       		.byte	0x4
 516 0099 05020000 		.4byte	.LASF14
 517 009d 02       		.uleb128 0x2
 518 009e 04       		.byte	0x4
 519 009f 07       		.byte	0x7
 520 00a0 C9010000 		.4byte	.LASF15
 521 00a4 03       		.uleb128 0x3
 522 00a5 70010000 		.4byte	.LASF16
 523 00a9 04       		.byte	0x4
 524 00aa 6C       		.byte	0x6c
 525 00ab 6F000000 		.4byte	0x6f
 526 00af 05       		.uleb128 0x5
 527 00b0 01       		.byte	0x1
 528 00b1 2C000000 		.4byte	0x2c
 529 00b5 01       		.byte	0x1
 530 00b6 14       		.byte	0x14
 531 00b7 C8000000 		.4byte	0xc8
 532 00bb 06       		.uleb128 0x6
 533 00bc A8010000 		.4byte	.LASF17
 534 00c0 00       		.byte	0
 535 00c1 06       		.uleb128 0x6
 536 00c2 E6000000 		.4byte	.LASF18
 537 00c6 01       		.byte	0x1
 538 00c7 00       		.byte	0
 539 00c8 03       		.uleb128 0x3
 540 00c9 D6000000 		.4byte	.LASF19
 541 00cd 01       		.byte	0x1
 542 00ce 17       		.byte	0x17
 543 00cf AF000000 		.4byte	0xaf
 544 00d3 07       		.uleb128 0x7
 545 00d4 F0000000 		.4byte	.LASF22
 546 00d8 01       		.byte	0x1
 547 00d9 21       		.byte	0x21
 548 00da 00000000 		.4byte	.LFB64
 549 00de 20000000 		.4byte	.LFE64-.LFB64
 550 00e2 01       		.uleb128 0x1
 551 00e3 9C       		.byte	0x9c
 552 00e4 08       		.uleb128 0x8
 553 00e5 39010000 		.4byte	.LASF34
 554 00e9 01       		.byte	0x1
ARM GAS  C:\Users\cring\AppData\Local\Temp\ccQniakY.s 			page 13


 555 00ea 2B       		.byte	0x2b
 556 00eb 00000000 		.4byte	.LFB65
 557 00ef 84000000 		.4byte	.LFE65-.LFB65
 558 00f3 01       		.uleb128 0x1
 559 00f4 9C       		.byte	0x9c
 560 00f5 09       		.uleb128 0x9
 561 00f6 8C010000 		.4byte	.LASF35
 562 00fa 01       		.byte	0x1
 563 00fb 45       		.byte	0x45
 564 00fc 2B010000 		.4byte	0x12b
 565 0100 00000000 		.4byte	.LFB66
 566 0104 AC000000 		.4byte	.LFE66-.LFB66
 567 0108 01       		.uleb128 0x1
 568 0109 9C       		.byte	0x9c
 569 010a 2B010000 		.4byte	0x12b
 570 010e 0A       		.uleb128 0xa
 571 010f EB000000 		.4byte	.LASF20
 572 0113 01       		.byte	0x1
 573 0114 45       		.byte	0x45
 574 0115 68000000 		.4byte	0x68
 575 0119 02       		.uleb128 0x2
 576 011a 91       		.byte	0x91
 577 011b 74       		.sleb128 -12
 578 011c 0A       		.uleb128 0xa
 579 011d 4B010000 		.4byte	.LASF21
 580 0121 01       		.byte	0x1
 581 0122 45       		.byte	0x45
 582 0123 A4000000 		.4byte	0xa4
 583 0127 02       		.uleb128 0x2
 584 0128 91       		.byte	0x91
 585 0129 70       		.sleb128 -16
 586 012a 00       		.byte	0
 587 012b 0B       		.uleb128 0xb
 588 012c 04       		.byte	0x4
 589 012d 68000000 		.4byte	0x68
 590 0131 07       		.uleb128 0x7
 591 0132 62010000 		.4byte	.LASF23
 592 0136 01       		.byte	0x1
 593 0137 63       		.byte	0x63
 594 0138 00000000 		.4byte	.LFB67
 595 013c 28000000 		.4byte	.LFE67-.LFB67
 596 0140 01       		.uleb128 0x1
 597 0141 9C       		.byte	0x9c
 598 0142 0C       		.uleb128 0xc
 599 0143 11020000 		.4byte	.LASF36
 600 0147 01       		.byte	0x1
 601 0148 6C       		.byte	0x6c
 602 0149 68000000 		.4byte	0x68
 603 014d 00000000 		.4byte	.LFB68
 604 0151 68000000 		.4byte	.LFE68-.LFB68
 605 0155 01       		.uleb128 0x1
 606 0156 9C       		.byte	0x9c
 607 0157 8C010000 		.4byte	0x18c
 608 015b 0D       		.uleb128 0xd
 609 015c 6B010000 		.4byte	.LASF24
 610 0160 01       		.byte	0x1
 611 0161 6E       		.byte	0x6e
ARM GAS  C:\Users\cring\AppData\Local\Temp\ccQniakY.s 			page 14


 612 0162 2B010000 		.4byte	0x12b
 613 0166 02       		.uleb128 0x2
 614 0167 91       		.byte	0x91
 615 0168 6C       		.sleb128 -20
 616 0169 0E       		.uleb128 0xe
 617 016a 7800     		.ascii	"x\000"
 618 016c 01       		.byte	0x1
 619 016d 6F       		.byte	0x6f
 620 016e 68000000 		.4byte	0x68
 621 0172 02       		.uleb128 0x2
 622 0173 91       		.byte	0x91
 623 0174 74       		.sleb128 -12
 624 0175 0F       		.uleb128 0xf
 625 0176 16000000 		.4byte	.LBB2
 626 017a 32000000 		.4byte	.LBE2-.LBB2
 627 017e 0E       		.uleb128 0xe
 628 017f 6900     		.ascii	"i\000"
 629 0181 01       		.byte	0x1
 630 0182 70       		.byte	0x70
 631 0183 6F000000 		.4byte	0x6f
 632 0187 02       		.uleb128 0x2
 633 0188 91       		.byte	0x91
 634 0189 70       		.sleb128 -16
 635 018a 00       		.byte	0
 636 018b 00       		.byte	0
 637 018c 10       		.uleb128 0x10
 638 018d 55010000 		.4byte	.LASF25
 639 0191 05       		.byte	0x5
 640 0192 1207     		.2byte	0x712
 641 0194 98010000 		.4byte	0x198
 642 0198 11       		.uleb128 0x11
 643 0199 76000000 		.4byte	0x76
 644 019d 12       		.uleb128 0x12
 645 019e 00000000 		.4byte	.LASF26
 646 01a2 01       		.byte	0x1
 647 01a3 19       		.byte	0x19
 648 01a4 C8000000 		.4byte	0xc8
 649 01a8 05       		.uleb128 0x5
 650 01a9 03       		.byte	0x3
 651 01aa 00000000 		.4byte	DataRX
 652 01ae 12       		.uleb128 0x12
 653 01af E5010000 		.4byte	.LASF27
 654 01b3 01       		.byte	0x1
 655 01b4 1B       		.byte	0x1b
 656 01b5 68000000 		.4byte	0x68
 657 01b9 05       		.uleb128 0x5
 658 01ba 03       		.byte	0x3
 659 01bb 00000000 		.4byte	gain_
 660 01bf 12       		.uleb128 0x12
 661 01c0 FE000000 		.4byte	.LASF28
 662 01c4 01       		.byte	0x1
 663 01c5 1C       		.byte	0x1c
 664 01c6 68000000 		.4byte	0x68
 665 01ca 05       		.uleb128 0x5
 666 01cb 03       		.byte	0x3
 667 01cc 00000000 		.4byte	counter
 668 01d0 13       		.uleb128 0x13
ARM GAS  C:\Users\cring\AppData\Local\Temp\ccQniakY.s 			page 15


 669 01d1 68000000 		.4byte	0x68
 670 01d5 E0010000 		.4byte	0x1e0
 671 01d9 14       		.uleb128 0x14
 672 01da 9D000000 		.4byte	0x9d
 673 01de 17       		.byte	0x17
 674 01df 00       		.byte	0
 675 01e0 12       		.uleb128 0x12
 676 01e1 FE010000 		.4byte	.LASF29
 677 01e5 01       		.byte	0x1
 678 01e6 1E       		.byte	0x1e
 679 01e7 D0010000 		.4byte	0x1d0
 680 01eb 05       		.uleb128 0x5
 681 01ec 03       		.byte	0x3
 682 01ed 00000000 		.4byte	Datain
 683 01f1 12       		.uleb128 0x12
 684 01f2 75010000 		.4byte	.LASF30
 685 01f6 01       		.byte	0x1
 686 01f7 1F       		.byte	0x1f
 687 01f8 68000000 		.4byte	0x68
 688 01fc 05       		.uleb128 0x5
 689 01fd 03       		.byte	0x3
 690 01fe 00000000 		.4byte	Dataindex
 691 0202 00       		.byte	0
 692              		.section	.debug_abbrev,"",%progbits
 693              	.Ldebug_abbrev0:
 694 0000 01       		.uleb128 0x1
 695 0001 11       		.uleb128 0x11
 696 0002 01       		.byte	0x1
 697 0003 25       		.uleb128 0x25
 698 0004 0E       		.uleb128 0xe
 699 0005 13       		.uleb128 0x13
 700 0006 0B       		.uleb128 0xb
 701 0007 03       		.uleb128 0x3
 702 0008 0E       		.uleb128 0xe
 703 0009 1B       		.uleb128 0x1b
 704 000a 0E       		.uleb128 0xe
 705 000b 55       		.uleb128 0x55
 706 000c 17       		.uleb128 0x17
 707 000d 11       		.uleb128 0x11
 708 000e 01       		.uleb128 0x1
 709 000f 10       		.uleb128 0x10
 710 0010 17       		.uleb128 0x17
 711 0011 00       		.byte	0
 712 0012 00       		.byte	0
 713 0013 02       		.uleb128 0x2
 714 0014 24       		.uleb128 0x24
 715 0015 00       		.byte	0
 716 0016 0B       		.uleb128 0xb
 717 0017 0B       		.uleb128 0xb
 718 0018 3E       		.uleb128 0x3e
 719 0019 0B       		.uleb128 0xb
 720 001a 03       		.uleb128 0x3
 721 001b 0E       		.uleb128 0xe
 722 001c 00       		.byte	0
 723 001d 00       		.byte	0
 724 001e 03       		.uleb128 0x3
 725 001f 16       		.uleb128 0x16
ARM GAS  C:\Users\cring\AppData\Local\Temp\ccQniakY.s 			page 16


 726 0020 00       		.byte	0
 727 0021 03       		.uleb128 0x3
 728 0022 0E       		.uleb128 0xe
 729 0023 3A       		.uleb128 0x3a
 730 0024 0B       		.uleb128 0xb
 731 0025 3B       		.uleb128 0x3b
 732 0026 0B       		.uleb128 0xb
 733 0027 49       		.uleb128 0x49
 734 0028 13       		.uleb128 0x13
 735 0029 00       		.byte	0
 736 002a 00       		.byte	0
 737 002b 04       		.uleb128 0x4
 738 002c 24       		.uleb128 0x24
 739 002d 00       		.byte	0
 740 002e 0B       		.uleb128 0xb
 741 002f 0B       		.uleb128 0xb
 742 0030 3E       		.uleb128 0x3e
 743 0031 0B       		.uleb128 0xb
 744 0032 03       		.uleb128 0x3
 745 0033 08       		.uleb128 0x8
 746 0034 00       		.byte	0
 747 0035 00       		.byte	0
 748 0036 05       		.uleb128 0x5
 749 0037 04       		.uleb128 0x4
 750 0038 01       		.byte	0x1
 751 0039 0B       		.uleb128 0xb
 752 003a 0B       		.uleb128 0xb
 753 003b 49       		.uleb128 0x49
 754 003c 13       		.uleb128 0x13
 755 003d 3A       		.uleb128 0x3a
 756 003e 0B       		.uleb128 0xb
 757 003f 3B       		.uleb128 0x3b
 758 0040 0B       		.uleb128 0xb
 759 0041 01       		.uleb128 0x1
 760 0042 13       		.uleb128 0x13
 761 0043 00       		.byte	0
 762 0044 00       		.byte	0
 763 0045 06       		.uleb128 0x6
 764 0046 28       		.uleb128 0x28
 765 0047 00       		.byte	0
 766 0048 03       		.uleb128 0x3
 767 0049 0E       		.uleb128 0xe
 768 004a 1C       		.uleb128 0x1c
 769 004b 0B       		.uleb128 0xb
 770 004c 00       		.byte	0
 771 004d 00       		.byte	0
 772 004e 07       		.uleb128 0x7
 773 004f 2E       		.uleb128 0x2e
 774 0050 00       		.byte	0
 775 0051 3F       		.uleb128 0x3f
 776 0052 19       		.uleb128 0x19
 777 0053 03       		.uleb128 0x3
 778 0054 0E       		.uleb128 0xe
 779 0055 3A       		.uleb128 0x3a
 780 0056 0B       		.uleb128 0xb
 781 0057 3B       		.uleb128 0x3b
 782 0058 0B       		.uleb128 0xb
ARM GAS  C:\Users\cring\AppData\Local\Temp\ccQniakY.s 			page 17


 783 0059 11       		.uleb128 0x11
 784 005a 01       		.uleb128 0x1
 785 005b 12       		.uleb128 0x12
 786 005c 06       		.uleb128 0x6
 787 005d 40       		.uleb128 0x40
 788 005e 18       		.uleb128 0x18
 789 005f 9642     		.uleb128 0x2116
 790 0061 19       		.uleb128 0x19
 791 0062 00       		.byte	0
 792 0063 00       		.byte	0
 793 0064 08       		.uleb128 0x8
 794 0065 2E       		.uleb128 0x2e
 795 0066 00       		.byte	0
 796 0067 3F       		.uleb128 0x3f
 797 0068 19       		.uleb128 0x19
 798 0069 03       		.uleb128 0x3
 799 006a 0E       		.uleb128 0xe
 800 006b 3A       		.uleb128 0x3a
 801 006c 0B       		.uleb128 0xb
 802 006d 3B       		.uleb128 0x3b
 803 006e 0B       		.uleb128 0xb
 804 006f 27       		.uleb128 0x27
 805 0070 19       		.uleb128 0x19
 806 0071 11       		.uleb128 0x11
 807 0072 01       		.uleb128 0x1
 808 0073 12       		.uleb128 0x12
 809 0074 06       		.uleb128 0x6
 810 0075 40       		.uleb128 0x40
 811 0076 18       		.uleb128 0x18
 812 0077 9642     		.uleb128 0x2116
 813 0079 19       		.uleb128 0x19
 814 007a 00       		.byte	0
 815 007b 00       		.byte	0
 816 007c 09       		.uleb128 0x9
 817 007d 2E       		.uleb128 0x2e
 818 007e 01       		.byte	0x1
 819 007f 3F       		.uleb128 0x3f
 820 0080 19       		.uleb128 0x19
 821 0081 03       		.uleb128 0x3
 822 0082 0E       		.uleb128 0xe
 823 0083 3A       		.uleb128 0x3a
 824 0084 0B       		.uleb128 0xb
 825 0085 3B       		.uleb128 0x3b
 826 0086 0B       		.uleb128 0xb
 827 0087 27       		.uleb128 0x27
 828 0088 19       		.uleb128 0x19
 829 0089 49       		.uleb128 0x49
 830 008a 13       		.uleb128 0x13
 831 008b 11       		.uleb128 0x11
 832 008c 01       		.uleb128 0x1
 833 008d 12       		.uleb128 0x12
 834 008e 06       		.uleb128 0x6
 835 008f 40       		.uleb128 0x40
 836 0090 18       		.uleb128 0x18
 837 0091 9642     		.uleb128 0x2116
 838 0093 19       		.uleb128 0x19
 839 0094 01       		.uleb128 0x1
ARM GAS  C:\Users\cring\AppData\Local\Temp\ccQniakY.s 			page 18


 840 0095 13       		.uleb128 0x13
 841 0096 00       		.byte	0
 842 0097 00       		.byte	0
 843 0098 0A       		.uleb128 0xa
 844 0099 05       		.uleb128 0x5
 845 009a 00       		.byte	0
 846 009b 03       		.uleb128 0x3
 847 009c 0E       		.uleb128 0xe
 848 009d 3A       		.uleb128 0x3a
 849 009e 0B       		.uleb128 0xb
 850 009f 3B       		.uleb128 0x3b
 851 00a0 0B       		.uleb128 0xb
 852 00a1 49       		.uleb128 0x49
 853 00a2 13       		.uleb128 0x13
 854 00a3 02       		.uleb128 0x2
 855 00a4 18       		.uleb128 0x18
 856 00a5 00       		.byte	0
 857 00a6 00       		.byte	0
 858 00a7 0B       		.uleb128 0xb
 859 00a8 0F       		.uleb128 0xf
 860 00a9 00       		.byte	0
 861 00aa 0B       		.uleb128 0xb
 862 00ab 0B       		.uleb128 0xb
 863 00ac 49       		.uleb128 0x49
 864 00ad 13       		.uleb128 0x13
 865 00ae 00       		.byte	0
 866 00af 00       		.byte	0
 867 00b0 0C       		.uleb128 0xc
 868 00b1 2E       		.uleb128 0x2e
 869 00b2 01       		.byte	0x1
 870 00b3 3F       		.uleb128 0x3f
 871 00b4 19       		.uleb128 0x19
 872 00b5 03       		.uleb128 0x3
 873 00b6 0E       		.uleb128 0xe
 874 00b7 3A       		.uleb128 0x3a
 875 00b8 0B       		.uleb128 0xb
 876 00b9 3B       		.uleb128 0x3b
 877 00ba 0B       		.uleb128 0xb
 878 00bb 49       		.uleb128 0x49
 879 00bc 13       		.uleb128 0x13
 880 00bd 11       		.uleb128 0x11
 881 00be 01       		.uleb128 0x1
 882 00bf 12       		.uleb128 0x12
 883 00c0 06       		.uleb128 0x6
 884 00c1 40       		.uleb128 0x40
 885 00c2 18       		.uleb128 0x18
 886 00c3 9642     		.uleb128 0x2116
 887 00c5 19       		.uleb128 0x19
 888 00c6 01       		.uleb128 0x1
 889 00c7 13       		.uleb128 0x13
 890 00c8 00       		.byte	0
 891 00c9 00       		.byte	0
 892 00ca 0D       		.uleb128 0xd
 893 00cb 34       		.uleb128 0x34
 894 00cc 00       		.byte	0
 895 00cd 03       		.uleb128 0x3
 896 00ce 0E       		.uleb128 0xe
ARM GAS  C:\Users\cring\AppData\Local\Temp\ccQniakY.s 			page 19


 897 00cf 3A       		.uleb128 0x3a
 898 00d0 0B       		.uleb128 0xb
 899 00d1 3B       		.uleb128 0x3b
 900 00d2 0B       		.uleb128 0xb
 901 00d3 49       		.uleb128 0x49
 902 00d4 13       		.uleb128 0x13
 903 00d5 02       		.uleb128 0x2
 904 00d6 18       		.uleb128 0x18
 905 00d7 00       		.byte	0
 906 00d8 00       		.byte	0
 907 00d9 0E       		.uleb128 0xe
 908 00da 34       		.uleb128 0x34
 909 00db 00       		.byte	0
 910 00dc 03       		.uleb128 0x3
 911 00dd 08       		.uleb128 0x8
 912 00de 3A       		.uleb128 0x3a
 913 00df 0B       		.uleb128 0xb
 914 00e0 3B       		.uleb128 0x3b
 915 00e1 0B       		.uleb128 0xb
 916 00e2 49       		.uleb128 0x49
 917 00e3 13       		.uleb128 0x13
 918 00e4 02       		.uleb128 0x2
 919 00e5 18       		.uleb128 0x18
 920 00e6 00       		.byte	0
 921 00e7 00       		.byte	0
 922 00e8 0F       		.uleb128 0xf
 923 00e9 0B       		.uleb128 0xb
 924 00ea 01       		.byte	0x1
 925 00eb 11       		.uleb128 0x11
 926 00ec 01       		.uleb128 0x1
 927 00ed 12       		.uleb128 0x12
 928 00ee 06       		.uleb128 0x6
 929 00ef 00       		.byte	0
 930 00f0 00       		.byte	0
 931 00f1 10       		.uleb128 0x10
 932 00f2 34       		.uleb128 0x34
 933 00f3 00       		.byte	0
 934 00f4 03       		.uleb128 0x3
 935 00f5 0E       		.uleb128 0xe
 936 00f6 3A       		.uleb128 0x3a
 937 00f7 0B       		.uleb128 0xb
 938 00f8 3B       		.uleb128 0x3b
 939 00f9 05       		.uleb128 0x5
 940 00fa 49       		.uleb128 0x49
 941 00fb 13       		.uleb128 0x13
 942 00fc 3F       		.uleb128 0x3f
 943 00fd 19       		.uleb128 0x19
 944 00fe 3C       		.uleb128 0x3c
 945 00ff 19       		.uleb128 0x19
 946 0100 00       		.byte	0
 947 0101 00       		.byte	0
 948 0102 11       		.uleb128 0x11
 949 0103 35       		.uleb128 0x35
 950 0104 00       		.byte	0
 951 0105 49       		.uleb128 0x49
 952 0106 13       		.uleb128 0x13
 953 0107 00       		.byte	0
ARM GAS  C:\Users\cring\AppData\Local\Temp\ccQniakY.s 			page 20


 954 0108 00       		.byte	0
 955 0109 12       		.uleb128 0x12
 956 010a 34       		.uleb128 0x34
 957 010b 00       		.byte	0
 958 010c 03       		.uleb128 0x3
 959 010d 0E       		.uleb128 0xe
 960 010e 3A       		.uleb128 0x3a
 961 010f 0B       		.uleb128 0xb
 962 0110 3B       		.uleb128 0x3b
 963 0111 0B       		.uleb128 0xb
 964 0112 49       		.uleb128 0x49
 965 0113 13       		.uleb128 0x13
 966 0114 3F       		.uleb128 0x3f
 967 0115 19       		.uleb128 0x19
 968 0116 02       		.uleb128 0x2
 969 0117 18       		.uleb128 0x18
 970 0118 00       		.byte	0
 971 0119 00       		.byte	0
 972 011a 13       		.uleb128 0x13
 973 011b 01       		.uleb128 0x1
 974 011c 01       		.byte	0x1
 975 011d 49       		.uleb128 0x49
 976 011e 13       		.uleb128 0x13
 977 011f 01       		.uleb128 0x1
 978 0120 13       		.uleb128 0x13
 979 0121 00       		.byte	0
 980 0122 00       		.byte	0
 981 0123 14       		.uleb128 0x14
 982 0124 21       		.uleb128 0x21
 983 0125 00       		.byte	0
 984 0126 49       		.uleb128 0x49
 985 0127 13       		.uleb128 0x13
 986 0128 2F       		.uleb128 0x2f
 987 0129 0B       		.uleb128 0xb
 988 012a 00       		.byte	0
 989 012b 00       		.byte	0
 990 012c 00       		.byte	0
 991              		.section	.debug_aranges,"",%progbits
 992 0000 3C000000 		.4byte	0x3c
 993 0004 0200     		.2byte	0x2
 994 0006 00000000 		.4byte	.Ldebug_info0
 995 000a 04       		.byte	0x4
 996 000b 00       		.byte	0
 997 000c 0000     		.2byte	0
 998 000e 0000     		.2byte	0
 999 0010 00000000 		.4byte	.LFB64
 1000 0014 20000000 		.4byte	.LFE64-.LFB64
 1001 0018 00000000 		.4byte	.LFB65
 1002 001c 84000000 		.4byte	.LFE65-.LFB65
 1003 0020 00000000 		.4byte	.LFB66
 1004 0024 AC000000 		.4byte	.LFE66-.LFB66
 1005 0028 00000000 		.4byte	.LFB67
 1006 002c 28000000 		.4byte	.LFE67-.LFB67
 1007 0030 00000000 		.4byte	.LFB68
 1008 0034 68000000 		.4byte	.LFE68-.LFB68
 1009 0038 00000000 		.4byte	0
 1010 003c 00000000 		.4byte	0
ARM GAS  C:\Users\cring\AppData\Local\Temp\ccQniakY.s 			page 21


 1011              		.section	.debug_ranges,"",%progbits
 1012              	.Ldebug_ranges0:
 1013 0000 00000000 		.4byte	.LFB64
 1014 0004 20000000 		.4byte	.LFE64
 1015 0008 00000000 		.4byte	.LFB65
 1016 000c 84000000 		.4byte	.LFE65
 1017 0010 00000000 		.4byte	.LFB66
 1018 0014 AC000000 		.4byte	.LFE66
 1019 0018 00000000 		.4byte	.LFB67
 1020 001c 28000000 		.4byte	.LFE67
 1021 0020 00000000 		.4byte	.LFB68
 1022 0024 68000000 		.4byte	.LFE68
 1023 0028 00000000 		.4byte	0
 1024 002c 00000000 		.4byte	0
 1025              		.section	.debug_line,"",%progbits
 1026              	.Ldebug_line0:
 1027 0000 FA010000 		.section	.debug_str,"MS",%progbits,1
 1027      02004F01 
 1027      00000201 
 1027      FB0E0D00 
 1027      01010101 
 1028              	.LASF26:
 1029 0000 44617461 		.ascii	"DataRX\000"
 1029      525800
 1030              	.LASF33:
 1031 0007 433A5C55 		.ascii	"C:\\Users\\cring\\Documents\\GitHub\\PRJ4\\Tryksens"
 1031      73657273 
 1031      5C637269 
 1031      6E675C44 
 1031      6F63756D 
 1032 0034 6F725C54 		.ascii	"or\\Tryksensor.cydsn\000"
 1032      72796B73 
 1032      656E736F 
 1032      722E6379 
 1032      64736E00 
 1033              	.LASF31:
 1034 0048 474E5520 		.ascii	"GNU C11 5.4.1 20160609 (release) [ARM/embedded-5-br"
 1034      43313120 
 1034      352E342E 
 1034      31203230 
 1034      31363036 
 1035 007b 616E6368 		.ascii	"anch revision 237715] -mcpu=cortex-m3 -mthumb -g -O"
 1035      20726576 
 1035      6973696F 
 1035      6E203233 
 1035      37373135 
 1036 00ae 30202D66 		.ascii	"0 -ffunction-sections -ffat-lto-objects\000"
 1036      66756E63 
 1036      74696F6E 
 1036      2D736563 
 1036      74696F6E 
 1037              	.LASF19:
 1038 00d6 73746174 		.ascii	"state\000"
 1038      6500
 1039              	.LASF9:
 1040 00dc 5F5F696E 		.ascii	"__int32_t\000"
 1040      7433325F 
ARM GAS  C:\Users\cring\AppData\Local\Temp\ccQniakY.s 			page 22


 1040      7400
 1041              	.LASF18:
 1042 00e6 446F6E65 		.ascii	"Done\000"
 1042      00
 1043              	.LASF20:
 1044 00eb 6761696E 		.ascii	"gain\000"
 1044      00
 1045              	.LASF22:
 1046 00f0 696E765F 		.ascii	"inv_pin\000"
 1046      70696E00 
 1047              	.LASF11:
 1048 00f8 666C6F61 		.ascii	"float\000"
 1048      7400
 1049              	.LASF28:
 1050 00fe 636F756E 		.ascii	"counter\000"
 1050      74657200 
 1051              	.LASF1:
 1052 0106 756E7369 		.ascii	"unsigned char\000"
 1052      676E6564 
 1052      20636861 
 1052      7200
 1053              	.LASF5:
 1054 0114 6C6F6E67 		.ascii	"long unsigned int\000"
 1054      20756E73 
 1054      69676E65 
 1054      6420696E 
 1054      7400
 1055              	.LASF3:
 1056 0126 73686F72 		.ascii	"short unsigned int\000"
 1056      7420756E 
 1056      7369676E 
 1056      65642069 
 1056      6E7400
 1057              	.LASF34:
 1058 0139 6973725F 		.ascii	"isr_timer_handler\000"
 1058      74696D65 
 1058      725F6861 
 1058      6E646C65 
 1058      7200
 1059              	.LASF21:
 1060 014b 70657269 		.ascii	"period_ns\000"
 1060      6F645F6E 
 1060      7300
 1061              	.LASF25:
 1062 0155 49544D5F 		.ascii	"ITM_RxBuffer\000"
 1062      52784275 
 1062      66666572 
 1062      00
 1063              	.LASF23:
 1064 0162 4144435F 		.ascii	"ADC_init\000"
 1064      696E6974 
 1064      00
 1065              	.LASF24:
 1066 016b 44617461 		.ascii	"Data\000"
 1066      00
 1067              	.LASF16:
 1068 0170 75696E74 		.ascii	"uint\000"
ARM GAS  C:\Users\cring\AppData\Local\Temp\ccQniakY.s 			page 23


 1068      00
 1069              	.LASF30:
 1070 0175 44617461 		.ascii	"Dataindex\000"
 1070      696E6465 
 1070      7800
 1071              	.LASF8:
 1072 017f 756E7369 		.ascii	"unsigned int\000"
 1072      676E6564 
 1072      20696E74 
 1072      00
 1073              	.LASF35:
 1074 018c 73656E64 		.ascii	"send\000"
 1074      00
 1075              	.LASF7:
 1076 0191 6C6F6E67 		.ascii	"long long unsigned int\000"
 1076      206C6F6E 
 1076      6720756E 
 1076      7369676E 
 1076      65642069 
 1077              	.LASF17:
 1078 01a8 53656E64 		.ascii	"Sending_DATA\000"
 1078      696E675F 
 1078      44415441 
 1078      00
 1079              	.LASF32:
 1080 01b5 41444373 		.ascii	"ADCserial.c\000"
 1080      65726961 
 1080      6C2E6300 
 1081              	.LASF10:
 1082 01c1 696E7433 		.ascii	"int32_t\000"
 1082      325F7400 
 1083              	.LASF15:
 1084 01c9 73697A65 		.ascii	"sizetype\000"
 1084      74797065 
 1084      00
 1085              	.LASF6:
 1086 01d2 6C6F6E67 		.ascii	"long long int\000"
 1086      206C6F6E 
 1086      6720696E 
 1086      7400
 1087              	.LASF13:
 1088 01e0 63686172 		.ascii	"char\000"
 1088      00
 1089              	.LASF27:
 1090 01e5 6761696E 		.ascii	"gain_\000"
 1090      5F00
 1091              	.LASF2:
 1092 01eb 73686F72 		.ascii	"short int\000"
 1092      7420696E 
 1092      7400
 1093              	.LASF4:
 1094 01f5 6C6F6E67 		.ascii	"long int\000"
 1094      20696E74 
 1094      00
 1095              	.LASF29:
 1096 01fe 44617461 		.ascii	"Datain\000"
 1096      696E00
ARM GAS  C:\Users\cring\AppData\Local\Temp\ccQniakY.s 			page 24


 1097              	.LASF14:
 1098 0205 6C6F6E67 		.ascii	"long double\000"
 1098      20646F75 
 1098      626C6500 
 1099              	.LASF36:
 1100 0211 4144435F 		.ascii	"ADC_read\000"
 1100      72656164 
 1100      00
 1101              	.LASF0:
 1102 021a 7369676E 		.ascii	"signed char\000"
 1102      65642063 
 1102      68617200 
 1103              	.LASF12:
 1104 0226 646F7562 		.ascii	"double\000"
 1104      6C6500
 1105              		.ident	"GCC: (GNU Tools for ARM Embedded Processors) 5.4.1 20160609 (release) [ARM/embedded-5-bran
