ARM GAS  C:\Users\cring\AppData\Local\Temp\cc8qLPoW.s 			page 1


   1              		.syntax unified
   2              		.cpu cortex-m3
   3              		.fpu softvfp
   4              		.eabi_attribute 20, 1
   5              		.eabi_attribute 21, 1
   6              		.eabi_attribute 23, 3
   7              		.eabi_attribute 24, 1
   8              		.eabi_attribute 25, 1
   9              		.eabi_attribute 26, 1
  10              		.eabi_attribute 30, 6
  11              		.eabi_attribute 34, 1
  12              		.eabi_attribute 18, 4
  13              		.thumb
  14              		.syntax unified
  15              		.file	"main.c"
  16              		.text
  17              	.Ltext0:
  18              		.cfi_sections	.debug_frame
  19              		.section	.text.ISR_UART_rx_handler,"ax",%progbits
  20              		.align	2
  21              		.global	ISR_UART_rx_handler
  22              		.thumb
  23              		.thumb_func
  24              		.type	ISR_UART_rx_handler, %function
  25              	ISR_UART_rx_handler:
  26              	.LFB64:
  27              		.file 1 "main.c"
   1:main.c        **** /* ========================================
   2:main.c        ****  *
   3:main.c        ****  * Copyright YOUR COMPANY, THE YEAR
   4:main.c        ****  * All Rights Reserved
   5:main.c        ****  * UNPUBLISHED, LICENSED SOFTWARE.
   6:main.c        ****  *
   7:main.c        ****  * CONFIDENTIAL AND PROPRIETARY INFORMATION
   8:main.c        ****  * WHICH IS THE PROPERTY OF your company.
   9:main.c        ****  *
  10:main.c        ****  * ========================================
  11:main.c        **** */
  12:main.c        **** #include "project.h"
  13:main.c        **** #include "VT100Terminal.h"
  14:main.c        **** #include "ADCserial.h"
  15:main.c        **** #include "stdio.h"
  16:main.c        **** 
  17:main.c        **** CY_ISR_PROTO(ISR_UART_rx_handler);
  18:main.c        **** void handleByteReceived(uint8_t byteReceived);
  19:main.c        **** 
  20:main.c        **** CY_ISR(ISR_UART_rx_handler)
  21:main.c        **** {
  28              		.loc 1 21 0
  29              		.cfi_startproc
  30              		@ args = 0, pretend = 0, frame = 8
  31              		@ frame_needed = 1, uses_anonymous_args = 0
  32 0000 80B5     		push	{r7, lr}
  33              		.cfi_def_cfa_offset 8
  34              		.cfi_offset 7, -8
  35              		.cfi_offset 14, -4
  36 0002 82B0     		sub	sp, sp, #8
ARM GAS  C:\Users\cring\AppData\Local\Temp\cc8qLPoW.s 			page 2


  37              		.cfi_def_cfa_offset 16
  38 0004 00AF     		add	r7, sp, #0
  39              		.cfi_def_cfa_register 7
  22:main.c        ****     uint8_t bytesToRead = UART_1_GetRxBufferSize();
  40              		.loc 1 22 0
  41 0006 FFF7FEFF 		bl	UART_1_GetRxBufferSize
  42 000a 0346     		mov	r3, r0
  43 000c FB71     		strb	r3, [r7, #7]
  23:main.c        ****     while (bytesToRead > 0)
  44              		.loc 1 23 0
  45 000e 0AE0     		b	.L2
  46              	.L3:
  47              	.LBB2:
  24:main.c        ****     {
  25:main.c        ****         uint8_t byteReceived = UART_1_ReadRxData();
  48              		.loc 1 25 0
  49 0010 FFF7FEFF 		bl	UART_1_ReadRxData
  50 0014 0346     		mov	r3, r0
  51 0016 BB71     		strb	r3, [r7, #6]
  26:main.c        ****         UART_1_WriteTxData(byteReceived); // echo back    
  52              		.loc 1 26 0
  53 0018 BB79     		ldrb	r3, [r7, #6]	@ zero_extendqisi2
  54 001a 1846     		mov	r0, r3
  55 001c FFF7FEFF 		bl	UART_1_WriteTxData
  27:main.c        ****         bytesToRead--;
  56              		.loc 1 27 0
  57 0020 FB79     		ldrb	r3, [r7, #7]	@ zero_extendqisi2
  58 0022 013B     		subs	r3, r3, #1
  59 0024 FB71     		strb	r3, [r7, #7]
  60              	.L2:
  61              	.LBE2:
  23:main.c        ****     {
  62              		.loc 1 23 0
  63 0026 FB79     		ldrb	r3, [r7, #7]	@ zero_extendqisi2
  64 0028 002B     		cmp	r3, #0
  65 002a F1D1     		bne	.L3
  28:main.c        ****     }
  29:main.c        **** }
  66              		.loc 1 29 0
  67 002c 00BF     		nop
  68 002e 0837     		adds	r7, r7, #8
  69              		.cfi_def_cfa_offset 8
  70 0030 BD46     		mov	sp, r7
  71              		.cfi_def_cfa_register 13
  72              		@ sp needed
  73 0032 80BD     		pop	{r7, pc}
  74              		.cfi_endproc
  75              	.LFE64:
  76              		.size	ISR_UART_rx_handler, .-ISR_UART_rx_handler
  77              		.section	.rodata
  78              		.align	2
  79              	.LC0:
  80 0000 53746172 		.ascii	"Startup\012\015\000"
  80      7475700A 
  80      0D00
  81 000a 0000     		.align	2
  82              	.LC1:
ARM GAS  C:\Users\cring\AppData\Local\Temp\cc8qLPoW.s 			page 3


  83 000c 25640D0A 		.ascii	"%d\015\012\000"
  83      00
  84              		.section	.text.main,"ax",%progbits
  85              		.align	2
  86              		.global	main
  87              		.thumb
  88              		.thumb_func
  89              		.type	main, %function
  90              	main:
  91              	.LFB65:
  30:main.c        **** 
  31:main.c        **** int main(void)
  32:main.c        **** {
  92              		.loc 1 32 0
  93              		.cfi_startproc
  94              		@ args = 0, pretend = 0, frame = 48
  95              		@ frame_needed = 1, uses_anonymous_args = 0
  96 0000 80B5     		push	{r7, lr}
  97              		.cfi_def_cfa_offset 8
  98              		.cfi_offset 7, -8
  99              		.cfi_offset 14, -4
 100 0002 8CB0     		sub	sp, sp, #48
 101              		.cfi_def_cfa_offset 56
 102 0004 00AF     		add	r7, sp, #0
 103              		.cfi_def_cfa_register 7
  33:main.c        ****     CyGlobalIntEnable; /* Enable global interrupts. */
 104              		.loc 1 33 0
 105              		.syntax unified
 106              	@ 33 "main.c" 1
 107 0006 62B6     		CPSIE   i
 108              	@ 0 "" 2
  34:main.c        **** 
  35:main.c        ****     /* Place your initialization/startup code here (e.g. MyInst_Start()) */
  36:main.c        ****     isr_uart_rx_StartEx(ISR_UART_rx_handler);
 109              		.loc 1 36 0
 110              		.thumb
 111              		.syntax unified
 112 0008 1D48     		ldr	r0, .L8
 113 000a FFF7FEFF 		bl	isr_uart_rx_StartEx
  37:main.c        ****     UART_1_Start();
 114              		.loc 1 37 0
 115 000e FFF7FEFF 		bl	UART_1_Start
  38:main.c        ****     UART_1_PutString("Startup\n\r");
 116              		.loc 1 38 0
 117 0012 1C48     		ldr	r0, .L8+4
 118 0014 FFF7FEFF 		bl	UART_1_PutString
  39:main.c        ****     ADC_init(128);
 119              		.loc 1 39 0
 120 0018 8020     		movs	r0, #128
 121 001a FFF7FEFF 		bl	ADC_init
  40:main.c        ****     
  41:main.c        ****     int zero = 0;
 122              		.loc 1 41 0
 123 001e 0023     		movs	r3, #0
 124 0020 FB62     		str	r3, [r7, #44]
 125              	.LBB3:
  42:main.c        ****     for(int i = 0; i < 200; i++)
ARM GAS  C:\Users\cring\AppData\Local\Temp\cc8qLPoW.s 			page 4


 126              		.loc 1 42 0
 127 0022 0023     		movs	r3, #0
 128 0024 BB62     		str	r3, [r7, #40]
 129 0026 08E0     		b	.L5
 130              	.L6:
  43:main.c        ****     {
  44:main.c        ****         zero += ADC_read();
 131              		.loc 1 44 0 discriminator 3
 132 0028 FFF7FEFF 		bl	ADC_read
 133 002c 0246     		mov	r2, r0
 134 002e FB6A     		ldr	r3, [r7, #44]
 135 0030 1344     		add	r3, r3, r2
 136 0032 FB62     		str	r3, [r7, #44]
  42:main.c        ****     for(int i = 0; i < 200; i++)
 137              		.loc 1 42 0 discriminator 3
 138 0034 BB6A     		ldr	r3, [r7, #40]
 139 0036 0133     		adds	r3, r3, #1
 140 0038 BB62     		str	r3, [r7, #40]
 141              	.L5:
  42:main.c        ****     for(int i = 0; i < 200; i++)
 142              		.loc 1 42 0 is_stmt 0 discriminator 1
 143 003a BB6A     		ldr	r3, [r7, #40]
 144 003c C72B     		cmp	r3, #199
 145 003e F3DD     		ble	.L6
 146              	.LBE3:
  45:main.c        ****     }
  46:main.c        ****     zero /= 200;
 147              		.loc 1 46 0 is_stmt 1
 148 0040 FB6A     		ldr	r3, [r7, #44]
 149 0042 114A     		ldr	r2, .L8+8
 150 0044 82FB0312 		smull	r1, r2, r2, r3
 151 0048 9211     		asrs	r2, r2, #6
 152 004a DB17     		asrs	r3, r3, #31
 153 004c D31A     		subs	r3, r2, r3
 154 004e FB62     		str	r3, [r7, #44]
  47:main.c        ****     
  48:main.c        ****     
  49:main.c        ****     char buf[40] = {0};
 155              		.loc 1 49 0
 156 0050 3B46     		mov	r3, r7
 157 0052 2822     		movs	r2, #40
 158 0054 0021     		movs	r1, #0
 159 0056 1846     		mov	r0, r3
 160 0058 FFF7FEFF 		bl	memset
 161              	.L7:
  50:main.c        ****     for(;;)
  51:main.c        ****     {   
  52:main.c        ****         CyDelay(100);
 162              		.loc 1 52 0 discriminator 1
 163 005c 6420     		movs	r0, #100
 164 005e FFF7FEFF 		bl	CyDelay
  53:main.c        ****         sprintf(buf, "%d\r\n", ADC_read()-zero);
 165              		.loc 1 53 0 discriminator 1
 166 0062 FFF7FEFF 		bl	ADC_read
 167 0066 0246     		mov	r2, r0
 168 0068 FB6A     		ldr	r3, [r7, #44]
 169 006a D21A     		subs	r2, r2, r3
ARM GAS  C:\Users\cring\AppData\Local\Temp\cc8qLPoW.s 			page 5


 170 006c 3B46     		mov	r3, r7
 171 006e 0749     		ldr	r1, .L8+12
 172 0070 1846     		mov	r0, r3
 173 0072 FFF7FEFF 		bl	sprintf
  54:main.c        ****         UART_1_PutString(buf);
 174              		.loc 1 54 0 discriminator 1
 175 0076 3B46     		mov	r3, r7
 176 0078 1846     		mov	r0, r3
 177 007a FFF7FEFF 		bl	UART_1_PutString
  55:main.c        ****         /* Place your application code here. */
  56:main.c        ****     }
 178              		.loc 1 56 0 discriminator 1
 179 007e EDE7     		b	.L7
 180              	.L9:
 181              		.align	2
 182              	.L8:
 183 0080 00000000 		.word	ISR_UART_rx_handler
 184 0084 00000000 		.word	.LC0
 185 0088 1F85EB51 		.word	1374389535
 186 008c 0C000000 		.word	.LC1
 187              		.cfi_endproc
 188              	.LFE65:
 189              		.size	main, .-main
 190              		.text
 191              	.Letext0:
 192              		.file 2 "c:\\program files (x86)\\cypress\\psoc creator\\4.4\\psoc creator\\import\\gnu\\arm\\5.4.
 193              		.file 3 "c:\\program files (x86)\\cypress\\psoc creator\\4.4\\psoc creator\\import\\gnu\\arm\\5.4.
 194              		.file 4 "Generated_Source\\PSoC5/core_cm3.h"
 195              		.section	.debug_info,"",%progbits
 196              	.Ldebug_info0:
 197 0000 60010000 		.4byte	0x160
 198 0004 0400     		.2byte	0x4
 199 0006 00000000 		.4byte	.Ldebug_abbrev0
 200 000a 04       		.byte	0x4
 201 000b 01       		.uleb128 0x1
 202 000c 81000000 		.4byte	.LASF21
 203 0010 0C       		.byte	0xc
 204 0011 2E000000 		.4byte	.LASF22
 205 0015 2A010000 		.4byte	.LASF23
 206 0019 00000000 		.4byte	.Ldebug_ranges0+0
 207 001d 00000000 		.4byte	0
 208 0021 00000000 		.4byte	.Ldebug_line0
 209 0025 02       		.uleb128 0x2
 210 0026 01       		.byte	0x1
 211 0027 06       		.byte	0x6
 212 0028 9C010000 		.4byte	.LASF0
 213 002c 03       		.uleb128 0x3
 214 002d 6B000000 		.4byte	.LASF4
 215 0031 02       		.byte	0x2
 216 0032 1D       		.byte	0x1d
 217 0033 37000000 		.4byte	0x37
 218 0037 02       		.uleb128 0x2
 219 0038 01       		.byte	0x1
 220 0039 08       		.byte	0x8
 221 003a 17010000 		.4byte	.LASF1
 222 003e 02       		.uleb128 0x2
 223 003f 02       		.byte	0x2
ARM GAS  C:\Users\cring\AppData\Local\Temp\cc8qLPoW.s 			page 6


 224 0040 05       		.byte	0x5
 225 0041 C9010000 		.4byte	.LASF2
 226 0045 02       		.uleb128 0x2
 227 0046 02       		.byte	0x2
 228 0047 07       		.byte	0x7
 229 0048 0E000000 		.4byte	.LASF3
 230 004c 03       		.uleb128 0x3
 231 004d B4010000 		.4byte	.LASF5
 232 0051 02       		.byte	0x2
 233 0052 3F       		.byte	0x3f
 234 0053 57000000 		.4byte	0x57
 235 0057 02       		.uleb128 0x2
 236 0058 04       		.byte	0x4
 237 0059 05       		.byte	0x5
 238 005a 6B010000 		.4byte	.LASF6
 239 005e 02       		.uleb128 0x2
 240 005f 04       		.byte	0x4
 241 0060 07       		.byte	0x7
 242 0061 42000000 		.4byte	.LASF7
 243 0065 02       		.uleb128 0x2
 244 0066 08       		.byte	0x8
 245 0067 05       		.byte	0x5
 246 0068 00000000 		.4byte	.LASF8
 247 006c 02       		.uleb128 0x2
 248 006d 08       		.byte	0x8
 249 006e 07       		.byte	0x7
 250 006f 54000000 		.4byte	.LASF9
 251 0073 04       		.uleb128 0x4
 252 0074 04       		.byte	0x4
 253 0075 05       		.byte	0x5
 254 0076 696E7400 		.ascii	"int\000"
 255 007a 02       		.uleb128 0x2
 256 007b 04       		.byte	0x4
 257 007c 07       		.byte	0x7
 258 007d 21000000 		.4byte	.LASF10
 259 0081 03       		.uleb128 0x3
 260 0082 0F010000 		.4byte	.LASF11
 261 0086 03       		.byte	0x3
 262 0087 18       		.byte	0x18
 263 0088 2C000000 		.4byte	0x2c
 264 008c 03       		.uleb128 0x3
 265 008d 3A000000 		.4byte	.LASF12
 266 0091 03       		.byte	0x3
 267 0092 2C       		.byte	0x2c
 268 0093 4C000000 		.4byte	0x4c
 269 0097 02       		.uleb128 0x2
 270 0098 04       		.byte	0x4
 271 0099 04       		.byte	0x4
 272 009a BE010000 		.4byte	.LASF13
 273 009e 02       		.uleb128 0x2
 274 009f 08       		.byte	0x8
 275 00a0 04       		.byte	0x4
 276 00a1 74010000 		.4byte	.LASF14
 277 00a5 02       		.uleb128 0x2
 278 00a6 01       		.byte	0x1
 279 00a7 08       		.byte	0x8
 280 00a8 25010000 		.4byte	.LASF15
ARM GAS  C:\Users\cring\AppData\Local\Temp\cc8qLPoW.s 			page 7


 281 00ac 02       		.uleb128 0x2
 282 00ad 08       		.byte	0x8
 283 00ae 04       		.byte	0x4
 284 00af A8010000 		.4byte	.LASF16
 285 00b3 02       		.uleb128 0x2
 286 00b4 04       		.byte	0x4
 287 00b5 07       		.byte	0x7
 288 00b6 E0010000 		.4byte	.LASF17
 289 00ba 05       		.uleb128 0x5
 290 00bb 7B010000 		.4byte	.LASF24
 291 00bf 01       		.byte	0x1
 292 00c0 14       		.byte	0x14
 293 00c1 00000000 		.4byte	.LFB64
 294 00c5 34000000 		.4byte	.LFE64-.LFB64
 295 00c9 01       		.uleb128 0x1
 296 00ca 9C       		.byte	0x9c
 297 00cb F6000000 		.4byte	0xf6
 298 00cf 06       		.uleb128 0x6
 299 00d0 75000000 		.4byte	.LASF18
 300 00d4 01       		.byte	0x1
 301 00d5 16       		.byte	0x16
 302 00d6 81000000 		.4byte	0x81
 303 00da 02       		.uleb128 0x2
 304 00db 91       		.byte	0x91
 305 00dc 77       		.sleb128 -9
 306 00dd 07       		.uleb128 0x7
 307 00de 10000000 		.4byte	.LBB2
 308 00e2 16000000 		.4byte	.LBE2-.LBB2
 309 00e6 06       		.uleb128 0x6
 310 00e7 D3010000 		.4byte	.LASF19
 311 00eb 01       		.byte	0x1
 312 00ec 19       		.byte	0x19
 313 00ed 81000000 		.4byte	0x81
 314 00f1 02       		.uleb128 0x2
 315 00f2 91       		.byte	0x91
 316 00f3 76       		.sleb128 -10
 317 00f4 00       		.byte	0
 318 00f5 00       		.byte	0
 319 00f6 08       		.uleb128 0x8
 320 00f7 35000000 		.4byte	.LASF25
 321 00fb 01       		.byte	0x1
 322 00fc 1F       		.byte	0x1f
 323 00fd 73000000 		.4byte	0x73
 324 0101 00000000 		.4byte	.LFB65
 325 0105 90000000 		.4byte	.LFE65-.LFB65
 326 0109 01       		.uleb128 0x1
 327 010a 9C       		.byte	0x9c
 328 010b 42010000 		.4byte	0x142
 329 010f 06       		.uleb128 0x6
 330 0110 C4010000 		.4byte	.LASF20
 331 0114 01       		.byte	0x1
 332 0115 29       		.byte	0x29
 333 0116 73000000 		.4byte	0x73
 334 011a 02       		.uleb128 0x2
 335 011b 91       		.byte	0x91
 336 011c 74       		.sleb128 -12
 337 011d 09       		.uleb128 0x9
ARM GAS  C:\Users\cring\AppData\Local\Temp\cc8qLPoW.s 			page 8


 338 011e 62756600 		.ascii	"buf\000"
 339 0122 01       		.byte	0x1
 340 0123 31       		.byte	0x31
 341 0124 42010000 		.4byte	0x142
 342 0128 02       		.uleb128 0x2
 343 0129 91       		.byte	0x91
 344 012a 48       		.sleb128 -56
 345 012b 07       		.uleb128 0x7
 346 012c 22000000 		.4byte	.LBB3
 347 0130 1E000000 		.4byte	.LBE3-.LBB3
 348 0134 09       		.uleb128 0x9
 349 0135 6900     		.ascii	"i\000"
 350 0137 01       		.byte	0x1
 351 0138 2A       		.byte	0x2a
 352 0139 73000000 		.4byte	0x73
 353 013d 02       		.uleb128 0x2
 354 013e 91       		.byte	0x91
 355 013f 70       		.sleb128 -16
 356 0140 00       		.byte	0
 357 0141 00       		.byte	0
 358 0142 0A       		.uleb128 0xa
 359 0143 A5000000 		.4byte	0xa5
 360 0147 52010000 		.4byte	0x152
 361 014b 0B       		.uleb128 0xb
 362 014c B3000000 		.4byte	0xb3
 363 0150 27       		.byte	0x27
 364 0151 00       		.byte	0
 365 0152 0C       		.uleb128 0xc
 366 0153 8F010000 		.4byte	.LASF26
 367 0157 04       		.byte	0x4
 368 0158 1207     		.2byte	0x712
 369 015a 5E010000 		.4byte	0x15e
 370 015e 0D       		.uleb128 0xd
 371 015f 8C000000 		.4byte	0x8c
 372 0163 00       		.byte	0
 373              		.section	.debug_abbrev,"",%progbits
 374              	.Ldebug_abbrev0:
 375 0000 01       		.uleb128 0x1
 376 0001 11       		.uleb128 0x11
 377 0002 01       		.byte	0x1
 378 0003 25       		.uleb128 0x25
 379 0004 0E       		.uleb128 0xe
 380 0005 13       		.uleb128 0x13
 381 0006 0B       		.uleb128 0xb
 382 0007 03       		.uleb128 0x3
 383 0008 0E       		.uleb128 0xe
 384 0009 1B       		.uleb128 0x1b
 385 000a 0E       		.uleb128 0xe
 386 000b 55       		.uleb128 0x55
 387 000c 17       		.uleb128 0x17
 388 000d 11       		.uleb128 0x11
 389 000e 01       		.uleb128 0x1
 390 000f 10       		.uleb128 0x10
 391 0010 17       		.uleb128 0x17
 392 0011 00       		.byte	0
 393 0012 00       		.byte	0
 394 0013 02       		.uleb128 0x2
ARM GAS  C:\Users\cring\AppData\Local\Temp\cc8qLPoW.s 			page 9


 395 0014 24       		.uleb128 0x24
 396 0015 00       		.byte	0
 397 0016 0B       		.uleb128 0xb
 398 0017 0B       		.uleb128 0xb
 399 0018 3E       		.uleb128 0x3e
 400 0019 0B       		.uleb128 0xb
 401 001a 03       		.uleb128 0x3
 402 001b 0E       		.uleb128 0xe
 403 001c 00       		.byte	0
 404 001d 00       		.byte	0
 405 001e 03       		.uleb128 0x3
 406 001f 16       		.uleb128 0x16
 407 0020 00       		.byte	0
 408 0021 03       		.uleb128 0x3
 409 0022 0E       		.uleb128 0xe
 410 0023 3A       		.uleb128 0x3a
 411 0024 0B       		.uleb128 0xb
 412 0025 3B       		.uleb128 0x3b
 413 0026 0B       		.uleb128 0xb
 414 0027 49       		.uleb128 0x49
 415 0028 13       		.uleb128 0x13
 416 0029 00       		.byte	0
 417 002a 00       		.byte	0
 418 002b 04       		.uleb128 0x4
 419 002c 24       		.uleb128 0x24
 420 002d 00       		.byte	0
 421 002e 0B       		.uleb128 0xb
 422 002f 0B       		.uleb128 0xb
 423 0030 3E       		.uleb128 0x3e
 424 0031 0B       		.uleb128 0xb
 425 0032 03       		.uleb128 0x3
 426 0033 08       		.uleb128 0x8
 427 0034 00       		.byte	0
 428 0035 00       		.byte	0
 429 0036 05       		.uleb128 0x5
 430 0037 2E       		.uleb128 0x2e
 431 0038 01       		.byte	0x1
 432 0039 3F       		.uleb128 0x3f
 433 003a 19       		.uleb128 0x19
 434 003b 03       		.uleb128 0x3
 435 003c 0E       		.uleb128 0xe
 436 003d 3A       		.uleb128 0x3a
 437 003e 0B       		.uleb128 0xb
 438 003f 3B       		.uleb128 0x3b
 439 0040 0B       		.uleb128 0xb
 440 0041 27       		.uleb128 0x27
 441 0042 19       		.uleb128 0x19
 442 0043 11       		.uleb128 0x11
 443 0044 01       		.uleb128 0x1
 444 0045 12       		.uleb128 0x12
 445 0046 06       		.uleb128 0x6
 446 0047 40       		.uleb128 0x40
 447 0048 18       		.uleb128 0x18
 448 0049 9642     		.uleb128 0x2116
 449 004b 19       		.uleb128 0x19
 450 004c 01       		.uleb128 0x1
 451 004d 13       		.uleb128 0x13
ARM GAS  C:\Users\cring\AppData\Local\Temp\cc8qLPoW.s 			page 10


 452 004e 00       		.byte	0
 453 004f 00       		.byte	0
 454 0050 06       		.uleb128 0x6
 455 0051 34       		.uleb128 0x34
 456 0052 00       		.byte	0
 457 0053 03       		.uleb128 0x3
 458 0054 0E       		.uleb128 0xe
 459 0055 3A       		.uleb128 0x3a
 460 0056 0B       		.uleb128 0xb
 461 0057 3B       		.uleb128 0x3b
 462 0058 0B       		.uleb128 0xb
 463 0059 49       		.uleb128 0x49
 464 005a 13       		.uleb128 0x13
 465 005b 02       		.uleb128 0x2
 466 005c 18       		.uleb128 0x18
 467 005d 00       		.byte	0
 468 005e 00       		.byte	0
 469 005f 07       		.uleb128 0x7
 470 0060 0B       		.uleb128 0xb
 471 0061 01       		.byte	0x1
 472 0062 11       		.uleb128 0x11
 473 0063 01       		.uleb128 0x1
 474 0064 12       		.uleb128 0x12
 475 0065 06       		.uleb128 0x6
 476 0066 00       		.byte	0
 477 0067 00       		.byte	0
 478 0068 08       		.uleb128 0x8
 479 0069 2E       		.uleb128 0x2e
 480 006a 01       		.byte	0x1
 481 006b 3F       		.uleb128 0x3f
 482 006c 19       		.uleb128 0x19
 483 006d 03       		.uleb128 0x3
 484 006e 0E       		.uleb128 0xe
 485 006f 3A       		.uleb128 0x3a
 486 0070 0B       		.uleb128 0xb
 487 0071 3B       		.uleb128 0x3b
 488 0072 0B       		.uleb128 0xb
 489 0073 27       		.uleb128 0x27
 490 0074 19       		.uleb128 0x19
 491 0075 49       		.uleb128 0x49
 492 0076 13       		.uleb128 0x13
 493 0077 11       		.uleb128 0x11
 494 0078 01       		.uleb128 0x1
 495 0079 12       		.uleb128 0x12
 496 007a 06       		.uleb128 0x6
 497 007b 40       		.uleb128 0x40
 498 007c 18       		.uleb128 0x18
 499 007d 9642     		.uleb128 0x2116
 500 007f 19       		.uleb128 0x19
 501 0080 01       		.uleb128 0x1
 502 0081 13       		.uleb128 0x13
 503 0082 00       		.byte	0
 504 0083 00       		.byte	0
 505 0084 09       		.uleb128 0x9
 506 0085 34       		.uleb128 0x34
 507 0086 00       		.byte	0
 508 0087 03       		.uleb128 0x3
ARM GAS  C:\Users\cring\AppData\Local\Temp\cc8qLPoW.s 			page 11


 509 0088 08       		.uleb128 0x8
 510 0089 3A       		.uleb128 0x3a
 511 008a 0B       		.uleb128 0xb
 512 008b 3B       		.uleb128 0x3b
 513 008c 0B       		.uleb128 0xb
 514 008d 49       		.uleb128 0x49
 515 008e 13       		.uleb128 0x13
 516 008f 02       		.uleb128 0x2
 517 0090 18       		.uleb128 0x18
 518 0091 00       		.byte	0
 519 0092 00       		.byte	0
 520 0093 0A       		.uleb128 0xa
 521 0094 01       		.uleb128 0x1
 522 0095 01       		.byte	0x1
 523 0096 49       		.uleb128 0x49
 524 0097 13       		.uleb128 0x13
 525 0098 01       		.uleb128 0x1
 526 0099 13       		.uleb128 0x13
 527 009a 00       		.byte	0
 528 009b 00       		.byte	0
 529 009c 0B       		.uleb128 0xb
 530 009d 21       		.uleb128 0x21
 531 009e 00       		.byte	0
 532 009f 49       		.uleb128 0x49
 533 00a0 13       		.uleb128 0x13
 534 00a1 2F       		.uleb128 0x2f
 535 00a2 0B       		.uleb128 0xb
 536 00a3 00       		.byte	0
 537 00a4 00       		.byte	0
 538 00a5 0C       		.uleb128 0xc
 539 00a6 34       		.uleb128 0x34
 540 00a7 00       		.byte	0
 541 00a8 03       		.uleb128 0x3
 542 00a9 0E       		.uleb128 0xe
 543 00aa 3A       		.uleb128 0x3a
 544 00ab 0B       		.uleb128 0xb
 545 00ac 3B       		.uleb128 0x3b
 546 00ad 05       		.uleb128 0x5
 547 00ae 49       		.uleb128 0x49
 548 00af 13       		.uleb128 0x13
 549 00b0 3F       		.uleb128 0x3f
 550 00b1 19       		.uleb128 0x19
 551 00b2 3C       		.uleb128 0x3c
 552 00b3 19       		.uleb128 0x19
 553 00b4 00       		.byte	0
 554 00b5 00       		.byte	0
 555 00b6 0D       		.uleb128 0xd
 556 00b7 35       		.uleb128 0x35
 557 00b8 00       		.byte	0
 558 00b9 49       		.uleb128 0x49
 559 00ba 13       		.uleb128 0x13
 560 00bb 00       		.byte	0
 561 00bc 00       		.byte	0
 562 00bd 00       		.byte	0
 563              		.section	.debug_aranges,"",%progbits
 564 0000 24000000 		.4byte	0x24
 565 0004 0200     		.2byte	0x2
ARM GAS  C:\Users\cring\AppData\Local\Temp\cc8qLPoW.s 			page 12


 566 0006 00000000 		.4byte	.Ldebug_info0
 567 000a 04       		.byte	0x4
 568 000b 00       		.byte	0
 569 000c 0000     		.2byte	0
 570 000e 0000     		.2byte	0
 571 0010 00000000 		.4byte	.LFB64
 572 0014 34000000 		.4byte	.LFE64-.LFB64
 573 0018 00000000 		.4byte	.LFB65
 574 001c 90000000 		.4byte	.LFE65-.LFB65
 575 0020 00000000 		.4byte	0
 576 0024 00000000 		.4byte	0
 577              		.section	.debug_ranges,"",%progbits
 578              	.Ldebug_ranges0:
 579 0000 00000000 		.4byte	.LFB64
 580 0004 34000000 		.4byte	.LFE64
 581 0008 00000000 		.4byte	.LFB65
 582 000c 90000000 		.4byte	.LFE65
 583 0010 00000000 		.4byte	0
 584 0014 00000000 		.4byte	0
 585              		.section	.debug_line,"",%progbits
 586              	.Ldebug_line0:
 587 0000 98010000 		.section	.debug_str,"MS",%progbits,1
 587      02003F01 
 587      00000201 
 587      FB0E0D00 
 587      01010101 
 588              	.LASF8:
 589 0000 6C6F6E67 		.ascii	"long long int\000"
 589      206C6F6E 
 589      6720696E 
 589      7400
 590              	.LASF3:
 591 000e 73686F72 		.ascii	"short unsigned int\000"
 591      7420756E 
 591      7369676E 
 591      65642069 
 591      6E7400
 592              	.LASF10:
 593 0021 756E7369 		.ascii	"unsigned int\000"
 593      676E6564 
 593      20696E74 
 593      00
 594              	.LASF22:
 595 002e 6D61696E 		.ascii	"main.c\000"
 595      2E6300
 596              	.LASF25:
 597 0035 6D61696E 		.ascii	"main\000"
 597      00
 598              	.LASF12:
 599 003a 696E7433 		.ascii	"int32_t\000"
 599      325F7400 
 600              	.LASF7:
 601 0042 6C6F6E67 		.ascii	"long unsigned int\000"
 601      20756E73 
 601      69676E65 
 601      6420696E 
 601      7400
ARM GAS  C:\Users\cring\AppData\Local\Temp\cc8qLPoW.s 			page 13


 602              	.LASF9:
 603 0054 6C6F6E67 		.ascii	"long long unsigned int\000"
 603      206C6F6E 
 603      6720756E 
 603      7369676E 
 603      65642069 
 604              	.LASF4:
 605 006b 5F5F7569 		.ascii	"__uint8_t\000"
 605      6E74385F 
 605      7400
 606              	.LASF18:
 607 0075 62797465 		.ascii	"bytesToRead\000"
 607      73546F52 
 607      65616400 
 608              	.LASF21:
 609 0081 474E5520 		.ascii	"GNU C11 5.4.1 20160609 (release) [ARM/embedded-5-br"
 609      43313120 
 609      352E342E 
 609      31203230 
 609      31363036 
 610 00b4 616E6368 		.ascii	"anch revision 237715] -mcpu=cortex-m3 -mthumb -g -O"
 610      20726576 
 610      6973696F 
 610      6E203233 
 610      37373135 
 611 00e7 30202D66 		.ascii	"0 -ffunction-sections -ffat-lto-objects\000"
 611      66756E63 
 611      74696F6E 
 611      2D736563 
 611      74696F6E 
 612              	.LASF11:
 613 010f 75696E74 		.ascii	"uint8_t\000"
 613      385F7400 
 614              	.LASF1:
 615 0117 756E7369 		.ascii	"unsigned char\000"
 615      676E6564 
 615      20636861 
 615      7200
 616              	.LASF15:
 617 0125 63686172 		.ascii	"char\000"
 617      00
 618              	.LASF23:
 619 012a 433A5C55 		.ascii	"C:\\Users\\cring\\Documents\\GitHub\\PRJ4\\Tryksens"
 619      73657273 
 619      5C637269 
 619      6E675C44 
 619      6F63756D 
 620 0157 6F725C54 		.ascii	"or\\Tryksensor.cydsn\000"
 620      72796B73 
 620      656E736F 
 620      722E6379 
 620      64736E00 
 621              	.LASF6:
 622 016b 6C6F6E67 		.ascii	"long int\000"
 622      20696E74 
 622      00
 623              	.LASF14:
ARM GAS  C:\Users\cring\AppData\Local\Temp\cc8qLPoW.s 			page 14


 624 0174 646F7562 		.ascii	"double\000"
 624      6C6500
 625              	.LASF24:
 626 017b 4953525F 		.ascii	"ISR_UART_rx_handler\000"
 626      55415254 
 626      5F72785F 
 626      68616E64 
 626      6C657200 
 627              	.LASF26:
 628 018f 49544D5F 		.ascii	"ITM_RxBuffer\000"
 628      52784275 
 628      66666572 
 628      00
 629              	.LASF0:
 630 019c 7369676E 		.ascii	"signed char\000"
 630      65642063 
 630      68617200 
 631              	.LASF16:
 632 01a8 6C6F6E67 		.ascii	"long double\000"
 632      20646F75 
 632      626C6500 
 633              	.LASF5:
 634 01b4 5F5F696E 		.ascii	"__int32_t\000"
 634      7433325F 
 634      7400
 635              	.LASF13:
 636 01be 666C6F61 		.ascii	"float\000"
 636      7400
 637              	.LASF20:
 638 01c4 7A65726F 		.ascii	"zero\000"
 638      00
 639              	.LASF2:
 640 01c9 73686F72 		.ascii	"short int\000"
 640      7420696E 
 640      7400
 641              	.LASF19:
 642 01d3 62797465 		.ascii	"byteReceived\000"
 642      52656365 
 642      69766564 
 642      00
 643              	.LASF17:
 644 01e0 73697A65 		.ascii	"sizetype\000"
 644      74797065 
 644      00
 645              		.ident	"GCC: (GNU Tools for ARM Embedded Processors) 5.4.1 20160609 (release) [ARM/embedded-5-bran
