ARM GAS  C:\Users\cring\AppData\Local\Temp\cc9Zbz4N.s 			page 1


   1              		.syntax unified
   2              		.cpu cortex-m3
   3              		.fpu softvfp
   4              		.eabi_attribute 20, 1
   5              		.eabi_attribute 21, 1
   6              		.eabi_attribute 23, 3
   7              		.eabi_attribute 24, 1
   8              		.eabi_attribute 25, 1
   9              		.eabi_attribute 26, 1
  10              		.eabi_attribute 30, 6
  11              		.eabi_attribute 34, 1
  12              		.eabi_attribute 18, 4
  13              		.thumb
  14              		.syntax unified
  15              		.file	"trykControl.c"
  16              		.text
  17              	.Ltext0:
  18              		.cfi_sections	.debug_frame
  19              		.global	vaegt
  20              		.bss
  21              		.align	2
  22              		.type	vaegt, %object
  23              		.size	vaegt, 4
  24              	vaegt:
  25 0000 00000000 		.space	4
  26              		.global	fs
  27              		.data
  28              		.align	2
  29              		.type	fs, %object
  30              		.size	fs, 4
  31              	fs:
  32 0000 50000000 		.word	80
  33              		.comm	sampleControl,1,1
  34              		.comm	dataPtr,4,4
  35              		.global	dataFilterPtr
  36              		.bss
  37              		.align	2
  38              		.type	dataFilterPtr, %object
  39              		.size	dataFilterPtr, 400
  40              	dataFilterPtr:
  41 0004 00000000 		.space	400
  41      00000000 
  41      00000000 
  41      00000000 
  41      00000000 
  42              		.comm	samples,4,4
  43              		.global	sampleCounter
  44              		.align	2
  45              		.type	sampleCounter, %object
  46              		.size	sampleCounter, 4
  47              	sampleCounter:
  48 0194 00000000 		.space	4
  49              		.global	readDataFlag
  50              		.align	2
  51              		.type	readDataFlag, %object
  52              		.size	readDataFlag, 4
  53              	readDataFlag:
ARM GAS  C:\Users\cring\AppData\Local\Temp\cc9Zbz4N.s 			page 2


  54 0198 00000000 		.space	4
  55              		.section	.text.sampleEvent_handler,"ax",%progbits
  56              		.align	2
  57              		.global	sampleEvent_handler
  58              		.thumb
  59              		.thumb_func
  60              		.type	sampleEvent_handler, %function
  61              	sampleEvent_handler:
  62              	.LFB63:
  63              		.file 1 "trykControl.c"
   1:trykControl.c **** 
   2:trykControl.c **** #include "trykControl.h"
   3:trykControl.c **** #include "stdlib.h"
   4:trykControl.c **** 
   5:trykControl.c **** int32 vaegt = 0;
   6:trykControl.c **** int fs = 80;
   7:trykControl.c **** 
   8:trykControl.c **** typedef enum{
   9:trykControl.c ****     Running,
  10:trykControl.c ****     Done
  11:trykControl.c **** }state;
  12:trykControl.c **** state sampleControl;
  13:trykControl.c **** 
  14:trykControl.c **** int32 *dataPtr;
  15:trykControl.c **** float dataFilterPtr[100] = {0};
  16:trykControl.c **** int samples;
  17:trykControl.c **** int sampleCounter = 0;
  18:trykControl.c **** int readDataFlag = 0;
  19:trykControl.c **** 
  20:trykControl.c **** CY_ISR(sampleEvent_handler)
  21:trykControl.c **** {
  64              		.loc 1 21 0
  65              		.cfi_startproc
  66              		@ args = 0, pretend = 0, frame = 0
  67              		@ frame_needed = 1, uses_anonymous_args = 0
  68 0000 80B5     		push	{r7, lr}
  69              		.cfi_def_cfa_offset 8
  70              		.cfi_offset 7, -8
  71              		.cfi_offset 14, -4
  72 0002 00AF     		add	r7, sp, #0
  73              		.cfi_def_cfa_register 7
  22:trykControl.c ****     if(samples < sampleCounter)
  74              		.loc 1 22 0
  75 0004 074B     		ldr	r3, .L4
  76 0006 1A68     		ldr	r2, [r3]
  77 0008 074B     		ldr	r3, .L4+4
  78 000a 1B68     		ldr	r3, [r3]
  79 000c 9A42     		cmp	r2, r3
  80 000e 05DA     		bge	.L2
  23:trykControl.c ****     {
  24:trykControl.c ****         SampleTimer_Stop();;
  81              		.loc 1 24 0
  82 0010 FFF7FEFF 		bl	SampleTimer_Stop
  25:trykControl.c ****         sampleControl = Done;
  83              		.loc 1 25 0
  84 0014 054B     		ldr	r3, .L4+8
  85 0016 0122     		movs	r2, #1
ARM GAS  C:\Users\cring\AppData\Local\Temp\cc9Zbz4N.s 			page 3


  86 0018 1A70     		strb	r2, [r3]
  26:trykControl.c ****         return;   
  87              		.loc 1 26 0
  88 001a 02E0     		b	.L1
  89              	.L2:
  27:trykControl.c ****     }
  28:trykControl.c ****     
  29:trykControl.c ****     readDataFlag = 1;
  90              		.loc 1 29 0
  91 001c 044B     		ldr	r3, .L4+12
  92 001e 0122     		movs	r2, #1
  93 0020 1A60     		str	r2, [r3]
  94              	.L1:
  30:trykControl.c **** }
  95              		.loc 1 30 0
  96 0022 80BD     		pop	{r7, pc}
  97              	.L5:
  98              		.align	2
  99              	.L4:
 100 0024 00000000 		.word	samples
 101 0028 00000000 		.word	sampleCounter
 102 002c 00000000 		.word	sampleControl
 103 0030 00000000 		.word	readDataFlag
 104              		.cfi_endproc
 105              	.LFE63:
 106              		.size	sampleEvent_handler, .-sampleEvent_handler
 107              		.global	a
 108              		.data
 109              		.align	2
 110              		.type	a, %object
 111              		.size	a, 12
 112              	a:
 113 0004 0000803F 		.word	1065353216
 114 0008 298FA5BF 		.word	-1079668951
 115 000c 48E1FA3E 		.word	1056629064
 116              		.global	b
 117              		.align	2
 118              		.type	b, %object
 119              		.size	b, 12
 120              	b:
 121 0010 0000803F 		.word	1065353216
 122 0014 00002041 		.word	1092616192
 123 0018 0000C841 		.word	1103626240
 124              		.global	__aeabi_i2f
 125              		.global	__aeabi_fmul
 126              		.global	__aeabi_fadd
 127              		.global	__aeabi_fsub
 128              		.global	__aeabi_f2d
 129              		.global	__aeabi_dmul
 130              		.global	__aeabi_d2f
 131              		.section	.text.filter,"ax",%progbits
 132              		.align	2
 133              		.global	filter
 134              		.thumb
 135              		.thumb_func
 136              		.type	filter, %function
 137              	filter:
ARM GAS  C:\Users\cring\AppData\Local\Temp\cc9Zbz4N.s 			page 4


 138              	.LFB64:
  31:trykControl.c **** 
  32:trykControl.c **** float a[3] = {
  33:trykControl.c ****     1,
  34:trykControl.c ****     -1.29343135,
  35:trykControl.c ****     0.49
  36:trykControl.c **** };
  37:trykControl.c **** 
  38:trykControl.c **** float b[3] = {
  39:trykControl.c ****     1,
  40:trykControl.c ****     10,
  41:trykControl.c ****     25
  42:trykControl.c **** };
  43:trykControl.c **** 
  44:trykControl.c **** float* filter(int32* trykdata)
  45:trykControl.c **** {    
 139              		.loc 1 45 0
 140              		.cfi_startproc
 141              		@ args = 0, pretend = 0, frame = 32
 142              		@ frame_needed = 1, uses_anonymous_args = 0
 143 0000 90B5     		push	{r4, r7, lr}
 144              		.cfi_def_cfa_offset 12
 145              		.cfi_offset 4, -12
 146              		.cfi_offset 7, -8
 147              		.cfi_offset 14, -4
 148 0002 89B0     		sub	sp, sp, #36
 149              		.cfi_def_cfa_offset 48
 150 0004 00AF     		add	r7, sp, #0
 151              		.cfi_def_cfa_register 7
 152 0006 7860     		str	r0, [r7, #4]
  46:trykControl.c ****     //realloc(dataFilterPtr, sizeof(float)*samples);
  47:trykControl.c ****     float ymem[2] = {0};
 153              		.loc 1 47 0
 154 0008 07F11403 		add	r3, r7, #20
 155 000c 0022     		movs	r2, #0
 156 000e 1A60     		str	r2, [r3]
 157 0010 5A60     		str	r2, [r3, #4]
  48:trykControl.c ****     float xmem[2] = {0};
 158              		.loc 1 48 0
 159 0012 07F10C03 		add	r3, r7, #12
 160 0016 0022     		movs	r2, #0
 161 0018 1A60     		str	r2, [r3]
 162 001a 5A60     		str	r2, [r3, #4]
 163              	.LBB2:
  49:trykControl.c ****     
  50:trykControl.c ****     for(int i = 0; i<samples; i++)
 164              		.loc 1 50 0
 165 001c 0023     		movs	r3, #0
 166 001e FB61     		str	r3, [r7, #28]
 167 0020 76E0     		b	.L7
 168              	.L8:
  51:trykControl.c ****     {
  52:trykControl.c ****         dataFilterPtr[i] = b[0]*trykdata[i] + b[1]*xmem[0] + b[2]*xmem[1]
 169              		.loc 1 52 0 discriminator 3
 170 0022 434B     		ldr	r3, .L10+8
 171 0024 1C68     		ldr	r4, [r3]	@ float
 172 0026 FB69     		ldr	r3, [r7, #28]
ARM GAS  C:\Users\cring\AppData\Local\Temp\cc9Zbz4N.s 			page 5


 173 0028 9B00     		lsls	r3, r3, #2
 174 002a 7A68     		ldr	r2, [r7, #4]
 175 002c 1344     		add	r3, r3, r2
 176 002e 1B68     		ldr	r3, [r3]
 177 0030 1846     		mov	r0, r3
 178 0032 FFF7FEFF 		bl	__aeabi_i2f
 179 0036 0346     		mov	r3, r0
 180 0038 1946     		mov	r1, r3
 181 003a 2046     		mov	r0, r4
 182 003c FFF7FEFF 		bl	__aeabi_fmul
 183 0040 0346     		mov	r3, r0
 184 0042 1C46     		mov	r4, r3
 185 0044 3A4B     		ldr	r3, .L10+8
 186 0046 5B68     		ldr	r3, [r3, #4]	@ float
 187 0048 FA68     		ldr	r2, [r7, #12]	@ float
 188 004a 1146     		mov	r1, r2
 189 004c 1846     		mov	r0, r3
 190 004e FFF7FEFF 		bl	__aeabi_fmul
 191 0052 0346     		mov	r3, r0
 192 0054 1946     		mov	r1, r3
 193 0056 2046     		mov	r0, r4
 194 0058 FFF7FEFF 		bl	__aeabi_fadd
 195 005c 0346     		mov	r3, r0
 196 005e 1C46     		mov	r4, r3
 197 0060 334B     		ldr	r3, .L10+8
 198 0062 9B68     		ldr	r3, [r3, #8]	@ float
 199 0064 3A69     		ldr	r2, [r7, #16]	@ float
 200 0066 1146     		mov	r1, r2
 201 0068 1846     		mov	r0, r3
 202 006a FFF7FEFF 		bl	__aeabi_fmul
 203 006e 0346     		mov	r3, r0
 204 0070 1946     		mov	r1, r3
 205 0072 2046     		mov	r0, r4
 206 0074 FFF7FEFF 		bl	__aeabi_fadd
 207 0078 0346     		mov	r3, r0
 208 007a 1C46     		mov	r4, r3
  53:trykControl.c ****                  - a[1]*ymem[0] - a[2]*ymem[1];
 209              		.loc 1 53 0 discriminator 3
 210 007c 2D4B     		ldr	r3, .L10+12
 211 007e 5B68     		ldr	r3, [r3, #4]	@ float
 212 0080 7A69     		ldr	r2, [r7, #20]	@ float
 213 0082 1146     		mov	r1, r2
 214 0084 1846     		mov	r0, r3
 215 0086 FFF7FEFF 		bl	__aeabi_fmul
 216 008a 0346     		mov	r3, r0
 217 008c 1946     		mov	r1, r3
 218 008e 2046     		mov	r0, r4
 219 0090 FFF7FEFF 		bl	__aeabi_fsub
 220 0094 0346     		mov	r3, r0
 221 0096 1C46     		mov	r4, r3
 222 0098 264B     		ldr	r3, .L10+12
 223 009a 9B68     		ldr	r3, [r3, #8]	@ float
 224 009c BA69     		ldr	r2, [r7, #24]	@ float
 225 009e 1146     		mov	r1, r2
 226 00a0 1846     		mov	r0, r3
 227 00a2 FFF7FEFF 		bl	__aeabi_fmul
 228 00a6 0346     		mov	r3, r0
ARM GAS  C:\Users\cring\AppData\Local\Temp\cc9Zbz4N.s 			page 6


 229 00a8 1946     		mov	r1, r3
 230 00aa 2046     		mov	r0, r4
 231 00ac FFF7FEFF 		bl	__aeabi_fsub
 232 00b0 0346     		mov	r3, r0
 233 00b2 1946     		mov	r1, r3
  52:trykControl.c ****                  - a[1]*ymem[0] - a[2]*ymem[1];
 234              		.loc 1 52 0 discriminator 3
 235 00b4 204A     		ldr	r2, .L10+16
 236 00b6 FB69     		ldr	r3, [r7, #28]
 237 00b8 42F82310 		str	r1, [r2, r3, lsl #2]	@ float
  54:trykControl.c ****         xmem[1] = xmem[0];
 238              		.loc 1 54 0 discriminator 3
 239 00bc FB68     		ldr	r3, [r7, #12]	@ float
 240 00be 3B61     		str	r3, [r7, #16]	@ float
  55:trykControl.c ****         xmem[0] = trykdata[i];
 241              		.loc 1 55 0 discriminator 3
 242 00c0 FB69     		ldr	r3, [r7, #28]
 243 00c2 9B00     		lsls	r3, r3, #2
 244 00c4 7A68     		ldr	r2, [r7, #4]
 245 00c6 1344     		add	r3, r3, r2
 246 00c8 1B68     		ldr	r3, [r3]
 247 00ca 1846     		mov	r0, r3
 248 00cc FFF7FEFF 		bl	__aeabi_i2f
 249 00d0 0346     		mov	r3, r0
 250 00d2 FB60     		str	r3, [r7, #12]	@ float
  56:trykControl.c ****         
  57:trykControl.c ****         ymem[1] = ymem[0];
 251              		.loc 1 57 0 discriminator 3
 252 00d4 7B69     		ldr	r3, [r7, #20]	@ float
 253 00d6 BB61     		str	r3, [r7, #24]	@ float
  58:trykControl.c ****         ymem[0] = dataFilterPtr[i] * 0.00547;
 254              		.loc 1 58 0 discriminator 3
 255 00d8 174A     		ldr	r2, .L10+16
 256 00da FB69     		ldr	r3, [r7, #28]
 257 00dc 52F82330 		ldr	r3, [r2, r3, lsl #2]	@ float
 258 00e0 1846     		mov	r0, r3
 259 00e2 FFF7FEFF 		bl	__aeabi_f2d
 260 00e6 10A3     		adr	r3, .L10
 261 00e8 D3E90023 		ldrd	r2, [r3]
 262 00ec FFF7FEFF 		bl	__aeabi_dmul
 263 00f0 0346     		mov	r3, r0
 264 00f2 0C46     		mov	r4, r1
 265 00f4 1846     		mov	r0, r3
 266 00f6 2146     		mov	r1, r4
 267 00f8 FFF7FEFF 		bl	__aeabi_d2f
 268 00fc 0346     		mov	r3, r0
 269 00fe 7B61     		str	r3, [r7, #20]	@ float
  59:trykControl.c ****         
  60:trykControl.c ****         dataFilterPtr[i] = ymem[0];
 270              		.loc 1 60 0 discriminator 3
 271 0100 7A69     		ldr	r2, [r7, #20]	@ float
 272 0102 0D49     		ldr	r1, .L10+16
 273 0104 FB69     		ldr	r3, [r7, #28]
 274 0106 41F82320 		str	r2, [r1, r3, lsl #2]	@ float
  50:trykControl.c ****     {
 275              		.loc 1 50 0 discriminator 3
 276 010a FB69     		ldr	r3, [r7, #28]
ARM GAS  C:\Users\cring\AppData\Local\Temp\cc9Zbz4N.s 			page 7


 277 010c 0133     		adds	r3, r3, #1
 278 010e FB61     		str	r3, [r7, #28]
 279              	.L7:
  50:trykControl.c ****     {
 280              		.loc 1 50 0 is_stmt 0 discriminator 1
 281 0110 0A4B     		ldr	r3, .L10+20
 282 0112 1B68     		ldr	r3, [r3]
 283 0114 FA69     		ldr	r2, [r7, #28]
 284 0116 9A42     		cmp	r2, r3
 285 0118 83DB     		blt	.L8
 286              	.LBE2:
  61:trykControl.c ****     }
  62:trykControl.c ****     
  63:trykControl.c ****     return dataFilterPtr;
 287              		.loc 1 63 0 is_stmt 1
 288 011a 074B     		ldr	r3, .L10+16
  64:trykControl.c **** }
 289              		.loc 1 64 0
 290 011c 1846     		mov	r0, r3
 291 011e 2437     		adds	r7, r7, #36
 292              		.cfi_def_cfa_offset 12
 293 0120 BD46     		mov	sp, r7
 294              		.cfi_def_cfa_register 13
 295              		@ sp needed
 296 0122 90BD     		pop	{r4, r7, pc}
 297              	.L11:
 298 0124 AFF30080 		.align	3
 299              	.L10:
 300 0128 9DF4BEF1 		.word	-239143779
 301 012c B567763F 		.word	1064724405
 302 0130 00000000 		.word	b
 303 0134 00000000 		.word	a
 304 0138 00000000 		.word	dataFilterPtr
 305 013c 00000000 		.word	samples
 306              		.cfi_endproc
 307              	.LFE64:
 308              		.size	filter, .-filter
 309              		.section	.text.initTrykSensor,"ax",%progbits
 310              		.align	2
 311              		.global	initTrykSensor
 312              		.thumb
 313              		.thumb_func
 314              		.type	initTrykSensor, %function
 315              	initTrykSensor:
 316              	.LFB65:
  65:trykControl.c **** 
  66:trykControl.c **** void initTrykSensor()
  67:trykControl.c **** {
 317              		.loc 1 67 0
 318              		.cfi_startproc
 319              		@ args = 0, pretend = 0, frame = 0
 320              		@ frame_needed = 1, uses_anonymous_args = 0
 321 0000 80B5     		push	{r7, lr}
 322              		.cfi_def_cfa_offset 8
 323              		.cfi_offset 7, -8
 324              		.cfi_offset 14, -4
 325 0002 00AF     		add	r7, sp, #0
ARM GAS  C:\Users\cring\AppData\Local\Temp\cc9Zbz4N.s 			page 8


 326              		.cfi_def_cfa_register 7
  68:trykControl.c ****     ADC_init(128);
 327              		.loc 1 68 0
 328 0004 8020     		movs	r0, #128
 329 0006 FFF7FEFF 		bl	ADC_init
  69:trykControl.c ****     sampleEvent_StartEx(sampleEvent_handler);
 330              		.loc 1 69 0
 331 000a 0748     		ldr	r0, .L13
 332 000c FFF7FEFF 		bl	sampleEvent_StartEx
  70:trykControl.c ****     SampleTimer_Init();
 333              		.loc 1 70 0
 334 0010 FFF7FEFF 		bl	SampleTimer_Init
  71:trykControl.c ****     
  72:trykControl.c ****     //dataFilterPtr = malloc(sizeof(float));
  73:trykControl.c ****     dataPtr = malloc(sizeof(int32));
 335              		.loc 1 73 0
 336 0014 0420     		movs	r0, #4
 337 0016 FFF7FEFF 		bl	malloc
 338 001a 0346     		mov	r3, r0
 339 001c 1A46     		mov	r2, r3
 340 001e 034B     		ldr	r3, .L13+4
 341 0020 1A60     		str	r2, [r3]
  74:trykControl.c **** }
 342              		.loc 1 74 0
 343 0022 00BF     		nop
 344 0024 80BD     		pop	{r7, pc}
 345              	.L14:
 346 0026 00BF     		.align	2
 347              	.L13:
 348 0028 00000000 		.word	sampleEvent_handler
 349 002c 00000000 		.word	dataPtr
 350              		.cfi_endproc
 351              	.LFE65:
 352              		.size	initTrykSensor, .-initTrykSensor
 353              		.section	.text.calibrateTrykSensor,"ax",%progbits
 354              		.align	2
 355              		.global	calibrateTrykSensor
 356              		.thumb
 357              		.thumb_func
 358              		.type	calibrateTrykSensor, %function
 359              	calibrateTrykSensor:
 360              	.LFB66:
  75:trykControl.c **** void calibrateTrykSensor()
  76:trykControl.c **** {
 361              		.loc 1 76 0
 362              		.cfi_startproc
 363              		@ args = 0, pretend = 0, frame = 0
 364              		@ frame_needed = 1, uses_anonymous_args = 0
 365              		@ link register save eliminated.
 366 0000 80B4     		push	{r7}
 367              		.cfi_def_cfa_offset 4
 368              		.cfi_offset 7, -4
 369 0002 00AF     		add	r7, sp, #0
 370              		.cfi_def_cfa_register 7
  77:trykControl.c ****     
  78:trykControl.c **** }
 371              		.loc 1 78 0
ARM GAS  C:\Users\cring\AppData\Local\Temp\cc9Zbz4N.s 			page 9


 372 0004 00BF     		nop
 373 0006 BD46     		mov	sp, r7
 374              		.cfi_def_cfa_register 13
 375              		@ sp needed
 376 0008 80BC     		pop	{r7}
 377              		.cfi_restore 7
 378              		.cfi_def_cfa_offset 0
 379 000a 7047     		bx	lr
 380              		.cfi_endproc
 381              	.LFE66:
 382              		.size	calibrateTrykSensor, .-calibrateTrykSensor
 383              		.section	.text.getVaegt,"ax",%progbits
 384              		.align	2
 385              		.global	getVaegt
 386              		.thumb
 387              		.thumb_func
 388              		.type	getVaegt, %function
 389              	getVaegt:
 390              	.LFB67:
  79:trykControl.c **** 
  80:trykControl.c **** uint32 getVaegt(uint16 periode_ms)
  81:trykControl.c **** {
 391              		.loc 1 81 0
 392              		.cfi_startproc
 393              		@ args = 0, pretend = 0, frame = 16
 394              		@ frame_needed = 1, uses_anonymous_args = 0
 395 0000 90B5     		push	{r4, r7, lr}
 396              		.cfi_def_cfa_offset 12
 397              		.cfi_offset 4, -12
 398              		.cfi_offset 7, -8
 399              		.cfi_offset 14, -4
 400 0002 85B0     		sub	sp, sp, #20
 401              		.cfi_def_cfa_offset 32
 402 0004 00AF     		add	r7, sp, #0
 403              		.cfi_def_cfa_register 7
 404 0006 0346     		mov	r3, r0
 405 0008 FB80     		strh	r3, [r7, #6]	@ movhi
  82:trykControl.c ****     samples = (periode_ms * fs)/1000;
 406              		.loc 1 82 0
 407 000a FB88     		ldrh	r3, [r7, #6]
 408 000c 334A     		ldr	r2, .L22
 409 000e 1268     		ldr	r2, [r2]
 410 0010 02FB03F3 		mul	r3, r2, r3
 411 0014 324A     		ldr	r2, .L22+4
 412 0016 82FB0312 		smull	r1, r2, r2, r3
 413 001a 9211     		asrs	r2, r2, #6
 414 001c DB17     		asrs	r3, r3, #31
 415 001e D31A     		subs	r3, r2, r3
 416 0020 304A     		ldr	r2, .L22+8
 417 0022 1360     		str	r3, [r2]
  83:trykControl.c ****     realloc(dataPtr, sizeof(int32)*samples);
 418              		.loc 1 83 0
 419 0024 304B     		ldr	r3, .L22+12
 420 0026 1A68     		ldr	r2, [r3]
 421 0028 2E4B     		ldr	r3, .L22+8
 422 002a 1B68     		ldr	r3, [r3]
 423 002c 9B00     		lsls	r3, r3, #2
ARM GAS  C:\Users\cring\AppData\Local\Temp\cc9Zbz4N.s 			page 10


 424 002e 1946     		mov	r1, r3
 425 0030 1046     		mov	r0, r2
 426 0032 FFF7FEFF 		bl	realloc
  84:trykControl.c ****     
  85:trykControl.c ****     
  86:trykControl.c ****     
  87:trykControl.c ****     SampleTimer_ClearFIFO();
 427              		.loc 1 87 0
 428 0036 FFF7FEFF 		bl	SampleTimer_ClearFIFO
  88:trykControl.c ****     sampleCounter = 0;
 429              		.loc 1 88 0
 430 003a 2C4B     		ldr	r3, .L22+16
 431 003c 0022     		movs	r2, #0
 432 003e 1A60     		str	r2, [r3]
  89:trykControl.c ****     readDataFlag = 0;
 433              		.loc 1 89 0
 434 0040 2B4B     		ldr	r3, .L22+20
 435 0042 0022     		movs	r2, #0
 436 0044 1A60     		str	r2, [r3]
  90:trykControl.c ****     SampleTimer_Start();
 437              		.loc 1 90 0
 438 0046 FFF7FEFF 		bl	SampleTimer_Start
  91:trykControl.c ****     sampleControl = Running;
 439              		.loc 1 91 0
 440 004a 2A4B     		ldr	r3, .L22+24
 441 004c 0022     		movs	r2, #0
 442 004e 1A70     		strb	r2, [r3]
  92:trykControl.c ****     
  93:trykControl.c ****     while(sampleControl != Done)
 443              		.loc 1 93 0
 444 0050 15E0     		b	.L17
 445              	.L18:
  94:trykControl.c ****     {
  95:trykControl.c ****         if(readDataFlag)
 446              		.loc 1 95 0
 447 0052 274B     		ldr	r3, .L22+20
 448 0054 1B68     		ldr	r3, [r3]
 449 0056 002B     		cmp	r3, #0
 450 0058 11D0     		beq	.L17
  96:trykControl.c ****         {
  97:trykControl.c ****             dataPtr[sampleCounter] = ADC_read();
 451              		.loc 1 97 0
 452 005a 234B     		ldr	r3, .L22+12
 453 005c 1A68     		ldr	r2, [r3]
 454 005e 234B     		ldr	r3, .L22+16
 455 0060 1B68     		ldr	r3, [r3]
 456 0062 9B00     		lsls	r3, r3, #2
 457 0064 D418     		adds	r4, r2, r3
 458 0066 FFF7FEFF 		bl	ADC_read
 459 006a 0346     		mov	r3, r0
 460 006c 2360     		str	r3, [r4]
  98:trykControl.c ****             sampleCounter++;
 461              		.loc 1 98 0
 462 006e 1F4B     		ldr	r3, .L22+16
 463 0070 1B68     		ldr	r3, [r3]
 464 0072 0133     		adds	r3, r3, #1
 465 0074 1D4A     		ldr	r2, .L22+16
ARM GAS  C:\Users\cring\AppData\Local\Temp\cc9Zbz4N.s 			page 11


 466 0076 1360     		str	r3, [r2]
  99:trykControl.c ****             readDataFlag = 0;
 467              		.loc 1 99 0
 468 0078 1D4B     		ldr	r3, .L22+20
 469 007a 0022     		movs	r2, #0
 470 007c 1A60     		str	r2, [r3]
 471              	.L17:
  93:trykControl.c ****     {
 472              		.loc 1 93 0
 473 007e 1D4B     		ldr	r3, .L22+24
 474 0080 1B78     		ldrb	r3, [r3]	@ zero_extendqisi2
 475 0082 012B     		cmp	r3, #1
 476 0084 E5D1     		bne	.L18
 100:trykControl.c ****             
 101:trykControl.c ****         }
 102:trykControl.c ****     }
 103:trykControl.c ****     //filter(dataPtr);
 104:trykControl.c **** 
 105:trykControl.c ****     vaegt = 0;
 477              		.loc 1 105 0
 478 0086 1C4B     		ldr	r3, .L22+28
 479 0088 0022     		movs	r2, #0
 480 008a 1A60     		str	r2, [r3]
 481              	.LBB3:
 106:trykControl.c ****     for(int i = 0; i<samples; i++)
 482              		.loc 1 106 0
 483 008c 0023     		movs	r3, #0
 484 008e FB60     		str	r3, [r7, #12]
 485 0090 0DE0     		b	.L19
 486              	.L20:
 107:trykControl.c ****     {
 108:trykControl.c ****         vaegt += dataPtr[i];
 487              		.loc 1 108 0 discriminator 3
 488 0092 154B     		ldr	r3, .L22+12
 489 0094 1A68     		ldr	r2, [r3]
 490 0096 FB68     		ldr	r3, [r7, #12]
 491 0098 9B00     		lsls	r3, r3, #2
 492 009a 1344     		add	r3, r3, r2
 493 009c 1A68     		ldr	r2, [r3]
 494 009e 164B     		ldr	r3, .L22+28
 495 00a0 1B68     		ldr	r3, [r3]
 496 00a2 1344     		add	r3, r3, r2
 497 00a4 144A     		ldr	r2, .L22+28
 498 00a6 1360     		str	r3, [r2]
 106:trykControl.c ****     for(int i = 0; i<samples; i++)
 499              		.loc 1 106 0 discriminator 3
 500 00a8 FB68     		ldr	r3, [r7, #12]
 501 00aa 0133     		adds	r3, r3, #1
 502 00ac FB60     		str	r3, [r7, #12]
 503              	.L19:
 106:trykControl.c ****     for(int i = 0; i<samples; i++)
 504              		.loc 1 106 0 is_stmt 0 discriminator 1
 505 00ae 0D4B     		ldr	r3, .L22+8
 506 00b0 1B68     		ldr	r3, [r3]
 507 00b2 FA68     		ldr	r2, [r7, #12]
 508 00b4 9A42     		cmp	r2, r3
 509 00b6 ECDB     		blt	.L20
ARM GAS  C:\Users\cring\AppData\Local\Temp\cc9Zbz4N.s 			page 12


 510              	.LBE3:
 109:trykControl.c ****     }
 110:trykControl.c ****     vaegt /= samples;
 511              		.loc 1 110 0 is_stmt 1
 512 00b8 0F4B     		ldr	r3, .L22+28
 513 00ba 1A68     		ldr	r2, [r3]
 514 00bc 094B     		ldr	r3, .L22+8
 515 00be 1B68     		ldr	r3, [r3]
 516 00c0 92FBF3F3 		sdiv	r3, r2, r3
 517 00c4 0C4A     		ldr	r2, .L22+28
 518 00c6 1360     		str	r3, [r2]
 111:trykControl.c ****     /*
 112:trykControl.c ****     for(int i = 0; i<samples; i++)
 113:trykControl.c ****     {
 114:trykControl.c ****         dataPtr[i] -= vaegt;
 115:trykControl.c ****     }
 116:trykControl.c ****     
 117:trykControl.c ****     
 118:trykControl.c ****     vaegt = 0;
 119:trykControl.c ****     for(int i = 0; i<samples; i++)
 120:trykControl.c ****     {
 121:trykControl.c ****         vaegt += abs(dataPtr[i]);
 122:trykControl.c ****     }
 123:trykControl.c ****     vaegt /= samples;*/
 124:trykControl.c ****     return abs(vaegt);
 519              		.loc 1 124 0
 520 00c8 0B4B     		ldr	r3, .L22+28
 521 00ca 1B68     		ldr	r3, [r3]
 522 00cc 002B     		cmp	r3, #0
 523 00ce B8BF     		it	lt
 524 00d0 5B42     		rsblt	r3, r3, #0
 125:trykControl.c **** }...
 525              		.loc 1 125 0
 526 00d2 1846     		mov	r0, r3
 527 00d4 1437     		adds	r7, r7, #20
 528              		.cfi_def_cfa_offset 12
 529 00d6 BD46     		mov	sp, r7
 530              		.cfi_def_cfa_register 13
 531              		@ sp needed
 532 00d8 90BD     		pop	{r4, r7, pc}
 533              	.L23:
 534 00da 00BF     		.align	2
 535              	.L22:
 536 00dc 00000000 		.word	fs
 537 00e0 D34D6210 		.word	274877907
 538 00e4 00000000 		.word	samples
 539 00e8 00000000 		.word	dataPtr
 540 00ec 00000000 		.word	sampleCounter
 541 00f0 00000000 		.word	readDataFlag
 542 00f4 00000000 		.word	sampleControl
 543 00f8 00000000 		.word	vaegt
 544              		.cfi_endproc
 545              	.LFE67:
 546              		.size	getVaegt, .-getVaegt
 547              		.text
 548              	.Letext0:
 549              		.file 2 "c:\\program files (x86)\\cypress\\psoc creator\\4.4\\psoc creator\\import\\gnu\\arm\\5.4.
ARM GAS  C:\Users\cring\AppData\Local\Temp\cc9Zbz4N.s 			page 13


 550              		.file 3 "c:\\program files (x86)\\cypress\\psoc creator\\4.4\\psoc creator\\import\\gnu\\arm\\5.4.
 551              		.file 4 "Generated_Source\\PSoC5/cytypes.h"
 552              		.file 5 "Generated_Source\\PSoC5/core_cm3.h"
 553              		.section	.debug_info,"",%progbits
 554              	.Ldebug_info0:
 555 0000 A6020000 		.4byte	0x2a6
 556 0004 0400     		.2byte	0x4
 557 0006 00000000 		.4byte	.Ldebug_abbrev0
 558 000a 04       		.byte	0x4
 559 000b 01       		.uleb128 0x1
 560 000c 41000000 		.4byte	.LASF38
 561 0010 0C       		.byte	0xc
 562 0011 43020000 		.4byte	.LASF39
 563 0015 00000000 		.4byte	.LASF40
 564 0019 00000000 		.4byte	.Ldebug_ranges0+0
 565 001d 00000000 		.4byte	0
 566 0021 00000000 		.4byte	.Ldebug_line0
 567 0025 02       		.uleb128 0x2
 568 0026 01       		.byte	0x1
 569 0027 06       		.byte	0x6
 570 0028 FD000000 		.4byte	.LASF0
 571 002c 02       		.uleb128 0x2
 572 002d 01       		.byte	0x1
 573 002e 08       		.byte	0x8
 574 002f 46010000 		.4byte	.LASF1
 575 0033 02       		.uleb128 0x2
 576 0034 02       		.byte	0x2
 577 0035 05       		.byte	0x5
 578 0036 28020000 		.4byte	.LASF2
 579 003a 02       		.uleb128 0x2
 580 003b 02       		.byte	0x2
 581 003c 07       		.byte	0x7
 582 003d DF000000 		.4byte	.LASF3
 583 0041 03       		.uleb128 0x3
 584 0042 D5000000 		.4byte	.LASF9
 585 0046 02       		.byte	0x2
 586 0047 3F       		.byte	0x3f
 587 0048 4C000000 		.4byte	0x4c
 588 004c 02       		.uleb128 0x2
 589 004d 04       		.byte	0x4
 590 004e 05       		.byte	0x5
 591 004f 51020000 		.4byte	.LASF4
 592 0053 02       		.uleb128 0x2
 593 0054 04       		.byte	0x4
 594 0055 07       		.byte	0x7
 595 0056 54010000 		.4byte	.LASF5
 596 005a 02       		.uleb128 0x2
 597 005b 08       		.byte	0x8
 598 005c 05       		.byte	0x5
 599 005d 15020000 		.4byte	.LASF6
 600 0061 02       		.uleb128 0x2
 601 0062 08       		.byte	0x8
 602 0063 07       		.byte	0x7
 603 0064 B9010000 		.4byte	.LASF7
 604 0068 04       		.uleb128 0x4
 605 0069 04       		.byte	0x4
 606 006a 05       		.byte	0x5
ARM GAS  C:\Users\cring\AppData\Local\Temp\cc9Zbz4N.s 			page 14


 607 006b 696E7400 		.ascii	"int\000"
 608 006f 02       		.uleb128 0x2
 609 0070 04       		.byte	0x4
 610 0071 07       		.byte	0x7
 611 0072 9F010000 		.4byte	.LASF8
 612 0076 03       		.uleb128 0x3
 613 0077 04020000 		.4byte	.LASF10
 614 007b 03       		.byte	0x3
 615 007c 2C       		.byte	0x2c
 616 007d 41000000 		.4byte	0x41
 617 0081 05       		.uleb128 0x5
 618 0082 66010000 		.4byte	.LASF11
 619 0086 04       		.byte	0x4
 620 0087 E901     		.2byte	0x1e9
 621 0089 3A000000 		.4byte	0x3a
 622 008d 05       		.uleb128 0x5
 623 008e 98010000 		.4byte	.LASF12
 624 0092 04       		.byte	0x4
 625 0093 EA01     		.2byte	0x1ea
 626 0095 53000000 		.4byte	0x53
 627 0099 05       		.uleb128 0x5
 628 009a 3A010000 		.4byte	.LASF13
 629 009e 04       		.byte	0x4
 630 009f ED01     		.2byte	0x1ed
 631 00a1 4C000000 		.4byte	0x4c
 632 00a5 02       		.uleb128 0x2
 633 00a6 04       		.byte	0x4
 634 00a7 04       		.byte	0x4
 635 00a8 F7000000 		.4byte	.LASF14
 636 00ac 02       		.uleb128 0x2
 637 00ad 08       		.byte	0x8
 638 00ae 04       		.byte	0x4
 639 00af 6E020000 		.4byte	.LASF15
 640 00b3 02       		.uleb128 0x2
 641 00b4 01       		.byte	0x1
 642 00b5 08       		.byte	0x8
 643 00b6 23020000 		.4byte	.LASF16
 644 00ba 02       		.uleb128 0x2
 645 00bb 08       		.byte	0x8
 646 00bc 04       		.byte	0x4
 647 00bd 5A020000 		.4byte	.LASF17
 648 00c1 02       		.uleb128 0x2
 649 00c2 04       		.byte	0x4
 650 00c3 07       		.byte	0x7
 651 00c4 0C020000 		.4byte	.LASF18
 652 00c8 06       		.uleb128 0x6
 653 00c9 01       		.byte	0x1
 654 00ca 2C000000 		.4byte	0x2c
 655 00ce 01       		.byte	0x1
 656 00cf 08       		.byte	0x8
 657 00d0 E1000000 		.4byte	0xe1
 658 00d4 07       		.uleb128 0x7
 659 00d5 32020000 		.4byte	.LASF19
 660 00d9 00       		.byte	0
 661 00da 07       		.uleb128 0x7
 662 00db F2000000 		.4byte	.LASF20
 663 00df 01       		.byte	0x1
ARM GAS  C:\Users\cring\AppData\Local\Temp\cc9Zbz4N.s 			page 15


 664 00e0 00       		.byte	0
 665 00e1 03       		.uleb128 0x3
 666 00e2 CF000000 		.4byte	.LASF21
 667 00e6 01       		.byte	0x1
 668 00e7 0B       		.byte	0xb
 669 00e8 C8000000 		.4byte	0xc8
 670 00ec 08       		.uleb128 0x8
 671 00ed F0010000 		.4byte	.LASF41
 672 00f1 01       		.byte	0x1
 673 00f2 14       		.byte	0x14
 674 00f3 00000000 		.4byte	.LFB63
 675 00f7 34000000 		.4byte	.LFE63-.LFB63
 676 00fb 01       		.uleb128 0x1
 677 00fc 9C       		.byte	0x9c
 678 00fd 09       		.uleb128 0x9
 679 00fe 09010000 		.4byte	.LASF26
 680 0102 01       		.byte	0x1
 681 0103 2C       		.byte	0x2c
 682 0104 57010000 		.4byte	0x157
 683 0108 00000000 		.4byte	.LFB64
 684 010c 40010000 		.4byte	.LFE64-.LFB64
 685 0110 01       		.uleb128 0x1
 686 0111 9C       		.byte	0x9c
 687 0112 57010000 		.4byte	0x157
 688 0116 0A       		.uleb128 0xa
 689 0117 3A020000 		.4byte	.LASF28
 690 011b 01       		.byte	0x1
 691 011c 2C       		.byte	0x2c
 692 011d 5D010000 		.4byte	0x15d
 693 0121 02       		.uleb128 0x2
 694 0122 91       		.byte	0x91
 695 0123 54       		.sleb128 -44
 696 0124 0B       		.uleb128 0xb
 697 0125 EB010000 		.4byte	.LASF22
 698 0129 01       		.byte	0x1
 699 012a 2F       		.byte	0x2f
 700 012b 63010000 		.4byte	0x163
 701 012f 02       		.uleb128 0x2
 702 0130 91       		.byte	0x91
 703 0131 64       		.sleb128 -28
 704 0132 0B       		.uleb128 0xb
 705 0133 35010000 		.4byte	.LASF23
 706 0137 01       		.byte	0x1
 707 0138 30       		.byte	0x30
 708 0139 63010000 		.4byte	0x163
 709 013d 02       		.uleb128 0x2
 710 013e 91       		.byte	0x91
 711 013f 5C       		.sleb128 -36
 712 0140 0C       		.uleb128 0xc
 713 0141 1C000000 		.4byte	.LBB2
 714 0145 FE000000 		.4byte	.LBE2-.LBB2
 715 0149 0D       		.uleb128 0xd
 716 014a 6900     		.ascii	"i\000"
 717 014c 01       		.byte	0x1
 718 014d 32       		.byte	0x32
 719 014e 68000000 		.4byte	0x68
 720 0152 02       		.uleb128 0x2
ARM GAS  C:\Users\cring\AppData\Local\Temp\cc9Zbz4N.s 			page 16


 721 0153 91       		.byte	0x91
 722 0154 6C       		.sleb128 -20
 723 0155 00       		.byte	0
 724 0156 00       		.byte	0
 725 0157 0E       		.uleb128 0xe
 726 0158 04       		.byte	0x4
 727 0159 A5000000 		.4byte	0xa5
 728 015d 0E       		.uleb128 0xe
 729 015e 04       		.byte	0x4
 730 015f 99000000 		.4byte	0x99
 731 0163 0F       		.uleb128 0xf
 732 0164 A5000000 		.4byte	0xa5
 733 0168 73010000 		.4byte	0x173
 734 016c 10       		.uleb128 0x10
 735 016d C1000000 		.4byte	0xc1
 736 0171 01       		.byte	0x1
 737 0172 00       		.byte	0
 738 0173 11       		.uleb128 0x11
 739 0174 10010000 		.4byte	.LASF24
 740 0178 01       		.byte	0x1
 741 0179 42       		.byte	0x42
 742 017a 00000000 		.4byte	.LFB65
 743 017e 30000000 		.4byte	.LFE65-.LFB65
 744 0182 01       		.uleb128 0x1
 745 0183 9C       		.byte	0x9c
 746 0184 12       		.uleb128 0x12
 747 0185 6D010000 		.4byte	.LASF25
 748 0189 01       		.byte	0x1
 749 018a 4B       		.byte	0x4b
 750 018b 00000000 		.4byte	.LFB66
 751 018f 0C000000 		.4byte	.LFE66-.LFB66
 752 0193 01       		.uleb128 0x1
 753 0194 9C       		.byte	0x9c
 754 0195 09       		.uleb128 0x9
 755 0196 81010000 		.4byte	.LASF27
 756 019a 01       		.byte	0x1
 757 019b 50       		.byte	0x50
 758 019c 8D000000 		.4byte	0x8d
 759 01a0 00000000 		.4byte	.LFB67
 760 01a4 FC000000 		.4byte	.LFE67-.LFB67
 761 01a8 01       		.uleb128 0x1
 762 01a9 9C       		.byte	0x9c
 763 01aa D3010000 		.4byte	0x1d3
 764 01ae 0A       		.uleb128 0xa
 765 01af 75020000 		.4byte	.LASF29
 766 01b3 01       		.byte	0x1
 767 01b4 50       		.byte	0x50
 768 01b5 81000000 		.4byte	0x81
 769 01b9 02       		.uleb128 0x2
 770 01ba 91       		.byte	0x91
 771 01bb 66       		.sleb128 -26
 772 01bc 0C       		.uleb128 0xc
 773 01bd 8C000000 		.4byte	.LBB3
 774 01c1 2C000000 		.4byte	.LBE3-.LBB3
 775 01c5 0D       		.uleb128 0xd
 776 01c6 6900     		.ascii	"i\000"
 777 01c8 01       		.byte	0x1
ARM GAS  C:\Users\cring\AppData\Local\Temp\cc9Zbz4N.s 			page 17


 778 01c9 6A       		.byte	0x6a
 779 01ca 68000000 		.4byte	0x68
 780 01ce 02       		.uleb128 0x2
 781 01cf 91       		.byte	0x91
 782 01d0 6C       		.sleb128 -20
 783 01d1 00       		.byte	0
 784 01d2 00       		.byte	0
 785 01d3 13       		.uleb128 0x13
 786 01d4 DE010000 		.4byte	.LASF30
 787 01d8 05       		.byte	0x5
 788 01d9 1207     		.2byte	0x712
 789 01db DF010000 		.4byte	0x1df
 790 01df 14       		.uleb128 0x14
 791 01e0 76000000 		.4byte	0x76
 792 01e4 15       		.uleb128 0x15
 793 01e5 40010000 		.4byte	.LASF31
 794 01e9 01       		.byte	0x1
 795 01ea 05       		.byte	0x5
 796 01eb 99000000 		.4byte	0x99
 797 01ef 05       		.uleb128 0x5
 798 01f0 03       		.byte	0x3
 799 01f1 00000000 		.4byte	vaegt
 800 01f5 16       		.uleb128 0x16
 801 01f6 667300   		.ascii	"fs\000"
 802 01f9 01       		.byte	0x1
 803 01fa 06       		.byte	0x6
 804 01fb 68000000 		.4byte	0x68
 805 01ff 05       		.uleb128 0x5
 806 0200 03       		.byte	0x3
 807 0201 00000000 		.4byte	fs
 808 0205 15       		.uleb128 0x15
 809 0206 D0010000 		.4byte	.LASF32
 810 020a 01       		.byte	0x1
 811 020b 0C       		.byte	0xc
 812 020c E1000000 		.4byte	0xe1
 813 0210 05       		.uleb128 0x5
 814 0211 03       		.byte	0x3
 815 0212 00000000 		.4byte	sampleControl
 816 0216 15       		.uleb128 0x15
 817 0217 2D010000 		.4byte	.LASF33
 818 021b 01       		.byte	0x1
 819 021c 0E       		.byte	0xe
 820 021d 5D010000 		.4byte	0x15d
 821 0221 05       		.uleb128 0x5
 822 0222 03       		.byte	0x3
 823 0223 00000000 		.4byte	dataPtr
 824 0227 0F       		.uleb128 0xf
 825 0228 A5000000 		.4byte	0xa5
 826 022c 37020000 		.4byte	0x237
 827 0230 10       		.uleb128 0x10
 828 0231 C1000000 		.4byte	0xc1
 829 0235 63       		.byte	0x63
 830 0236 00       		.byte	0
 831 0237 15       		.uleb128 0x15
 832 0238 1F010000 		.4byte	.LASF34
 833 023c 01       		.byte	0x1
 834 023d 0F       		.byte	0xf
ARM GAS  C:\Users\cring\AppData\Local\Temp\cc9Zbz4N.s 			page 18


 835 023e 27020000 		.4byte	0x227
 836 0242 05       		.uleb128 0x5
 837 0243 03       		.byte	0x3
 838 0244 00000000 		.4byte	dataFilterPtr
 839 0248 15       		.uleb128 0x15
 840 0249 66020000 		.4byte	.LASF35
 841 024d 01       		.byte	0x1
 842 024e 10       		.byte	0x10
 843 024f 68000000 		.4byte	0x68
 844 0253 05       		.uleb128 0x5
 845 0254 03       		.byte	0x3
 846 0255 00000000 		.4byte	samples
 847 0259 15       		.uleb128 0x15
 848 025a 8A010000 		.4byte	.LASF36
 849 025e 01       		.byte	0x1
 850 025f 11       		.byte	0x11
 851 0260 68000000 		.4byte	0x68
 852 0264 05       		.uleb128 0x5
 853 0265 03       		.byte	0x3
 854 0266 00000000 		.4byte	sampleCounter
 855 026a 15       		.uleb128 0x15
 856 026b AC010000 		.4byte	.LASF37
 857 026f 01       		.byte	0x1
 858 0270 12       		.byte	0x12
 859 0271 68000000 		.4byte	0x68
 860 0275 05       		.uleb128 0x5
 861 0276 03       		.byte	0x3
 862 0277 00000000 		.4byte	readDataFlag
 863 027b 0F       		.uleb128 0xf
 864 027c A5000000 		.4byte	0xa5
 865 0280 8B020000 		.4byte	0x28b
 866 0284 10       		.uleb128 0x10
 867 0285 C1000000 		.4byte	0xc1
 868 0289 02       		.byte	0x2
 869 028a 00       		.byte	0
 870 028b 16       		.uleb128 0x16
 871 028c 6100     		.ascii	"a\000"
 872 028e 01       		.byte	0x1
 873 028f 20       		.byte	0x20
 874 0290 7B020000 		.4byte	0x27b
 875 0294 05       		.uleb128 0x5
 876 0295 03       		.byte	0x3
 877 0296 00000000 		.4byte	a
 878 029a 16       		.uleb128 0x16
 879 029b 6200     		.ascii	"b\000"
 880 029d 01       		.byte	0x1
 881 029e 26       		.byte	0x26
 882 029f 7B020000 		.4byte	0x27b
 883 02a3 05       		.uleb128 0x5
 884 02a4 03       		.byte	0x3
 885 02a5 00000000 		.4byte	b
 886 02a9 00       		.byte	0
 887              		.section	.debug_abbrev,"",%progbits
 888              	.Ldebug_abbrev0:
 889 0000 01       		.uleb128 0x1
 890 0001 11       		.uleb128 0x11
 891 0002 01       		.byte	0x1
ARM GAS  C:\Users\cring\AppData\Local\Temp\cc9Zbz4N.s 			page 19


 892 0003 25       		.uleb128 0x25
 893 0004 0E       		.uleb128 0xe
 894 0005 13       		.uleb128 0x13
 895 0006 0B       		.uleb128 0xb
 896 0007 03       		.uleb128 0x3
 897 0008 0E       		.uleb128 0xe
 898 0009 1B       		.uleb128 0x1b
 899 000a 0E       		.uleb128 0xe
 900 000b 55       		.uleb128 0x55
 901 000c 17       		.uleb128 0x17
 902 000d 11       		.uleb128 0x11
 903 000e 01       		.uleb128 0x1
 904 000f 10       		.uleb128 0x10
 905 0010 17       		.uleb128 0x17
 906 0011 00       		.byte	0
 907 0012 00       		.byte	0
 908 0013 02       		.uleb128 0x2
 909 0014 24       		.uleb128 0x24
 910 0015 00       		.byte	0
 911 0016 0B       		.uleb128 0xb
 912 0017 0B       		.uleb128 0xb
 913 0018 3E       		.uleb128 0x3e
 914 0019 0B       		.uleb128 0xb
 915 001a 03       		.uleb128 0x3
 916 001b 0E       		.uleb128 0xe
 917 001c 00       		.byte	0
 918 001d 00       		.byte	0
 919 001e 03       		.uleb128 0x3
 920 001f 16       		.uleb128 0x16
 921 0020 00       		.byte	0
 922 0021 03       		.uleb128 0x3
 923 0022 0E       		.uleb128 0xe
 924 0023 3A       		.uleb128 0x3a
 925 0024 0B       		.uleb128 0xb
 926 0025 3B       		.uleb128 0x3b
 927 0026 0B       		.uleb128 0xb
 928 0027 49       		.uleb128 0x49
 929 0028 13       		.uleb128 0x13
 930 0029 00       		.byte	0
 931 002a 00       		.byte	0
 932 002b 04       		.uleb128 0x4
 933 002c 24       		.uleb128 0x24
 934 002d 00       		.byte	0
 935 002e 0B       		.uleb128 0xb
 936 002f 0B       		.uleb128 0xb
 937 0030 3E       		.uleb128 0x3e
 938 0031 0B       		.uleb128 0xb
 939 0032 03       		.uleb128 0x3
 940 0033 08       		.uleb128 0x8
 941 0034 00       		.byte	0
 942 0035 00       		.byte	0
 943 0036 05       		.uleb128 0x5
 944 0037 16       		.uleb128 0x16
 945 0038 00       		.byte	0
 946 0039 03       		.uleb128 0x3
 947 003a 0E       		.uleb128 0xe
 948 003b 3A       		.uleb128 0x3a
ARM GAS  C:\Users\cring\AppData\Local\Temp\cc9Zbz4N.s 			page 20


 949 003c 0B       		.uleb128 0xb
 950 003d 3B       		.uleb128 0x3b
 951 003e 05       		.uleb128 0x5
 952 003f 49       		.uleb128 0x49
 953 0040 13       		.uleb128 0x13
 954 0041 00       		.byte	0
 955 0042 00       		.byte	0
 956 0043 06       		.uleb128 0x6
 957 0044 04       		.uleb128 0x4
 958 0045 01       		.byte	0x1
 959 0046 0B       		.uleb128 0xb
 960 0047 0B       		.uleb128 0xb
 961 0048 49       		.uleb128 0x49
 962 0049 13       		.uleb128 0x13
 963 004a 3A       		.uleb128 0x3a
 964 004b 0B       		.uleb128 0xb
 965 004c 3B       		.uleb128 0x3b
 966 004d 0B       		.uleb128 0xb
 967 004e 01       		.uleb128 0x1
 968 004f 13       		.uleb128 0x13
 969 0050 00       		.byte	0
 970 0051 00       		.byte	0
 971 0052 07       		.uleb128 0x7
 972 0053 28       		.uleb128 0x28
 973 0054 00       		.byte	0
 974 0055 03       		.uleb128 0x3
 975 0056 0E       		.uleb128 0xe
 976 0057 1C       		.uleb128 0x1c
 977 0058 0B       		.uleb128 0xb
 978 0059 00       		.byte	0
 979 005a 00       		.byte	0
 980 005b 08       		.uleb128 0x8
 981 005c 2E       		.uleb128 0x2e
 982 005d 00       		.byte	0
 983 005e 3F       		.uleb128 0x3f
 984 005f 19       		.uleb128 0x19
 985 0060 03       		.uleb128 0x3
 986 0061 0E       		.uleb128 0xe
 987 0062 3A       		.uleb128 0x3a
 988 0063 0B       		.uleb128 0xb
 989 0064 3B       		.uleb128 0x3b
 990 0065 0B       		.uleb128 0xb
 991 0066 27       		.uleb128 0x27
 992 0067 19       		.uleb128 0x19
 993 0068 11       		.uleb128 0x11
 994 0069 01       		.uleb128 0x1
 995 006a 12       		.uleb128 0x12
 996 006b 06       		.uleb128 0x6
 997 006c 40       		.uleb128 0x40
 998 006d 18       		.uleb128 0x18
 999 006e 9642     		.uleb128 0x2116
 1000 0070 19       		.uleb128 0x19
 1001 0071 00       		.byte	0
 1002 0072 00       		.byte	0
 1003 0073 09       		.uleb128 0x9
 1004 0074 2E       		.uleb128 0x2e
 1005 0075 01       		.byte	0x1
ARM GAS  C:\Users\cring\AppData\Local\Temp\cc9Zbz4N.s 			page 21


 1006 0076 3F       		.uleb128 0x3f
 1007 0077 19       		.uleb128 0x19
 1008 0078 03       		.uleb128 0x3
 1009 0079 0E       		.uleb128 0xe
 1010 007a 3A       		.uleb128 0x3a
 1011 007b 0B       		.uleb128 0xb
 1012 007c 3B       		.uleb128 0x3b
 1013 007d 0B       		.uleb128 0xb
 1014 007e 27       		.uleb128 0x27
 1015 007f 19       		.uleb128 0x19
 1016 0080 49       		.uleb128 0x49
 1017 0081 13       		.uleb128 0x13
 1018 0082 11       		.uleb128 0x11
 1019 0083 01       		.uleb128 0x1
 1020 0084 12       		.uleb128 0x12
 1021 0085 06       		.uleb128 0x6
 1022 0086 40       		.uleb128 0x40
 1023 0087 18       		.uleb128 0x18
 1024 0088 9642     		.uleb128 0x2116
 1025 008a 19       		.uleb128 0x19
 1026 008b 01       		.uleb128 0x1
 1027 008c 13       		.uleb128 0x13
 1028 008d 00       		.byte	0
 1029 008e 00       		.byte	0
 1030 008f 0A       		.uleb128 0xa
 1031 0090 05       		.uleb128 0x5
 1032 0091 00       		.byte	0
 1033 0092 03       		.uleb128 0x3
 1034 0093 0E       		.uleb128 0xe
 1035 0094 3A       		.uleb128 0x3a
 1036 0095 0B       		.uleb128 0xb
 1037 0096 3B       		.uleb128 0x3b
 1038 0097 0B       		.uleb128 0xb
 1039 0098 49       		.uleb128 0x49
 1040 0099 13       		.uleb128 0x13
 1041 009a 02       		.uleb128 0x2
 1042 009b 18       		.uleb128 0x18
 1043 009c 00       		.byte	0
 1044 009d 00       		.byte	0
 1045 009e 0B       		.uleb128 0xb
 1046 009f 34       		.uleb128 0x34
 1047 00a0 00       		.byte	0
 1048 00a1 03       		.uleb128 0x3
 1049 00a2 0E       		.uleb128 0xe
 1050 00a3 3A       		.uleb128 0x3a
 1051 00a4 0B       		.uleb128 0xb
 1052 00a5 3B       		.uleb128 0x3b
 1053 00a6 0B       		.uleb128 0xb
 1054 00a7 49       		.uleb128 0x49
 1055 00a8 13       		.uleb128 0x13
 1056 00a9 02       		.uleb128 0x2
 1057 00aa 18       		.uleb128 0x18
 1058 00ab 00       		.byte	0
 1059 00ac 00       		.byte	0
 1060 00ad 0C       		.uleb128 0xc
 1061 00ae 0B       		.uleb128 0xb
 1062 00af 01       		.byte	0x1
ARM GAS  C:\Users\cring\AppData\Local\Temp\cc9Zbz4N.s 			page 22


 1063 00b0 11       		.uleb128 0x11
 1064 00b1 01       		.uleb128 0x1
 1065 00b2 12       		.uleb128 0x12
 1066 00b3 06       		.uleb128 0x6
 1067 00b4 00       		.byte	0
 1068 00b5 00       		.byte	0
 1069 00b6 0D       		.uleb128 0xd
 1070 00b7 34       		.uleb128 0x34
 1071 00b8 00       		.byte	0
 1072 00b9 03       		.uleb128 0x3
 1073 00ba 08       		.uleb128 0x8
 1074 00bb 3A       		.uleb128 0x3a
 1075 00bc 0B       		.uleb128 0xb
 1076 00bd 3B       		.uleb128 0x3b
 1077 00be 0B       		.uleb128 0xb
 1078 00bf 49       		.uleb128 0x49
 1079 00c0 13       		.uleb128 0x13
 1080 00c1 02       		.uleb128 0x2
 1081 00c2 18       		.uleb128 0x18
 1082 00c3 00       		.byte	0
 1083 00c4 00       		.byte	0
 1084 00c5 0E       		.uleb128 0xe
 1085 00c6 0F       		.uleb128 0xf
 1086 00c7 00       		.byte	0
 1087 00c8 0B       		.uleb128 0xb
 1088 00c9 0B       		.uleb128 0xb
 1089 00ca 49       		.uleb128 0x49
 1090 00cb 13       		.uleb128 0x13
 1091 00cc 00       		.byte	0
 1092 00cd 00       		.byte	0
 1093 00ce 0F       		.uleb128 0xf
 1094 00cf 01       		.uleb128 0x1
 1095 00d0 01       		.byte	0x1
 1096 00d1 49       		.uleb128 0x49
 1097 00d2 13       		.uleb128 0x13
 1098 00d3 01       		.uleb128 0x1
 1099 00d4 13       		.uleb128 0x13
 1100 00d5 00       		.byte	0
 1101 00d6 00       		.byte	0
 1102 00d7 10       		.uleb128 0x10
 1103 00d8 21       		.uleb128 0x21
 1104 00d9 00       		.byte	0
 1105 00da 49       		.uleb128 0x49
 1106 00db 13       		.uleb128 0x13
 1107 00dc 2F       		.uleb128 0x2f
 1108 00dd 0B       		.uleb128 0xb
 1109 00de 00       		.byte	0
 1110 00df 00       		.byte	0
 1111 00e0 11       		.uleb128 0x11
 1112 00e1 2E       		.uleb128 0x2e
 1113 00e2 00       		.byte	0
 1114 00e3 3F       		.uleb128 0x3f
 1115 00e4 19       		.uleb128 0x19
 1116 00e5 03       		.uleb128 0x3
 1117 00e6 0E       		.uleb128 0xe
 1118 00e7 3A       		.uleb128 0x3a
 1119 00e8 0B       		.uleb128 0xb
ARM GAS  C:\Users\cring\AppData\Local\Temp\cc9Zbz4N.s 			page 23


 1120 00e9 3B       		.uleb128 0x3b
 1121 00ea 0B       		.uleb128 0xb
 1122 00eb 11       		.uleb128 0x11
 1123 00ec 01       		.uleb128 0x1
 1124 00ed 12       		.uleb128 0x12
 1125 00ee 06       		.uleb128 0x6
 1126 00ef 40       		.uleb128 0x40
 1127 00f0 18       		.uleb128 0x18
 1128 00f1 9642     		.uleb128 0x2116
 1129 00f3 19       		.uleb128 0x19
 1130 00f4 00       		.byte	0
 1131 00f5 00       		.byte	0
 1132 00f6 12       		.uleb128 0x12
 1133 00f7 2E       		.uleb128 0x2e
 1134 00f8 00       		.byte	0
 1135 00f9 3F       		.uleb128 0x3f
 1136 00fa 19       		.uleb128 0x19
 1137 00fb 03       		.uleb128 0x3
 1138 00fc 0E       		.uleb128 0xe
 1139 00fd 3A       		.uleb128 0x3a
 1140 00fe 0B       		.uleb128 0xb
 1141 00ff 3B       		.uleb128 0x3b
 1142 0100 0B       		.uleb128 0xb
 1143 0101 11       		.uleb128 0x11
 1144 0102 01       		.uleb128 0x1
 1145 0103 12       		.uleb128 0x12
 1146 0104 06       		.uleb128 0x6
 1147 0105 40       		.uleb128 0x40
 1148 0106 18       		.uleb128 0x18
 1149 0107 9742     		.uleb128 0x2117
 1150 0109 19       		.uleb128 0x19
 1151 010a 00       		.byte	0
 1152 010b 00       		.byte	0
 1153 010c 13       		.uleb128 0x13
 1154 010d 34       		.uleb128 0x34
 1155 010e 00       		.byte	0
 1156 010f 03       		.uleb128 0x3
 1157 0110 0E       		.uleb128 0xe
 1158 0111 3A       		.uleb128 0x3a
 1159 0112 0B       		.uleb128 0xb
 1160 0113 3B       		.uleb128 0x3b
 1161 0114 05       		.uleb128 0x5
 1162 0115 49       		.uleb128 0x49
 1163 0116 13       		.uleb128 0x13
 1164 0117 3F       		.uleb128 0x3f
 1165 0118 19       		.uleb128 0x19
 1166 0119 3C       		.uleb128 0x3c
 1167 011a 19       		.uleb128 0x19
 1168 011b 00       		.byte	0
 1169 011c 00       		.byte	0
 1170 011d 14       		.uleb128 0x14
 1171 011e 35       		.uleb128 0x35
 1172 011f 00       		.byte	0
 1173 0120 49       		.uleb128 0x49
 1174 0121 13       		.uleb128 0x13
 1175 0122 00       		.byte	0
 1176 0123 00       		.byte	0
ARM GAS  C:\Users\cring\AppData\Local\Temp\cc9Zbz4N.s 			page 24


 1177 0124 15       		.uleb128 0x15
 1178 0125 34       		.uleb128 0x34
 1179 0126 00       		.byte	0
 1180 0127 03       		.uleb128 0x3
 1181 0128 0E       		.uleb128 0xe
 1182 0129 3A       		.uleb128 0x3a
 1183 012a 0B       		.uleb128 0xb
 1184 012b 3B       		.uleb128 0x3b
 1185 012c 0B       		.uleb128 0xb
 1186 012d 49       		.uleb128 0x49
 1187 012e 13       		.uleb128 0x13
 1188 012f 3F       		.uleb128 0x3f
 1189 0130 19       		.uleb128 0x19
 1190 0131 02       		.uleb128 0x2
 1191 0132 18       		.uleb128 0x18
 1192 0133 00       		.byte	0
 1193 0134 00       		.byte	0
 1194 0135 16       		.uleb128 0x16
 1195 0136 34       		.uleb128 0x34
 1196 0137 00       		.byte	0
 1197 0138 03       		.uleb128 0x3
 1198 0139 08       		.uleb128 0x8
 1199 013a 3A       		.uleb128 0x3a
 1200 013b 0B       		.uleb128 0xb
 1201 013c 3B       		.uleb128 0x3b
 1202 013d 0B       		.uleb128 0xb
 1203 013e 49       		.uleb128 0x49
 1204 013f 13       		.uleb128 0x13
 1205 0140 3F       		.uleb128 0x3f
 1206 0141 19       		.uleb128 0x19
 1207 0142 02       		.uleb128 0x2
 1208 0143 18       		.uleb128 0x18
 1209 0144 00       		.byte	0
 1210 0145 00       		.byte	0
 1211 0146 00       		.byte	0
 1212              		.section	.debug_aranges,"",%progbits
 1213 0000 3C000000 		.4byte	0x3c
 1214 0004 0200     		.2byte	0x2
 1215 0006 00000000 		.4byte	.Ldebug_info0
 1216 000a 04       		.byte	0x4
 1217 000b 00       		.byte	0
 1218 000c 0000     		.2byte	0
 1219 000e 0000     		.2byte	0
 1220 0010 00000000 		.4byte	.LFB63
 1221 0014 34000000 		.4byte	.LFE63-.LFB63
 1222 0018 00000000 		.4byte	.LFB64
 1223 001c 40010000 		.4byte	.LFE64-.LFB64
 1224 0020 00000000 		.4byte	.LFB65
 1225 0024 30000000 		.4byte	.LFE65-.LFB65
 1226 0028 00000000 		.4byte	.LFB66
 1227 002c 0C000000 		.4byte	.LFE66-.LFB66
 1228 0030 00000000 		.4byte	.LFB67
 1229 0034 FC000000 		.4byte	.LFE67-.LFB67
 1230 0038 00000000 		.4byte	0
 1231 003c 00000000 		.4byte	0
 1232              		.section	.debug_ranges,"",%progbits
 1233              	.Ldebug_ranges0:
ARM GAS  C:\Users\cring\AppData\Local\Temp\cc9Zbz4N.s 			page 25


 1234 0000 00000000 		.4byte	.LFB63
 1235 0004 34000000 		.4byte	.LFE63
 1236 0008 00000000 		.4byte	.LFB64
 1237 000c 40010000 		.4byte	.LFE64
 1238 0010 00000000 		.4byte	.LFB65
 1239 0014 30000000 		.4byte	.LFE65
 1240 0018 00000000 		.4byte	.LFB66
 1241 001c 0C000000 		.4byte	.LFE66
 1242 0020 00000000 		.4byte	.LFB67
 1243 0024 FC000000 		.4byte	.LFE67
 1244 0028 00000000 		.4byte	0
 1245 002c 00000000 		.4byte	0
 1246              		.section	.debug_line,"",%progbits
 1247              	.Ldebug_line0:
 1248 0000 1D020000 		.section	.debug_str,"MS",%progbits,1
 1248      02005301 
 1248      00000201 
 1248      FB0E0D00 
 1248      01010101 
 1249              	.LASF40:
 1250 0000 433A5C55 		.ascii	"C:\\Users\\cring\\Documents\\GitHub\\PRJ4\\Tryksens"
 1250      73657273 
 1250      5C637269 
 1250      6E675C44 
 1250      6F63756D 
 1251 002d 6F725C54 		.ascii	"or\\Tryksensor.cydsn\000"
 1251      72796B73 
 1251      656E736F 
 1251      722E6379 
 1251      64736E00 
 1252              	.LASF38:
 1253 0041 474E5520 		.ascii	"GNU C11 5.4.1 20160609 (release) [ARM/embedded-5-br"
 1253      43313120 
 1253      352E342E 
 1253      31203230 
 1253      31363036 
 1254 0074 616E6368 		.ascii	"anch revision 237715] -mcpu=cortex-m3 -mthumb -g -O"
 1254      20726576 
 1254      6973696F 
 1254      6E203233 
 1254      37373135 
 1255 00a7 30202D66 		.ascii	"0 -ffunction-sections -ffat-lto-objects\000"
 1255      66756E63 
 1255      74696F6E 
 1255      2D736563 
 1255      74696F6E 
 1256              	.LASF21:
 1257 00cf 73746174 		.ascii	"state\000"
 1257      6500
 1258              	.LASF9:
 1259 00d5 5F5F696E 		.ascii	"__int32_t\000"
 1259      7433325F 
 1259      7400
 1260              	.LASF3:
 1261 00df 73686F72 		.ascii	"short unsigned int\000"
 1261      7420756E 
 1261      7369676E 
ARM GAS  C:\Users\cring\AppData\Local\Temp\cc9Zbz4N.s 			page 26


 1261      65642069 
 1261      6E7400
 1262              	.LASF20:
 1263 00f2 446F6E65 		.ascii	"Done\000"
 1263      00
 1264              	.LASF14:
 1265 00f7 666C6F61 		.ascii	"float\000"
 1265      7400
 1266              	.LASF0:
 1267 00fd 7369676E 		.ascii	"signed char\000"
 1267      65642063 
 1267      68617200 
 1268              	.LASF26:
 1269 0109 66696C74 		.ascii	"filter\000"
 1269      657200
 1270              	.LASF24:
 1271 0110 696E6974 		.ascii	"initTrykSensor\000"
 1271      5472796B 
 1271      53656E73 
 1271      6F7200
 1272              	.LASF34:
 1273 011f 64617461 		.ascii	"dataFilterPtr\000"
 1273      46696C74 
 1273      65725074 
 1273      7200
 1274              	.LASF33:
 1275 012d 64617461 		.ascii	"dataPtr\000"
 1275      50747200 
 1276              	.LASF23:
 1277 0135 786D656D 		.ascii	"xmem\000"
 1277      00
 1278              	.LASF13:
 1279 013a 696E7433 		.ascii	"int32\000"
 1279      3200
 1280              	.LASF31:
 1281 0140 76616567 		.ascii	"vaegt\000"
 1281      7400
 1282              	.LASF1:
 1283 0146 756E7369 		.ascii	"unsigned char\000"
 1283      676E6564 
 1283      20636861 
 1283      7200
 1284              	.LASF5:
 1285 0154 6C6F6E67 		.ascii	"long unsigned int\000"
 1285      20756E73 
 1285      69676E65 
 1285      6420696E 
 1285      7400
 1286              	.LASF11:
 1287 0166 75696E74 		.ascii	"uint16\000"
 1287      313600
 1288              	.LASF25:
 1289 016d 63616C69 		.ascii	"calibrateTrykSensor\000"
 1289      62726174 
 1289      65547279 
 1289      6B53656E 
 1289      736F7200 
ARM GAS  C:\Users\cring\AppData\Local\Temp\cc9Zbz4N.s 			page 27


 1290              	.LASF27:
 1291 0181 67657456 		.ascii	"getVaegt\000"
 1291      61656774 
 1291      00
 1292              	.LASF36:
 1293 018a 73616D70 		.ascii	"sampleCounter\000"
 1293      6C65436F 
 1293      756E7465 
 1293      7200
 1294              	.LASF12:
 1295 0198 75696E74 		.ascii	"uint32\000"
 1295      333200
 1296              	.LASF8:
 1297 019f 756E7369 		.ascii	"unsigned int\000"
 1297      676E6564 
 1297      20696E74 
 1297      00
 1298              	.LASF37:
 1299 01ac 72656164 		.ascii	"readDataFlag\000"
 1299      44617461 
 1299      466C6167 
 1299      00
 1300              	.LASF7:
 1301 01b9 6C6F6E67 		.ascii	"long long unsigned int\000"
 1301      206C6F6E 
 1301      6720756E 
 1301      7369676E 
 1301      65642069 
 1302              	.LASF32:
 1303 01d0 73616D70 		.ascii	"sampleControl\000"
 1303      6C65436F 
 1303      6E74726F 
 1303      6C00
 1304              	.LASF30:
 1305 01de 49544D5F 		.ascii	"ITM_RxBuffer\000"
 1305      52784275 
 1305      66666572 
 1305      00
 1306              	.LASF22:
 1307 01eb 796D656D 		.ascii	"ymem\000"
 1307      00
 1308              	.LASF41:
 1309 01f0 73616D70 		.ascii	"sampleEvent_handler\000"
 1309      6C654576 
 1309      656E745F 
 1309      68616E64 
 1309      6C657200 
 1310              	.LASF10:
 1311 0204 696E7433 		.ascii	"int32_t\000"
 1311      325F7400 
 1312              	.LASF18:
 1313 020c 73697A65 		.ascii	"sizetype\000"
 1313      74797065 
 1313      00
 1314              	.LASF6:
 1315 0215 6C6F6E67 		.ascii	"long long int\000"
 1315      206C6F6E 
ARM GAS  C:\Users\cring\AppData\Local\Temp\cc9Zbz4N.s 			page 28


 1315      6720696E 
 1315      7400
 1316              	.LASF16:
 1317 0223 63686172 		.ascii	"char\000"
 1317      00
 1318              	.LASF2:
 1319 0228 73686F72 		.ascii	"short int\000"
 1319      7420696E 
 1319      7400
 1320              	.LASF19:
 1321 0232 52756E6E 		.ascii	"Running\000"
 1321      696E6700 
 1322              	.LASF28:
 1323 023a 7472796B 		.ascii	"trykdata\000"
 1323      64617461 
 1323      00
 1324              	.LASF39:
 1325 0243 7472796B 		.ascii	"trykControl.c\000"
 1325      436F6E74 
 1325      726F6C2E 
 1325      6300
 1326              	.LASF4:
 1327 0251 6C6F6E67 		.ascii	"long int\000"
 1327      20696E74 
 1327      00
 1328              	.LASF17:
 1329 025a 6C6F6E67 		.ascii	"long double\000"
 1329      20646F75 
 1329      626C6500 
 1330              	.LASF35:
 1331 0266 73616D70 		.ascii	"samples\000"
 1331      6C657300 
 1332              	.LASF15:
 1333 026e 646F7562 		.ascii	"double\000"
 1333      6C6500
 1334              	.LASF29:
 1335 0275 70657269 		.ascii	"periode_ms\000"
 1335      6F64655F 
 1335      6D7300
 1336              		.ident	"GCC: (GNU Tools for ARM Embedded Processors) 5.4.1 20160609 (release) [ARM/embedded-5-bran
