ARM GAS  C:\Users\cring\AppData\Local\Temp\ccHsXRjS.s 			page 1


   1              		.syntax unified
   2              		.cpu cortex-m3
   3              		.fpu softvfp
   4              		.eabi_attribute 20, 1
   5              		.eabi_attribute 21, 1
   6              		.eabi_attribute 23, 3
   7              		.eabi_attribute 24, 1
   8              		.eabi_attribute 25, 1
   9              		.eabi_attribute 26, 1
  10              		.eabi_attribute 30, 6
  11              		.eabi_attribute 34, 1
  12              		.eabi_attribute 18, 4
  13              		.thumb
  14              		.syntax unified
  15              		.file	"VT100Terminal.c"
  16              		.text
  17              	.Ltext0:
  18              		.cfi_sections	.debug_frame
  19              		.section	.rodata
  20              		.align	2
  21              	.LC0:
  22 0000 1B5B324B 		.ascii	"\033[2K\000"
  22      00
  23              		.section	.text.delline,"ax",%progbits
  24              		.align	2
  25              		.global	delline
  26              		.thumb
  27              		.thumb_func
  28              		.type	delline, %function
  29              	delline:
  30              	.LFB63:
  31              		.file 1 "..\\..\\..\\..\\..\\OneDrive - Aarhus Universitet\\Uni\\3. Semester\\GFV\\Gruppe arb\\Inc
   1:..\..\..\..\..\OneDrive - Aarhus Universitet\Uni\3. Semester\GFV\Gruppe arb\Includefiles/VT100Terminal.c **** #include "VT100Terminal.h"
   2:..\..\..\..\..\OneDrive - Aarhus Universitet\Uni\3. Semester\GFV\Gruppe arb\Includefiles/VT100Terminal.c **** 
   3:..\..\..\..\..\OneDrive - Aarhus Universitet\Uni\3. Semester\GFV\Gruppe arb\Includefiles/VT100Terminal.c **** void delline(int numberoflines)
   4:..\..\..\..\..\OneDrive - Aarhus Universitet\Uni\3. Semester\GFV\Gruppe arb\Includefiles/VT100Terminal.c **** {
  32              		.loc 1 4 0
  33              		.cfi_startproc
  34              		@ args = 0, pretend = 0, frame = 16
  35              		@ frame_needed = 1, uses_anonymous_args = 0
  36 0000 80B5     		push	{r7, lr}
  37              		.cfi_def_cfa_offset 8
  38              		.cfi_offset 7, -8
  39              		.cfi_offset 14, -4
  40 0002 84B0     		sub	sp, sp, #16
  41              		.cfi_def_cfa_offset 24
  42 0004 00AF     		add	r7, sp, #0
  43              		.cfi_def_cfa_register 7
  44 0006 7860     		str	r0, [r7, #4]
  45              	.LBB2:
   5:..\..\..\..\..\OneDrive - Aarhus Universitet\Uni\3. Semester\GFV\Gruppe arb\Includefiles/VT100Terminal.c ****         for(int i = 0; i < numberoflines; i++) 
  46              		.loc 1 5 0
  47 0008 0023     		movs	r3, #0
  48 000a FB60     		str	r3, [r7, #12]
  49 000c 05E0     		b	.L2
  50              	.L3:
   6:..\..\..\..\..\OneDrive - Aarhus Universitet\Uni\3. Semester\GFV\Gruppe arb\Includefiles/VT100Terminal.c ****     {
ARM GAS  C:\Users\cring\AppData\Local\Temp\ccHsXRjS.s 			page 2


   7:..\..\..\..\..\OneDrive - Aarhus Universitet\Uni\3. Semester\GFV\Gruppe arb\Includefiles/VT100Terminal.c ****         UART_1_PutString("\x1b[2K");
  51              		.loc 1 7 0 discriminator 3
  52 000e 0748     		ldr	r0, .L4
  53 0010 FFF7FEFF 		bl	UART_1_PutString
   5:..\..\..\..\..\OneDrive - Aarhus Universitet\Uni\3. Semester\GFV\Gruppe arb\Includefiles/VT100Terminal.c ****         for(int i = 0; i < numberoflines; i++) 
  54              		.loc 1 5 0 discriminator 3
  55 0014 FB68     		ldr	r3, [r7, #12]
  56 0016 0133     		adds	r3, r3, #1
  57 0018 FB60     		str	r3, [r7, #12]
  58              	.L2:
   5:..\..\..\..\..\OneDrive - Aarhus Universitet\Uni\3. Semester\GFV\Gruppe arb\Includefiles/VT100Terminal.c ****         for(int i = 0; i < numberoflines; i++) 
  59              		.loc 1 5 0 is_stmt 0 discriminator 1
  60 001a FA68     		ldr	r2, [r7, #12]
  61 001c 7B68     		ldr	r3, [r7, #4]
  62 001e 9A42     		cmp	r2, r3
  63 0020 F5DB     		blt	.L3
  64              	.LBE2:
   8:..\..\..\..\..\OneDrive - Aarhus Universitet\Uni\3. Semester\GFV\Gruppe arb\Includefiles/VT100Terminal.c ****     }
   9:..\..\..\..\..\OneDrive - Aarhus Universitet\Uni\3. Semester\GFV\Gruppe arb\Includefiles/VT100Terminal.c **** }
  65              		.loc 1 9 0 is_stmt 1
  66 0022 00BF     		nop
  67 0024 1037     		adds	r7, r7, #16
  68              		.cfi_def_cfa_offset 8
  69 0026 BD46     		mov	sp, r7
  70              		.cfi_def_cfa_register 13
  71              		@ sp needed
  72 0028 80BD     		pop	{r7, pc}
  73              	.L5:
  74 002a 00BF     		.align	2
  75              	.L4:
  76 002c 00000000 		.word	.LC0
  77              		.cfi_endproc
  78              	.LFE63:
  79              		.size	delline, .-delline
  80              		.section	.rodata
  81 0005 000000   		.align	2
  82              	.LC1:
  83 0008 1B5B00   		.ascii	"\033[\000"
  84 000b 00       		.align	2
  85              	.LC2:
  86 000c 3B00     		.ascii	";\000"
  87 000e 0000     		.align	2
  88              	.LC3:
  89 0010 6600     		.ascii	"f\000"
  90              		.section	.text.movecursor,"ax",%progbits
  91              		.align	2
  92              		.global	movecursor
  93              		.thumb
  94              		.thumb_func
  95              		.type	movecursor, %function
  96              	movecursor:
  97              	.LFB64:
  10:..\..\..\..\..\OneDrive - Aarhus Universitet\Uni\3. Semester\GFV\Gruppe arb\Includefiles/VT100Terminal.c **** 
  11:..\..\..\..\..\OneDrive - Aarhus Universitet\Uni\3. Semester\GFV\Gruppe arb\Includefiles/VT100Terminal.c **** void movecursor(char* y, char* x)
  12:..\..\..\..\..\OneDrive - Aarhus Universitet\Uni\3. Semester\GFV\Gruppe arb\Includefiles/VT100Terminal.c **** {
  98              		.loc 1 12 0
  99              		.cfi_startproc
ARM GAS  C:\Users\cring\AppData\Local\Temp\ccHsXRjS.s 			page 3


 100              		@ args = 0, pretend = 0, frame = 8
 101              		@ frame_needed = 1, uses_anonymous_args = 0
 102 0000 80B5     		push	{r7, lr}
 103              		.cfi_def_cfa_offset 8
 104              		.cfi_offset 7, -8
 105              		.cfi_offset 14, -4
 106 0002 82B0     		sub	sp, sp, #8
 107              		.cfi_def_cfa_offset 16
 108 0004 00AF     		add	r7, sp, #0
 109              		.cfi_def_cfa_register 7
 110 0006 7860     		str	r0, [r7, #4]
 111 0008 3960     		str	r1, [r7]
  13:..\..\..\..\..\OneDrive - Aarhus Universitet\Uni\3. Semester\GFV\Gruppe arb\Includefiles/VT100Terminal.c ****     UART_1_PutString("\x1b[");
 112              		.loc 1 13 0
 113 000a 0948     		ldr	r0, .L7
 114 000c FFF7FEFF 		bl	UART_1_PutString
  14:..\..\..\..\..\OneDrive - Aarhus Universitet\Uni\3. Semester\GFV\Gruppe arb\Includefiles/VT100Terminal.c ****     UART_1_PutString(y);
 115              		.loc 1 14 0
 116 0010 7868     		ldr	r0, [r7, #4]
 117 0012 FFF7FEFF 		bl	UART_1_PutString
  15:..\..\..\..\..\OneDrive - Aarhus Universitet\Uni\3. Semester\GFV\Gruppe arb\Includefiles/VT100Terminal.c ****     UART_1_PutString(";");
 118              		.loc 1 15 0
 119 0016 0748     		ldr	r0, .L7+4
 120 0018 FFF7FEFF 		bl	UART_1_PutString
  16:..\..\..\..\..\OneDrive - Aarhus Universitet\Uni\3. Semester\GFV\Gruppe arb\Includefiles/VT100Terminal.c ****     UART_1_PutString(x);
 121              		.loc 1 16 0
 122 001c 3868     		ldr	r0, [r7]
 123 001e FFF7FEFF 		bl	UART_1_PutString
  17:..\..\..\..\..\OneDrive - Aarhus Universitet\Uni\3. Semester\GFV\Gruppe arb\Includefiles/VT100Terminal.c ****     UART_1_PutString("f");
 124              		.loc 1 17 0
 125 0022 0548     		ldr	r0, .L7+8
 126 0024 FFF7FEFF 		bl	UART_1_PutString
  18:..\..\..\..\..\OneDrive - Aarhus Universitet\Uni\3. Semester\GFV\Gruppe arb\Includefiles/VT100Terminal.c **** }
 127              		.loc 1 18 0
 128 0028 00BF     		nop
 129 002a 0837     		adds	r7, r7, #8
 130              		.cfi_def_cfa_offset 8
 131 002c BD46     		mov	sp, r7
 132              		.cfi_def_cfa_register 13
 133              		@ sp needed
 134 002e 80BD     		pop	{r7, pc}
 135              	.L8:
 136              		.align	2
 137              	.L7:
 138 0030 08000000 		.word	.LC1
 139 0034 0C000000 		.word	.LC2
 140 0038 10000000 		.word	.LC3
 141              		.cfi_endproc
 142              	.LFE64:
 143              		.size	movecursor, .-movecursor
 144              		.section	.rodata
 145 0012 0000     		.align	2
 146              	.LC4:
 147 0014 1B5B3931 		.ascii	"\033[91m\000"
 147      6D00
 148 001a 0000     		.align	2
 149              	.LC5:
ARM GAS  C:\Users\cring\AppData\Local\Temp\ccHsXRjS.s 			page 4


 150 001c 1B5B3932 		.ascii	"\033[92m\000"
 150      6D00
 151 0022 0000     		.align	2
 152              	.LC6:
 153 0024 1B5B3934 		.ascii	"\033[94m\000"
 153      6D00
 154 002a 0000     		.align	2
 155              	.LC7:
 156 002c 1B5B306D 		.ascii	"\033[0m\000"
 156      00
 157              		.section	.text.setcolor,"ax",%progbits
 158              		.align	2
 159              		.global	setcolor
 160              		.thumb
 161              		.thumb_func
 162              		.type	setcolor, %function
 163              	setcolor:
 164              	.LFB65:
  19:..\..\..\..\..\OneDrive - Aarhus Universitet\Uni\3. Semester\GFV\Gruppe arb\Includefiles/VT100Terminal.c **** 
  20:..\..\..\..\..\OneDrive - Aarhus Universitet\Uni\3. Semester\GFV\Gruppe arb\Includefiles/VT100Terminal.c **** void setcolor(char color)
  21:..\..\..\..\..\OneDrive - Aarhus Universitet\Uni\3. Semester\GFV\Gruppe arb\Includefiles/VT100Terminal.c **** {
 165              		.loc 1 21 0
 166              		.cfi_startproc
 167              		@ args = 0, pretend = 0, frame = 8
 168              		@ frame_needed = 1, uses_anonymous_args = 0
 169 0000 80B5     		push	{r7, lr}
 170              		.cfi_def_cfa_offset 8
 171              		.cfi_offset 7, -8
 172              		.cfi_offset 14, -4
 173 0002 82B0     		sub	sp, sp, #8
 174              		.cfi_def_cfa_offset 16
 175 0004 00AF     		add	r7, sp, #0
 176              		.cfi_def_cfa_register 7
 177 0006 0346     		mov	r3, r0
 178 0008 FB71     		strb	r3, [r7, #7]
  22:..\..\..\..\..\OneDrive - Aarhus Universitet\Uni\3. Semester\GFV\Gruppe arb\Includefiles/VT100Terminal.c ****     switch(color)
 179              		.loc 1 22 0
 180 000a FB79     		ldrb	r3, [r7, #7]	@ zero_extendqisi2
 181 000c 623B     		subs	r3, r3, #98
 182 000e 102B     		cmp	r3, #16
 183 0010 34D8     		bhi	.L10
 184 0012 01A2     		adr	r2, .L12
 185 0014 52F823F0 		ldr	pc, [r2, r3, lsl #2]
 186              		.p2align 2
 187              	.L12:
 188 0018 6D000000 		.word	.L11+1
 189 001c 7D000000 		.word	.L10+1
 190 0020 75000000 		.word	.L13+1
 191 0024 7D000000 		.word	.L10+1
 192 0028 7D000000 		.word	.L10+1
 193 002c 65000000 		.word	.L14+1
 194 0030 7D000000 		.word	.L10+1
 195 0034 7D000000 		.word	.L10+1
 196 0038 7D000000 		.word	.L10+1
 197 003c 7D000000 		.word	.L10+1
 198 0040 7D000000 		.word	.L10+1
 199 0044 7D000000 		.word	.L10+1
ARM GAS  C:\Users\cring\AppData\Local\Temp\ccHsXRjS.s 			page 5


 200 0048 7D000000 		.word	.L10+1
 201 004c 7D000000 		.word	.L10+1
 202 0050 7D000000 		.word	.L10+1
 203 0054 7D000000 		.word	.L10+1
 204 0058 5D000000 		.word	.L15+1
 205              		.p2align 1
 206              	.L15:
  23:..\..\..\..\..\OneDrive - Aarhus Universitet\Uni\3. Semester\GFV\Gruppe arb\Includefiles/VT100Terminal.c ****     {
  24:..\..\..\..\..\OneDrive - Aarhus Universitet\Uni\3. Semester\GFV\Gruppe arb\Includefiles/VT100Terminal.c ****         case 'r' :
  25:..\..\..\..\..\OneDrive - Aarhus Universitet\Uni\3. Semester\GFV\Gruppe arb\Includefiles/VT100Terminal.c ****         {
  26:..\..\..\..\..\OneDrive - Aarhus Universitet\Uni\3. Semester\GFV\Gruppe arb\Includefiles/VT100Terminal.c ****             UART_1_PutString("\x1b[91m");
 207              		.loc 1 26 0
 208 005c 0B48     		ldr	r0, .L17
 209 005e FFF7FEFF 		bl	UART_1_PutString
  27:..\..\..\..\..\OneDrive - Aarhus Universitet\Uni\3. Semester\GFV\Gruppe arb\Includefiles/VT100Terminal.c ****         }
  28:..\..\..\..\..\OneDrive - Aarhus Universitet\Uni\3. Semester\GFV\Gruppe arb\Includefiles/VT100Terminal.c ****         break;
 210              		.loc 1 28 0
 211 0062 0EE0     		b	.L16
 212              	.L14:
  29:..\..\..\..\..\OneDrive - Aarhus Universitet\Uni\3. Semester\GFV\Gruppe arb\Includefiles/VT100Terminal.c ****         case 'g' :
  30:..\..\..\..\..\OneDrive - Aarhus Universitet\Uni\3. Semester\GFV\Gruppe arb\Includefiles/VT100Terminal.c ****         {
  31:..\..\..\..\..\OneDrive - Aarhus Universitet\Uni\3. Semester\GFV\Gruppe arb\Includefiles/VT100Terminal.c ****             UART_1_PutString("\x1b[92m");
 213              		.loc 1 31 0
 214 0064 0A48     		ldr	r0, .L17+4
 215 0066 FFF7FEFF 		bl	UART_1_PutString
  32:..\..\..\..\..\OneDrive - Aarhus Universitet\Uni\3. Semester\GFV\Gruppe arb\Includefiles/VT100Terminal.c ****         }
  33:..\..\..\..\..\OneDrive - Aarhus Universitet\Uni\3. Semester\GFV\Gruppe arb\Includefiles/VT100Terminal.c ****         break;
 216              		.loc 1 33 0
 217 006a 0AE0     		b	.L16
 218              	.L11:
  34:..\..\..\..\..\OneDrive - Aarhus Universitet\Uni\3. Semester\GFV\Gruppe arb\Includefiles/VT100Terminal.c ****         case 'b' :
  35:..\..\..\..\..\OneDrive - Aarhus Universitet\Uni\3. Semester\GFV\Gruppe arb\Includefiles/VT100Terminal.c ****         {
  36:..\..\..\..\..\OneDrive - Aarhus Universitet\Uni\3. Semester\GFV\Gruppe arb\Includefiles/VT100Terminal.c ****             UART_1_PutString("\x1b[94m");
 219              		.loc 1 36 0
 220 006c 0948     		ldr	r0, .L17+8
 221 006e FFF7FEFF 		bl	UART_1_PutString
  37:..\..\..\..\..\OneDrive - Aarhus Universitet\Uni\3. Semester\GFV\Gruppe arb\Includefiles/VT100Terminal.c ****         }
  38:..\..\..\..\..\OneDrive - Aarhus Universitet\Uni\3. Semester\GFV\Gruppe arb\Includefiles/VT100Terminal.c ****         break;
 222              		.loc 1 38 0
 223 0072 06E0     		b	.L16
 224              	.L13:
  39:..\..\..\..\..\OneDrive - Aarhus Universitet\Uni\3. Semester\GFV\Gruppe arb\Includefiles/VT100Terminal.c ****         case 'd' :
  40:..\..\..\..\..\OneDrive - Aarhus Universitet\Uni\3. Semester\GFV\Gruppe arb\Includefiles/VT100Terminal.c ****         {
  41:..\..\..\..\..\OneDrive - Aarhus Universitet\Uni\3. Semester\GFV\Gruppe arb\Includefiles/VT100Terminal.c ****             UART_1_PutString("\x1b[0m");
 225              		.loc 1 41 0
 226 0074 0848     		ldr	r0, .L17+12
 227 0076 FFF7FEFF 		bl	UART_1_PutString
  42:..\..\..\..\..\OneDrive - Aarhus Universitet\Uni\3. Semester\GFV\Gruppe arb\Includefiles/VT100Terminal.c ****         }
  43:..\..\..\..\..\OneDrive - Aarhus Universitet\Uni\3. Semester\GFV\Gruppe arb\Includefiles/VT100Terminal.c ****         break;
 228              		.loc 1 43 0
 229 007a 02E0     		b	.L16
 230              	.L10:
  44:..\..\..\..\..\OneDrive - Aarhus Universitet\Uni\3. Semester\GFV\Gruppe arb\Includefiles/VT100Terminal.c ****         default :
  45:..\..\..\..\..\OneDrive - Aarhus Universitet\Uni\3. Semester\GFV\Gruppe arb\Includefiles/VT100Terminal.c ****         {
  46:..\..\..\..\..\OneDrive - Aarhus Universitet\Uni\3. Semester\GFV\Gruppe arb\Includefiles/VT100Terminal.c ****             UART_1_PutString("\x1b[0m");
 231              		.loc 1 46 0
 232 007c 0648     		ldr	r0, .L17+12
ARM GAS  C:\Users\cring\AppData\Local\Temp\ccHsXRjS.s 			page 6


 233 007e FFF7FEFF 		bl	UART_1_PutString
 234              	.L16:
  47:..\..\..\..\..\OneDrive - Aarhus Universitet\Uni\3. Semester\GFV\Gruppe arb\Includefiles/VT100Terminal.c ****         }
  48:..\..\..\..\..\OneDrive - Aarhus Universitet\Uni\3. Semester\GFV\Gruppe arb\Includefiles/VT100Terminal.c ****         
  49:..\..\..\..\..\OneDrive - Aarhus Universitet\Uni\3. Semester\GFV\Gruppe arb\Includefiles/VT100Terminal.c ****     }
  50:..\..\..\..\..\OneDrive - Aarhus Universitet\Uni\3. Semester\GFV\Gruppe arb\Includefiles/VT100Terminal.c ****     
  51:..\..\..\..\..\OneDrive - Aarhus Universitet\Uni\3. Semester\GFV\Gruppe arb\Includefiles/VT100Terminal.c **** }...
 235              		.loc 1 51 0
 236 0082 00BF     		nop
 237 0084 0837     		adds	r7, r7, #8
 238              		.cfi_def_cfa_offset 8
 239 0086 BD46     		mov	sp, r7
 240              		.cfi_def_cfa_register 13
 241              		@ sp needed
 242 0088 80BD     		pop	{r7, pc}
 243              	.L18:
 244 008a 00BF     		.align	2
 245              	.L17:
 246 008c 14000000 		.word	.LC4
 247 0090 1C000000 		.word	.LC5
 248 0094 24000000 		.word	.LC6
 249 0098 2C000000 		.word	.LC7
 250              		.cfi_endproc
 251              	.LFE65:
 252              		.size	setcolor, .-setcolor
 253              		.text
 254              	.Letext0:
 255              		.file 2 "c:\\program files (x86)\\cypress\\psoc creator\\4.4\\psoc creator\\import\\gnu\\arm\\5.4.
 256              		.file 3 "c:\\program files (x86)\\cypress\\psoc creator\\4.4\\psoc creator\\import\\gnu\\arm\\5.4.
 257              		.file 4 "Generated_Source\\PSoC5/core_cm3.h"
 258              		.section	.debug_info,"",%progbits
 259              	.Ldebug_info0:
 260 0000 44010000 		.4byte	0x144
 261 0004 0400     		.2byte	0x4
 262 0006 00000000 		.4byte	.Ldebug_abbrev0
 263 000a 04       		.byte	0x4
 264 000b 01       		.uleb128 0x1
 265 000c D4000000 		.4byte	.LASF21
 266 0010 0C       		.byte	0xc
 267 0011 6B000000 		.4byte	.LASF22
 268 0015 70010000 		.4byte	.LASF23
 269 0019 00000000 		.4byte	.Ldebug_ranges0+0
 270 001d 00000000 		.4byte	0
 271 0021 00000000 		.4byte	.Ldebug_line0
 272 0025 02       		.uleb128 0x2
 273 0026 01       		.byte	0x1
 274 0027 06       		.byte	0x6
 275 0028 E5010000 		.4byte	.LASF0
 276 002c 02       		.uleb128 0x2
 277 002d 01       		.byte	0x1
 278 002e 08       		.byte	0x8
 279 002f 2E000000 		.4byte	.LASF1
 280 0033 02       		.uleb128 0x2
 281 0034 02       		.byte	0x2
 282 0035 05       		.byte	0x5
 283 0036 17020000 		.4byte	.LASF2
 284 003a 02       		.uleb128 0x2
ARM GAS  C:\Users\cring\AppData\Local\Temp\ccHsXRjS.s 			page 7


 285 003b 02       		.byte	0x2
 286 003c 07       		.byte	0x7
 287 003d 0E000000 		.4byte	.LASF3
 288 0041 03       		.uleb128 0x3
 289 0042 FF010000 		.4byte	.LASF9
 290 0046 02       		.byte	0x2
 291 0047 3F       		.byte	0x3f
 292 0048 4C000000 		.4byte	0x4c
 293 004c 02       		.uleb128 0x2
 294 004d 04       		.byte	0x4
 295 004e 05       		.byte	0x5
 296 004f B1010000 		.4byte	.LASF4
 297 0053 02       		.uleb128 0x2
 298 0054 04       		.byte	0x4
 299 0055 07       		.byte	0x7
 300 0056 3C000000 		.4byte	.LASF5
 301 005a 02       		.uleb128 0x2
 302 005b 08       		.byte	0x8
 303 005c 05       		.byte	0x5
 304 005d 00000000 		.4byte	.LASF6
 305 0061 02       		.uleb128 0x2
 306 0062 08       		.byte	0x8
 307 0063 07       		.byte	0x7
 308 0064 54000000 		.4byte	.LASF7
 309 0068 04       		.uleb128 0x4
 310 0069 04       		.byte	0x4
 311 006a 05       		.byte	0x5
 312 006b 696E7400 		.ascii	"int\000"
 313 006f 02       		.uleb128 0x2
 314 0070 04       		.byte	0x4
 315 0071 07       		.byte	0x7
 316 0072 21000000 		.4byte	.LASF8
 317 0076 03       		.uleb128 0x3
 318 0077 21020000 		.4byte	.LASF10
 319 007b 03       		.byte	0x3
 320 007c 2C       		.byte	0x2c
 321 007d 41000000 		.4byte	0x41
 322 0081 02       		.uleb128 0x2
 323 0082 04       		.byte	0x4
 324 0083 04       		.byte	0x4
 325 0084 09020000 		.4byte	.LASF11
 326 0088 02       		.uleb128 0x2
 327 0089 08       		.byte	0x8
 328 008a 04       		.byte	0x4
 329 008b C5010000 		.4byte	.LASF12
 330 008f 02       		.uleb128 0x2
 331 0090 01       		.byte	0x1
 332 0091 08       		.byte	0x8
 333 0092 6B010000 		.4byte	.LASF13
 334 0096 02       		.uleb128 0x2
 335 0097 08       		.byte	0x8
 336 0098 04       		.byte	0x4
 337 0099 CC010000 		.4byte	.LASF14
 338 009d 02       		.uleb128 0x2
 339 009e 04       		.byte	0x4
 340 009f 07       		.byte	0x7
 341 00a0 29020000 		.4byte	.LASF15
ARM GAS  C:\Users\cring\AppData\Local\Temp\ccHsXRjS.s 			page 8


 342 00a4 05       		.uleb128 0x5
 343 00a5 04       		.byte	0x4
 344 00a6 8F000000 		.4byte	0x8f
 345 00aa 06       		.uleb128 0x6
 346 00ab 0F020000 		.4byte	.LASF16
 347 00af 01       		.byte	0x1
 348 00b0 03       		.byte	0x3
 349 00b1 00000000 		.4byte	.LFB63
 350 00b5 30000000 		.4byte	.LFE63-.LFB63
 351 00b9 01       		.uleb128 0x1
 352 00ba 9C       		.byte	0x9c
 353 00bb E4000000 		.4byte	0xe4
 354 00bf 07       		.uleb128 0x7
 355 00c0 F1010000 		.4byte	.LASF18
 356 00c4 01       		.byte	0x1
 357 00c5 03       		.byte	0x3
 358 00c6 68000000 		.4byte	0x68
 359 00ca 02       		.uleb128 0x2
 360 00cb 91       		.byte	0x91
 361 00cc 6C       		.sleb128 -20
 362 00cd 08       		.uleb128 0x8
 363 00ce 08000000 		.4byte	.LBB2
 364 00d2 1A000000 		.4byte	.LBE2-.LBB2
 365 00d6 09       		.uleb128 0x9
 366 00d7 6900     		.ascii	"i\000"
 367 00d9 01       		.byte	0x1
 368 00da 05       		.byte	0x5
 369 00db 68000000 		.4byte	0x68
 370 00df 02       		.uleb128 0x2
 371 00e0 91       		.byte	0x91
 372 00e1 74       		.sleb128 -12
 373 00e2 00       		.byte	0
 374 00e3 00       		.byte	0
 375 00e4 06       		.uleb128 0x6
 376 00e5 BA010000 		.4byte	.LASF17
 377 00e9 01       		.byte	0x1
 378 00ea 0B       		.byte	0xb
 379 00eb 00000000 		.4byte	.LFB64
 380 00ef 3C000000 		.4byte	.LFE64-.LFB64
 381 00f3 01       		.uleb128 0x1
 382 00f4 9C       		.byte	0x9c
 383 00f5 12010000 		.4byte	0x112
 384 00f9 0A       		.uleb128 0xa
 385 00fa 7900     		.ascii	"y\000"
 386 00fc 01       		.byte	0x1
 387 00fd 0B       		.byte	0xb
 388 00fe A4000000 		.4byte	0xa4
 389 0102 02       		.uleb128 0x2
 390 0103 91       		.byte	0x91
 391 0104 74       		.sleb128 -12
 392 0105 0A       		.uleb128 0xa
 393 0106 7800     		.ascii	"x\000"
 394 0108 01       		.byte	0x1
 395 0109 0B       		.byte	0xb
 396 010a A4000000 		.4byte	0xa4
 397 010e 02       		.uleb128 0x2
 398 010f 91       		.byte	0x91
ARM GAS  C:\Users\cring\AppData\Local\Temp\ccHsXRjS.s 			page 9


 399 0110 70       		.sleb128 -16
 400 0111 00       		.byte	0
 401 0112 06       		.uleb128 0x6
 402 0113 62010000 		.4byte	.LASF19
 403 0117 01       		.byte	0x1
 404 0118 14       		.byte	0x14
 405 0119 00000000 		.4byte	.LFB65
 406 011d 9C000000 		.4byte	.LFE65-.LFB65
 407 0121 01       		.uleb128 0x1
 408 0122 9C       		.byte	0x9c
 409 0123 36010000 		.4byte	0x136
 410 0127 07       		.uleb128 0x7
 411 0128 4E000000 		.4byte	.LASF20
 412 012c 01       		.byte	0x1
 413 012d 14       		.byte	0x14
 414 012e 8F000000 		.4byte	0x8f
 415 0132 02       		.uleb128 0x2
 416 0133 91       		.byte	0x91
 417 0134 77       		.sleb128 -9
 418 0135 00       		.byte	0
 419 0136 0B       		.uleb128 0xb
 420 0137 D8010000 		.4byte	.LASF24
 421 013b 04       		.byte	0x4
 422 013c 1207     		.2byte	0x712
 423 013e 42010000 		.4byte	0x142
 424 0142 0C       		.uleb128 0xc
 425 0143 76000000 		.4byte	0x76
 426 0147 00       		.byte	0
 427              		.section	.debug_abbrev,"",%progbits
 428              	.Ldebug_abbrev0:
 429 0000 01       		.uleb128 0x1
 430 0001 11       		.uleb128 0x11
 431 0002 01       		.byte	0x1
 432 0003 25       		.uleb128 0x25
 433 0004 0E       		.uleb128 0xe
 434 0005 13       		.uleb128 0x13
 435 0006 0B       		.uleb128 0xb
 436 0007 03       		.uleb128 0x3
 437 0008 0E       		.uleb128 0xe
 438 0009 1B       		.uleb128 0x1b
 439 000a 0E       		.uleb128 0xe
 440 000b 55       		.uleb128 0x55
 441 000c 17       		.uleb128 0x17
 442 000d 11       		.uleb128 0x11
 443 000e 01       		.uleb128 0x1
 444 000f 10       		.uleb128 0x10
 445 0010 17       		.uleb128 0x17
 446 0011 00       		.byte	0
 447 0012 00       		.byte	0
 448 0013 02       		.uleb128 0x2
 449 0014 24       		.uleb128 0x24
 450 0015 00       		.byte	0
 451 0016 0B       		.uleb128 0xb
 452 0017 0B       		.uleb128 0xb
 453 0018 3E       		.uleb128 0x3e
 454 0019 0B       		.uleb128 0xb
 455 001a 03       		.uleb128 0x3
ARM GAS  C:\Users\cring\AppData\Local\Temp\ccHsXRjS.s 			page 10


 456 001b 0E       		.uleb128 0xe
 457 001c 00       		.byte	0
 458 001d 00       		.byte	0
 459 001e 03       		.uleb128 0x3
 460 001f 16       		.uleb128 0x16
 461 0020 00       		.byte	0
 462 0021 03       		.uleb128 0x3
 463 0022 0E       		.uleb128 0xe
 464 0023 3A       		.uleb128 0x3a
 465 0024 0B       		.uleb128 0xb
 466 0025 3B       		.uleb128 0x3b
 467 0026 0B       		.uleb128 0xb
 468 0027 49       		.uleb128 0x49
 469 0028 13       		.uleb128 0x13
 470 0029 00       		.byte	0
 471 002a 00       		.byte	0
 472 002b 04       		.uleb128 0x4
 473 002c 24       		.uleb128 0x24
 474 002d 00       		.byte	0
 475 002e 0B       		.uleb128 0xb
 476 002f 0B       		.uleb128 0xb
 477 0030 3E       		.uleb128 0x3e
 478 0031 0B       		.uleb128 0xb
 479 0032 03       		.uleb128 0x3
 480 0033 08       		.uleb128 0x8
 481 0034 00       		.byte	0
 482 0035 00       		.byte	0
 483 0036 05       		.uleb128 0x5
 484 0037 0F       		.uleb128 0xf
 485 0038 00       		.byte	0
 486 0039 0B       		.uleb128 0xb
 487 003a 0B       		.uleb128 0xb
 488 003b 49       		.uleb128 0x49
 489 003c 13       		.uleb128 0x13
 490 003d 00       		.byte	0
 491 003e 00       		.byte	0
 492 003f 06       		.uleb128 0x6
 493 0040 2E       		.uleb128 0x2e
 494 0041 01       		.byte	0x1
 495 0042 3F       		.uleb128 0x3f
 496 0043 19       		.uleb128 0x19
 497 0044 03       		.uleb128 0x3
 498 0045 0E       		.uleb128 0xe
 499 0046 3A       		.uleb128 0x3a
 500 0047 0B       		.uleb128 0xb
 501 0048 3B       		.uleb128 0x3b
 502 0049 0B       		.uleb128 0xb
 503 004a 27       		.uleb128 0x27
 504 004b 19       		.uleb128 0x19
 505 004c 11       		.uleb128 0x11
 506 004d 01       		.uleb128 0x1
 507 004e 12       		.uleb128 0x12
 508 004f 06       		.uleb128 0x6
 509 0050 40       		.uleb128 0x40
 510 0051 18       		.uleb128 0x18
 511 0052 9642     		.uleb128 0x2116
 512 0054 19       		.uleb128 0x19
ARM GAS  C:\Users\cring\AppData\Local\Temp\ccHsXRjS.s 			page 11


 513 0055 01       		.uleb128 0x1
 514 0056 13       		.uleb128 0x13
 515 0057 00       		.byte	0
 516 0058 00       		.byte	0
 517 0059 07       		.uleb128 0x7
 518 005a 05       		.uleb128 0x5
 519 005b 00       		.byte	0
 520 005c 03       		.uleb128 0x3
 521 005d 0E       		.uleb128 0xe
 522 005e 3A       		.uleb128 0x3a
 523 005f 0B       		.uleb128 0xb
 524 0060 3B       		.uleb128 0x3b
 525 0061 0B       		.uleb128 0xb
 526 0062 49       		.uleb128 0x49
 527 0063 13       		.uleb128 0x13
 528 0064 02       		.uleb128 0x2
 529 0065 18       		.uleb128 0x18
 530 0066 00       		.byte	0
 531 0067 00       		.byte	0
 532 0068 08       		.uleb128 0x8
 533 0069 0B       		.uleb128 0xb
 534 006a 01       		.byte	0x1
 535 006b 11       		.uleb128 0x11
 536 006c 01       		.uleb128 0x1
 537 006d 12       		.uleb128 0x12
 538 006e 06       		.uleb128 0x6
 539 006f 00       		.byte	0
 540 0070 00       		.byte	0
 541 0071 09       		.uleb128 0x9
 542 0072 34       		.uleb128 0x34
 543 0073 00       		.byte	0
 544 0074 03       		.uleb128 0x3
 545 0075 08       		.uleb128 0x8
 546 0076 3A       		.uleb128 0x3a
 547 0077 0B       		.uleb128 0xb
 548 0078 3B       		.uleb128 0x3b
 549 0079 0B       		.uleb128 0xb
 550 007a 49       		.uleb128 0x49
 551 007b 13       		.uleb128 0x13
 552 007c 02       		.uleb128 0x2
 553 007d 18       		.uleb128 0x18
 554 007e 00       		.byte	0
 555 007f 00       		.byte	0
 556 0080 0A       		.uleb128 0xa
 557 0081 05       		.uleb128 0x5
 558 0082 00       		.byte	0
 559 0083 03       		.uleb128 0x3
 560 0084 08       		.uleb128 0x8
 561 0085 3A       		.uleb128 0x3a
 562 0086 0B       		.uleb128 0xb
 563 0087 3B       		.uleb128 0x3b
 564 0088 0B       		.uleb128 0xb
 565 0089 49       		.uleb128 0x49
 566 008a 13       		.uleb128 0x13
 567 008b 02       		.uleb128 0x2
 568 008c 18       		.uleb128 0x18
 569 008d 00       		.byte	0
ARM GAS  C:\Users\cring\AppData\Local\Temp\ccHsXRjS.s 			page 12


 570 008e 00       		.byte	0
 571 008f 0B       		.uleb128 0xb
 572 0090 34       		.uleb128 0x34
 573 0091 00       		.byte	0
 574 0092 03       		.uleb128 0x3
 575 0093 0E       		.uleb128 0xe
 576 0094 3A       		.uleb128 0x3a
 577 0095 0B       		.uleb128 0xb
 578 0096 3B       		.uleb128 0x3b
 579 0097 05       		.uleb128 0x5
 580 0098 49       		.uleb128 0x49
 581 0099 13       		.uleb128 0x13
 582 009a 3F       		.uleb128 0x3f
 583 009b 19       		.uleb128 0x19
 584 009c 3C       		.uleb128 0x3c
 585 009d 19       		.uleb128 0x19
 586 009e 00       		.byte	0
 587 009f 00       		.byte	0
 588 00a0 0C       		.uleb128 0xc
 589 00a1 35       		.uleb128 0x35
 590 00a2 00       		.byte	0
 591 00a3 49       		.uleb128 0x49
 592 00a4 13       		.uleb128 0x13
 593 00a5 00       		.byte	0
 594 00a6 00       		.byte	0
 595 00a7 00       		.byte	0
 596              		.section	.debug_aranges,"",%progbits
 597 0000 2C000000 		.4byte	0x2c
 598 0004 0200     		.2byte	0x2
 599 0006 00000000 		.4byte	.Ldebug_info0
 600 000a 04       		.byte	0x4
 601 000b 00       		.byte	0
 602 000c 0000     		.2byte	0
 603 000e 0000     		.2byte	0
 604 0010 00000000 		.4byte	.LFB63
 605 0014 30000000 		.4byte	.LFE63-.LFB63
 606 0018 00000000 		.4byte	.LFB64
 607 001c 3C000000 		.4byte	.LFE64-.LFB64
 608 0020 00000000 		.4byte	.LFB65
 609 0024 9C000000 		.4byte	.LFE65-.LFB65
 610 0028 00000000 		.4byte	0
 611 002c 00000000 		.4byte	0
 612              		.section	.debug_ranges,"",%progbits
 613              	.Ldebug_ranges0:
 614 0000 00000000 		.4byte	.LFB63
 615 0004 30000000 		.4byte	.LFE63
 616 0008 00000000 		.4byte	.LFB64
 617 000c 3C000000 		.4byte	.LFE64
 618 0010 00000000 		.4byte	.LFB65
 619 0014 9C000000 		.4byte	.LFE65
 620 0018 00000000 		.4byte	0
 621 001c 00000000 		.4byte	0
 622              		.section	.debug_line,"",%progbits
 623              	.Ldebug_line0:
 624 0000 F8010000 		.section	.debug_str,"MS",%progbits,1
 624      0200A101 
 624      00000201 
ARM GAS  C:\Users\cring\AppData\Local\Temp\ccHsXRjS.s 			page 13


 624      FB0E0D00 
 624      01010101 
 625              	.LASF6:
 626 0000 6C6F6E67 		.ascii	"long long int\000"
 626      206C6F6E 
 626      6720696E 
 626      7400
 627              	.LASF3:
 628 000e 73686F72 		.ascii	"short unsigned int\000"
 628      7420756E 
 628      7369676E 
 628      65642069 
 628      6E7400
 629              	.LASF8:
 630 0021 756E7369 		.ascii	"unsigned int\000"
 630      676E6564 
 630      20696E74 
 630      00
 631              	.LASF1:
 632 002e 756E7369 		.ascii	"unsigned char\000"
 632      676E6564 
 632      20636861 
 632      7200
 633              	.LASF5:
 634 003c 6C6F6E67 		.ascii	"long unsigned int\000"
 634      20756E73 
 634      69676E65 
 634      6420696E 
 634      7400
 635              	.LASF20:
 636 004e 636F6C6F 		.ascii	"color\000"
 636      7200
 637              	.LASF7:
 638 0054 6C6F6E67 		.ascii	"long long unsigned int\000"
 638      206C6F6E 
 638      6720756E 
 638      7369676E 
 638      65642069 
 639              	.LASF22:
 640 006b 2E2E5C2E 		.ascii	"..\\..\\..\\..\\..\\OneDrive - Aarhus Universitet\\"
 640      2E5C2E2E 
 640      5C2E2E5C 
 640      2E2E5C4F 
 640      6E654472 
 641 0098 556E695C 		.ascii	"Uni\\3. Semester\\GFV\\Gruppe arb\\Includefiles\\VT"
 641      332E2053 
 641      656D6573 
 641      7465725C 
 641      4746565C 
 642 00c6 31303054 		.ascii	"100Terminal.c\000"
 642      65726D69 
 642      6E616C2E 
 642      6300
 643              	.LASF21:
 644 00d4 474E5520 		.ascii	"GNU C11 5.4.1 20160609 (release) [ARM/embedded-5-br"
 644      43313120 
 644      352E342E 
ARM GAS  C:\Users\cring\AppData\Local\Temp\ccHsXRjS.s 			page 14


 644      31203230 
 644      31363036 
 645 0107 616E6368 		.ascii	"anch revision 237715] -mcpu=cortex-m3 -mthumb -g -O"
 645      20726576 
 645      6973696F 
 645      6E203233 
 645      37373135 
 646 013a 30202D66 		.ascii	"0 -ffunction-sections -ffat-lto-objects\000"
 646      66756E63 
 646      74696F6E 
 646      2D736563 
 646      74696F6E 
 647              	.LASF19:
 648 0162 73657463 		.ascii	"setcolor\000"
 648      6F6C6F72 
 648      00
 649              	.LASF13:
 650 016b 63686172 		.ascii	"char\000"
 650      00
 651              	.LASF23:
 652 0170 433A5C55 		.ascii	"C:\\Users\\cring\\Documents\\GitHub\\PRJ4\\Tryksens"
 652      73657273 
 652      5C637269 
 652      6E675C44 
 652      6F63756D 
 653 019d 6F725C54 		.ascii	"or\\Tryksensor.cydsn\000"
 653      72796B73 
 653      656E736F 
 653      722E6379 
 653      64736E00 
 654              	.LASF4:
 655 01b1 6C6F6E67 		.ascii	"long int\000"
 655      20696E74 
 655      00
 656              	.LASF17:
 657 01ba 6D6F7665 		.ascii	"movecursor\000"
 657      63757273 
 657      6F7200
 658              	.LASF12:
 659 01c5 646F7562 		.ascii	"double\000"
 659      6C6500
 660              	.LASF14:
 661 01cc 6C6F6E67 		.ascii	"long double\000"
 661      20646F75 
 661      626C6500 
 662              	.LASF24:
 663 01d8 49544D5F 		.ascii	"ITM_RxBuffer\000"
 663      52784275 
 663      66666572 
 663      00
 664              	.LASF0:
 665 01e5 7369676E 		.ascii	"signed char\000"
 665      65642063 
 665      68617200 
 666              	.LASF18:
 667 01f1 6E756D62 		.ascii	"numberoflines\000"
 667      65726F66 
ARM GAS  C:\Users\cring\AppData\Local\Temp\ccHsXRjS.s 			page 15


 667      6C696E65 
 667      7300
 668              	.LASF9:
 669 01ff 5F5F696E 		.ascii	"__int32_t\000"
 669      7433325F 
 669      7400
 670              	.LASF11:
 671 0209 666C6F61 		.ascii	"float\000"
 671      7400
 672              	.LASF16:
 673 020f 64656C6C 		.ascii	"delline\000"
 673      696E6500 
 674              	.LASF2:
 675 0217 73686F72 		.ascii	"short int\000"
 675      7420696E 
 675      7400
 676              	.LASF10:
 677 0221 696E7433 		.ascii	"int32_t\000"
 677      325F7400 
 678              	.LASF15:
 679 0229 73697A65 		.ascii	"sizetype\000"
 679      74797065 
 679      00
 680              		.ident	"GCC: (GNU Tools for ARM Embedded Processors) 5.4.1 20160609 (release) [ARM/embedded-5-bran
