ARM GAS  C:\Users\jeppe\AppData\Local\Temp\ccB7fN58.s 			page 1


   1              		.syntax unified
   2              		.cpu cortex-m0plus
   3              		.fpu softvfp
   4              		.eabi_attribute 20, 1
   5              		.eabi_attribute 21, 1
   6              		.eabi_attribute 23, 3
   7              		.eabi_attribute 24, 1
   8              		.eabi_attribute 25, 1
   9              		.eabi_attribute 26, 1
  10              		.eabi_attribute 30, 1
  11              		.eabi_attribute 34, 0
  12              		.eabi_attribute 18, 4
  13              		.thumb
  14              		.syntax unified
  15              		.file	"main_cm0p.c"
  16              		.text
  17              	.Ltext0:
  18              		.cfi_sections	.debug_frame
  19              		.section	.text.main,"ax",%progbits
  20              		.align	2
  21              		.global	main
  22              		.code	16
  23              		.thumb_func
  24              		.type	main, %function
  25              	main:
  26              	.LFB421:
  27              		.file 1 "main_cm0p.c"
   1:main_cm0p.c   **** /* ========================================
   2:main_cm0p.c   ****  *
   3:main_cm0p.c   ****  * Copyright YOUR COMPANY, THE YEAR
   4:main_cm0p.c   ****  * All Rights Reserved
   5:main_cm0p.c   ****  * UNPUBLISHED, LICENSED SOFTWARE.
   6:main_cm0p.c   ****  *
   7:main_cm0p.c   ****  * CONFIDENTIAL AND PROPRIETARY INFORMATION
   8:main_cm0p.c   ****  * WHICH IS THE PROPERTY OF your company.
   9:main_cm0p.c   ****  *
  10:main_cm0p.c   ****  * ========================================
  11:main_cm0p.c   **** */
  12:main_cm0p.c   **** #include "project.h"
  13:main_cm0p.c   **** #include "common.h"
  14:main_cm0p.c   **** 
  15:main_cm0p.c   **** int main(void)
  16:main_cm0p.c   **** {
  28              		.loc 1 16 0
  29              		.cfi_startproc
  30              		@ Volatile: function does not return.
  31              		@ args = 0, pretend = 0, frame = 0
  32              		@ frame_needed = 0, uses_anonymous_args = 0
  33 0000 10B5     		push	{r4, lr}
  34              		.cfi_def_cfa_offset 8
  35              		.cfi_offset 4, -8
  36              		.cfi_offset 14, -4
  37              	.LBB4:
  38              	.LBB5:
  39              		.file 2 "Generated_Source\\PSoC6\\pdl\\cmsis/include/cmsis_gcc.h"
   1:Generated_Source\PSoC6\pdl\cmsis/include/cmsis_gcc.h **** /**************************************************************************//**
   2:Generated_Source\PSoC6\pdl\cmsis/include/cmsis_gcc.h ****  * @file     cmsis_gcc.h
ARM GAS  C:\Users\jeppe\AppData\Local\Temp\ccB7fN58.s 			page 2


   3:Generated_Source\PSoC6\pdl\cmsis/include/cmsis_gcc.h ****  * @brief    CMSIS compiler GCC header file
   4:Generated_Source\PSoC6\pdl\cmsis/include/cmsis_gcc.h ****  * @version  V5.0.3
   5:Generated_Source\PSoC6\pdl\cmsis/include/cmsis_gcc.h ****  * @date     16. January 2018
   6:Generated_Source\PSoC6\pdl\cmsis/include/cmsis_gcc.h ****  ******************************************************************************/
   7:Generated_Source\PSoC6\pdl\cmsis/include/cmsis_gcc.h **** /*
   8:Generated_Source\PSoC6\pdl\cmsis/include/cmsis_gcc.h ****  * Copyright (c) 2009-2017 ARM Limited. All rights reserved.
   9:Generated_Source\PSoC6\pdl\cmsis/include/cmsis_gcc.h ****  *
  10:Generated_Source\PSoC6\pdl\cmsis/include/cmsis_gcc.h ****  * SPDX-License-Identifier: Apache-2.0
  11:Generated_Source\PSoC6\pdl\cmsis/include/cmsis_gcc.h ****  *
  12:Generated_Source\PSoC6\pdl\cmsis/include/cmsis_gcc.h ****  * Licensed under the Apache License, Version 2.0 (the License); you may
  13:Generated_Source\PSoC6\pdl\cmsis/include/cmsis_gcc.h ****  * not use this file except in compliance with the License.
  14:Generated_Source\PSoC6\pdl\cmsis/include/cmsis_gcc.h ****  * You may obtain a copy of the License at
  15:Generated_Source\PSoC6\pdl\cmsis/include/cmsis_gcc.h ****  *
  16:Generated_Source\PSoC6\pdl\cmsis/include/cmsis_gcc.h ****  * www.apache.org/licenses/LICENSE-2.0
  17:Generated_Source\PSoC6\pdl\cmsis/include/cmsis_gcc.h ****  *
  18:Generated_Source\PSoC6\pdl\cmsis/include/cmsis_gcc.h ****  * Unless required by applicable law or agreed to in writing, software
  19:Generated_Source\PSoC6\pdl\cmsis/include/cmsis_gcc.h ****  * distributed under the License is distributed on an AS IS BASIS, WITHOUT
  20:Generated_Source\PSoC6\pdl\cmsis/include/cmsis_gcc.h ****  * WARRANTIES OR CONDITIONS OF ANY KIND, either express or implied.
  21:Generated_Source\PSoC6\pdl\cmsis/include/cmsis_gcc.h ****  * See the License for the specific language governing permissions and
  22:Generated_Source\PSoC6\pdl\cmsis/include/cmsis_gcc.h ****  * limitations under the License.
  23:Generated_Source\PSoC6\pdl\cmsis/include/cmsis_gcc.h ****  */
  24:Generated_Source\PSoC6\pdl\cmsis/include/cmsis_gcc.h **** 
  25:Generated_Source\PSoC6\pdl\cmsis/include/cmsis_gcc.h **** #ifndef __CMSIS_GCC_H
  26:Generated_Source\PSoC6\pdl\cmsis/include/cmsis_gcc.h **** #define __CMSIS_GCC_H
  27:Generated_Source\PSoC6\pdl\cmsis/include/cmsis_gcc.h **** 
  28:Generated_Source\PSoC6\pdl\cmsis/include/cmsis_gcc.h **** /* ignore some GCC warnings */
  29:Generated_Source\PSoC6\pdl\cmsis/include/cmsis_gcc.h **** #pragma GCC diagnostic push
  30:Generated_Source\PSoC6\pdl\cmsis/include/cmsis_gcc.h **** #pragma GCC diagnostic ignored "-Wsign-conversion"
  31:Generated_Source\PSoC6\pdl\cmsis/include/cmsis_gcc.h **** #pragma GCC diagnostic ignored "-Wconversion"
  32:Generated_Source\PSoC6\pdl\cmsis/include/cmsis_gcc.h **** #pragma GCC diagnostic ignored "-Wunused-parameter"
  33:Generated_Source\PSoC6\pdl\cmsis/include/cmsis_gcc.h **** 
  34:Generated_Source\PSoC6\pdl\cmsis/include/cmsis_gcc.h **** /* Fallback for __has_builtin */
  35:Generated_Source\PSoC6\pdl\cmsis/include/cmsis_gcc.h **** #ifndef __has_builtin
  36:Generated_Source\PSoC6\pdl\cmsis/include/cmsis_gcc.h ****   #define __has_builtin(x) (0)
  37:Generated_Source\PSoC6\pdl\cmsis/include/cmsis_gcc.h **** #endif
  38:Generated_Source\PSoC6\pdl\cmsis/include/cmsis_gcc.h **** 
  39:Generated_Source\PSoC6\pdl\cmsis/include/cmsis_gcc.h **** /* CMSIS compiler specific defines */
  40:Generated_Source\PSoC6\pdl\cmsis/include/cmsis_gcc.h **** #ifndef   __ASM
  41:Generated_Source\PSoC6\pdl\cmsis/include/cmsis_gcc.h ****   #define __ASM                                  __asm
  42:Generated_Source\PSoC6\pdl\cmsis/include/cmsis_gcc.h **** #endif
  43:Generated_Source\PSoC6\pdl\cmsis/include/cmsis_gcc.h **** #ifndef   __INLINE
  44:Generated_Source\PSoC6\pdl\cmsis/include/cmsis_gcc.h ****   #define __INLINE                               inline
  45:Generated_Source\PSoC6\pdl\cmsis/include/cmsis_gcc.h **** #endif
  46:Generated_Source\PSoC6\pdl\cmsis/include/cmsis_gcc.h **** #ifndef   __STATIC_INLINE
  47:Generated_Source\PSoC6\pdl\cmsis/include/cmsis_gcc.h ****   #define __STATIC_INLINE                        static inline
  48:Generated_Source\PSoC6\pdl\cmsis/include/cmsis_gcc.h **** #endif
  49:Generated_Source\PSoC6\pdl\cmsis/include/cmsis_gcc.h **** #ifndef   __STATIC_FORCEINLINE                 
  50:Generated_Source\PSoC6\pdl\cmsis/include/cmsis_gcc.h ****   #define __STATIC_FORCEINLINE                   __attribute__((always_inline)) static inline
  51:Generated_Source\PSoC6\pdl\cmsis/include/cmsis_gcc.h **** #endif                                           
  52:Generated_Source\PSoC6\pdl\cmsis/include/cmsis_gcc.h **** #ifndef   __NO_RETURN
  53:Generated_Source\PSoC6\pdl\cmsis/include/cmsis_gcc.h ****   #define __NO_RETURN                            __attribute__((__noreturn__))
  54:Generated_Source\PSoC6\pdl\cmsis/include/cmsis_gcc.h **** #endif
  55:Generated_Source\PSoC6\pdl\cmsis/include/cmsis_gcc.h **** #ifndef   __USED
  56:Generated_Source\PSoC6\pdl\cmsis/include/cmsis_gcc.h ****   #define __USED                                 __attribute__((used))
  57:Generated_Source\PSoC6\pdl\cmsis/include/cmsis_gcc.h **** #endif
  58:Generated_Source\PSoC6\pdl\cmsis/include/cmsis_gcc.h **** #ifndef   __WEAK
  59:Generated_Source\PSoC6\pdl\cmsis/include/cmsis_gcc.h ****   #define __WEAK                                 __attribute__((weak))
ARM GAS  C:\Users\jeppe\AppData\Local\Temp\ccB7fN58.s 			page 3


  60:Generated_Source\PSoC6\pdl\cmsis/include/cmsis_gcc.h **** #endif
  61:Generated_Source\PSoC6\pdl\cmsis/include/cmsis_gcc.h **** #ifndef   __PACKED
  62:Generated_Source\PSoC6\pdl\cmsis/include/cmsis_gcc.h ****   #define __PACKED                               __attribute__((packed, aligned(1)))
  63:Generated_Source\PSoC6\pdl\cmsis/include/cmsis_gcc.h **** #endif
  64:Generated_Source\PSoC6\pdl\cmsis/include/cmsis_gcc.h **** #ifndef   __PACKED_STRUCT
  65:Generated_Source\PSoC6\pdl\cmsis/include/cmsis_gcc.h ****   #define __PACKED_STRUCT                        struct __attribute__((packed, aligned(1)))
  66:Generated_Source\PSoC6\pdl\cmsis/include/cmsis_gcc.h **** #endif
  67:Generated_Source\PSoC6\pdl\cmsis/include/cmsis_gcc.h **** #ifndef   __PACKED_UNION
  68:Generated_Source\PSoC6\pdl\cmsis/include/cmsis_gcc.h ****   #define __PACKED_UNION                         union __attribute__((packed, aligned(1)))
  69:Generated_Source\PSoC6\pdl\cmsis/include/cmsis_gcc.h **** #endif
  70:Generated_Source\PSoC6\pdl\cmsis/include/cmsis_gcc.h **** #ifndef   __UNALIGNED_UINT32        /* deprecated */
  71:Generated_Source\PSoC6\pdl\cmsis/include/cmsis_gcc.h ****   #pragma GCC diagnostic push
  72:Generated_Source\PSoC6\pdl\cmsis/include/cmsis_gcc.h ****   #pragma GCC diagnostic ignored "-Wpacked"
  73:Generated_Source\PSoC6\pdl\cmsis/include/cmsis_gcc.h ****   #pragma GCC diagnostic ignored "-Wattributes"
  74:Generated_Source\PSoC6\pdl\cmsis/include/cmsis_gcc.h ****   struct __attribute__((packed)) T_UINT32 { uint32_t v; };
  75:Generated_Source\PSoC6\pdl\cmsis/include/cmsis_gcc.h ****   #pragma GCC diagnostic pop
  76:Generated_Source\PSoC6\pdl\cmsis/include/cmsis_gcc.h ****   #define __UNALIGNED_UINT32(x)                  (((struct T_UINT32 *)(x))->v)
  77:Generated_Source\PSoC6\pdl\cmsis/include/cmsis_gcc.h **** #endif
  78:Generated_Source\PSoC6\pdl\cmsis/include/cmsis_gcc.h **** #ifndef   __UNALIGNED_UINT16_WRITE
  79:Generated_Source\PSoC6\pdl\cmsis/include/cmsis_gcc.h ****   #pragma GCC diagnostic push
  80:Generated_Source\PSoC6\pdl\cmsis/include/cmsis_gcc.h ****   #pragma GCC diagnostic ignored "-Wpacked"
  81:Generated_Source\PSoC6\pdl\cmsis/include/cmsis_gcc.h ****   #pragma GCC diagnostic ignored "-Wattributes"
  82:Generated_Source\PSoC6\pdl\cmsis/include/cmsis_gcc.h ****   __PACKED_STRUCT T_UINT16_WRITE { uint16_t v; };
  83:Generated_Source\PSoC6\pdl\cmsis/include/cmsis_gcc.h ****   #pragma GCC diagnostic pop
  84:Generated_Source\PSoC6\pdl\cmsis/include/cmsis_gcc.h ****   #define __UNALIGNED_UINT16_WRITE(addr, val)    (void)((((struct T_UINT16_WRITE *)(void *)(addr))-
  85:Generated_Source\PSoC6\pdl\cmsis/include/cmsis_gcc.h **** #endif
  86:Generated_Source\PSoC6\pdl\cmsis/include/cmsis_gcc.h **** #ifndef   __UNALIGNED_UINT16_READ
  87:Generated_Source\PSoC6\pdl\cmsis/include/cmsis_gcc.h ****   #pragma GCC diagnostic push
  88:Generated_Source\PSoC6\pdl\cmsis/include/cmsis_gcc.h ****   #pragma GCC diagnostic ignored "-Wpacked"
  89:Generated_Source\PSoC6\pdl\cmsis/include/cmsis_gcc.h ****   #pragma GCC diagnostic ignored "-Wattributes"
  90:Generated_Source\PSoC6\pdl\cmsis/include/cmsis_gcc.h ****   __PACKED_STRUCT T_UINT16_READ { uint16_t v; };
  91:Generated_Source\PSoC6\pdl\cmsis/include/cmsis_gcc.h ****   #pragma GCC diagnostic pop
  92:Generated_Source\PSoC6\pdl\cmsis/include/cmsis_gcc.h ****   #define __UNALIGNED_UINT16_READ(addr)          (((const struct T_UINT16_READ *)(const void *)(add
  93:Generated_Source\PSoC6\pdl\cmsis/include/cmsis_gcc.h **** #endif
  94:Generated_Source\PSoC6\pdl\cmsis/include/cmsis_gcc.h **** #ifndef   __UNALIGNED_UINT32_WRITE
  95:Generated_Source\PSoC6\pdl\cmsis/include/cmsis_gcc.h ****   #pragma GCC diagnostic push
  96:Generated_Source\PSoC6\pdl\cmsis/include/cmsis_gcc.h ****   #pragma GCC diagnostic ignored "-Wpacked"
  97:Generated_Source\PSoC6\pdl\cmsis/include/cmsis_gcc.h ****   #pragma GCC diagnostic ignored "-Wattributes"
  98:Generated_Source\PSoC6\pdl\cmsis/include/cmsis_gcc.h ****   __PACKED_STRUCT T_UINT32_WRITE { uint32_t v; };
  99:Generated_Source\PSoC6\pdl\cmsis/include/cmsis_gcc.h ****   #pragma GCC diagnostic pop
 100:Generated_Source\PSoC6\pdl\cmsis/include/cmsis_gcc.h ****   #define __UNALIGNED_UINT32_WRITE(addr, val)    (void)((((struct T_UINT32_WRITE *)(void *)(addr))-
 101:Generated_Source\PSoC6\pdl\cmsis/include/cmsis_gcc.h **** #endif
 102:Generated_Source\PSoC6\pdl\cmsis/include/cmsis_gcc.h **** #ifndef   __UNALIGNED_UINT32_READ
 103:Generated_Source\PSoC6\pdl\cmsis/include/cmsis_gcc.h ****   #pragma GCC diagnostic push
 104:Generated_Source\PSoC6\pdl\cmsis/include/cmsis_gcc.h ****   #pragma GCC diagnostic ignored "-Wpacked"
 105:Generated_Source\PSoC6\pdl\cmsis/include/cmsis_gcc.h ****   #pragma GCC diagnostic ignored "-Wattributes"
 106:Generated_Source\PSoC6\pdl\cmsis/include/cmsis_gcc.h ****   __PACKED_STRUCT T_UINT32_READ { uint32_t v; };
 107:Generated_Source\PSoC6\pdl\cmsis/include/cmsis_gcc.h ****   #pragma GCC diagnostic pop
 108:Generated_Source\PSoC6\pdl\cmsis/include/cmsis_gcc.h ****   #define __UNALIGNED_UINT32_READ(addr)          (((const struct T_UINT32_READ *)(const void *)(add
 109:Generated_Source\PSoC6\pdl\cmsis/include/cmsis_gcc.h **** #endif
 110:Generated_Source\PSoC6\pdl\cmsis/include/cmsis_gcc.h **** #ifndef   __ALIGNED
 111:Generated_Source\PSoC6\pdl\cmsis/include/cmsis_gcc.h ****   #define __ALIGNED(x)                           __attribute__((aligned(x)))
 112:Generated_Source\PSoC6\pdl\cmsis/include/cmsis_gcc.h **** #endif
 113:Generated_Source\PSoC6\pdl\cmsis/include/cmsis_gcc.h **** #ifndef   __RESTRICT
 114:Generated_Source\PSoC6\pdl\cmsis/include/cmsis_gcc.h ****   #define __RESTRICT                             __restrict
 115:Generated_Source\PSoC6\pdl\cmsis/include/cmsis_gcc.h **** #endif
 116:Generated_Source\PSoC6\pdl\cmsis/include/cmsis_gcc.h **** 
ARM GAS  C:\Users\jeppe\AppData\Local\Temp\ccB7fN58.s 			page 4


 117:Generated_Source\PSoC6\pdl\cmsis/include/cmsis_gcc.h **** 
 118:Generated_Source\PSoC6\pdl\cmsis/include/cmsis_gcc.h **** /* ###########################  Core Function Access  ########################### */
 119:Generated_Source\PSoC6\pdl\cmsis/include/cmsis_gcc.h **** /** \ingroup  CMSIS_Core_FunctionInterface
 120:Generated_Source\PSoC6\pdl\cmsis/include/cmsis_gcc.h ****     \defgroup CMSIS_Core_RegAccFunctions CMSIS Core Register Access Functions
 121:Generated_Source\PSoC6\pdl\cmsis/include/cmsis_gcc.h ****   @{
 122:Generated_Source\PSoC6\pdl\cmsis/include/cmsis_gcc.h ****  */
 123:Generated_Source\PSoC6\pdl\cmsis/include/cmsis_gcc.h **** 
 124:Generated_Source\PSoC6\pdl\cmsis/include/cmsis_gcc.h **** /**
 125:Generated_Source\PSoC6\pdl\cmsis/include/cmsis_gcc.h ****   \brief   Enable IRQ Interrupts
 126:Generated_Source\PSoC6\pdl\cmsis/include/cmsis_gcc.h ****   \details Enables IRQ interrupts by clearing the I-bit in the CPSR.
 127:Generated_Source\PSoC6\pdl\cmsis/include/cmsis_gcc.h ****            Can only be executed in Privileged modes.
 128:Generated_Source\PSoC6\pdl\cmsis/include/cmsis_gcc.h ****  */
 129:Generated_Source\PSoC6\pdl\cmsis/include/cmsis_gcc.h **** __STATIC_FORCEINLINE void __enable_irq(void)
 130:Generated_Source\PSoC6\pdl\cmsis/include/cmsis_gcc.h **** {
 131:Generated_Source\PSoC6\pdl\cmsis/include/cmsis_gcc.h ****   __ASM volatile ("cpsie i" : : : "memory");
  40              		.loc 2 131 0
  41              		.syntax divided
  42              	@ 131 "Generated_Source\PSoC6\pdl\cmsis/include/cmsis_gcc.h" 1
  43 0002 62B6     		cpsie i
  44              	@ 0 "" 2
  45              		.thumb
  46              		.syntax unified
  47              	.LBE5:
  48              	.LBE4:
  17:main_cm0p.c   ****     __enable_irq(); /* Enable global interrupts. */
  18:main_cm0p.c   **** 
  19:main_cm0p.c   ****     #if(CY_BLE_CONFIG_HOST_CORE == CY_BLE_CORE_CORTEX_M0P)
  20:main_cm0p.c   ****     {
  21:main_cm0p.c   ****         Cy_SysEnableCM4(CY_CORTEX_M4_APPL_ADDR); 
  22:main_cm0p.c   ****         HostMain();
  23:main_cm0p.c   ****     }
  24:main_cm0p.c   ****     #else
  25:main_cm0p.c   ****     {
  26:main_cm0p.c   ****         #if(CY_BLE_STACK_MODE_IPC)
  27:main_cm0p.c   ****         {
  28:main_cm0p.c   ****             Cy_BLE_Start(NULL);
  49              		.loc 1 28 0
  50 0004 0020     		movs	r0, #0
  51 0006 FFF7FEFF 		bl	Cy_BLE_Start
  52              	.LVL0:
  29:main_cm0p.c   ****         }
  30:main_cm0p.c   ****         #endif
  31:main_cm0p.c   ****         Cy_SysEnableCM4(CY_CORTEX_M4_APPL_ADDR);
  53              		.loc 1 31 0
  54 000a 0448     		ldr	r0, .L3
  55 000c FFF7FEFF 		bl	Cy_SysEnableCM4
  56              	.LVL1:
  57              	.L2:
  32:main_cm0p.c   ****         
  33:main_cm0p.c   ****         for(;;)
  34:main_cm0p.c   ****         {
  35:main_cm0p.c   ****             #if(CY_BLE_STACK_MODE_IPC)
  36:main_cm0p.c   ****             {
  37:main_cm0p.c   ****                Cy_BLE_ProcessEvents();
  58              		.loc 1 37 0 discriminator 1
  59 0010 FFF7FEFF 		bl	Cy_BLE_ProcessEvents
  60              	.LVL2:
ARM GAS  C:\Users\jeppe\AppData\Local\Temp\ccB7fN58.s 			page 5


  38:main_cm0p.c   ****                Cy_SysPm_DeepSleep(CY_SYSPM_WAIT_FOR_INTERRUPT);
  61              		.loc 1 38 0 discriminator 1
  62 0014 0020     		movs	r0, #0
  63 0016 FFF7FEFF 		bl	Cy_SysPm_CpuEnterDeepSleep
  64              	.LVL3:
  65 001a F9E7     		b	.L2
  66              	.L4:
  67              		.align	2
  68              	.L3:
  69 001c 00000810 		.word	268959744
  70              		.cfi_endproc
  71              	.LFE421:
  72              		.size	main, .-main
  73              		.comm	buffer,22,4
  74              		.comm	devAddr,1,1
  75              		.text
  76              	.Letext0:
  77              		.file 3 "c:\\program files (x86)\\cypress\\psoc creator\\4.4\\psoc creator\\import\\gnu\\arm\\5.4.
  78              		.file 4 "c:\\program files (x86)\\cypress\\psoc creator\\4.4\\psoc creator\\import\\gnu\\arm\\5.4.
  79              		.file 5 "Generated_Source\\PSoC6\\pdl\\drivers/peripheral/device/cy_device.h"
  80              		.file 6 "Generated_Source\\PSoC6\\pdl\\drivers/peripheral/syspm/cy_syspm.h"
  81              		.file 7 "Generated_Source\\PSoC6\\pdl\\drivers/peripheral/scb/cy_scb_i2c.h"
  82              		.file 8 "Generated_Source\\PSoC6\\pdl\\drivers/peripheral/scb/cy_scb_uart.h"
  83              		.file 9 "Generated_Source\\PSoC6/UART_DEB.h"
  84              		.file 10 "Generated_Source\\PSoC6/I2C_MPU6050.h"
  85              		.file 11 "kadenceControl.h"
  86              		.file 12 "Generated_Source\\PSoC6/BLE.h"
  87              		.file 13 "./system_psoc6.h"
  88              		.file 14 "Generated_Source\\PSoC6\\pdl\\middleware/ble/cy_ble_stack.h"
  89              		.section	.debug_info,"",%progbits
  90              	.Ldebug_info0:
  91 0000 9D080000 		.4byte	0x89d
  92 0004 0400     		.2byte	0x4
  93 0006 00000000 		.4byte	.Ldebug_abbrev0
  94 000a 04       		.byte	0x4
  95 000b 01       		.uleb128 0x1
  96 000c A5070000 		.4byte	.LASF165
  97 0010 0C       		.byte	0xc
  98 0011 8F000000 		.4byte	.LASF166
  99 0015 70060000 		.4byte	.LASF167
 100 0019 00000000 		.4byte	.Ldebug_ranges0+0
 101 001d 00000000 		.4byte	0
 102 0021 00000000 		.4byte	.Ldebug_line0
 103 0025 02       		.uleb128 0x2
 104 0026 02       		.byte	0x2
 105 0027 05       		.byte	0x5
 106 0028 FC060000 		.4byte	.LASF0
 107 002c 02       		.uleb128 0x2
 108 002d 01       		.byte	0x1
 109 002e 08       		.byte	0x8
 110 002f C9060000 		.4byte	.LASF1
 111 0033 02       		.uleb128 0x2
 112 0034 01       		.byte	0x1
 113 0035 06       		.byte	0x6
 114 0036 CF010000 		.4byte	.LASF2
 115 003a 03       		.uleb128 0x3
 116 003b A9000000 		.4byte	.LASF3
ARM GAS  C:\Users\jeppe\AppData\Local\Temp\ccB7fN58.s 			page 6


 117 003f 03       		.byte	0x3
 118 0040 1D       		.byte	0x1d
 119 0041 2C000000 		.4byte	0x2c
 120 0045 03       		.uleb128 0x3
 121 0046 6A030000 		.4byte	.LASF4
 122 004a 03       		.byte	0x3
 123 004b 29       		.byte	0x29
 124 004c 25000000 		.4byte	0x25
 125 0050 03       		.uleb128 0x3
 126 0051 62080000 		.4byte	.LASF5
 127 0055 03       		.byte	0x3
 128 0056 2B       		.byte	0x2b
 129 0057 5B000000 		.4byte	0x5b
 130 005b 02       		.uleb128 0x2
 131 005c 02       		.byte	0x2
 132 005d 07       		.byte	0x7
 133 005e EE080000 		.4byte	.LASF6
 134 0062 02       		.uleb128 0x2
 135 0063 04       		.byte	0x4
 136 0064 05       		.byte	0x5
 137 0065 79020000 		.4byte	.LASF7
 138 0069 03       		.uleb128 0x3
 139 006a 34030000 		.4byte	.LASF8
 140 006e 03       		.byte	0x3
 141 006f 41       		.byte	0x41
 142 0070 74000000 		.4byte	0x74
 143 0074 02       		.uleb128 0x2
 144 0075 04       		.byte	0x4
 145 0076 07       		.byte	0x7
 146 0077 19040000 		.4byte	.LASF9
 147 007b 02       		.uleb128 0x2
 148 007c 08       		.byte	0x8
 149 007d 05       		.byte	0x5
 150 007e C1010000 		.4byte	.LASF10
 151 0082 02       		.uleb128 0x2
 152 0083 08       		.byte	0x8
 153 0084 07       		.byte	0x7
 154 0085 11010000 		.4byte	.LASF11
 155 0089 04       		.uleb128 0x4
 156 008a 04       		.byte	0x4
 157 008b 05       		.byte	0x5
 158 008c 696E7400 		.ascii	"int\000"
 159 0090 02       		.uleb128 0x2
 160 0091 04       		.byte	0x4
 161 0092 07       		.byte	0x7
 162 0093 BC030000 		.4byte	.LASF12
 163 0097 03       		.uleb128 0x3
 164 0098 EE090000 		.4byte	.LASF13
 165 009c 04       		.byte	0x4
 166 009d 18       		.byte	0x18
 167 009e 3A000000 		.4byte	0x3a
 168 00a2 03       		.uleb128 0x3
 169 00a3 B9010000 		.4byte	.LASF14
 170 00a7 04       		.byte	0x4
 171 00a8 20       		.byte	0x20
 172 00a9 45000000 		.4byte	0x45
 173 00ad 03       		.uleb128 0x3
ARM GAS  C:\Users\jeppe\AppData\Local\Temp\ccB7fN58.s 			page 7


 174 00ae DA030000 		.4byte	.LASF15
 175 00b2 04       		.byte	0x4
 176 00b3 24       		.byte	0x24
 177 00b4 50000000 		.4byte	0x50
 178 00b8 03       		.uleb128 0x3
 179 00b9 83070000 		.4byte	.LASF16
 180 00bd 04       		.byte	0x4
 181 00be 30       		.byte	0x30
 182 00bf 69000000 		.4byte	0x69
 183 00c3 02       		.uleb128 0x2
 184 00c4 04       		.byte	0x4
 185 00c5 07       		.byte	0x7
 186 00c6 7A050000 		.4byte	.LASF17
 187 00ca 05       		.uleb128 0x5
 188 00cb B8000000 		.4byte	0xb8
 189 00cf 02       		.uleb128 0x2
 190 00d0 08       		.byte	0x8
 191 00d1 04       		.byte	0x4
 192 00d2 37080000 		.4byte	.LASF18
 193 00d6 06       		.uleb128 0x6
 194 00d7 B8       		.byte	0xb8
 195 00d8 05       		.byte	0x5
 196 00d9 34       		.byte	0x34
 197 00da E7040000 		.4byte	0x4e7
 198 00de 07       		.uleb128 0x7
 199 00df F8000000 		.4byte	.LASF19
 200 00e3 05       		.byte	0x5
 201 00e4 37       		.byte	0x37
 202 00e5 B8000000 		.4byte	0xb8
 203 00e9 00       		.byte	0
 204 00ea 07       		.uleb128 0x7
 205 00eb 29030000 		.4byte	.LASF20
 206 00ef 05       		.byte	0x5
 207 00f0 38       		.byte	0x38
 208 00f1 B8000000 		.4byte	0xb8
 209 00f5 04       		.byte	0x4
 210 00f6 07       		.uleb128 0x7
 211 00f7 AB020000 		.4byte	.LASF21
 212 00fb 05       		.byte	0x5
 213 00fc 39       		.byte	0x39
 214 00fd B8000000 		.4byte	0xb8
 215 0101 08       		.byte	0x8
 216 0102 07       		.uleb128 0x7
 217 0103 AC060000 		.4byte	.LASF22
 218 0107 05       		.byte	0x5
 219 0108 3A       		.byte	0x3a
 220 0109 B8000000 		.4byte	0xb8
 221 010d 0C       		.byte	0xc
 222 010e 07       		.uleb128 0x7
 223 010f 01020000 		.4byte	.LASF23
 224 0113 05       		.byte	0x5
 225 0114 3B       		.byte	0x3b
 226 0115 B8000000 		.4byte	0xb8
 227 0119 10       		.byte	0x10
 228 011a 07       		.uleb128 0x7
 229 011b 4B020000 		.4byte	.LASF24
 230 011f 05       		.byte	0x5
ARM GAS  C:\Users\jeppe\AppData\Local\Temp\ccB7fN58.s 			page 8


 231 0120 3C       		.byte	0x3c
 232 0121 B8000000 		.4byte	0xb8
 233 0125 14       		.byte	0x14
 234 0126 07       		.uleb128 0x7
 235 0127 69040000 		.4byte	.LASF25
 236 012b 05       		.byte	0x5
 237 012c 3D       		.byte	0x3d
 238 012d B8000000 		.4byte	0xb8
 239 0131 18       		.byte	0x18
 240 0132 07       		.uleb128 0x7
 241 0133 86000000 		.4byte	.LASF26
 242 0137 05       		.byte	0x5
 243 0138 3E       		.byte	0x3e
 244 0139 B8000000 		.4byte	0xb8
 245 013d 1C       		.byte	0x1c
 246 013e 07       		.uleb128 0x7
 247 013f 570A0000 		.4byte	.LASF27
 248 0143 05       		.byte	0x5
 249 0144 3F       		.byte	0x3f
 250 0145 B8000000 		.4byte	0xb8
 251 0149 20       		.byte	0x20
 252 014a 07       		.uleb128 0x7
 253 014b 07060000 		.4byte	.LASF28
 254 014f 05       		.byte	0x5
 255 0150 40       		.byte	0x40
 256 0151 B8000000 		.4byte	0xb8
 257 0155 24       		.byte	0x24
 258 0156 07       		.uleb128 0x7
 259 0157 4C050000 		.4byte	.LASF29
 260 015b 05       		.byte	0x5
 261 015c 43       		.byte	0x43
 262 015d 97000000 		.4byte	0x97
 263 0161 28       		.byte	0x28
 264 0162 07       		.uleb128 0x7
 265 0163 6C000000 		.4byte	.LASF30
 266 0167 05       		.byte	0x5
 267 0168 44       		.byte	0x44
 268 0169 97000000 		.4byte	0x97
 269 016d 29       		.byte	0x29
 270 016e 07       		.uleb128 0x7
 271 016f 4D0A0000 		.4byte	.LASF31
 272 0173 05       		.byte	0x5
 273 0174 45       		.byte	0x45
 274 0175 97000000 		.4byte	0x97
 275 0179 2A       		.byte	0x2a
 276 017a 07       		.uleb128 0x7
 277 017b F9050000 		.4byte	.LASF32
 278 017f 05       		.byte	0x5
 279 0180 46       		.byte	0x46
 280 0181 97000000 		.4byte	0x97
 281 0185 2B       		.byte	0x2b
 282 0186 07       		.uleb128 0x7
 283 0187 DB040000 		.4byte	.LASF33
 284 018b 05       		.byte	0x5
 285 018c 47       		.byte	0x47
 286 018d 97000000 		.4byte	0x97
 287 0191 2C       		.byte	0x2c
ARM GAS  C:\Users\jeppe\AppData\Local\Temp\ccB7fN58.s 			page 9


 288 0192 07       		.uleb128 0x7
 289 0193 AC080000 		.4byte	.LASF34
 290 0197 05       		.byte	0x5
 291 0198 48       		.byte	0x48
 292 0199 97000000 		.4byte	0x97
 293 019d 2D       		.byte	0x2d
 294 019e 07       		.uleb128 0x7
 295 019f 0A020000 		.4byte	.LASF35
 296 01a3 05       		.byte	0x5
 297 01a4 49       		.byte	0x49
 298 01a5 97000000 		.4byte	0x97
 299 01a9 2E       		.byte	0x2e
 300 01aa 07       		.uleb128 0x7
 301 01ab 59050000 		.4byte	.LASF36
 302 01af 05       		.byte	0x5
 303 01b0 4A       		.byte	0x4a
 304 01b1 97000000 		.4byte	0x97
 305 01b5 2F       		.byte	0x2f
 306 01b6 07       		.uleb128 0x7
 307 01b7 48080000 		.4byte	.LASF37
 308 01bb 05       		.byte	0x5
 309 01bc 4B       		.byte	0x4b
 310 01bd 97000000 		.4byte	0x97
 311 01c1 30       		.byte	0x30
 312 01c2 07       		.uleb128 0x7
 313 01c3 5E040000 		.4byte	.LASF38
 314 01c7 05       		.byte	0x5
 315 01c8 4E       		.byte	0x4e
 316 01c9 97000000 		.4byte	0x97
 317 01cd 31       		.byte	0x31
 318 01ce 07       		.uleb128 0x7
 319 01cf 9B000000 		.4byte	.LASF39
 320 01d3 05       		.byte	0x5
 321 01d4 4F       		.byte	0x4f
 322 01d5 97000000 		.4byte	0x97
 323 01d9 32       		.byte	0x32
 324 01da 07       		.uleb128 0x7
 325 01db B0030000 		.4byte	.LASF40
 326 01df 05       		.byte	0x5
 327 01e0 50       		.byte	0x50
 328 01e1 97000000 		.4byte	0x97
 329 01e5 33       		.byte	0x33
 330 01e6 07       		.uleb128 0x7
 331 01e7 9E050000 		.4byte	.LASF41
 332 01eb 05       		.byte	0x5
 333 01ec 51       		.byte	0x51
 334 01ed 97000000 		.4byte	0x97
 335 01f1 34       		.byte	0x34
 336 01f2 07       		.uleb128 0x7
 337 01f3 30090000 		.4byte	.LASF42
 338 01f7 05       		.byte	0x5
 339 01f8 52       		.byte	0x52
 340 01f9 A2000000 		.4byte	0xa2
 341 01fd 36       		.byte	0x36
 342 01fe 07       		.uleb128 0x7
 343 01ff C5020000 		.4byte	.LASF43
 344 0203 05       		.byte	0x5
ARM GAS  C:\Users\jeppe\AppData\Local\Temp\ccB7fN58.s 			page 10


 345 0204 53       		.byte	0x53
 346 0205 A2000000 		.4byte	0xa2
 347 0209 38       		.byte	0x38
 348 020a 07       		.uleb128 0x7
 349 020b CB080000 		.4byte	.LASF44
 350 020f 05       		.byte	0x5
 351 0210 54       		.byte	0x54
 352 0211 A2000000 		.4byte	0xa2
 353 0215 3A       		.byte	0x3a
 354 0216 07       		.uleb128 0x7
 355 0217 3C020000 		.4byte	.LASF45
 356 021b 05       		.byte	0x5
 357 021c 55       		.byte	0x55
 358 021d 97000000 		.4byte	0x97
 359 0221 3C       		.byte	0x3c
 360 0222 07       		.uleb128 0x7
 361 0223 EC020000 		.4byte	.LASF46
 362 0227 05       		.byte	0x5
 363 0228 56       		.byte	0x56
 364 0229 97000000 		.4byte	0x97
 365 022d 3D       		.byte	0x3d
 366 022e 07       		.uleb128 0x7
 367 022f 96090000 		.4byte	.LASF47
 368 0233 05       		.byte	0x5
 369 0234 57       		.byte	0x57
 370 0235 97000000 		.4byte	0x97
 371 0239 3E       		.byte	0x3e
 372 023a 07       		.uleb128 0x7
 373 023b 7A000000 		.4byte	.LASF48
 374 023f 05       		.byte	0x5
 375 0240 58       		.byte	0x58
 376 0241 97000000 		.4byte	0x97
 377 0245 3F       		.byte	0x3f
 378 0246 07       		.uleb128 0x7
 379 0247 12060000 		.4byte	.LASF49
 380 024b 05       		.byte	0x5
 381 024c 59       		.byte	0x59
 382 024d 97000000 		.4byte	0x97
 383 0251 40       		.byte	0x40
 384 0252 07       		.uleb128 0x7
 385 0253 3F030000 		.4byte	.LASF50
 386 0257 05       		.byte	0x5
 387 0258 5A       		.byte	0x5a
 388 0259 97000000 		.4byte	0x97
 389 025d 41       		.byte	0x41
 390 025e 07       		.uleb128 0x7
 391 025f F7040000 		.4byte	.LASF51
 392 0263 05       		.byte	0x5
 393 0264 5B       		.byte	0x5b
 394 0265 97000000 		.4byte	0x97
 395 0269 42       		.byte	0x42
 396 026a 07       		.uleb128 0x7
 397 026b E5050000 		.4byte	.LASF52
 398 026f 05       		.byte	0x5
 399 0270 5C       		.byte	0x5c
 400 0271 97000000 		.4byte	0x97
 401 0275 43       		.byte	0x43
ARM GAS  C:\Users\jeppe\AppData\Local\Temp\ccB7fN58.s 			page 11


 402 0276 07       		.uleb128 0x7
 403 0277 B4020000 		.4byte	.LASF53
 404 027b 05       		.byte	0x5
 405 027c 5D       		.byte	0x5d
 406 027d 97000000 		.4byte	0x97
 407 0281 44       		.byte	0x44
 408 0282 07       		.uleb128 0x7
 409 0283 00000000 		.4byte	.LASF54
 410 0287 05       		.byte	0x5
 411 0288 5E       		.byte	0x5e
 412 0289 B8000000 		.4byte	0xb8
 413 028d 48       		.byte	0x48
 414 028e 07       		.uleb128 0x7
 415 028f 9D020000 		.4byte	.LASF55
 416 0293 05       		.byte	0x5
 417 0294 5F       		.byte	0x5f
 418 0295 B8000000 		.4byte	0xb8
 419 0299 4C       		.byte	0x4c
 420 029a 07       		.uleb128 0x7
 421 029b 8D0A0000 		.4byte	.LASF56
 422 029f 05       		.byte	0x5
 423 02a0 60       		.byte	0x60
 424 02a1 97000000 		.4byte	0x97
 425 02a5 50       		.byte	0x50
 426 02a6 07       		.uleb128 0x7
 427 02a7 6B010000 		.4byte	.LASF57
 428 02ab 05       		.byte	0x5
 429 02ac 61       		.byte	0x61
 430 02ad 97000000 		.4byte	0x97
 431 02b1 51       		.byte	0x51
 432 02b2 07       		.uleb128 0x7
 433 02b3 DE090000 		.4byte	.LASF58
 434 02b7 05       		.byte	0x5
 435 02b8 62       		.byte	0x62
 436 02b9 97000000 		.4byte	0x97
 437 02bd 52       		.byte	0x52
 438 02be 07       		.uleb128 0x7
 439 02bf B9080000 		.4byte	.LASF59
 440 02c3 05       		.byte	0x5
 441 02c4 63       		.byte	0x63
 442 02c5 97000000 		.4byte	0x97
 443 02c9 53       		.byte	0x53
 444 02ca 07       		.uleb128 0x7
 445 02cb 73070000 		.4byte	.LASF60
 446 02cf 05       		.byte	0x5
 447 02d0 64       		.byte	0x64
 448 02d1 97000000 		.4byte	0x97
 449 02d5 54       		.byte	0x54
 450 02d6 07       		.uleb128 0x7
 451 02d7 A5010000 		.4byte	.LASF61
 452 02db 05       		.byte	0x5
 453 02dc 65       		.byte	0x65
 454 02dd 97000000 		.4byte	0x97
 455 02e1 55       		.byte	0x55
 456 02e2 07       		.uleb128 0x7
 457 02e3 05040000 		.4byte	.LASF62
 458 02e7 05       		.byte	0x5
ARM GAS  C:\Users\jeppe\AppData\Local\Temp\ccB7fN58.s 			page 12


 459 02e8 66       		.byte	0x66
 460 02e9 97000000 		.4byte	0x97
 461 02ed 56       		.byte	0x56
 462 02ee 07       		.uleb128 0x7
 463 02ef 72040000 		.4byte	.LASF63
 464 02f3 05       		.byte	0x5
 465 02f4 67       		.byte	0x67
 466 02f5 97000000 		.4byte	0x97
 467 02f9 57       		.byte	0x57
 468 02fa 07       		.uleb128 0x7
 469 02fb 31000000 		.4byte	.LASF64
 470 02ff 05       		.byte	0x5
 471 0300 68       		.byte	0x68
 472 0301 97000000 		.4byte	0x97
 473 0305 58       		.byte	0x58
 474 0306 07       		.uleb128 0x7
 475 0307 E8060000 		.4byte	.LASF65
 476 030b 05       		.byte	0x5
 477 030c 69       		.byte	0x69
 478 030d 97000000 		.4byte	0x97
 479 0311 59       		.byte	0x59
 480 0312 07       		.uleb128 0x7
 481 0313 83050000 		.4byte	.LASF66
 482 0317 05       		.byte	0x5
 483 0318 6E       		.byte	0x6e
 484 0319 AD000000 		.4byte	0xad
 485 031d 5A       		.byte	0x5a
 486 031e 07       		.uleb128 0x7
 487 031f 01090000 		.4byte	.LASF67
 488 0323 05       		.byte	0x5
 489 0324 6F       		.byte	0x6f
 490 0325 AD000000 		.4byte	0xad
 491 0329 5C       		.byte	0x5c
 492 032a 07       		.uleb128 0x7
 493 032b 02010000 		.4byte	.LASF68
 494 032f 05       		.byte	0x5
 495 0330 70       		.byte	0x70
 496 0331 97000000 		.4byte	0x97
 497 0335 5E       		.byte	0x5e
 498 0336 07       		.uleb128 0x7
 499 0337 5A060000 		.4byte	.LASF69
 500 033b 05       		.byte	0x5
 501 033c 71       		.byte	0x71
 502 033d 97000000 		.4byte	0x97
 503 0341 5F       		.byte	0x5f
 504 0342 07       		.uleb128 0x7
 505 0343 D4050000 		.4byte	.LASF70
 506 0347 05       		.byte	0x5
 507 0348 72       		.byte	0x72
 508 0349 97000000 		.4byte	0x97
 509 034d 60       		.byte	0x60
 510 034e 07       		.uleb128 0x7
 511 034f 33060000 		.4byte	.LASF71
 512 0353 05       		.byte	0x5
 513 0354 73       		.byte	0x73
 514 0355 B8000000 		.4byte	0xb8
 515 0359 64       		.byte	0x64
ARM GAS  C:\Users\jeppe\AppData\Local\Temp\ccB7fN58.s 			page 13


 516 035a 07       		.uleb128 0x7
 517 035b 28010000 		.4byte	.LASF72
 518 035f 05       		.byte	0x5
 519 0360 76       		.byte	0x76
 520 0361 AD000000 		.4byte	0xad
 521 0365 68       		.byte	0x68
 522 0366 07       		.uleb128 0x7
 523 0367 F3030000 		.4byte	.LASF73
 524 036b 05       		.byte	0x5
 525 036c 77       		.byte	0x77
 526 036d AD000000 		.4byte	0xad
 527 0371 6A       		.byte	0x6a
 528 0372 07       		.uleb128 0x7
 529 0373 90040000 		.4byte	.LASF74
 530 0377 05       		.byte	0x5
 531 0378 78       		.byte	0x78
 532 0379 AD000000 		.4byte	0xad
 533 037d 6C       		.byte	0x6c
 534 037e 07       		.uleb128 0x7
 535 037f BE040000 		.4byte	.LASF75
 536 0383 05       		.byte	0x5
 537 0384 79       		.byte	0x79
 538 0385 AD000000 		.4byte	0xad
 539 0389 6E       		.byte	0x6e
 540 038a 07       		.uleb128 0x7
 541 038b 17070000 		.4byte	.LASF76
 542 038f 05       		.byte	0x5
 543 0390 7B       		.byte	0x7b
 544 0391 97000000 		.4byte	0x97
 545 0395 70       		.byte	0x70
 546 0396 07       		.uleb128 0x7
 547 0397 DB010000 		.4byte	.LASF77
 548 039b 05       		.byte	0x5
 549 039c 7C       		.byte	0x7c
 550 039d 97000000 		.4byte	0x97
 551 03a1 71       		.byte	0x71
 552 03a2 07       		.uleb128 0x7
 553 03a3 5F0A0000 		.4byte	.LASF78
 554 03a7 05       		.byte	0x5
 555 03a8 7D       		.byte	0x7d
 556 03a9 97000000 		.4byte	0x97
 557 03ad 72       		.byte	0x72
 558 03ae 07       		.uleb128 0x7
 559 03af AF050000 		.4byte	.LASF79
 560 03b3 05       		.byte	0x5
 561 03b4 7E       		.byte	0x7e
 562 03b5 97000000 		.4byte	0x97
 563 03b9 73       		.byte	0x73
 564 03ba 07       		.uleb128 0x7
 565 03bb FC020000 		.4byte	.LASF80
 566 03bf 05       		.byte	0x5
 567 03c0 80       		.byte	0x80
 568 03c1 AD000000 		.4byte	0xad
 569 03c5 74       		.byte	0x74
 570 03c6 07       		.uleb128 0x7
 571 03c7 6D080000 		.4byte	.LASF81
 572 03cb 05       		.byte	0x5
ARM GAS  C:\Users\jeppe\AppData\Local\Temp\ccB7fN58.s 			page 14


 573 03cc 81       		.byte	0x81
 574 03cd AD000000 		.4byte	0xad
 575 03d1 76       		.byte	0x76
 576 03d2 07       		.uleb128 0x7
 577 03d3 D7020000 		.4byte	.LASF82
 578 03d7 05       		.byte	0x5
 579 03d8 82       		.byte	0x82
 580 03d9 AD000000 		.4byte	0xad
 581 03dd 78       		.byte	0x78
 582 03de 07       		.uleb128 0x7
 583 03df BF000000 		.4byte	.LASF83
 584 03e3 05       		.byte	0x5
 585 03e4 83       		.byte	0x83
 586 03e5 AD000000 		.4byte	0xad
 587 03e9 7A       		.byte	0x7a
 588 03ea 07       		.uleb128 0x7
 589 03eb 0B0A0000 		.4byte	.LASF84
 590 03ef 05       		.byte	0x5
 591 03f0 86       		.byte	0x86
 592 03f1 97000000 		.4byte	0x97
 593 03f5 7C       		.byte	0x7c
 594 03f6 07       		.uleb128 0x7
 595 03f7 3D090000 		.4byte	.LASF85
 596 03fb 05       		.byte	0x5
 597 03fc 87       		.byte	0x87
 598 03fd 97000000 		.4byte	0x97
 599 0401 7D       		.byte	0x7d
 600 0402 07       		.uleb128 0x7
 601 0403 45000000 		.4byte	.LASF86
 602 0407 05       		.byte	0x5
 603 0408 88       		.byte	0x88
 604 0409 97000000 		.4byte	0x97
 605 040d 7E       		.byte	0x7e
 606 040e 07       		.uleb128 0x7
 607 040f 0E030000 		.4byte	.LASF87
 608 0413 05       		.byte	0x5
 609 0414 89       		.byte	0x89
 610 0415 97000000 		.4byte	0x97
 611 0419 7F       		.byte	0x7f
 612 041a 07       		.uleb128 0x7
 613 041b 9C030000 		.4byte	.LASF88
 614 041f 05       		.byte	0x5
 615 0420 8A       		.byte	0x8a
 616 0421 97000000 		.4byte	0x97
 617 0425 80       		.byte	0x80
 618 0426 07       		.uleb128 0x7
 619 0427 35050000 		.4byte	.LASF89
 620 042b 05       		.byte	0x5
 621 042c 8D       		.byte	0x8d
 622 042d B8000000 		.4byte	0xb8
 623 0431 84       		.byte	0x84
 624 0432 07       		.uleb128 0x7
 625 0433 D4000000 		.4byte	.LASF90
 626 0437 05       		.byte	0x5
 627 0438 8E       		.byte	0x8e
 628 0439 B8000000 		.4byte	0xb8
 629 043d 88       		.byte	0x88
ARM GAS  C:\Users\jeppe\AppData\Local\Temp\ccB7fN58.s 			page 15


 630 043e 07       		.uleb128 0x7
 631 043f F6090000 		.4byte	.LASF91
 632 0443 05       		.byte	0x5
 633 0444 8F       		.byte	0x8f
 634 0445 B8000000 		.4byte	0xb8
 635 0449 8C       		.byte	0x8c
 636 044a 07       		.uleb128 0x7
 637 044b 65050000 		.4byte	.LASF92
 638 044f 05       		.byte	0x5
 639 0450 90       		.byte	0x90
 640 0451 B8000000 		.4byte	0xb8
 641 0455 90       		.byte	0x90
 642 0456 07       		.uleb128 0x7
 643 0457 7D030000 		.4byte	.LASF93
 644 045b 05       		.byte	0x5
 645 045c 91       		.byte	0x91
 646 045d B8000000 		.4byte	0xb8
 647 0461 94       		.byte	0x94
 648 0462 07       		.uleb128 0x7
 649 0463 11050000 		.4byte	.LASF94
 650 0467 05       		.byte	0x5
 651 0468 92       		.byte	0x92
 652 0469 B8000000 		.4byte	0xb8
 653 046d 98       		.byte	0x98
 654 046e 07       		.uleb128 0x7
 655 046f 2E0A0000 		.4byte	.LASF95
 656 0473 05       		.byte	0x5
 657 0474 93       		.byte	0x93
 658 0475 B8000000 		.4byte	0xb8
 659 0479 9C       		.byte	0x9c
 660 047a 07       		.uleb128 0x7
 661 047b 42010000 		.4byte	.LASF96
 662 047f 05       		.byte	0x5
 663 0480 94       		.byte	0x94
 664 0481 B8000000 		.4byte	0xb8
 665 0485 A0       		.byte	0xa0
 666 0486 07       		.uleb128 0x7
 667 0487 27020000 		.4byte	.LASF97
 668 048b 05       		.byte	0x5
 669 048c 95       		.byte	0x95
 670 048d AD000000 		.4byte	0xad
 671 0491 A4       		.byte	0xa4
 672 0492 07       		.uleb128 0x7
 673 0493 C9090000 		.4byte	.LASF98
 674 0497 05       		.byte	0x5
 675 0498 96       		.byte	0x96
 676 0499 AD000000 		.4byte	0xad
 677 049d A6       		.byte	0xa6
 678 049e 07       		.uleb128 0x7
 679 049f 4E060000 		.4byte	.LASF99
 680 04a3 05       		.byte	0x5
 681 04a4 97       		.byte	0x97
 682 04a5 AD000000 		.4byte	0xad
 683 04a9 A8       		.byte	0xa8
 684 04aa 07       		.uleb128 0x7
 685 04ab 54080000 		.4byte	.LASF100
 686 04af 05       		.byte	0x5
ARM GAS  C:\Users\jeppe\AppData\Local\Temp\ccB7fN58.s 			page 16


 687 04b0 98       		.byte	0x98
 688 04b1 AD000000 		.4byte	0xad
 689 04b5 AA       		.byte	0xaa
 690 04b6 07       		.uleb128 0x7
 691 04b7 9F040000 		.4byte	.LASF101
 692 04bb 05       		.byte	0x5
 693 04bc 99       		.byte	0x99
 694 04bd AD000000 		.4byte	0xad
 695 04c1 AC       		.byte	0xac
 696 04c2 07       		.uleb128 0x7
 697 04c3 C6050000 		.4byte	.LASF102
 698 04c7 05       		.byte	0x5
 699 04c8 9A       		.byte	0x9a
 700 04c9 AD000000 		.4byte	0xad
 701 04cd AE       		.byte	0xae
 702 04ce 07       		.uleb128 0x7
 703 04cf 1F060000 		.4byte	.LASF103
 704 04d3 05       		.byte	0x5
 705 04d4 9D       		.byte	0x9d
 706 04d5 AD000000 		.4byte	0xad
 707 04d9 B0       		.byte	0xb0
 708 04da 07       		.uleb128 0x7
 709 04db 58000000 		.4byte	.LASF104
 710 04df 05       		.byte	0x5
 711 04e0 9E       		.byte	0x9e
 712 04e1 B8000000 		.4byte	0xb8
 713 04e5 B4       		.byte	0xb4
 714 04e6 00       		.byte	0
 715 04e7 03       		.uleb128 0x3
 716 04e8 E7040000 		.4byte	.LASF105
 717 04ec 05       		.byte	0x5
 718 04ed 9F       		.byte	0x9f
 719 04ee D6000000 		.4byte	0xd6
 720 04f2 02       		.uleb128 0x2
 721 04f3 01       		.byte	0x1
 722 04f4 08       		.byte	0x8
 723 04f5 43080000 		.4byte	.LASF106
 724 04f9 02       		.uleb128 0x2
 725 04fa 04       		.byte	0x4
 726 04fb 04       		.byte	0x4
 727 04fc 2D060000 		.4byte	.LASF107
 728 0500 02       		.uleb128 0x2
 729 0501 08       		.byte	0x8
 730 0502 04       		.byte	0x4
 731 0503 D0020000 		.4byte	.LASF108
 732 0507 08       		.uleb128 0x8
 733 0508 01       		.byte	0x1
 734 0509 2C000000 		.4byte	0x2c
 735 050d 06       		.byte	0x6
 736 050e 2305     		.2byte	0x523
 737 0510 21050000 		.4byte	0x521
 738 0514 09       		.uleb128 0x9
 739 0515 0A090000 		.4byte	.LASF109
 740 0519 00       		.byte	0
 741 051a 09       		.uleb128 0x9
 742 051b 80080000 		.4byte	.LASF110
 743 051f 01       		.byte	0x1
ARM GAS  C:\Users\jeppe\AppData\Local\Temp\ccB7fN58.s 			page 17


 744 0520 00       		.byte	0
 745 0521 0A       		.uleb128 0xa
 746 0522 04       		.byte	0x4
 747 0523 02       		.uleb128 0x2
 748 0524 01       		.byte	0x1
 749 0525 02       		.byte	0x2
 750 0526 C3060000 		.4byte	.LASF111
 751 052a 08       		.uleb128 0x8
 752 052b 01       		.byte	0x1
 753 052c 2C000000 		.4byte	0x2c
 754 0530 07       		.byte	0x7
 755 0531 2402     		.2byte	0x224
 756 0533 44050000 		.4byte	0x544
 757 0537 09       		.uleb128 0x9
 758 0538 B4060000 		.4byte	.LASF112
 759 053c 00       		.byte	0
 760 053d 09       		.uleb128 0x9
 761 053e 8E020000 		.4byte	.LASF113
 762 0542 01       		.byte	0x1
 763 0543 00       		.byte	0
 764 0544 0B       		.uleb128 0xb
 765 0545 B1090000 		.4byte	.LASF114
 766 0549 07       		.byte	0x7
 767 054a 2702     		.2byte	0x227
 768 054c 2A050000 		.4byte	0x52a
 769 0550 0B       		.uleb128 0xb
 770 0551 5B020000 		.4byte	.LASF115
 771 0555 07       		.byte	0x7
 772 0556 3902     		.2byte	0x239
 773 0558 5C050000 		.4byte	0x55c
 774 055c 0C       		.uleb128 0xc
 775 055d 04       		.byte	0x4
 776 055e 62050000 		.4byte	0x562
 777 0562 0D       		.uleb128 0xd
 778 0563 6D050000 		.4byte	0x56d
 779 0567 0E       		.uleb128 0xe
 780 0568 B8000000 		.4byte	0xb8
 781 056c 00       		.byte	0
 782 056d 0B       		.uleb128 0xb
 783 056e 37070000 		.4byte	.LASF116
 784 0572 07       		.byte	0x7
 785 0573 4402     		.2byte	0x244
 786 0575 79050000 		.4byte	0x579
 787 0579 0C       		.uleb128 0xc
 788 057a 04       		.byte	0x4
 789 057b 7F050000 		.4byte	0x57f
 790 057f 0F       		.uleb128 0xf
 791 0580 44050000 		.4byte	0x544
 792 0584 8E050000 		.4byte	0x58e
 793 0588 0E       		.uleb128 0xe
 794 0589 B8000000 		.4byte	0xb8
 795 058d 00       		.byte	0
 796 058e 10       		.uleb128 0x10
 797 058f 8E010000 		.4byte	.LASF140
 798 0593 4C       		.byte	0x4c
 799 0594 07       		.byte	0x7
 800 0595 C302     		.2byte	0x2c3
ARM GAS  C:\Users\jeppe\AppData\Local\Temp\ccB7fN58.s 			page 18


 801 0597 AD060000 		.4byte	0x6ad
 802 059b 11       		.uleb128 0x11
 803 059c 26090000 		.4byte	.LASF117
 804 05a0 07       		.byte	0x7
 805 05a1 C602     		.2byte	0x2c6
 806 05a3 23050000 		.4byte	0x523
 807 05a7 00       		.byte	0
 808 05a8 11       		.uleb128 0x11
 809 05a9 86040000 		.4byte	.LASF118
 810 05ad 07       		.byte	0x7
 811 05ae C702     		.2byte	0x2c7
 812 05b0 23050000 		.4byte	0x523
 813 05b4 01       		.byte	0x1
 814 05b5 11       		.uleb128 0x11
 815 05b6 55020000 		.4byte	.LASF119
 816 05ba 07       		.byte	0x7
 817 05bb C902     		.2byte	0x2c9
 818 05bd CA000000 		.4byte	0xca
 819 05c1 04       		.byte	0x4
 820 05c2 11       		.uleb128 0x11
 821 05c3 58010000 		.4byte	.LASF120
 822 05c7 07       		.byte	0x7
 823 05c8 CB02     		.2byte	0x2cb
 824 05ca CA000000 		.4byte	0xca
 825 05ce 08       		.byte	0x8
 826 05cf 11       		.uleb128 0x11
 827 05d0 2B070000 		.4byte	.LASF121
 828 05d4 07       		.byte	0x7
 829 05d5 CC02     		.2byte	0x2cc
 830 05d7 23050000 		.4byte	0x523
 831 05db 0C       		.byte	0xc
 832 05dc 11       		.uleb128 0x11
 833 05dd 82020000 		.4byte	.LASF122
 834 05e1 07       		.byte	0x7
 835 05e2 CD02     		.2byte	0x2cd
 836 05e4 23050000 		.4byte	0x523
 837 05e8 0D       		.byte	0xd
 838 05e9 11       		.uleb128 0x11
 839 05ea 9F080000 		.4byte	.LASF123
 840 05ee 07       		.byte	0x7
 841 05ef CF02     		.2byte	0x2cf
 842 05f1 AD060000 		.4byte	0x6ad
 843 05f5 10       		.byte	0x10
 844 05f6 11       		.uleb128 0x11
 845 05f7 06070000 		.4byte	.LASF124
 846 05fb 07       		.byte	0x7
 847 05fc D002     		.2byte	0x2d0
 848 05fe B8000000 		.4byte	0xb8
 849 0602 14       		.byte	0x14
 850 0603 11       		.uleb128 0x11
 851 0604 8E050000 		.4byte	.LASF125
 852 0608 07       		.byte	0x7
 853 0609 D102     		.2byte	0x2d1
 854 060b CA000000 		.4byte	0xca
 855 060f 18       		.byte	0x18
 856 0610 11       		.uleb128 0x11
 857 0611 53070000 		.4byte	.LASF126
ARM GAS  C:\Users\jeppe\AppData\Local\Temp\ccB7fN58.s 			page 19


 858 0615 07       		.byte	0x7
 859 0616 D202     		.2byte	0x2d2
 860 0618 CA000000 		.4byte	0xca
 861 061c 1C       		.byte	0x1c
 862 061d 11       		.uleb128 0x11
 863 061e B3000000 		.4byte	.LASF127
 864 0622 07       		.byte	0x7
 865 0623 D402     		.2byte	0x2d4
 866 0625 CA000000 		.4byte	0xca
 867 0629 20       		.byte	0x20
 868 062a 11       		.uleb128 0x11
 869 062b E3030000 		.4byte	.LASF128
 870 062f 07       		.byte	0x7
 871 0630 D502     		.2byte	0x2d5
 872 0632 B3060000 		.4byte	0x6b3
 873 0636 24       		.byte	0x24
 874 0637 11       		.uleb128 0x11
 875 0638 5C090000 		.4byte	.LASF129
 876 063c 07       		.byte	0x7
 877 063d D702     		.2byte	0x2d7
 878 063f AD060000 		.4byte	0x6ad
 879 0643 28       		.byte	0x28
 880 0644 11       		.uleb128 0x11
 881 0645 6A090000 		.4byte	.LASF130
 882 0649 07       		.byte	0x7
 883 064a D802     		.2byte	0x2d8
 884 064c B8000000 		.4byte	0xb8
 885 0650 2C       		.byte	0x2c
 886 0651 11       		.uleb128 0x11
 887 0652 C9030000 		.4byte	.LASF131
 888 0656 07       		.byte	0x7
 889 0657 D902     		.2byte	0x2d9
 890 0659 CA000000 		.4byte	0xca
 891 065d 30       		.byte	0x30
 892 065e 11       		.uleb128 0x11
 893 065f 62070000 		.4byte	.LASF132
 894 0663 07       		.byte	0x7
 895 0664 DA02     		.2byte	0x2da
 896 0666 CA000000 		.4byte	0xca
 897 066a 34       		.byte	0x34
 898 066b 11       		.uleb128 0x11
 899 066c 27050000 		.4byte	.LASF133
 900 0670 07       		.byte	0x7
 901 0671 DC02     		.2byte	0x2dc
 902 0673 AD060000 		.4byte	0x6ad
 903 0677 38       		.byte	0x38
 904 0678 11       		.uleb128 0x11
 905 0679 15020000 		.4byte	.LASF134
 906 067d 07       		.byte	0x7
 907 067e DD02     		.2byte	0x2dd
 908 0680 B8000000 		.4byte	0xb8
 909 0684 3C       		.byte	0x3c
 910 0685 11       		.uleb128 0x11
 911 0686 7D010000 		.4byte	.LASF135
 912 068a 07       		.byte	0x7
 913 068b DE02     		.2byte	0x2de
 914 068d CA000000 		.4byte	0xca
ARM GAS  C:\Users\jeppe\AppData\Local\Temp\ccB7fN58.s 			page 20


 915 0691 40       		.byte	0x40
 916 0692 11       		.uleb128 0x11
 917 0693 B5040000 		.4byte	.LASF136
 918 0697 07       		.byte	0x7
 919 0698 E402     		.2byte	0x2e4
 920 069a 50050000 		.4byte	0x550
 921 069e 44       		.byte	0x44
 922 069f 11       		.uleb128 0x11
 923 06a0 22030000 		.4byte	.LASF137
 924 06a4 07       		.byte	0x7
 925 06a5 EB02     		.2byte	0x2eb
 926 06a7 6D050000 		.4byte	0x56d
 927 06ab 48       		.byte	0x48
 928 06ac 00       		.byte	0
 929 06ad 0C       		.uleb128 0xc
 930 06ae 04       		.byte	0x4
 931 06af 97000000 		.4byte	0x97
 932 06b3 05       		.uleb128 0x5
 933 06b4 23050000 		.4byte	0x523
 934 06b8 0B       		.uleb128 0xb
 935 06b9 8C070000 		.4byte	.LASF138
 936 06bd 07       		.byte	0x7
 937 06be EE02     		.2byte	0x2ee
 938 06c0 8E050000 		.4byte	0x58e
 939 06c4 0B       		.uleb128 0xb
 940 06c5 3F040000 		.4byte	.LASF139
 941 06c9 08       		.byte	0x8
 942 06ca D901     		.2byte	0x1d9
 943 06cc 5C050000 		.4byte	0x55c
 944 06d0 10       		.uleb128 0x10
 945 06d1 750A0000 		.4byte	.LASF141
 946 06d5 38       		.byte	0x38
 947 06d6 08       		.byte	0x8
 948 06d7 7502     		.2byte	0x275
 949 06d9 94070000 		.4byte	0x794
 950 06dd 11       		.uleb128 0x11
 951 06de 440A0000 		.4byte	.LASF142
 952 06e2 08       		.byte	0x8
 953 06e3 7802     		.2byte	0x278
 954 06e5 CA000000 		.4byte	0xca
 955 06e9 00       		.byte	0
 956 06ea 11       		.uleb128 0x11
 957 06eb F0050000 		.4byte	.LASF143
 958 06ef 08       		.byte	0x8
 959 06f0 7902     		.2byte	0x279
 960 06f2 CA000000 		.4byte	0xca
 961 06f6 04       		.byte	0x4
 962 06f7 11       		.uleb128 0x11
 963 06f8 38010000 		.4byte	.LASF144
 964 06fc 08       		.byte	0x8
 965 06fd 7B02     		.2byte	0x27b
 966 06ff 21050000 		.4byte	0x521
 967 0703 08       		.byte	0x8
 968 0704 11       		.uleb128 0x11
 969 0705 E0080000 		.4byte	.LASF145
 970 0709 08       		.byte	0x8
 971 070a 7C02     		.2byte	0x27c
ARM GAS  C:\Users\jeppe\AppData\Local\Temp\ccB7fN58.s 			page 21


 972 070c B8000000 		.4byte	0xb8
 973 0710 0C       		.byte	0xc
 974 0711 11       		.uleb128 0x11
 975 0712 03050000 		.4byte	.LASF146
 976 0716 08       		.byte	0x8
 977 0717 7D02     		.2byte	0x27d
 978 0719 CA000000 		.4byte	0xca
 979 071d 10       		.byte	0x10
 980 071e 11       		.uleb128 0x11
 981 071f 200A0000 		.4byte	.LASF147
 982 0723 08       		.byte	0x8
 983 0724 7E02     		.2byte	0x27e
 984 0726 CA000000 		.4byte	0xca
 985 072a 14       		.byte	0x14
 986 072b 11       		.uleb128 0x11
 987 072c 56090000 		.4byte	.LASF148
 988 0730 08       		.byte	0x8
 989 0731 8002     		.2byte	0x280
 990 0733 21050000 		.4byte	0x521
 991 0737 18       		.byte	0x18
 992 0738 11       		.uleb128 0x11
 993 0739 27000000 		.4byte	.LASF149
 994 073d 08       		.byte	0x8
 995 073e 8102     		.2byte	0x281
 996 0740 B8000000 		.4byte	0xb8
 997 0744 1C       		.byte	0x1c
 998 0745 11       		.uleb128 0x11
 999 0746 74030000 		.4byte	.LASF150
 1000 074a 08       		.byte	0x8
 1001 074b 8202     		.2byte	0x282
 1002 074d CA000000 		.4byte	0xca
 1003 0751 20       		.byte	0x20
 1004 0752 11       		.uleb128 0x11
 1005 0753 65010000 		.4byte	.LASF151
 1006 0757 08       		.byte	0x8
 1007 0758 8402     		.2byte	0x284
 1008 075a 21050000 		.4byte	0x521
 1009 075e 24       		.byte	0x24
 1010 075f 11       		.uleb128 0x11
 1011 0760 92030000 		.4byte	.LASF152
 1012 0764 08       		.byte	0x8
 1013 0765 8502     		.2byte	0x285
 1014 0767 B8000000 		.4byte	0xb8
 1015 076b 28       		.byte	0x28
 1016 076c 11       		.uleb128 0x11
 1017 076d F0010000 		.4byte	.LASF153
 1018 0771 08       		.byte	0x8
 1019 0772 8602     		.2byte	0x286
 1020 0774 CA000000 		.4byte	0xca
 1021 0778 2C       		.byte	0x2c
 1022 0779 11       		.uleb128 0x11
 1023 077a B5040000 		.4byte	.LASF136
 1024 077e 08       		.byte	0x8
 1025 077f 8B02     		.2byte	0x28b
 1026 0781 C4060000 		.4byte	0x6c4
 1027 0785 30       		.byte	0x30
 1028 0786 11       		.uleb128 0x11
ARM GAS  C:\Users\jeppe\AppData\Local\Temp\ccB7fN58.s 			page 22


 1029 0787 4E090000 		.4byte	.LASF154
 1030 078b 08       		.byte	0x8
 1031 078c 8E02     		.2byte	0x28e
 1032 078e B8000000 		.4byte	0xb8
 1033 0792 34       		.byte	0x34
 1034 0793 00       		.byte	0
 1035 0794 0B       		.uleb128 0xb
 1036 0795 7C090000 		.4byte	.LASF155
 1037 0799 08       		.byte	0x8
 1038 079a 9102     		.2byte	0x291
 1039 079c D0060000 		.4byte	0x6d0
 1040 07a0 12       		.uleb128 0x12
 1041 07a1 EB000000 		.4byte	.LASF168
 1042 07a5 02       		.byte	0x2
 1043 07a6 81       		.byte	0x81
 1044 07a7 03       		.byte	0x3
 1045 07a8 13       		.uleb128 0x13
 1046 07a9 F7020000 		.4byte	.LASF169
 1047 07ad 01       		.byte	0x1
 1048 07ae 0F       		.byte	0xf
 1049 07af 89000000 		.4byte	0x89
 1050 07b3 00000000 		.4byte	.LFB421
 1051 07b7 20000000 		.4byte	.LFE421-.LFB421
 1052 07bb 01       		.uleb128 0x1
 1053 07bc 9C       		.byte	0x9c
 1054 07bd 13080000 		.4byte	0x813
 1055 07c1 14       		.uleb128 0x14
 1056 07c2 A0070000 		.4byte	0x7a0
 1057 07c6 02000000 		.4byte	.LBB4
 1058 07ca 02000000 		.4byte	.LBE4-.LBB4
 1059 07ce 01       		.byte	0x1
 1060 07cf 11       		.byte	0x11
 1061 07d0 15       		.uleb128 0x15
 1062 07d1 0A000000 		.4byte	.LVL0
 1063 07d5 71080000 		.4byte	0x871
 1064 07d9 E3070000 		.4byte	0x7e3
 1065 07dd 16       		.uleb128 0x16
 1066 07de 01       		.uleb128 0x1
 1067 07df 50       		.byte	0x50
 1068 07e0 01       		.uleb128 0x1
 1069 07e1 30       		.byte	0x30
 1070 07e2 00       		.byte	0
 1071 07e3 15       		.uleb128 0x15
 1072 07e4 10000000 		.4byte	.LVL1
 1073 07e8 7C080000 		.4byte	0x87c
 1074 07ec FA070000 		.4byte	0x7fa
 1075 07f0 16       		.uleb128 0x16
 1076 07f1 01       		.uleb128 0x1
 1077 07f2 50       		.byte	0x50
 1078 07f3 05       		.uleb128 0x5
 1079 07f4 0C       		.byte	0xc
 1080 07f5 00000810 		.4byte	0x10080000
 1081 07f9 00       		.byte	0
 1082 07fa 17       		.uleb128 0x17
 1083 07fb 14000000 		.4byte	.LVL2
 1084 07ff 88080000 		.4byte	0x888
 1085 0803 18       		.uleb128 0x18
ARM GAS  C:\Users\jeppe\AppData\Local\Temp\ccB7fN58.s 			page 23


 1086 0804 1A000000 		.4byte	.LVL3
 1087 0808 94080000 		.4byte	0x894
 1088 080c 16       		.uleb128 0x16
 1089 080d 01       		.uleb128 0x1
 1090 080e 50       		.byte	0x50
 1091 080f 01       		.uleb128 0x1
 1092 0810 30       		.byte	0x30
 1093 0811 00       		.byte	0
 1094 0812 00       		.byte	0
 1095 0813 19       		.uleb128 0x19
 1096 0814 44060000 		.4byte	.LASF156
 1097 0818 05       		.byte	0x5
 1098 0819 A7       		.byte	0xa7
 1099 081a 1E080000 		.4byte	0x81e
 1100 081e 0C       		.uleb128 0xc
 1101 081f 04       		.byte	0x4
 1102 0820 24080000 		.4byte	0x824
 1103 0824 1A       		.uleb128 0x1a
 1104 0825 E7040000 		.4byte	0x4e7
 1105 0829 19       		.uleb128 0x19
 1106 082a D7060000 		.4byte	.LASF157
 1107 082e 09       		.byte	0x9
 1108 082f 87       		.byte	0x87
 1109 0830 94070000 		.4byte	0x794
 1110 0834 19       		.uleb128 0x19
 1111 0835 2B040000 		.4byte	.LASF158
 1112 0839 0A       		.byte	0xa
 1113 083a 7F       		.byte	0x7f
 1114 083b B8060000 		.4byte	0x6b8
 1115 083f 1B       		.uleb128 0x1b
 1116 0840 AD040000 		.4byte	.LASF159
 1117 0844 0B       		.byte	0xb
 1118 0845 13       		.byte	0x13
 1119 0846 97000000 		.4byte	0x97
 1120 084a 05       		.uleb128 0x5
 1121 084b 03       		.byte	0x3
 1122 084c 00000000 		.4byte	devAddr
 1123 0850 1C       		.uleb128 0x1c
 1124 0851 97000000 		.4byte	0x97
 1125 0855 60080000 		.4byte	0x860
 1126 0859 1D       		.uleb128 0x1d
 1127 085a C3000000 		.4byte	0xc3
 1128 085e 15       		.byte	0x15
 1129 085f 00       		.byte	0
 1130 0860 1B       		.uleb128 0x1b
 1131 0861 98080000 		.4byte	.LASF160
 1132 0865 0B       		.byte	0xb
 1133 0866 14       		.byte	0x14
 1134 0867 50080000 		.4byte	0x850
 1135 086b 05       		.uleb128 0x5
 1136 086c 03       		.byte	0x3
 1137 086d 00000000 		.4byte	buffer
 1138 0871 1E       		.uleb128 0x1e
 1139 0872 A4090000 		.4byte	.LASF161
 1140 0876 A4090000 		.4byte	.LASF161
 1141 087a 0C       		.byte	0xc
 1142 087b 24       		.byte	0x24
ARM GAS  C:\Users\jeppe\AppData\Local\Temp\ccB7fN58.s 			page 24


 1143 087c 1F       		.uleb128 0x1f
 1144 087d CB040000 		.4byte	.LASF162
 1145 0881 CB040000 		.4byte	.LASF162
 1146 0885 0D       		.byte	0xd
 1147 0886 2502     		.2byte	0x225
 1148 0888 1F       		.uleb128 0x1f
 1149 0889 12000000 		.4byte	.LASF163
 1150 088d 12000000 		.4byte	.LASF163
 1151 0891 0E       		.byte	0xe
 1152 0892 CC08     		.2byte	0x8cc
 1153 0894 1F       		.uleb128 0x1f
 1154 0895 4F030000 		.4byte	.LASF164
 1155 0899 4F030000 		.4byte	.LASF164
 1156 089d 06       		.byte	0x6
 1157 089e 4806     		.2byte	0x648
 1158 08a0 00       		.byte	0
 1159              		.section	.debug_abbrev,"",%progbits
 1160              	.Ldebug_abbrev0:
 1161 0000 01       		.uleb128 0x1
 1162 0001 11       		.uleb128 0x11
 1163 0002 01       		.byte	0x1
 1164 0003 25       		.uleb128 0x25
 1165 0004 0E       		.uleb128 0xe
 1166 0005 13       		.uleb128 0x13
 1167 0006 0B       		.uleb128 0xb
 1168 0007 03       		.uleb128 0x3
 1169 0008 0E       		.uleb128 0xe
 1170 0009 1B       		.uleb128 0x1b
 1171 000a 0E       		.uleb128 0xe
 1172 000b 55       		.uleb128 0x55
 1173 000c 17       		.uleb128 0x17
 1174 000d 11       		.uleb128 0x11
 1175 000e 01       		.uleb128 0x1
 1176 000f 10       		.uleb128 0x10
 1177 0010 17       		.uleb128 0x17
 1178 0011 00       		.byte	0
 1179 0012 00       		.byte	0
 1180 0013 02       		.uleb128 0x2
 1181 0014 24       		.uleb128 0x24
 1182 0015 00       		.byte	0
 1183 0016 0B       		.uleb128 0xb
 1184 0017 0B       		.uleb128 0xb
 1185 0018 3E       		.uleb128 0x3e
 1186 0019 0B       		.uleb128 0xb
 1187 001a 03       		.uleb128 0x3
 1188 001b 0E       		.uleb128 0xe
 1189 001c 00       		.byte	0
 1190 001d 00       		.byte	0
 1191 001e 03       		.uleb128 0x3
 1192 001f 16       		.uleb128 0x16
 1193 0020 00       		.byte	0
 1194 0021 03       		.uleb128 0x3
 1195 0022 0E       		.uleb128 0xe
 1196 0023 3A       		.uleb128 0x3a
 1197 0024 0B       		.uleb128 0xb
 1198 0025 3B       		.uleb128 0x3b
 1199 0026 0B       		.uleb128 0xb
ARM GAS  C:\Users\jeppe\AppData\Local\Temp\ccB7fN58.s 			page 25


 1200 0027 49       		.uleb128 0x49
 1201 0028 13       		.uleb128 0x13
 1202 0029 00       		.byte	0
 1203 002a 00       		.byte	0
 1204 002b 04       		.uleb128 0x4
 1205 002c 24       		.uleb128 0x24
 1206 002d 00       		.byte	0
 1207 002e 0B       		.uleb128 0xb
 1208 002f 0B       		.uleb128 0xb
 1209 0030 3E       		.uleb128 0x3e
 1210 0031 0B       		.uleb128 0xb
 1211 0032 03       		.uleb128 0x3
 1212 0033 08       		.uleb128 0x8
 1213 0034 00       		.byte	0
 1214 0035 00       		.byte	0
 1215 0036 05       		.uleb128 0x5
 1216 0037 35       		.uleb128 0x35
 1217 0038 00       		.byte	0
 1218 0039 49       		.uleb128 0x49
 1219 003a 13       		.uleb128 0x13
 1220 003b 00       		.byte	0
 1221 003c 00       		.byte	0
 1222 003d 06       		.uleb128 0x6
 1223 003e 13       		.uleb128 0x13
 1224 003f 01       		.byte	0x1
 1225 0040 0B       		.uleb128 0xb
 1226 0041 0B       		.uleb128 0xb
 1227 0042 3A       		.uleb128 0x3a
 1228 0043 0B       		.uleb128 0xb
 1229 0044 3B       		.uleb128 0x3b
 1230 0045 0B       		.uleb128 0xb
 1231 0046 01       		.uleb128 0x1
 1232 0047 13       		.uleb128 0x13
 1233 0048 00       		.byte	0
 1234 0049 00       		.byte	0
 1235 004a 07       		.uleb128 0x7
 1236 004b 0D       		.uleb128 0xd
 1237 004c 00       		.byte	0
 1238 004d 03       		.uleb128 0x3
 1239 004e 0E       		.uleb128 0xe
 1240 004f 3A       		.uleb128 0x3a
 1241 0050 0B       		.uleb128 0xb
 1242 0051 3B       		.uleb128 0x3b
 1243 0052 0B       		.uleb128 0xb
 1244 0053 49       		.uleb128 0x49
 1245 0054 13       		.uleb128 0x13
 1246 0055 38       		.uleb128 0x38
 1247 0056 0B       		.uleb128 0xb
 1248 0057 00       		.byte	0
 1249 0058 00       		.byte	0
 1250 0059 08       		.uleb128 0x8
 1251 005a 04       		.uleb128 0x4
 1252 005b 01       		.byte	0x1
 1253 005c 0B       		.uleb128 0xb
 1254 005d 0B       		.uleb128 0xb
 1255 005e 49       		.uleb128 0x49
 1256 005f 13       		.uleb128 0x13
ARM GAS  C:\Users\jeppe\AppData\Local\Temp\ccB7fN58.s 			page 26


 1257 0060 3A       		.uleb128 0x3a
 1258 0061 0B       		.uleb128 0xb
 1259 0062 3B       		.uleb128 0x3b
 1260 0063 05       		.uleb128 0x5
 1261 0064 01       		.uleb128 0x1
 1262 0065 13       		.uleb128 0x13
 1263 0066 00       		.byte	0
 1264 0067 00       		.byte	0
 1265 0068 09       		.uleb128 0x9
 1266 0069 28       		.uleb128 0x28
 1267 006a 00       		.byte	0
 1268 006b 03       		.uleb128 0x3
 1269 006c 0E       		.uleb128 0xe
 1270 006d 1C       		.uleb128 0x1c
 1271 006e 0B       		.uleb128 0xb
 1272 006f 00       		.byte	0
 1273 0070 00       		.byte	0
 1274 0071 0A       		.uleb128 0xa
 1275 0072 0F       		.uleb128 0xf
 1276 0073 00       		.byte	0
 1277 0074 0B       		.uleb128 0xb
 1278 0075 0B       		.uleb128 0xb
 1279 0076 00       		.byte	0
 1280 0077 00       		.byte	0
 1281 0078 0B       		.uleb128 0xb
 1282 0079 16       		.uleb128 0x16
 1283 007a 00       		.byte	0
 1284 007b 03       		.uleb128 0x3
 1285 007c 0E       		.uleb128 0xe
 1286 007d 3A       		.uleb128 0x3a
 1287 007e 0B       		.uleb128 0xb
 1288 007f 3B       		.uleb128 0x3b
 1289 0080 05       		.uleb128 0x5
 1290 0081 49       		.uleb128 0x49
 1291 0082 13       		.uleb128 0x13
 1292 0083 00       		.byte	0
 1293 0084 00       		.byte	0
 1294 0085 0C       		.uleb128 0xc
 1295 0086 0F       		.uleb128 0xf
 1296 0087 00       		.byte	0
 1297 0088 0B       		.uleb128 0xb
 1298 0089 0B       		.uleb128 0xb
 1299 008a 49       		.uleb128 0x49
 1300 008b 13       		.uleb128 0x13
 1301 008c 00       		.byte	0
 1302 008d 00       		.byte	0
 1303 008e 0D       		.uleb128 0xd
 1304 008f 15       		.uleb128 0x15
 1305 0090 01       		.byte	0x1
 1306 0091 27       		.uleb128 0x27
 1307 0092 19       		.uleb128 0x19
 1308 0093 01       		.uleb128 0x1
 1309 0094 13       		.uleb128 0x13
 1310 0095 00       		.byte	0
 1311 0096 00       		.byte	0
 1312 0097 0E       		.uleb128 0xe
 1313 0098 05       		.uleb128 0x5
ARM GAS  C:\Users\jeppe\AppData\Local\Temp\ccB7fN58.s 			page 27


 1314 0099 00       		.byte	0
 1315 009a 49       		.uleb128 0x49
 1316 009b 13       		.uleb128 0x13
 1317 009c 00       		.byte	0
 1318 009d 00       		.byte	0
 1319 009e 0F       		.uleb128 0xf
 1320 009f 15       		.uleb128 0x15
 1321 00a0 01       		.byte	0x1
 1322 00a1 27       		.uleb128 0x27
 1323 00a2 19       		.uleb128 0x19
 1324 00a3 49       		.uleb128 0x49
 1325 00a4 13       		.uleb128 0x13
 1326 00a5 01       		.uleb128 0x1
 1327 00a6 13       		.uleb128 0x13
 1328 00a7 00       		.byte	0
 1329 00a8 00       		.byte	0
 1330 00a9 10       		.uleb128 0x10
 1331 00aa 13       		.uleb128 0x13
 1332 00ab 01       		.byte	0x1
 1333 00ac 03       		.uleb128 0x3
 1334 00ad 0E       		.uleb128 0xe
 1335 00ae 0B       		.uleb128 0xb
 1336 00af 0B       		.uleb128 0xb
 1337 00b0 3A       		.uleb128 0x3a
 1338 00b1 0B       		.uleb128 0xb
 1339 00b2 3B       		.uleb128 0x3b
 1340 00b3 05       		.uleb128 0x5
 1341 00b4 01       		.uleb128 0x1
 1342 00b5 13       		.uleb128 0x13
 1343 00b6 00       		.byte	0
 1344 00b7 00       		.byte	0
 1345 00b8 11       		.uleb128 0x11
 1346 00b9 0D       		.uleb128 0xd
 1347 00ba 00       		.byte	0
 1348 00bb 03       		.uleb128 0x3
 1349 00bc 0E       		.uleb128 0xe
 1350 00bd 3A       		.uleb128 0x3a
 1351 00be 0B       		.uleb128 0xb
 1352 00bf 3B       		.uleb128 0x3b
 1353 00c0 05       		.uleb128 0x5
 1354 00c1 49       		.uleb128 0x49
 1355 00c2 13       		.uleb128 0x13
 1356 00c3 38       		.uleb128 0x38
 1357 00c4 0B       		.uleb128 0xb
 1358 00c5 00       		.byte	0
 1359 00c6 00       		.byte	0
 1360 00c7 12       		.uleb128 0x12
 1361 00c8 2E       		.uleb128 0x2e
 1362 00c9 00       		.byte	0
 1363 00ca 03       		.uleb128 0x3
 1364 00cb 0E       		.uleb128 0xe
 1365 00cc 3A       		.uleb128 0x3a
 1366 00cd 0B       		.uleb128 0xb
 1367 00ce 3B       		.uleb128 0x3b
 1368 00cf 0B       		.uleb128 0xb
 1369 00d0 27       		.uleb128 0x27
 1370 00d1 19       		.uleb128 0x19
ARM GAS  C:\Users\jeppe\AppData\Local\Temp\ccB7fN58.s 			page 28


 1371 00d2 20       		.uleb128 0x20
 1372 00d3 0B       		.uleb128 0xb
 1373 00d4 00       		.byte	0
 1374 00d5 00       		.byte	0
 1375 00d6 13       		.uleb128 0x13
 1376 00d7 2E       		.uleb128 0x2e
 1377 00d8 01       		.byte	0x1
 1378 00d9 3F       		.uleb128 0x3f
 1379 00da 19       		.uleb128 0x19
 1380 00db 03       		.uleb128 0x3
 1381 00dc 0E       		.uleb128 0xe
 1382 00dd 3A       		.uleb128 0x3a
 1383 00de 0B       		.uleb128 0xb
 1384 00df 3B       		.uleb128 0x3b
 1385 00e0 0B       		.uleb128 0xb
 1386 00e1 27       		.uleb128 0x27
 1387 00e2 19       		.uleb128 0x19
 1388 00e3 49       		.uleb128 0x49
 1389 00e4 13       		.uleb128 0x13
 1390 00e5 8701     		.uleb128 0x87
 1391 00e7 19       		.uleb128 0x19
 1392 00e8 11       		.uleb128 0x11
 1393 00e9 01       		.uleb128 0x1
 1394 00ea 12       		.uleb128 0x12
 1395 00eb 06       		.uleb128 0x6
 1396 00ec 40       		.uleb128 0x40
 1397 00ed 18       		.uleb128 0x18
 1398 00ee 9742     		.uleb128 0x2117
 1399 00f0 19       		.uleb128 0x19
 1400 00f1 01       		.uleb128 0x1
 1401 00f2 13       		.uleb128 0x13
 1402 00f3 00       		.byte	0
 1403 00f4 00       		.byte	0
 1404 00f5 14       		.uleb128 0x14
 1405 00f6 1D       		.uleb128 0x1d
 1406 00f7 00       		.byte	0
 1407 00f8 31       		.uleb128 0x31
 1408 00f9 13       		.uleb128 0x13
 1409 00fa 11       		.uleb128 0x11
 1410 00fb 01       		.uleb128 0x1
 1411 00fc 12       		.uleb128 0x12
 1412 00fd 06       		.uleb128 0x6
 1413 00fe 58       		.uleb128 0x58
 1414 00ff 0B       		.uleb128 0xb
 1415 0100 59       		.uleb128 0x59
 1416 0101 0B       		.uleb128 0xb
 1417 0102 00       		.byte	0
 1418 0103 00       		.byte	0
 1419 0104 15       		.uleb128 0x15
 1420 0105 898201   		.uleb128 0x4109
 1421 0108 01       		.byte	0x1
 1422 0109 11       		.uleb128 0x11
 1423 010a 01       		.uleb128 0x1
 1424 010b 31       		.uleb128 0x31
 1425 010c 13       		.uleb128 0x13
 1426 010d 01       		.uleb128 0x1
 1427 010e 13       		.uleb128 0x13
ARM GAS  C:\Users\jeppe\AppData\Local\Temp\ccB7fN58.s 			page 29


 1428 010f 00       		.byte	0
 1429 0110 00       		.byte	0
 1430 0111 16       		.uleb128 0x16
 1431 0112 8A8201   		.uleb128 0x410a
 1432 0115 00       		.byte	0
 1433 0116 02       		.uleb128 0x2
 1434 0117 18       		.uleb128 0x18
 1435 0118 9142     		.uleb128 0x2111
 1436 011a 18       		.uleb128 0x18
 1437 011b 00       		.byte	0
 1438 011c 00       		.byte	0
 1439 011d 17       		.uleb128 0x17
 1440 011e 898201   		.uleb128 0x4109
 1441 0121 00       		.byte	0
 1442 0122 11       		.uleb128 0x11
 1443 0123 01       		.uleb128 0x1
 1444 0124 31       		.uleb128 0x31
 1445 0125 13       		.uleb128 0x13
 1446 0126 00       		.byte	0
 1447 0127 00       		.byte	0
 1448 0128 18       		.uleb128 0x18
 1449 0129 898201   		.uleb128 0x4109
 1450 012c 01       		.byte	0x1
 1451 012d 11       		.uleb128 0x11
 1452 012e 01       		.uleb128 0x1
 1453 012f 31       		.uleb128 0x31
 1454 0130 13       		.uleb128 0x13
 1455 0131 00       		.byte	0
 1456 0132 00       		.byte	0
 1457 0133 19       		.uleb128 0x19
 1458 0134 34       		.uleb128 0x34
 1459 0135 00       		.byte	0
 1460 0136 03       		.uleb128 0x3
 1461 0137 0E       		.uleb128 0xe
 1462 0138 3A       		.uleb128 0x3a
 1463 0139 0B       		.uleb128 0xb
 1464 013a 3B       		.uleb128 0x3b
 1465 013b 0B       		.uleb128 0xb
 1466 013c 49       		.uleb128 0x49
 1467 013d 13       		.uleb128 0x13
 1468 013e 3F       		.uleb128 0x3f
 1469 013f 19       		.uleb128 0x19
 1470 0140 3C       		.uleb128 0x3c
 1471 0141 19       		.uleb128 0x19
 1472 0142 00       		.byte	0
 1473 0143 00       		.byte	0
 1474 0144 1A       		.uleb128 0x1a
 1475 0145 26       		.uleb128 0x26
 1476 0146 00       		.byte	0
 1477 0147 49       		.uleb128 0x49
 1478 0148 13       		.uleb128 0x13
 1479 0149 00       		.byte	0
 1480 014a 00       		.byte	0
 1481 014b 1B       		.uleb128 0x1b
 1482 014c 34       		.uleb128 0x34
 1483 014d 00       		.byte	0
 1484 014e 03       		.uleb128 0x3
ARM GAS  C:\Users\jeppe\AppData\Local\Temp\ccB7fN58.s 			page 30


 1485 014f 0E       		.uleb128 0xe
 1486 0150 3A       		.uleb128 0x3a
 1487 0151 0B       		.uleb128 0xb
 1488 0152 3B       		.uleb128 0x3b
 1489 0153 0B       		.uleb128 0xb
 1490 0154 49       		.uleb128 0x49
 1491 0155 13       		.uleb128 0x13
 1492 0156 3F       		.uleb128 0x3f
 1493 0157 19       		.uleb128 0x19
 1494 0158 02       		.uleb128 0x2
 1495 0159 18       		.uleb128 0x18
 1496 015a 00       		.byte	0
 1497 015b 00       		.byte	0
 1498 015c 1C       		.uleb128 0x1c
 1499 015d 01       		.uleb128 0x1
 1500 015e 01       		.byte	0x1
 1501 015f 49       		.uleb128 0x49
 1502 0160 13       		.uleb128 0x13
 1503 0161 01       		.uleb128 0x1
 1504 0162 13       		.uleb128 0x13
 1505 0163 00       		.byte	0
 1506 0164 00       		.byte	0
 1507 0165 1D       		.uleb128 0x1d
 1508 0166 21       		.uleb128 0x21
 1509 0167 00       		.byte	0
 1510 0168 49       		.uleb128 0x49
 1511 0169 13       		.uleb128 0x13
 1512 016a 2F       		.uleb128 0x2f
 1513 016b 0B       		.uleb128 0xb
 1514 016c 00       		.byte	0
 1515 016d 00       		.byte	0
 1516 016e 1E       		.uleb128 0x1e
 1517 016f 2E       		.uleb128 0x2e
 1518 0170 00       		.byte	0
 1519 0171 3F       		.uleb128 0x3f
 1520 0172 19       		.uleb128 0x19
 1521 0173 3C       		.uleb128 0x3c
 1522 0174 19       		.uleb128 0x19
 1523 0175 6E       		.uleb128 0x6e
 1524 0176 0E       		.uleb128 0xe
 1525 0177 03       		.uleb128 0x3
 1526 0178 0E       		.uleb128 0xe
 1527 0179 3A       		.uleb128 0x3a
 1528 017a 0B       		.uleb128 0xb
 1529 017b 3B       		.uleb128 0x3b
 1530 017c 0B       		.uleb128 0xb
 1531 017d 00       		.byte	0
 1532 017e 00       		.byte	0
 1533 017f 1F       		.uleb128 0x1f
 1534 0180 2E       		.uleb128 0x2e
 1535 0181 00       		.byte	0
 1536 0182 3F       		.uleb128 0x3f
 1537 0183 19       		.uleb128 0x19
 1538 0184 3C       		.uleb128 0x3c
 1539 0185 19       		.uleb128 0x19
 1540 0186 6E       		.uleb128 0x6e
 1541 0187 0E       		.uleb128 0xe
ARM GAS  C:\Users\jeppe\AppData\Local\Temp\ccB7fN58.s 			page 31


 1542 0188 03       		.uleb128 0x3
 1543 0189 0E       		.uleb128 0xe
 1544 018a 3A       		.uleb128 0x3a
 1545 018b 0B       		.uleb128 0xb
 1546 018c 3B       		.uleb128 0x3b
 1547 018d 05       		.uleb128 0x5
 1548 018e 00       		.byte	0
 1549 018f 00       		.byte	0
 1550 0190 00       		.byte	0
 1551              		.section	.debug_aranges,"",%progbits
 1552 0000 1C000000 		.4byte	0x1c
 1553 0004 0200     		.2byte	0x2
 1554 0006 00000000 		.4byte	.Ldebug_info0
 1555 000a 04       		.byte	0x4
 1556 000b 00       		.byte	0
 1557 000c 0000     		.2byte	0
 1558 000e 0000     		.2byte	0
 1559 0010 00000000 		.4byte	.LFB421
 1560 0014 20000000 		.4byte	.LFE421-.LFB421
 1561 0018 00000000 		.4byte	0
 1562 001c 00000000 		.4byte	0
 1563              		.section	.debug_ranges,"",%progbits
 1564              	.Ldebug_ranges0:
 1565 0000 00000000 		.4byte	.LFB421
 1566 0004 20000000 		.4byte	.LFE421
 1567 0008 00000000 		.4byte	0
 1568 000c 00000000 		.4byte	0
 1569              		.section	.debug_line,"",%progbits
 1570              	.Ldebug_line0:
 1571 0000 FF020000 		.section	.debug_str,"MS",%progbits,1
 1571      0200D302 
 1571      00000201 
 1571      FB0E0D00 
 1571      01010101 
 1572              	.LASF54:
 1573 0000 70726F74 		.ascii	"protBusMasterMask\000"
 1573      4275734D 
 1573      61737465 
 1573      724D6173 
 1573      6B00
 1574              	.LASF163:
 1575 0012 43795F42 		.ascii	"Cy_BLE_ProcessEvents\000"
 1575      4C455F50 
 1575      726F6365 
 1575      73734576 
 1575      656E7473 
 1576              	.LASF149:
 1577 0027 72784275 		.ascii	"rxBufSize\000"
 1577      6653697A 
 1577      6500
 1578              	.LASF64:
 1579 0031 666C6173 		.ascii	"flashCtlMainWs3Freq\000"
 1579      6843746C 
 1579      4D61696E 
 1579      57733346 
 1579      72657100 
 1580              	.LASF86:
ARM GAS  C:\Users\jeppe\AppData\Local\Temp\ccB7fN58.s 			page 32


 1581 0045 6770696F 		.ascii	"gpioPrtCfgInOffset\000"
 1581      50727443 
 1581      6667496E 
 1581      4F666673 
 1581      657400
 1582              	.LASF104:
 1583 0058 6970634C 		.ascii	"ipcLockStatusOffset\000"
 1583      6F636B53 
 1583      74617475 
 1583      734F6666 
 1583      73657400 
 1584              	.LASF30:
 1585 006c 63727970 		.ascii	"cryptoVersion\000"
 1585      746F5665 
 1585      7273696F 
 1585      6E00
 1586              	.LASF48:
 1587 007a 70657269 		.ascii	"periClockNr\000"
 1587      436C6F63 
 1587      6B4E7200 
 1588              	.LASF26:
 1589 0086 70617373 		.ascii	"passBase\000"
 1589      42617365 
 1589      00
 1590              	.LASF166:
 1591 008f 6D61696E 		.ascii	"main_cm0p.c\000"
 1591      5F636D30 
 1591      702E6300 
 1592              	.LASF39:
 1593 009b 63707573 		.ascii	"cpussIpcIrqNr\000"
 1593      73497063 
 1593      4972714E 
 1593      7200
 1594              	.LASF3:
 1595 00a9 5F5F7569 		.ascii	"__uint8_t\000"
 1595      6E74385F 
 1595      7400
 1596              	.LASF127:
 1597 00b3 736C6176 		.ascii	"slaveStatus\000"
 1597      65537461 
 1597      74757300 
 1598              	.LASF83:
 1599 00bf 70657269 		.ascii	"periDiv24_5CtlOffset\000"
 1599      44697632 
 1599      345F3543 
 1599      746C4F66 
 1599      66736574 
 1600              	.LASF90:
 1601 00d4 63707573 		.ascii	"cpussCm4ClockCtlOffset\000"
 1601      73436D34 
 1601      436C6F63 
 1601      6B43746C 
 1601      4F666673 
 1602              	.LASF168:
 1603 00eb 5F5F656E 		.ascii	"__enable_irq\000"
 1603      61626C65 
 1603      5F697271 
ARM GAS  C:\Users\jeppe\AppData\Local\Temp\ccB7fN58.s 			page 33


 1603      00
 1604              	.LASF19:
 1605 00f8 63707573 		.ascii	"cpussBase\000"
 1605      73426173 
 1605      6500
 1606              	.LASF68:
 1607 0102 64774368 		.ascii	"dwChCtlPrioPos\000"
 1607      43746C50 
 1607      72696F50 
 1607      6F7300
 1608              	.LASF11:
 1609 0111 6C6F6E67 		.ascii	"long long unsigned int\000"
 1609      206C6F6E 
 1609      6720756E 
 1609      7369676E 
 1609      65642069 
 1610              	.LASF72:
 1611 0128 70657269 		.ascii	"periTrCmdOffset\000"
 1611      5472436D 
 1611      644F6666 
 1611      73657400 
 1612              	.LASF144:
 1613 0138 72785269 		.ascii	"rxRingBuf\000"
 1613      6E674275 
 1613      6600
 1614              	.LASF96:
 1615 0142 63707573 		.ascii	"cpussSysTickCtlOffset\000"
 1615      73537973 
 1615      5469636B 
 1615      43746C4F 
 1615      66667365 
 1616              	.LASF120:
 1617 0158 6D617374 		.ascii	"masterStatus\000"
 1617      65725374 
 1617      61747573 
 1617      00
 1618              	.LASF151:
 1619 0165 74784275 		.ascii	"txBuf\000"
 1619      6600
 1620              	.LASF57:
 1621 016b 666C6173 		.ascii	"flashPipeRequired\000"
 1621      68506970 
 1621      65526571 
 1621      75697265 
 1621      6400
 1622              	.LASF135:
 1623 017d 736C6176 		.ascii	"slaveRxBufferIdx\000"
 1623      65527842 
 1623      75666665 
 1623      72496478 
 1623      00
 1624              	.LASF140:
 1625 018e 63795F73 		.ascii	"cy_stc_scb_i2c_context\000"
 1625      74635F73 
 1625      63625F69 
 1625      32635F63 
 1625      6F6E7465 
ARM GAS  C:\Users\jeppe\AppData\Local\Temp\ccB7fN58.s 			page 34


 1626              	.LASF61:
 1627 01a5 666C6173 		.ascii	"flashCtlMainWs0Freq\000"
 1627      6843746C 
 1627      4D61696E 
 1627      57733046 
 1627      72657100 
 1628              	.LASF14:
 1629 01b9 696E7431 		.ascii	"int16_t\000"
 1629      365F7400 
 1630              	.LASF10:
 1631 01c1 6C6F6E67 		.ascii	"long long int\000"
 1631      206C6F6E 
 1631      6720696E 
 1631      7400
 1632              	.LASF2:
 1633 01cf 7369676E 		.ascii	"signed char\000"
 1633      65642063 
 1633      68617200 
 1634              	.LASF77:
 1635 01db 70657269 		.ascii	"periDivCmdTypeSelPos\000"
 1635      44697643 
 1635      6D645479 
 1635      70655365 
 1635      6C506F73 
 1636              	.LASF153:
 1637 01f0 74784C65 		.ascii	"txLeftToTransmit\000"
 1637      6674546F 
 1637      5472616E 
 1637      736D6974 
 1637      00
 1638              	.LASF23:
 1639 0201 70726F74 		.ascii	"protBase\000"
 1639      42617365 
 1639      00
 1640              	.LASF35:
 1641 020a 69706356 		.ascii	"ipcVersion\000"
 1641      65727369 
 1641      6F6E00
 1642              	.LASF134:
 1643 0215 736C6176 		.ascii	"slaveRxBufferSize\000"
 1643      65527842 
 1643      75666665 
 1643      7253697A 
 1643      6500
 1644              	.LASF97:
 1645 0227 63707573 		.ascii	"cpussCm0NmiCtlOffset\000"
 1645      73436D30 
 1645      4E6D6943 
 1645      746C4F66 
 1645      66736574 
 1646              	.LASF45:
 1647 023c 73727373 		.ascii	"srssNumClkpath\000"
 1647      4E756D43 
 1647      6C6B7061 
 1647      746800
 1648              	.LASF24:
 1649 024b 6873696F 		.ascii	"hsiomBase\000"
ARM GAS  C:\Users\jeppe\AppData\Local\Temp\ccB7fN58.s 			page 35


 1649      6D426173 
 1649      6500
 1650              	.LASF119:
 1651 0255 73746174 		.ascii	"state\000"
 1651      6500
 1652              	.LASF115:
 1653 025b 63795F63 		.ascii	"cy_cb_scb_i2c_handle_events_t\000"
 1653      625F7363 
 1653      625F6932 
 1653      635F6861 
 1653      6E646C65 
 1654              	.LASF7:
 1655 0279 6C6F6E67 		.ascii	"long int\000"
 1655      20696E74 
 1655      00
 1656              	.LASF122:
 1657 0282 6D617374 		.ascii	"masterRdDir\000"
 1657      65725264 
 1657      44697200 
 1658              	.LASF113:
 1659 028e 43595F53 		.ascii	"CY_SCB_I2C_NAK\000"
 1659      43425F49 
 1659      32435F4E 
 1659      414B00
 1660              	.LASF55:
 1661 029d 63727970 		.ascii	"cryptoMemSize\000"
 1661      746F4D65 
 1661      6D53697A 
 1661      6500
 1662              	.LASF21:
 1663 02ab 70657269 		.ascii	"periBase\000"
 1663      42617365 
 1663      00
 1664              	.LASF53:
 1665 02b4 73797350 		.ascii	"sysPmSimoPresent\000"
 1665      6D53696D 
 1665      6F507265 
 1665      73656E74 
 1665      00
 1666              	.LASF43:
 1667 02c5 63707573 		.ascii	"cpussFmIrq\000"
 1667      73466D49 
 1667      727100
 1668              	.LASF108:
 1669 02d0 646F7562 		.ascii	"double\000"
 1669      6C6500
 1670              	.LASF82:
 1671 02d7 70657269 		.ascii	"periDiv16_5CtlOffset\000"
 1671      44697631 
 1671      365F3543 
 1671      746C4F66 
 1671      66736574 
 1672              	.LASF46:
 1673 02ec 73727373 		.ascii	"srssNumPll\000"
 1673      4E756D50 
 1673      6C6C00
 1674              	.LASF169:
ARM GAS  C:\Users\jeppe\AppData\Local\Temp\ccB7fN58.s 			page 36


 1675 02f7 6D61696E 		.ascii	"main\000"
 1675      00
 1676              	.LASF80:
 1677 02fc 70657269 		.ascii	"periDiv8CtlOffset\000"
 1677      44697638 
 1677      43746C4F 
 1677      66667365 
 1677      7400
 1678              	.LASF87:
 1679 030e 6770696F 		.ascii	"gpioPrtCfgOutOffset\000"
 1679      50727443 
 1679      66674F75 
 1679      744F6666 
 1679      73657400 
 1680              	.LASF137:
 1681 0322 63624164 		.ascii	"cbAddr\000"
 1681      647200
 1682              	.LASF20:
 1683 0329 666C6173 		.ascii	"flashcBase\000"
 1683      68634261 
 1683      736500
 1684              	.LASF8:
 1685 0334 5F5F7569 		.ascii	"__uint32_t\000"
 1685      6E743332 
 1685      5F7400
 1686              	.LASF50:
 1687 033f 70617373 		.ascii	"passSarChannels\000"
 1687      53617243 
 1687      68616E6E 
 1687      656C7300 
 1688              	.LASF164:
 1689 034f 43795F53 		.ascii	"Cy_SysPm_CpuEnterDeepSleep\000"
 1689      7973506D 
 1689      5F437075 
 1689      456E7465 
 1689      72446565 
 1690              	.LASF4:
 1691 036a 5F5F696E 		.ascii	"__int16_t\000"
 1691      7431365F 
 1691      7400
 1692              	.LASF150:
 1693 0374 72784275 		.ascii	"rxBufIdx\000"
 1693      66496478 
 1693      00
 1694              	.LASF93:
 1695 037d 63707573 		.ascii	"cpussCm4PwrCtlOffset\000"
 1695      73436D34 
 1695      50777243 
 1695      746C4F66 
 1695      66736574 
 1696              	.LASF152:
 1697 0392 74784275 		.ascii	"txBufSize\000"
 1697      6653697A 
 1697      6500
 1698              	.LASF88:
 1699 039c 6770696F 		.ascii	"gpioPrtCfgSioOffset\000"
 1699      50727443 
ARM GAS  C:\Users\jeppe\AppData\Local\Temp\ccB7fN58.s 			page 37


 1699      66675369 
 1699      6F4F6666 
 1699      73657400 
 1700              	.LASF40:
 1701 03b0 63707573 		.ascii	"cpussDwChNr\000"
 1701      73447743 
 1701      684E7200 
 1702              	.LASF12:
 1703 03bc 756E7369 		.ascii	"unsigned int\000"
 1703      676E6564 
 1703      20696E74 
 1703      00
 1704              	.LASF131:
 1705 03c9 736C6176 		.ascii	"slaveTxBufferIdx\000"
 1705      65547842 
 1705      75666665 
 1705      72496478 
 1705      00
 1706              	.LASF15:
 1707 03da 75696E74 		.ascii	"uint16_t\000"
 1707      31365F74 
 1707      00
 1708              	.LASF128:
 1709 03e3 736C6176 		.ascii	"slaveRdBufEmpty\000"
 1709      65526442 
 1709      7566456D 
 1709      70747900 
 1710              	.LASF73:
 1711 03f3 70657269 		.ascii	"periTrCmdGrSelMsk\000"
 1711      5472436D 
 1711      64477253 
 1711      656C4D73 
 1711      6B00
 1712              	.LASF62:
 1713 0405 666C6173 		.ascii	"flashCtlMainWs1Freq\000"
 1713      6843746C 
 1713      4D61696E 
 1713      57733146 
 1713      72657100 
 1714              	.LASF9:
 1715 0419 6C6F6E67 		.ascii	"long unsigned int\000"
 1715      20756E73 
 1715      69676E65 
 1715      6420696E 
 1715      7400
 1716              	.LASF158:
 1717 042b 4932435F 		.ascii	"I2C_MPU6050_context\000"
 1717      4D505536 
 1717      3035305F 
 1717      636F6E74 
 1717      65787400 
 1718              	.LASF139:
 1719 043f 63795F63 		.ascii	"cy_cb_scb_uart_handle_events_t\000"
 1719      625F7363 
 1719      625F7561 
 1719      72745F68 
 1719      616E646C 
ARM GAS  C:\Users\jeppe\AppData\Local\Temp\ccB7fN58.s 			page 38


 1720              	.LASF38:
 1721 045e 63707573 		.ascii	"cpussIpcNr\000"
 1721      73497063 
 1721      4E7200
 1722              	.LASF25:
 1723 0469 6770696F 		.ascii	"gpioBase\000"
 1723      42617365 
 1723      00
 1724              	.LASF63:
 1725 0472 666C6173 		.ascii	"flashCtlMainWs2Freq\000"
 1725      6843746C 
 1725      4D61696E 
 1725      57733246 
 1725      72657100 
 1726              	.LASF118:
 1727 0486 75736554 		.ascii	"useTxFifo\000"
 1727      78466966 
 1727      6F00
 1728              	.LASF74:
 1729 0490 70657269 		.ascii	"periTrGrOffset\000"
 1729      54724772 
 1729      4F666673 
 1729      657400
 1730              	.LASF101:
 1731 049f 63707573 		.ascii	"cpussRam1Ctl0\000"
 1731      7352616D 
 1731      3143746C 
 1731      3000
 1732              	.LASF159:
 1733 04ad 64657641 		.ascii	"devAddr\000"
 1733      64647200 
 1734              	.LASF136:
 1735 04b5 63624576 		.ascii	"cbEvents\000"
 1735      656E7473 
 1735      00
 1736              	.LASF75:
 1737 04be 70657269 		.ascii	"periTrGrSize\000"
 1737      54724772 
 1737      53697A65 
 1737      00
 1738              	.LASF162:
 1739 04cb 43795F53 		.ascii	"Cy_SysEnableCM4\000"
 1739      7973456E 
 1739      61626C65 
 1739      434D3400 
 1740              	.LASF33:
 1741 04db 6770696F 		.ascii	"gpioVersion\000"
 1741      56657273 
 1741      696F6E00 
 1742              	.LASF105:
 1743 04e7 63795F73 		.ascii	"cy_stc_device_t\000"
 1743      74635F64 
 1743      65766963 
 1743      655F7400 
 1744              	.LASF51:
 1745 04f7 65704D6F 		.ascii	"epMonitorNr\000"
 1745      6E69746F 
ARM GAS  C:\Users\jeppe\AppData\Local\Temp\ccB7fN58.s 			page 39


 1745      724E7200 
 1746              	.LASF146:
 1747 0503 72785269 		.ascii	"rxRingBufHead\000"
 1747      6E674275 
 1747      66486561 
 1747      6400
 1748              	.LASF94:
 1749 0511 63707573 		.ascii	"cpussTrimRamCtlOffset\000"
 1749      73547269 
 1749      6D52616D 
 1749      43746C4F 
 1749      66667365 
 1750              	.LASF133:
 1751 0527 736C6176 		.ascii	"slaveRxBuffer\000"
 1751      65527842 
 1751      75666665 
 1751      7200
 1752              	.LASF89:
 1753 0535 63707573 		.ascii	"cpussCm0ClockCtlOffset\000"
 1753      73436D30 
 1753      436C6F63 
 1753      6B43746C 
 1753      4F666673 
 1754              	.LASF29:
 1755 054c 63707573 		.ascii	"cpussVersion\000"
 1755      73566572 
 1755      73696F6E 
 1755      00
 1756              	.LASF36:
 1757 0559 70657269 		.ascii	"periVersion\000"
 1757      56657273 
 1757      696F6E00 
 1758              	.LASF92:
 1759 0565 63707573 		.ascii	"cpussCm0StatusOffset\000"
 1759      73436D30 
 1759      53746174 
 1759      75734F66 
 1759      66736574 
 1760              	.LASF17:
 1761 057a 73697A65 		.ascii	"sizetype\000"
 1761      74797065 
 1761      00
 1762              	.LASF66:
 1763 0583 64774368 		.ascii	"dwChOffset\000"
 1763      4F666673 
 1763      657400
 1764              	.LASF125:
 1765 058e 6D617374 		.ascii	"masterBufferIdx\000"
 1765      65724275 
 1765      66666572 
 1765      49647800 
 1766              	.LASF41:
 1767 059e 63707573 		.ascii	"cpussFlashPaSize\000"
 1767      73466C61 
 1767      73685061 
 1767      53697A65 
 1767      00
ARM GAS  C:\Users\jeppe\AppData\Local\Temp\ccB7fN58.s 			page 40


 1768              	.LASF79:
 1769 05af 70657269 		.ascii	"periDivCmdPaTypeSelPos\000"
 1769      44697643 
 1769      6D645061 
 1769      54797065 
 1769      53656C50 
 1770              	.LASF102:
 1771 05c6 63707573 		.ascii	"cpussRam2Ctl0\000"
 1771      7352616D 
 1771      3243746C 
 1771      3000
 1772              	.LASF70:
 1773 05d4 64775374 		.ascii	"dwStatusChIdxPos\000"
 1773      61747573 
 1773      43684964 
 1773      78506F73 
 1773      00
 1774              	.LASF52:
 1775 05e5 75646250 		.ascii	"udbPresent\000"
 1775      72657365 
 1775      6E7400
 1776              	.LASF143:
 1777 05f0 72785374 		.ascii	"rxStatus\000"
 1777      61747573 
 1777      00
 1778              	.LASF32:
 1779 05f9 666C6173 		.ascii	"flashcVersion\000"
 1779      68635665 
 1779      7273696F 
 1779      6E00
 1780              	.LASF28:
 1781 0607 63727970 		.ascii	"cryptoBase\000"
 1781      746F4261 
 1781      736500
 1782              	.LASF49:
 1783 0612 736D6966 		.ascii	"smifDeviceNr\000"
 1783      44657669 
 1783      63654E72 
 1783      00
 1784              	.LASF103:
 1785 061f 69706353 		.ascii	"ipcStructSize\000"
 1785      74727563 
 1785      7453697A 
 1785      6500
 1786              	.LASF107:
 1787 062d 666C6F61 		.ascii	"float\000"
 1787      7400
 1788              	.LASF71:
 1789 0633 64775374 		.ascii	"dwStatusChIdxMsk\000"
 1789      61747573 
 1789      43684964 
 1789      784D736B 
 1789      00
 1790              	.LASF156:
 1791 0644 63795F64 		.ascii	"cy_device\000"
 1791      65766963 
 1791      6500
ARM GAS  C:\Users\jeppe\AppData\Local\Temp\ccB7fN58.s 			page 41


 1792              	.LASF99:
 1793 064e 63707573 		.ascii	"cpussRomCtl\000"
 1793      73526F6D 
 1793      43746C00 
 1794              	.LASF69:
 1795 065a 64774368 		.ascii	"dwChCtlPreemptablePos\000"
 1795      43746C50 
 1795      7265656D 
 1795      70746162 
 1795      6C65506F 
 1796              	.LASF167:
 1797 0670 433A5C55 		.ascii	"C:\\Users\\jeppe\\Documents\\GitHub\\PRJ4\\POPE\\PO"
 1797      73657273 
 1797      5C6A6570 
 1797      70655C44 
 1797      6F63756D 
 1798 069c 50457072 		.ascii	"PEproject.cydsn\000"
 1798      6F6A6563 
 1798      742E6379 
 1798      64736E00 
 1799              	.LASF22:
 1800 06ac 75646242 		.ascii	"udbBase\000"
 1800      61736500 
 1801              	.LASF112:
 1802 06b4 43595F53 		.ascii	"CY_SCB_I2C_ACK\000"
 1802      43425F49 
 1802      32435F41 
 1802      434B00
 1803              	.LASF111:
 1804 06c3 5F426F6F 		.ascii	"_Bool\000"
 1804      6C00
 1805              	.LASF1:
 1806 06c9 756E7369 		.ascii	"unsigned char\000"
 1806      676E6564 
 1806      20636861 
 1806      7200
 1807              	.LASF157:
 1808 06d7 55415254 		.ascii	"UART_DEB_context\000"
 1808      5F444542 
 1808      5F636F6E 
 1808      74657874 
 1808      00
 1809              	.LASF65:
 1810 06e8 666C6173 		.ascii	"flashCtlMainWs4Freq\000"
 1810      6843746C 
 1810      4D61696E 
 1810      57733446 
 1810      72657100 
 1811              	.LASF0:
 1812 06fc 73686F72 		.ascii	"short int\000"
 1812      7420696E 
 1812      7400
 1813              	.LASF124:
 1814 0706 6D617374 		.ascii	"masterBufferSize\000"
 1814      65724275 
 1814      66666572 
 1814      53697A65 
ARM GAS  C:\Users\jeppe\AppData\Local\Temp\ccB7fN58.s 			page 42


 1814      00
 1815              	.LASF76:
 1816 0717 70657269 		.ascii	"periDivCmdDivSelMsk\000"
 1816      44697643 
 1816      6D644469 
 1816      7653656C 
 1816      4D736B00 
 1817              	.LASF121:
 1818 072b 6D617374 		.ascii	"masterPause\000"
 1818      65725061 
 1818      75736500 
 1819              	.LASF116:
 1820 0737 63795F63 		.ascii	"cy_cb_scb_i2c_handle_addr_t\000"
 1820      625F7363 
 1820      625F6932 
 1820      635F6861 
 1820      6E646C65 
 1821              	.LASF126:
 1822 0753 6D617374 		.ascii	"masterNumBytes\000"
 1822      65724E75 
 1822      6D427974 
 1822      657300
 1823              	.LASF132:
 1824 0762 736C6176 		.ascii	"slaveTxBufferCnt\000"
 1824      65547842 
 1824      75666665 
 1824      72436E74 
 1824      00
 1825              	.LASF60:
 1826 0773 666C6173 		.ascii	"flashEraseDelay\000"
 1826      68457261 
 1826      73654465 
 1826      6C617900 
 1827              	.LASF16:
 1828 0783 75696E74 		.ascii	"uint32_t\000"
 1828      33325F74 
 1828      00
 1829              	.LASF138:
 1830 078c 63795F73 		.ascii	"cy_stc_scb_i2c_context_t\000"
 1830      74635F73 
 1830      63625F69 
 1830      32635F63 
 1830      6F6E7465 
 1831              	.LASF165:
 1832 07a5 474E5520 		.ascii	"GNU C11 5.4.1 20160609 (release) [ARM/embedded-5-br"
 1832      43313120 
 1832      352E342E 
 1832      31203230 
 1832      31363036 
 1833 07d8 616E6368 		.ascii	"anch revision 237715] -mcpu=cortex-m0plus -mthumb -"
 1833      20726576 
 1833      6973696F 
 1833      6E203233 
 1833      37373135 
 1834 080b 67202D4F 		.ascii	"g -Og -ffunction-sections -ffat-lto-objects\000"
 1834      67202D66 
 1834      66756E63 
ARM GAS  C:\Users\jeppe\AppData\Local\Temp\ccB7fN58.s 			page 43


 1834      74696F6E 
 1834      2D736563 
 1835              	.LASF18:
 1836 0837 6C6F6E67 		.ascii	"long double\000"
 1836      20646F75 
 1836      626C6500 
 1837              	.LASF106:
 1838 0843 63686172 		.ascii	"char\000"
 1838      00
 1839              	.LASF37:
 1840 0848 70726F74 		.ascii	"protVersion\000"
 1840      56657273 
 1840      696F6E00 
 1841              	.LASF100:
 1842 0854 63707573 		.ascii	"cpussRam0Ctl0\000"
 1842      7352616D 
 1842      3043746C 
 1842      3000
 1843              	.LASF5:
 1844 0862 5F5F7569 		.ascii	"__uint16_t\000"
 1844      6E743136 
 1844      5F7400
 1845              	.LASF81:
 1846 086d 70657269 		.ascii	"periDiv16CtlOffset\000"
 1846      44697631 
 1846      3643746C 
 1846      4F666673 
 1846      657400
 1847              	.LASF110:
 1848 0880 43595F53 		.ascii	"CY_SYSPM_WAIT_FOR_EVENT\000"
 1848      5953504D 
 1848      5F574149 
 1848      545F464F 
 1848      525F4556 
 1849              	.LASF160:
 1850 0898 62756666 		.ascii	"buffer\000"
 1850      657200
 1851              	.LASF123:
 1852 089f 6D617374 		.ascii	"masterBuffer\000"
 1852      65724275 
 1852      66666572 
 1852      00
 1853              	.LASF34:
 1854 08ac 6873696F 		.ascii	"hsiomVersion\000"
 1854      6D566572 
 1854      73696F6E 
 1854      00
 1855              	.LASF59:
 1856 08b9 666C6173 		.ascii	"flashProgramDelay\000"
 1856      6850726F 
 1856      6772616D 
 1856      44656C61 
 1856      7900
 1857              	.LASF44:
 1858 08cb 63707573 		.ascii	"cpussNotConnectedIrq\000"
 1858      734E6F74 
 1858      436F6E6E 
ARM GAS  C:\Users\jeppe\AppData\Local\Temp\ccB7fN58.s 			page 44


 1858      65637465 
 1858      64497271 
 1859              	.LASF145:
 1860 08e0 72785269 		.ascii	"rxRingBufSize\000"
 1860      6E674275 
 1860      6653697A 
 1860      6500
 1861              	.LASF6:
 1862 08ee 73686F72 		.ascii	"short unsigned int\000"
 1862      7420756E 
 1862      7369676E 
 1862      65642069 
 1862      6E7400
 1863              	.LASF67:
 1864 0901 64774368 		.ascii	"dwChSize\000"
 1864      53697A65 
 1864      00
 1865              	.LASF109:
 1866 090a 43595F53 		.ascii	"CY_SYSPM_WAIT_FOR_INTERRUPT\000"
 1866      5953504D 
 1866      5F574149 
 1866      545F464F 
 1866      525F494E 
 1867              	.LASF117:
 1868 0926 75736552 		.ascii	"useRxFifo\000"
 1868      78466966 
 1868      6F00
 1869              	.LASF42:
 1870 0930 63707573 		.ascii	"cpussIpc0Irq\000"
 1870      73497063 
 1870      30497271 
 1870      00
 1871              	.LASF85:
 1872 093d 6770696F 		.ascii	"gpioPrtCfgOffset\000"
 1872      50727443 
 1872      66674F66 
 1872      66736574 
 1872      00
 1873              	.LASF154:
 1874 094e 696E6974 		.ascii	"initKey\000"
 1874      4B657900 
 1875              	.LASF148:
 1876 0956 72784275 		.ascii	"rxBuf\000"
 1876      6600
 1877              	.LASF129:
 1878 095c 736C6176 		.ascii	"slaveTxBuffer\000"
 1878      65547842 
 1878      75666665 
 1878      7200
 1879              	.LASF130:
 1880 096a 736C6176 		.ascii	"slaveTxBufferSize\000"
 1880      65547842 
 1880      75666665 
 1880      7253697A 
 1880      6500
 1881              	.LASF155:
 1882 097c 63795F73 		.ascii	"cy_stc_scb_uart_context_t\000"
ARM GAS  C:\Users\jeppe\AppData\Local\Temp\ccB7fN58.s 			page 45


 1882      74635F73 
 1882      63625F75 
 1882      6172745F 
 1882      636F6E74 
 1883              	.LASF47:
 1884 0996 73727373 		.ascii	"srssNumHfroot\000"
 1884      4E756D48 
 1884      66726F6F 
 1884      7400
 1885              	.LASF161:
 1886 09a4 43795F42 		.ascii	"Cy_BLE_Start\000"
 1886      4C455F53 
 1886      74617274 
 1886      00
 1887              	.LASF114:
 1888 09b1 63795F65 		.ascii	"cy_en_scb_i2c_command_t\000"
 1888      6E5F7363 
 1888      625F6932 
 1888      635F636F 
 1888      6D6D616E 
 1889              	.LASF98:
 1890 09c9 63707573 		.ascii	"cpussCm4NmiCtlOffset\000"
 1890      73436D34 
 1890      4E6D6943 
 1890      746C4F66 
 1890      66736574 
 1891              	.LASF58:
 1892 09de 666C6173 		.ascii	"flashWriteDelay\000"
 1892      68577269 
 1892      74654465 
 1892      6C617900 
 1893              	.LASF13:
 1894 09ee 75696E74 		.ascii	"uint8_t\000"
 1894      385F7400 
 1895              	.LASF91:
 1896 09f6 63707573 		.ascii	"cpussCm4StatusOffset\000"
 1896      73436D34 
 1896      53746174 
 1896      75734F66 
 1896      66736574 
 1897              	.LASF84:
 1898 0a0b 6770696F 		.ascii	"gpioPrtIntrCfgOffset\000"
 1898      50727449 
 1898      6E747243 
 1898      66674F66 
 1898      66736574 
 1899              	.LASF147:
 1900 0a20 72785269 		.ascii	"rxRingBufTail\000"
 1900      6E674275 
 1900      66546169 
 1900      6C00
 1901              	.LASF95:
 1902 0a2e 63707573 		.ascii	"cpussTrimRomCtlOffset\000"
 1902      73547269 
 1902      6D526F6D 
 1902      43746C4F 
 1902      66667365 
ARM GAS  C:\Users\jeppe\AppData\Local\Temp\ccB7fN58.s 			page 46


 1903              	.LASF142:
 1904 0a44 74785374 		.ascii	"txStatus\000"
 1904      61747573 
 1904      00
 1905              	.LASF31:
 1906 0a4d 64775665 		.ascii	"dwVersion\000"
 1906      7273696F 
 1906      6E00
 1907              	.LASF27:
 1908 0a57 69706342 		.ascii	"ipcBase\000"
 1908      61736500 
 1909              	.LASF78:
 1910 0a5f 70657269 		.ascii	"periDivCmdPaDivSelPos\000"
 1910      44697643 
 1910      6D645061 
 1910      44697653 
 1910      656C506F 
 1911              	.LASF141:
 1912 0a75 63795F73 		.ascii	"cy_stc_scb_uart_context\000"
 1912      74635F73 
 1912      63625F75 
 1912      6172745F 
 1912      636F6E74 
 1913              	.LASF56:
 1914 0a8d 666C6173 		.ascii	"flashRwwRequired\000"
 1914      68527777 
 1914      52657175 
 1914      69726564 
 1914      00
 1915              		.ident	"GCC: (GNU Tools for ARM Embedded Processors) 5.4.1 20160609 (release) [ARM/embedded-5-bran
